2021-04-24 02:26:48,899 [4] INFO  TreasuryShadowSystem.Model.Model_Tb_Menu_Auth [(null)] - Select p.* From (Select l.* From OPICINF.KKB_TB_MS_LOOKUP l, OPICINF.KKB_TB_MS_MENU_AUTH a Where l.ID=a.MENU_ID And l.ENABLED='1' And a.USERGROUP_ID=(SELECT USERGROUP_ID FROM OPICINF.KKB_TB_MS_USERGROUP WHERE USERGROUP_NAME = 'itpROJECT') UNION Select * From OPICINF.KKB_TB_MS_LOOKUP WHERE ENABLED='1' AND ID IN (Select DISTINCT GROUPID From OPICINF.KKB_TB_MS_LOOKUP l, OPICINF.KKB_TB_MS_MENU_AUTH a Where l.ID=a.MENU_ID And l.ENABLED='1' And a.USERGROUP_ID=(SELECT USERGROUP_ID FROM OPICINF.KKB_TB_MS_USERGROUP WHERE USERGROUP_NAME = 'itpROJECT')) ) p Order By p.GroupID, p.SEQ 
2021-04-24 02:26:49,016 [4] INFO  TreasuryShadowSystem.Login [(null)] - Login successfull on :24/04/2021 02:26:49
2021-04-24 02:26:49,119 [4] ERROR TreasuryShadowSystem.Login [(null)] - Thread was being aborted.
2021-04-24 02:27:08,410 [9] INFO  TreasuryShadowSystem.Model.Model_Tb_Menu_Auth [(null)] - Select p.* From (Select l.* From OPICINF.KKB_TB_MS_LOOKUP l, OPICINF.KKB_TB_MS_MENU_AUTH a Where l.ID=a.MENU_ID And l.ENABLED='1' And a.USERGROUP_ID=(SELECT USERGROUP_ID FROM OPICINF.KKB_TB_MS_USERGROUP WHERE USERGROUP_NAME = 'ITProject') UNION Select * From OPICINF.KKB_TB_MS_LOOKUP WHERE ENABLED='1' AND ID IN (Select DISTINCT GROUPID From OPICINF.KKB_TB_MS_LOOKUP l, OPICINF.KKB_TB_MS_MENU_AUTH a Where l.ID=a.MENU_ID And l.ENABLED='1' And a.USERGROUP_ID=(SELECT USERGROUP_ID FROM OPICINF.KKB_TB_MS_USERGROUP WHERE USERGROUP_NAME = 'ITProject')) ) p Order By p.GroupID, p.SEQ 
2021-04-24 02:27:08,540 [9] INFO  TreasuryShadowSystem.Login [(null)] - Login successfull on :24/04/2021 02:27:08
2021-04-24 02:27:08,619 [9] ERROR TreasuryShadowSystem.Login [(null)] - Thread was being aborted.
2021-04-24 14:52:49,072 [9] INFO  TreasuryShadowSystem.Model.Model_Tb_Menu_Auth [(null)] - Select p.* From (Select l.* From OPICINF.KKB_TB_MS_LOOKUP l, OPICINF.KKB_TB_MS_MENU_AUTH a Where l.ID=a.MENU_ID And l.ENABLED='1' And a.USERGROUP_ID=(SELECT USERGROUP_ID FROM OPICINF.KKB_TB_MS_USERGROUP WHERE USERGROUP_NAME = 'ITProject') UNION Select * From OPICINF.KKB_TB_MS_LOOKUP WHERE ENABLED='1' AND ID IN (Select DISTINCT GROUPID From OPICINF.KKB_TB_MS_LOOKUP l, OPICINF.KKB_TB_MS_MENU_AUTH a Where l.ID=a.MENU_ID And l.ENABLED='1' And a.USERGROUP_ID=(SELECT USERGROUP_ID FROM OPICINF.KKB_TB_MS_USERGROUP WHERE USERGROUP_NAME = 'ITProject')) ) p Order By p.GroupID, p.SEQ 
2021-04-24 14:52:49,767 [9] INFO  TreasuryShadowSystem.Login [(null)] - Login successfull on :24/04/2021 02:52:49
2021-04-24 14:52:49,915 [9] ERROR TreasuryShadowSystem.Login [(null)] - Thread was being aborted.
2021-04-24 14:55:11,161 [6] INFO  TreasuryShadowSystem.STN.UploadSTN [(null)] - Import Filename : C:\TRO\Production\TreasuryShadowSystem\Temporary\STN\20210424145511test_upload_file.csv
2021-04-24 14:58:34,703 [6] ERROR TreasuryShadowSystem.STN.UploadSTN [(null)] - External table is not in the expected format.
2021-04-24 14:58:48,180 [6] ERROR TreasuryShadowSystem.STN.UploadSTN [(null)] - Object reference not set to an instance of an object.
2021-04-24 15:08:08,125 [4] INFO  TreasuryShadowSystem.STN.UploadSTN [(null)] - Import Filename : C:\TRO\Production\TreasuryShadowSystem\Temporary\STN\20210424150808test_upload_file.csv
2021-04-24 15:08:15,176 [4] ERROR TreasuryShadowSystem.STN.UploadSTN [(null)] - External table is not in the expected format.
2021-04-24 20:47:49,293 [4] INFO  TreasuryShadowSystem.Model.Model_Tb_Menu_Auth [(null)] - Select p.* From (Select l.* From OPICINF.KKB_TB_MS_LOOKUP l, OPICINF.KKB_TB_MS_MENU_AUTH a Where l.ID=a.MENU_ID And l.ENABLED='1' And a.USERGROUP_ID=(SELECT USERGROUP_ID FROM OPICINF.KKB_TB_MS_USERGROUP WHERE USERGROUP_NAME = 'ITProject') UNION Select * From OPICINF.KKB_TB_MS_LOOKUP WHERE ENABLED='1' AND ID IN (Select DISTINCT GROUPID From OPICINF.KKB_TB_MS_LOOKUP l, OPICINF.KKB_TB_MS_MENU_AUTH a Where l.ID=a.MENU_ID And l.ENABLED='1' And a.USERGROUP_ID=(SELECT USERGROUP_ID FROM OPICINF.KKB_TB_MS_USERGROUP WHERE USERGROUP_NAME = 'ITProject')) ) p Order By p.GroupID, p.SEQ 
2021-04-24 20:47:49,475 [4] INFO  TreasuryShadowSystem.Login [(null)] - Login successfull on :24/04/2021 08:47:49
2021-04-24 20:47:49,567 [4] ERROR TreasuryShadowSystem.Login [(null)] - Thread was being aborted.
2021-04-24 20:48:05,573 [4] INFO  TreasuryShadowSystem.STN.UploadSTN [(null)] - Import Filename : C:\TRO\Production\TreasuryShadowSystem\Temporary\STN\20210424204805test_upload_file.csv
2021-04-24 20:48:41,533 [4] INFO  TreasuryShadowSystem.STN.UploadSTN [(null)] - Import Filename : C:\TRO\Production\TreasuryShadowSystem\Temporary\STN\20210424204840test_upload_file.csv
2021-04-24 21:59:53,948 [7] INFO  TreasuryShadowSystem.Model.Model_Tb_Menu_Auth [(null)] - Select p.* From (Select l.* From OPICINF.KKB_TB_MS_LOOKUP l, OPICINF.KKB_TB_MS_MENU_AUTH a Where l.ID=a.MENU_ID And l.ENABLED='1' And a.USERGROUP_ID=(SELECT USERGROUP_ID FROM OPICINF.KKB_TB_MS_USERGROUP WHERE USERGROUP_NAME = 'ITProject') UNION Select * From OPICINF.KKB_TB_MS_LOOKUP WHERE ENABLED='1' AND ID IN (Select DISTINCT GROUPID From OPICINF.KKB_TB_MS_LOOKUP l, OPICINF.KKB_TB_MS_MENU_AUTH a Where l.ID=a.MENU_ID And l.ENABLED='1' And a.USERGROUP_ID=(SELECT USERGROUP_ID FROM OPICINF.KKB_TB_MS_USERGROUP WHERE USERGROUP_NAME = 'ITProject')) ) p Order By p.GroupID, p.SEQ 
2021-04-24 21:59:54,161 [7] INFO  TreasuryShadowSystem.Login [(null)] - Login successfull on :24/04/2021 09:59:54
2021-04-24 21:59:54,252 [7] ERROR TreasuryShadowSystem.Login [(null)] - Thread was being aborted.
2021-04-24 22:00:56,856 [4] INFO  TreasuryShadowSystem.STN.UploadSTN [(null)] - Import Filename : C:\TRO\Production\TreasuryShadowSystem\Temporary\STN\20210424220056test_upload_file.csv
2021-04-24 22:01:44,098 [4] ERROR TreasuryShadowSystem.STN.UploadSTN [(null)] - Index was outside the bounds of the array.
2021-04-24 22:02:00,928 [10] INFO  TreasuryShadowSystem.STN.UploadSTN [(null)] - Import Filename : C:\TRO\Production\TreasuryShadowSystem\Temporary\STN\20210424220200test_upload_file.csv
2021-04-24 23:01:40,513 [4] INFO  TreasuryShadowSystem.Model.Model_Tb_Menu_Auth [(null)] - Select p.* From (Select l.* From OPICINF.KKB_TB_MS_LOOKUP l, OPICINF.KKB_TB_MS_MENU_AUTH a Where l.ID=a.MENU_ID And l.ENABLED='1' And a.USERGROUP_ID=(SELECT USERGROUP_ID FROM OPICINF.KKB_TB_MS_USERGROUP WHERE USERGROUP_NAME = 'ITProject') UNION Select * From OPICINF.KKB_TB_MS_LOOKUP WHERE ENABLED='1' AND ID IN (Select DISTINCT GROUPID From OPICINF.KKB_TB_MS_LOOKUP l, OPICINF.KKB_TB_MS_MENU_AUTH a Where l.ID=a.MENU_ID And l.ENABLED='1' And a.USERGROUP_ID=(SELECT USERGROUP_ID FROM OPICINF.KKB_TB_MS_USERGROUP WHERE USERGROUP_NAME = 'ITProject')) ) p Order By p.GroupID, p.SEQ 
2021-04-24 23:01:40,707 [4] INFO  TreasuryShadowSystem.Login [(null)] - Login successfull on :24/04/2021 11:01:40
2021-04-24 23:01:40,807 [4] ERROR TreasuryShadowSystem.Login [(null)] - Thread was being aborted.
2021-04-24 23:02:12,527 [11] INFO  TreasuryShadowSystem.STN.UploadSTN [(null)] - Import Filename : C:\TRO\Production\TreasuryShadowSystem\Temporary\STN\20210424230211upload_file_test.csv
2021-04-24 23:06:38,079 [11] ERROR TreasuryShadowSystem.STN.UploadSTN [(null)] - Object reference not set to an instance of an object.
2021-04-24 23:06:57,005 [11] INFO  TreasuryShadowSystem.STN.UploadSTN [(null)] - Import Filename : C:\TRO\Production\TreasuryShadowSystem\Temporary\STN\20210424230656upload_file_test.csv
2021-04-24 23:11:41,931 [10] INFO  TreasuryShadowSystem.STN.UploadSTN [(null)] - Import Filename : C:\TRO\Production\TreasuryShadowSystem\Temporary\STN\20210424231141upload_file_test.csv
2021-04-24 23:29:46,225 [13] INFO  TreasuryShadowSystem.STN.UploadSTN [(null)] - Import Filename : C:\TRO\Production\TreasuryShadowSystem\Temporary\STN\20210424232945upload_file_test.csv
2021-04-24 23:54:44,173 [4] INFO  TreasuryShadowSystem.Model.Model_Tb_Menu_Auth [(null)] - Select p.* From (Select l.* From OPICINF.KKB_TB_MS_LOOKUP l, OPICINF.KKB_TB_MS_MENU_AUTH a Where l.ID=a.MENU_ID And l.ENABLED='1' And a.USERGROUP_ID=(SELECT USERGROUP_ID FROM OPICINF.KKB_TB_MS_USERGROUP WHERE USERGROUP_NAME = 'ITProject') UNION Select * From OPICINF.KKB_TB_MS_LOOKUP WHERE ENABLED='1' AND ID IN (Select DISTINCT GROUPID From OPICINF.KKB_TB_MS_LOOKUP l, OPICINF.KKB_TB_MS_MENU_AUTH a Where l.ID=a.MENU_ID And l.ENABLED='1' And a.USERGROUP_ID=(SELECT USERGROUP_ID FROM OPICINF.KKB_TB_MS_USERGROUP WHERE USERGROUP_NAME = 'ITProject')) ) p Order By p.GroupID, p.SEQ 
2021-04-24 23:54:44,412 [4] INFO  TreasuryShadowSystem.Login [(null)] - Login successfull on :24/04/2021 11:54:44
2021-04-24 23:54:44,518 [4] ERROR TreasuryShadowSystem.Login [(null)] - Thread was being aborted.
2021-04-24 23:55:11,293 [9] INFO  TreasuryShadowSystem.STN.UploadSTN [(null)] - Import Filename : C:\TRO\Production\TreasuryShadowSystem\Temporary\STN\20210424235511upload_file_test.csv
2021-04-24 23:58:09,476 [4] INFO  TreasuryShadowSystem.STN.UploadSTN [(null)] - Import Filename : C:\TRO\Production\TreasuryShadowSystem\Temporary\STN\20210424235809upload_file_test.csv
