2021-03-12 10:40:29,739 [4] ERROR TreasuryJob.ExecuteJob [(null)] - The type initializer for 'Quartz.Impl.StdSchedulerFactory' threw an exception.
2021-03-12 11:01:07,354 [4] INFO  TreasuryShadowSystem.Model.Model_Tb_Menu_Auth [(null)] - Select p.* From (Select l.* From OPICINF.KKB_TB_MS_LOOKUP l, OPICINF.KKB_TB_MS_MENU_AUTH a Where l.ID=a.MENU_ID And l.ENABLED='1' And a.USERGROUP_ID=(SELECT USERGROUP_ID FROM OPICINF.KKB_TB_MS_USERGROUP WHERE USERGROUP_NAME = 'ITProject') UNION Select * From OPICINF.KKB_TB_MS_LOOKUP WHERE ENABLED='1' AND ID IN (Select DISTINCT GROUPID From OPICINF.KKB_TB_MS_LOOKUP l, OPICINF.KKB_TB_MS_MENU_AUTH a Where l.ID=a.MENU_ID And l.ENABLED='1' And a.USERGROUP_ID=(SELECT USERGROUP_ID FROM OPICINF.KKB_TB_MS_USERGROUP WHERE USERGROUP_NAME = 'ITProject')) ) p Order By p.GroupID, p.SEQ 
2021-03-12 11:01:07,391 [4] INFO  TreasuryShadowSystem.Login [(null)] - Login successfull on :12/03/2021 11:01:07
2021-03-12 11:01:07,475 [4] ERROR TreasuryShadowSystem.Login [(null)] - Thread was being aborted.
2021-03-12 11:01:18,779 [11] INFO  TreasuryModel.Master.Model_MS_CUSTOMER [(null)] - sql GetCustomerAllSource : SELECT CASE WHEN CTYPE = 'I' THEN REPLACE(TRIM(NVL(TAXID,CA5)), ' ', '_') ELSE REPLACE(TRIM(CMNE), ' ', '_') END AS CUSTCODE , TRIM(TO_NCHAR(SN)) AS CUSTNAME , 'OPICS' as SOURCE FROM OPICS.CUST WHERE( UPPER(SN) LIKE UPPER(:findCust) OR UPPER(CMNE) LIKE UPPER(:findCust))  UNION SELECT CASE WHEN CUSTOMERTYPE = 'P' THEN REPLACE(TRIM(TAXID), ' ', '_') WHEN CUSTOMERTYPE = 'C' THEN NVL(REPLACE(TRIM(CODE), ' ', '_'), REPLACE(TRIM(TAXID), ' ', '_')) ELSE REPLACE(TRIM(CODE), ' ', '_') END AS CUSTCODE , TRIM(TO_NCHAR(NAMEEN)) AS CUSTNAME,  'OPICINF' AS SOURCE FROM OPICINF.KKB_TB_CUSTOMER WHERE (UPPER(NAMETH) LIKE UPPER(:findCust) OR UPPER(NAMEEN) LIKE UPPER(:findCust) OR UPPER(CODE) LIKE UPPER(:findCust) ) 
2021-03-12 11:01:19,485 [11] INFO  TreasuryModel.Master.Model_MS_CUSTOMER [(null)] - -----Model_MS_Customer Finish-----
2021-03-12 11:01:19,533 [11] INFO  TreasuryModel.Master.Model_MS_WEBPARAM [(null)] - -----Model_MS_WEBPARAM Start-----
2021-03-12 11:01:19,534 [11] INFO  TreasuryModel.Master.Model_MS_WEBPARAM [(null)] - getParamValueList : Start
2021-03-12 11:01:19,534 [11] INFO  TreasuryModel.Master.Model_MS_WEBPARAM [(null)] - getParamValueList sql :SELECT NAME, TRIM(SUBSTR(TRIM(NAME),INSTR(TRIM(NAME),'_',-1)+1)) AS PRODTYPE, VALUE, TRIM(SUBSTR(TRIM(NAME),INSTR(TRIM(NAME),'_',-1)+1))||'|'||trim(VALUE) AS SELVALUE FROM OPICINF.KKB_TB_WEBPARAM WHERE SUBSTR(NAME,1,7) = 'ENCRYPT'
2021-03-12 11:01:19,546 [11] INFO  TreasuryModel.Master.Model_MS_WEBPARAM [(null)] - -----Model_MS_WEBPARAM Finish-----
2021-03-12 11:01:40,050 [11] INFO  TreasuryShadowSystem.Configuration.Config [(null)] - -----Model_MS_Customer Finish-----
2021-03-12 11:01:40,062 [11] INFO  TreasuryShadowSystem.Configuration.Config [(null)] - -----Model_MS_Customer Finish-----
2021-03-12 11:01:40,074 [11] INFO  TreasuryShadowSystem.Configuration.Config [(null)] - -----Model_MS_Customer Finish-----
2021-03-12 11:01:40,077 [11] DEBUG TreasuryShadowSystem.Encrypt.frm_EncryptUpload [(null)] - upload by manual
2021-03-12 11:01:40,077 [11] DEBUG TreasuryShadowSystem.Encrypt.frm_EncryptUpload [(null)] - password :test1234
2021-03-12 11:01:40,078 [11] DEBUG TreasuryShadowSystem.Encrypt.frm_EncryptUpload [(null)] - mailTo :voranun.junc@kkpfg.com
2021-03-12 11:01:40,078 [11] DEBUG TreasuryShadowSystem.Encrypt.frm_EncryptUpload [(null)] - folder :20210312
2021-03-12 11:02:14,421 [11] DEBUG TreasuryShadowSystem.Encrypt.frm_EncryptUpload [(null)] - checkEncrypt :True
2021-03-12 11:02:22,825 [11] DEBUG TreasuryShadowSystem.Encrypt.frm_EncryptUpload [(null)] - path directory : C:\TRO\Production\TreasuryShadowSystem\Temporary\Encrypt\20210312
2021-03-12 11:02:51,994 [11] DEBUG TreasuryShadowSystem.Encrypt.frm_EncryptUpload [(null)] - fileCount :1
2021-03-12 11:02:52,698 [11] DEBUG TreasuryShadowSystem.Encrypt.frm_EncryptUpload [(null)] - uploadCount :1
2021-03-12 11:04:10,876 [11] INFO  TreasuryModel.Master.Model_MS_CUSTOMER [(null)] - sql GetCustomerAllSource : SELECT CASE WHEN CTYPE = 'I' THEN REPLACE(TRIM(NVL(TAXID,CA5)), ' ', '_') ELSE REPLACE(TRIM(CMNE), ' ', '_') END AS CUSTCODE , TRIM(TO_NCHAR(SN)) AS CUSTNAME , 'OPICS' as SOURCE FROM OPICS.CUST WHERE( UPPER(SN) LIKE UPPER(:findCust) OR UPPER(CMNE) LIKE UPPER(:findCust))  UNION SELECT CASE WHEN CUSTOMERTYPE = 'P' THEN REPLACE(TRIM(TAXID), ' ', '_') WHEN CUSTOMERTYPE = 'C' THEN NVL(REPLACE(TRIM(CODE), ' ', '_'), REPLACE(TRIM(TAXID), ' ', '_')) ELSE REPLACE(TRIM(CODE), ' ', '_') END AS CUSTCODE , TRIM(TO_NCHAR(NAMEEN)) AS CUSTNAME,  'OPICINF' AS SOURCE FROM OPICINF.KKB_TB_CUSTOMER WHERE (UPPER(NAMETH) LIKE UPPER(:findCust) OR UPPER(NAMEEN) LIKE UPPER(:findCust) OR UPPER(CODE) LIKE UPPER(:findCust) ) 
2021-03-12 11:04:12,013 [11] INFO  TreasuryModel.Master.Model_MS_CUSTOMER [(null)] - -----Model_MS_Customer Finish-----
2021-03-12 11:04:13,288 [11] INFO  TreasuryModel.Master.Model_MS_WEBPARAM [(null)] - -----Model_MS_WEBPARAM Start-----
2021-03-12 11:04:13,296 [11] INFO  TreasuryModel.Master.Model_MS_WEBPARAM [(null)] - getParamValueList : Start
2021-03-12 11:04:13,296 [11] INFO  TreasuryModel.Master.Model_MS_WEBPARAM [(null)] - getParamValueList sql :SELECT NAME, TRIM(SUBSTR(TRIM(NAME),INSTR(TRIM(NAME),'_',-1)+1)) AS PRODTYPE, VALUE, TRIM(SUBSTR(TRIM(NAME),INSTR(TRIM(NAME),'_',-1)+1))||'|'||trim(VALUE) AS SELVALUE FROM OPICINF.KKB_TB_WEBPARAM WHERE SUBSTR(NAME,1,7) = 'ENCRYPT'
2021-03-12 11:04:13,302 [11] INFO  TreasuryModel.Master.Model_MS_WEBPARAM [(null)] - -----Model_MS_WEBPARAM Finish-----
2021-03-12 11:04:20,551 [12] ERROR TreasuryJob.ExecuteJob [(null)] - The type initializer for 'Quartz.Impl.StdSchedulerFactory' threw an exception.
2021-03-12 11:04:37,792 [11] INFO  TreasuryShadowSystem.Configuration.Config [(null)] - -----Model_MS_Customer Finish-----
2021-03-12 11:04:37,812 [11] INFO  TreasuryShadowSystem.Configuration.Config [(null)] - -----Model_MS_Customer Finish-----
2021-03-12 11:04:37,829 [11] INFO  TreasuryShadowSystem.Configuration.Config [(null)] - -----Model_MS_Customer Finish-----
2021-03-12 11:04:37,832 [11] DEBUG TreasuryShadowSystem.Encrypt.frm_EncryptUpload [(null)] - upload by manual
2021-03-12 11:04:37,832 [11] DEBUG TreasuryShadowSystem.Encrypt.frm_EncryptUpload [(null)] - password :helloworld
2021-03-12 11:04:37,834 [11] DEBUG TreasuryShadowSystem.Encrypt.frm_EncryptUpload [(null)] - mailTo :voranun.junc@kkpfg.com
2021-03-12 11:04:37,834 [11] DEBUG TreasuryShadowSystem.Encrypt.frm_EncryptUpload [(null)] - folder :20210312
2021-03-12 11:04:44,104 [11] DEBUG TreasuryShadowSystem.Encrypt.frm_EncryptUpload [(null)] - checkEncrypt :True
2021-03-12 11:05:10,161 [11] DEBUG TreasuryShadowSystem.Encrypt.frm_EncryptUpload [(null)] - path directory : C:\TRO\Production\TreasuryShadowSystem\Temporary\Encrypt\20210312
2021-03-12 11:05:30,105 [11] DEBUG TreasuryShadowSystem.Encrypt.frm_EncryptUpload [(null)] - fileCount :1
2021-03-12 11:05:30,685 [11] DEBUG TreasuryShadowSystem.Encrypt.frm_EncryptUpload [(null)] - uploadCount :1
2021-03-12 11:06:11,535 [11] INFO  TreasuryModel.Master.Model_MS_CUSTOMER [(null)] - sql GetCustomerAllSource : SELECT CASE WHEN CTYPE = 'I' THEN REPLACE(TRIM(NVL(TAXID,CA5)), ' ', '_') ELSE REPLACE(TRIM(CMNE), ' ', '_') END AS CUSTCODE , TRIM(TO_NCHAR(SN)) AS CUSTNAME , 'OPICS' as SOURCE FROM OPICS.CUST WHERE( UPPER(SN) LIKE UPPER(:findCust) OR UPPER(CMNE) LIKE UPPER(:findCust))  UNION SELECT CASE WHEN CUSTOMERTYPE = 'P' THEN REPLACE(TRIM(TAXID), ' ', '_') WHEN CUSTOMERTYPE = 'C' THEN NVL(REPLACE(TRIM(CODE), ' ', '_'), REPLACE(TRIM(TAXID), ' ', '_')) ELSE REPLACE(TRIM(CODE), ' ', '_') END AS CUSTCODE , TRIM(TO_NCHAR(NAMEEN)) AS CUSTNAME,  'OPICINF' AS SOURCE FROM OPICINF.KKB_TB_CUSTOMER WHERE (UPPER(NAMETH) LIKE UPPER(:findCust) OR UPPER(NAMEEN) LIKE UPPER(:findCust) OR UPPER(CODE) LIKE UPPER(:findCust) ) 
2021-03-12 11:06:13,028 [11] INFO  TreasuryModel.Master.Model_MS_CUSTOMER [(null)] - -----Model_MS_Customer Finish-----
2021-03-12 11:06:14,042 [11] INFO  TreasuryModel.Master.Model_MS_WEBPARAM [(null)] - -----Model_MS_WEBPARAM Start-----
2021-03-12 11:06:14,051 [11] INFO  TreasuryModel.Master.Model_MS_WEBPARAM [(null)] - getParamValueList : Start
2021-03-12 11:06:14,051 [11] INFO  TreasuryModel.Master.Model_MS_WEBPARAM [(null)] - getParamValueList sql :SELECT NAME, TRIM(SUBSTR(TRIM(NAME),INSTR(TRIM(NAME),'_',-1)+1)) AS PRODTYPE, VALUE, TRIM(SUBSTR(TRIM(NAME),INSTR(TRIM(NAME),'_',-1)+1))||'|'||trim(VALUE) AS SELVALUE FROM OPICINF.KKB_TB_WEBPARAM WHERE SUBSTR(NAME,1,7) = 'ENCRYPT'
2021-03-12 11:06:14,061 [11] INFO  TreasuryModel.Master.Model_MS_WEBPARAM [(null)] - -----Model_MS_WEBPARAM Finish-----
2021-03-12 11:06:20,621 [6] ERROR TreasuryJob.ExecuteJob [(null)] - The type initializer for 'Quartz.Impl.StdSchedulerFactory' threw an exception.
2021-03-12 11:06:52,223 [6] INFO  TreasuryShadowSystem.Configuration.Config [(null)] - -----Model_MS_Customer Finish-----
2021-03-12 11:06:52,232 [13] INFO  TreasuryShadowSystem.Configuration.Config [(null)] - -----Model_MS_Customer Finish-----
2021-03-12 11:06:52,256 [6] INFO  TreasuryShadowSystem.Configuration.Config [(null)] - -----Model_MS_Customer Finish-----
2021-03-12 11:06:52,263 [13] INFO  TreasuryShadowSystem.Configuration.Config [(null)] - -----Model_MS_Customer Finish-----
2021-03-12 11:06:52,308 [6] INFO  TreasuryShadowSystem.Configuration.Config [(null)] - -----Model_MS_Customer Finish-----
2021-03-12 11:06:52,316 [6] DEBUG TreasuryShadowSystem.Encrypt.frm_EncryptUpload [(null)] - upload by manual
2021-03-12 11:06:52,316 [6] DEBUG TreasuryShadowSystem.Encrypt.frm_EncryptUpload [(null)] - password :hello
2021-03-12 11:06:52,316 [6] DEBUG TreasuryShadowSystem.Encrypt.frm_EncryptUpload [(null)] - mailTo :voranun.junc@kkpfg.com
2021-03-12 11:06:52,316 [6] DEBUG TreasuryShadowSystem.Encrypt.frm_EncryptUpload [(null)] - folder :20210312
2021-03-12 11:07:01,285 [6] DEBUG TreasuryShadowSystem.Encrypt.frm_EncryptUpload [(null)] - checkEncrypt :True
2021-03-12 11:07:03,093 [13] ERROR TreasuryShadowSystem.Configuration.Config [(null)] - -----Model_MS_Customer Error-----
2021-03-12 11:07:03,103 [13] ERROR TreasuryShadowSystem.Configuration.Config [(null)] - Data provider internal error(-3001) [Oracle.DataAccess.Client.OracleCommand]
2021-03-12 11:07:03,103 [13] INFO  TreasuryShadowSystem.Configuration.Config [(null)] - -----Model_MS_Customer Finish-----
2021-03-12 11:07:03,103 [13] DEBUG TreasuryShadowSystem.Encrypt.frm_EncryptUpload [(null)] - upload by manual
2021-03-12 11:07:03,103 [13] DEBUG TreasuryShadowSystem.Encrypt.frm_EncryptUpload [(null)] - password :hello
2021-03-12 11:07:03,103 [13] DEBUG TreasuryShadowSystem.Encrypt.frm_EncryptUpload [(null)] - mailTo :voranun.junc@kkpfg.com
2021-03-12 11:07:03,103 [13] DEBUG TreasuryShadowSystem.Encrypt.frm_EncryptUpload [(null)] - folder :20210312
2021-03-12 11:07:06,668 [13] DEBUG TreasuryShadowSystem.Encrypt.frm_EncryptUpload [(null)] - checkEncrypt :True
2021-03-12 11:07:10,733 [6] DEBUG TreasuryShadowSystem.Encrypt.frm_EncryptUpload [(null)] - path directory : C:\TRO\Production\TreasuryShadowSystem\Temporary\Encrypt\20210312
2021-03-12 11:07:23,616 [13] DEBUG TreasuryShadowSystem.Encrypt.frm_EncryptUpload [(null)] - path directory : C:\TRO\Production\TreasuryShadowSystem\Temporary\Encrypt\20210312
2021-03-12 11:07:25,629 [6] DEBUG TreasuryShadowSystem.Encrypt.frm_EncryptUpload [(null)] - path directory : C:\TRO\Production\TreasuryShadowSystem\Temporary\Encrypt\20210312
2021-03-12 11:07:34,359 [13] DEBUG TreasuryShadowSystem.Encrypt.frm_EncryptUpload [(null)] - path directory : C:\TRO\Production\TreasuryShadowSystem\Temporary\Encrypt\20210312
2021-03-12 11:07:38,327 [6] DEBUG TreasuryShadowSystem.Encrypt.frm_EncryptUpload [(null)] - path directory : C:\TRO\Production\TreasuryShadowSystem\Temporary\Encrypt\20210312
2021-03-12 11:07:47,429 [6] DEBUG TreasuryShadowSystem.Encrypt.frm_EncryptUpload [(null)] - fileCount :3
2021-03-12 11:07:52,316 [6] DEBUG TreasuryShadowSystem.Encrypt.frm_EncryptUpload [(null)] - uploadCount :3
2021-03-12 11:07:58,221 [13] DEBUG TreasuryShadowSystem.Encrypt.frm_EncryptUpload [(null)] - path directory : C:\TRO\Production\TreasuryShadowSystem\Temporary\Encrypt\20210312
2021-03-12 11:08:06,285 [13] DEBUG TreasuryShadowSystem.Encrypt.frm_EncryptUpload [(null)] - fileCount :3
2021-03-12 11:08:06,991 [13] DEBUG TreasuryShadowSystem.Encrypt.frm_EncryptUpload [(null)] - uploadCount :3
2021-03-12 11:12:25,221 [13] ERROR TreasuryShadowSystem.Encrypt.frm_EncryptUpload [(null)] - Value cannot be null.
Parameter name: address
2021-03-12 11:12:25,369 [6] INFO  TreasuryModel.Master.Model_MS_CUSTOMER [(null)] - sql GetCustomerAllSource : SELECT CASE WHEN CTYPE = 'I' THEN REPLACE(TRIM(NVL(TAXID,CA5)), ' ', '_') ELSE REPLACE(TRIM(CMNE), ' ', '_') END AS CUSTCODE , TRIM(TO_NCHAR(SN)) AS CUSTNAME , 'OPICS' as SOURCE FROM OPICS.CUST WHERE( UPPER(SN) LIKE UPPER(:findCust) OR UPPER(CMNE) LIKE UPPER(:findCust))  UNION SELECT CASE WHEN CUSTOMERTYPE = 'P' THEN REPLACE(TRIM(TAXID), ' ', '_') WHEN CUSTOMERTYPE = 'C' THEN NVL(REPLACE(TRIM(CODE), ' ', '_'), REPLACE(TRIM(TAXID), ' ', '_')) ELSE REPLACE(TRIM(CODE), ' ', '_') END AS CUSTCODE , TRIM(TO_NCHAR(NAMEEN)) AS CUSTNAME,  'OPICINF' AS SOURCE FROM OPICINF.KKB_TB_CUSTOMER WHERE (UPPER(NAMETH) LIKE UPPER(:findCust) OR UPPER(NAMEEN) LIKE UPPER(:findCust) OR UPPER(CODE) LIKE UPPER(:findCust) ) 
2021-03-12 11:12:28,110 [6] INFO  TreasuryModel.Master.Model_MS_CUSTOMER [(null)] - -----Model_MS_Customer Finish-----
2021-03-12 11:12:28,166 [6] INFO  TreasuryModel.Master.Model_MS_WEBPARAM [(null)] - -----Model_MS_WEBPARAM Start-----
2021-03-12 11:12:28,167 [6] INFO  TreasuryModel.Master.Model_MS_WEBPARAM [(null)] - getParamValueList : Start
2021-03-12 11:12:28,167 [6] INFO  TreasuryModel.Master.Model_MS_WEBPARAM [(null)] - getParamValueList sql :SELECT NAME, TRIM(SUBSTR(TRIM(NAME),INSTR(TRIM(NAME),'_',-1)+1)) AS PRODTYPE, VALUE, TRIM(SUBSTR(TRIM(NAME),INSTR(TRIM(NAME),'_',-1)+1))||'|'||trim(VALUE) AS SELVALUE FROM OPICINF.KKB_TB_WEBPARAM WHERE SUBSTR(NAME,1,7) = 'ENCRYPT'
2021-03-12 11:12:28,171 [6] INFO  TreasuryModel.Master.Model_MS_WEBPARAM [(null)] - -----Model_MS_WEBPARAM Finish-----
2021-03-12 11:12:28,724 [13] ERROR TreasuryJob.ExecuteJob [(null)] - The type initializer for 'Quartz.Impl.StdSchedulerFactory' threw an exception.
2021-03-12 12:55:54,821 [4] INFO  TreasuryModel.Master.Model_MS_CUSTOMER [(null)] - sql GetCustomerAllSource : SELECT CASE WHEN CTYPE = 'I' THEN REPLACE(TRIM(NVL(TAXID,CA5)), ' ', '_') ELSE REPLACE(TRIM(CMNE), ' ', '_') END AS CUSTCODE , TRIM(TO_NCHAR(SN)) AS CUSTNAME , 'OPICS' as SOURCE FROM OPICS.CUST WHERE( UPPER(SN) LIKE UPPER(:findCust) OR UPPER(CMNE) LIKE UPPER(:findCust))  UNION SELECT CASE WHEN CUSTOMERTYPE = 'P' THEN REPLACE(TRIM(TAXID), ' ', '_') WHEN CUSTOMERTYPE = 'C' THEN NVL(REPLACE(TRIM(CODE), ' ', '_'), REPLACE(TRIM(TAXID), ' ', '_')) ELSE REPLACE(TRIM(CODE), ' ', '_') END AS CUSTCODE , TRIM(TO_NCHAR(NAMEEN)) AS CUSTNAME,  'OPICINF' AS SOURCE FROM OPICINF.KKB_TB_CUSTOMER WHERE (UPPER(NAMETH) LIKE UPPER(:findCust) OR UPPER(NAMEEN) LIKE UPPER(:findCust) OR UPPER(CODE) LIKE UPPER(:findCust) ) 
2021-03-12 12:55:54,831 [15] INFO  TreasuryModel.Master.Model_MS_CUSTOMER [(null)] - sql GetCustomerAllSource : SELECT CASE WHEN CTYPE = 'I' THEN REPLACE(TRIM(NVL(TAXID,CA5)), ' ', '_') ELSE REPLACE(TRIM(CMNE), ' ', '_') END AS CUSTCODE , TRIM(TO_NCHAR(SN)) AS CUSTNAME , 'OPICS' as SOURCE FROM OPICS.CUST WHERE( UPPER(SN) LIKE UPPER(:findCust) OR UPPER(CMNE) LIKE UPPER(:findCust))  UNION SELECT CASE WHEN CUSTOMERTYPE = 'P' THEN REPLACE(TRIM(TAXID), ' ', '_') WHEN CUSTOMERTYPE = 'C' THEN NVL(REPLACE(TRIM(CODE), ' ', '_'), REPLACE(TRIM(TAXID), ' ', '_')) ELSE REPLACE(TRIM(CODE), ' ', '_') END AS CUSTCODE , TRIM(TO_NCHAR(NAMEEN)) AS CUSTNAME,  'OPICINF' AS SOURCE FROM OPICINF.KKB_TB_CUSTOMER WHERE (UPPER(NAMETH) LIKE UPPER(:findCust) OR UPPER(NAMEEN) LIKE UPPER(:findCust) OR UPPER(CODE) LIKE UPPER(:findCust) ) 
2021-03-12 12:55:54,832 [13] INFO  TreasuryModel.Master.Model_MS_CUSTOMER [(null)] - sql GetCustomerAllSource : SELECT CASE WHEN CTYPE = 'I' THEN REPLACE(TRIM(NVL(TAXID,CA5)), ' ', '_') ELSE REPLACE(TRIM(CMNE), ' ', '_') END AS CUSTCODE , TRIM(TO_NCHAR(SN)) AS CUSTNAME , 'OPICS' as SOURCE FROM OPICS.CUST WHERE( UPPER(SN) LIKE UPPER(:findCust) OR UPPER(CMNE) LIKE UPPER(:findCust))  UNION SELECT CASE WHEN CUSTOMERTYPE = 'P' THEN REPLACE(TRIM(TAXID), ' ', '_') WHEN CUSTOMERTYPE = 'C' THEN NVL(REPLACE(TRIM(CODE), ' ', '_'), REPLACE(TRIM(TAXID), ' ', '_')) ELSE REPLACE(TRIM(CODE), ' ', '_') END AS CUSTCODE , TRIM(TO_NCHAR(NAMEEN)) AS CUSTNAME,  'OPICINF' AS SOURCE FROM OPICINF.KKB_TB_CUSTOMER WHERE (UPPER(NAMETH) LIKE UPPER(:findCust) OR UPPER(NAMEEN) LIKE UPPER(:findCust) OR UPPER(CODE) LIKE UPPER(:findCust) ) 
2021-03-12 12:55:54,833 [14] INFO  TreasuryModel.Master.Model_MS_CUSTOMER [(null)] - sql GetCustomerAllSource : SELECT CASE WHEN CTYPE = 'I' THEN REPLACE(TRIM(NVL(TAXID,CA5)), ' ', '_') ELSE REPLACE(TRIM(CMNE), ' ', '_') END AS CUSTCODE , TRIM(TO_NCHAR(SN)) AS CUSTNAME , 'OPICS' as SOURCE FROM OPICS.CUST WHERE( UPPER(SN) LIKE UPPER(:findCust) OR UPPER(CMNE) LIKE UPPER(:findCust))  UNION SELECT CASE WHEN CUSTOMERTYPE = 'P' THEN REPLACE(TRIM(TAXID), ' ', '_') WHEN CUSTOMERTYPE = 'C' THEN NVL(REPLACE(TRIM(CODE), ' ', '_'), REPLACE(TRIM(TAXID), ' ', '_')) ELSE REPLACE(TRIM(CODE), ' ', '_') END AS CUSTCODE , TRIM(TO_NCHAR(NAMEEN)) AS CUSTNAME,  'OPICINF' AS SOURCE FROM OPICINF.KKB_TB_CUSTOMER WHERE (UPPER(NAMETH) LIKE UPPER(:findCust) OR UPPER(NAMEEN) LIKE UPPER(:findCust) OR UPPER(CODE) LIKE UPPER(:findCust) ) 
2021-03-12 12:55:54,833 [16] INFO  TreasuryModel.Master.Model_MS_CUSTOMER [(null)] - sql GetCustomerAllSource : SELECT CASE WHEN CTYPE = 'I' THEN REPLACE(TRIM(NVL(TAXID,CA5)), ' ', '_') ELSE REPLACE(TRIM(CMNE), ' ', '_') END AS CUSTCODE , TRIM(TO_NCHAR(SN)) AS CUSTNAME , 'OPICS' as SOURCE FROM OPICS.CUST WHERE( UPPER(SN) LIKE UPPER(:findCust) OR UPPER(CMNE) LIKE UPPER(:findCust))  UNION SELECT CASE WHEN CUSTOMERTYPE = 'P' THEN REPLACE(TRIM(TAXID), ' ', '_') WHEN CUSTOMERTYPE = 'C' THEN NVL(REPLACE(TRIM(CODE), ' ', '_'), REPLACE(TRIM(TAXID), ' ', '_')) ELSE REPLACE(TRIM(CODE), ' ', '_') END AS CUSTCODE , TRIM(TO_NCHAR(NAMEEN)) AS CUSTNAME,  'OPICINF' AS SOURCE FROM OPICINF.KKB_TB_CUSTOMER WHERE (UPPER(NAMETH) LIKE UPPER(:findCust) OR UPPER(NAMEEN) LIKE UPPER(:findCust) OR UPPER(CODE) LIKE UPPER(:findCust) ) 
2021-03-12 12:55:54,834 [12] INFO  TreasuryModel.Master.Model_MS_CUSTOMER [(null)] - sql GetCustomerAllSource : SELECT CASE WHEN CTYPE = 'I' THEN REPLACE(TRIM(NVL(TAXID,CA5)), ' ', '_') ELSE REPLACE(TRIM(CMNE), ' ', '_') END AS CUSTCODE , TRIM(TO_NCHAR(SN)) AS CUSTNAME , 'OPICS' as SOURCE FROM OPICS.CUST WHERE( UPPER(SN) LIKE UPPER(:findCust) OR UPPER(CMNE) LIKE UPPER(:findCust))  UNION SELECT CASE WHEN CUSTOMERTYPE = 'P' THEN REPLACE(TRIM(TAXID), ' ', '_') WHEN CUSTOMERTYPE = 'C' THEN NVL(REPLACE(TRIM(CODE), ' ', '_'), REPLACE(TRIM(TAXID), ' ', '_')) ELSE REPLACE(TRIM(CODE), ' ', '_') END AS CUSTCODE , TRIM(TO_NCHAR(NAMEEN)) AS CUSTNAME,  'OPICINF' AS SOURCE FROM OPICINF.KKB_TB_CUSTOMER WHERE (UPPER(NAMETH) LIKE UPPER(:findCust) OR UPPER(NAMEEN) LIKE UPPER(:findCust) OR UPPER(CODE) LIKE UPPER(:findCust) ) 
2021-03-12 12:55:54,834 [9] INFO  TreasuryModel.Master.Model_MS_CUSTOMER [(null)] - sql GetCustomerAllSource : SELECT CASE WHEN CTYPE = 'I' THEN REPLACE(TRIM(NVL(TAXID,CA5)), ' ', '_') ELSE REPLACE(TRIM(CMNE), ' ', '_') END AS CUSTCODE , TRIM(TO_NCHAR(SN)) AS CUSTNAME , 'OPICS' as SOURCE FROM OPICS.CUST WHERE( UPPER(SN) LIKE UPPER(:findCust) OR UPPER(CMNE) LIKE UPPER(:findCust))  UNION SELECT CASE WHEN CUSTOMERTYPE = 'P' THEN REPLACE(TRIM(TAXID), ' ', '_') WHEN CUSTOMERTYPE = 'C' THEN NVL(REPLACE(TRIM(CODE), ' ', '_'), REPLACE(TRIM(TAXID), ' ', '_')) ELSE REPLACE(TRIM(CODE), ' ', '_') END AS CUSTCODE , TRIM(TO_NCHAR(NAMEEN)) AS CUSTNAME,  'OPICINF' AS SOURCE FROM OPICINF.KKB_TB_CUSTOMER WHERE (UPPER(NAMETH) LIKE UPPER(:findCust) OR UPPER(NAMEEN) LIKE UPPER(:findCust) OR UPPER(CODE) LIKE UPPER(:findCust) ) 
2021-03-12 12:55:57,959 [4] INFO  TreasuryModel.Master.Model_MS_CUSTOMER [(null)] - -----Model_MS_Customer Finish-----
2021-03-12 12:55:58,035 [4] INFO  TreasuryModel.Master.Model_MS_WEBPARAM [(null)] - -----Model_MS_WEBPARAM Start-----
2021-03-12 12:55:58,035 [4] INFO  TreasuryModel.Master.Model_MS_WEBPARAM [(null)] - getParamValueList : Start
2021-03-12 12:55:58,123 [4] INFO  TreasuryModel.Master.Model_MS_WEBPARAM [(null)] - getParamValueList sql :SELECT NAME, TRIM(SUBSTR(TRIM(NAME),INSTR(TRIM(NAME),'_',-1)+1)) AS PRODTYPE, VALUE, TRIM(SUBSTR(TRIM(NAME),INSTR(TRIM(NAME),'_',-1)+1))||'|'||trim(VALUE) AS SELVALUE FROM OPICINF.KKB_TB_WEBPARAM WHERE SUBSTR(NAME,1,7) = 'ENCRYPT'
2021-03-12 12:55:58,144 [4] INFO  TreasuryModel.Master.Model_MS_WEBPARAM [(null)] - -----Model_MS_WEBPARAM Finish-----
2021-03-12 12:56:10,459 [9] ERROR KKB.Treasury.TreasuryCommon.Common.Oracle [(null)] - -----Oracle ExecuteReader Error----
2021-03-12 12:56:10,468 [9] ERROR KKB.Treasury.TreasuryCommon.Common.Oracle [(null)] - This object cannot use re-opened connections
2021-03-12 12:56:10,846 [15] INFO  TreasuryModel.Master.Model_MS_CUSTOMER [(null)] - -----Model_MS_Customer Finish-----
2021-03-12 12:56:10,857 [9] ERROR TreasuryModel.Master.Model_MS_CUSTOMER [(null)] - -----Model_MS_Customer Error-----
2021-03-12 12:56:10,857 [9] ERROR TreasuryModel.Master.Model_MS_CUSTOMER [(null)] - Cannot find table 0.
2021-03-12 12:56:10,857 [9] INFO  TreasuryModel.Master.Model_MS_CUSTOMER [(null)] - -----Model_MS_Customer Finish-----
2021-03-12 12:56:10,894 [15] INFO  TreasuryModel.Master.Model_MS_WEBPARAM [(null)] - -----Model_MS_WEBPARAM Start-----
2021-03-12 12:56:10,894 [15] INFO  TreasuryModel.Master.Model_MS_WEBPARAM [(null)] - getParamValueList : Start
2021-03-12 12:56:10,895 [15] INFO  TreasuryModel.Master.Model_MS_WEBPARAM [(null)] - getParamValueList sql :SELECT NAME, TRIM(SUBSTR(TRIM(NAME),INSTR(TRIM(NAME),'_',-1)+1)) AS PRODTYPE, VALUE, TRIM(SUBSTR(TRIM(NAME),INSTR(TRIM(NAME),'_',-1)+1))||'|'||trim(VALUE) AS SELVALUE FROM OPICINF.KKB_TB_WEBPARAM WHERE SUBSTR(NAME,1,7) = 'ENCRYPT'
2021-03-12 12:56:10,918 [15] INFO  TreasuryModel.Master.Model_MS_WEBPARAM [(null)] - -----Model_MS_WEBPARAM Finish-----
2021-03-12 12:56:10,986 [9] INFO  TreasuryModel.Master.Model_MS_WEBPARAM [(null)] - -----Model_MS_WEBPARAM Start-----
2021-03-12 12:56:10,997 [9] INFO  TreasuryModel.Master.Model_MS_WEBPARAM [(null)] - getParamValueList : Start
2021-03-12 12:56:10,997 [9] INFO  TreasuryModel.Master.Model_MS_WEBPARAM [(null)] - getParamValueList sql :SELECT NAME, TRIM(SUBSTR(TRIM(NAME),INSTR(TRIM(NAME),'_',-1)+1)) AS PRODTYPE, VALUE, TRIM(SUBSTR(TRIM(NAME),INSTR(TRIM(NAME),'_',-1)+1))||'|'||trim(VALUE) AS SELVALUE FROM OPICINF.KKB_TB_WEBPARAM WHERE SUBSTR(NAME,1,7) = 'ENCRYPT'
2021-03-12 12:56:11,018 [13] INFO  TreasuryModel.Master.Model_MS_CUSTOMER [(null)] - -----Model_MS_Customer Finish-----
2021-03-12 12:56:10,997 [14] INFO  TreasuryModel.Master.Model_MS_CUSTOMER [(null)] - -----Model_MS_Customer Finish-----
2021-03-12 12:56:11,023 [9] INFO  TreasuryModel.Master.Model_MS_WEBPARAM [(null)] - -----Model_MS_WEBPARAM Finish-----
2021-03-12 12:56:11,052 [16] INFO  TreasuryModel.Master.Model_MS_CUSTOMER [(null)] - -----Model_MS_Customer Finish-----
2021-03-12 18:51:15,187 [4] ERROR TreasuryJob.ExecuteJob [(null)] - The type initializer for 'Quartz.Impl.StdSchedulerFactory' threw an exception.
2021-03-12 18:52:57,988 [4] INFO  TreasuryShadowSystem.Model.Model_Tb_Menu_Auth [(null)] - Select p.* From (Select l.* From OPICINF.KKB_TB_MS_LOOKUP l, OPICINF.KKB_TB_MS_MENU_AUTH a Where l.ID=a.MENU_ID And l.ENABLED='1' And a.USERGROUP_ID=(SELECT USERGROUP_ID FROM OPICINF.KKB_TB_MS_USERGROUP WHERE USERGROUP_NAME = 'ITProject') UNION Select * From OPICINF.KKB_TB_MS_LOOKUP WHERE ENABLED='1' AND ID IN (Select DISTINCT GROUPID From OPICINF.KKB_TB_MS_LOOKUP l, OPICINF.KKB_TB_MS_MENU_AUTH a Where l.ID=a.MENU_ID And l.ENABLED='1' And a.USERGROUP_ID=(SELECT USERGROUP_ID FROM OPICINF.KKB_TB_MS_USERGROUP WHERE USERGROUP_NAME = 'ITProject')) ) p Order By p.GroupID, p.SEQ 
2021-03-12 18:52:58,030 [4] INFO  TreasuryShadowSystem.Login [(null)] - Login successfull on :12/03/2021 06:52:58
2021-03-12 18:52:58,117 [4] ERROR TreasuryShadowSystem.Login [(null)] - Thread was being aborted.
2021-03-12 18:53:49,947 [9] INFO  TreasuryModel.Master.Model_MS_CUSTOMER [(null)] - sql GetCustomerAllSource : SELECT CASE WHEN CTYPE = 'I' THEN REPLACE(TRIM(NVL(TAXID,CA5)), ' ', '_') ELSE REPLACE(TRIM(CMNE), ' ', '_') END AS CUSTCODE , TRIM(TO_NCHAR(SN)) AS CUSTNAME , 'OPICS' as SOURCE FROM OPICS.CUST WHERE( UPPER(SN) LIKE UPPER(:findCust) OR UPPER(CMNE) LIKE UPPER(:findCust))  UNION SELECT CASE WHEN CUSTOMERTYPE = 'P' THEN REPLACE(TRIM(TAXID), ' ', '_') WHEN CUSTOMERTYPE = 'C' THEN NVL(REPLACE(TRIM(CODE), ' ', '_'), REPLACE(TRIM(TAXID), ' ', '_')) ELSE REPLACE(TRIM(CODE), ' ', '_') END AS CUSTCODE , TRIM(TO_NCHAR(NAMEEN)) AS CUSTNAME,  'OPICINF' AS SOURCE FROM OPICINF.KKB_TB_CUSTOMER WHERE (UPPER(NAMETH) LIKE UPPER(:findCust) OR UPPER(NAMEEN) LIKE UPPER(:findCust) OR UPPER(CODE) LIKE UPPER(:findCust) ) 
2021-03-12 18:53:50,741 [9] INFO  TreasuryModel.Master.Model_MS_CUSTOMER [(null)] - -----Model_MS_Customer Finish-----
2021-03-12 18:53:50,781 [9] INFO  TreasuryModel.Master.Model_MS_WEBPARAM [(null)] - -----Model_MS_WEBPARAM Start-----
2021-03-12 18:53:50,781 [9] INFO  TreasuryModel.Master.Model_MS_WEBPARAM [(null)] - getParamValueList : Start
2021-03-12 18:53:50,781 [9] INFO  TreasuryModel.Master.Model_MS_WEBPARAM [(null)] - getParamValueList sql :SELECT NAME, TRIM(SUBSTR(TRIM(NAME),INSTR(TRIM(NAME),'_',-1)+1)) AS PRODTYPE, VALUE, TRIM(SUBSTR(TRIM(NAME),INSTR(TRIM(NAME),'_',-1)+1))||'|'||trim(VALUE) AS SELVALUE FROM OPICINF.KKB_TB_WEBPARAM WHERE SUBSTR(NAME,1,7) = 'ENCRYPT'
2021-03-12 18:53:50,789 [9] INFO  TreasuryModel.Master.Model_MS_WEBPARAM [(null)] - -----Model_MS_WEBPARAM Finish-----
2021-03-12 18:54:42,331 [9] INFO  TreasuryShadowSystem.Configuration.Config [(null)] - -----Model_MS_Customer Finish-----
2021-03-12 18:54:42,344 [9] INFO  TreasuryShadowSystem.Configuration.Config [(null)] - -----Model_MS_Customer Finish-----
2021-03-12 18:54:42,354 [9] INFO  TreasuryShadowSystem.Configuration.Config [(null)] - -----Model_MS_Customer Finish-----
2021-03-12 18:54:42,357 [9] DEBUG TreasuryShadowSystem.Encrypt.frm_EncryptUpload [(null)] - upload by manual
2021-03-12 18:54:42,357 [9] DEBUG TreasuryShadowSystem.Encrypt.frm_EncryptUpload [(null)] - password :hello
2021-03-12 18:54:42,357 [9] DEBUG TreasuryShadowSystem.Encrypt.frm_EncryptUpload [(null)] - mailTo :voranun.junc@kkpfg.com
2021-03-12 18:54:42,358 [9] DEBUG TreasuryShadowSystem.Encrypt.frm_EncryptUpload [(null)] - folder :20210312
2021-03-12 18:55:15,249 [9] DEBUG TreasuryShadowSystem.Encrypt.frm_EncryptUpload [(null)] - checkEncrypt :True
2021-03-12 18:55:35,174 [9] DEBUG TreasuryShadowSystem.Encrypt.frm_EncryptUpload [(null)] - path directory : C:\TRO\Production\TreasuryShadowSystem\Temporary\Encrypt\20210312
2021-03-12 18:55:43,342 [9] DEBUG TreasuryShadowSystem.Encrypt.frm_EncryptUpload [(null)] - path directory : C:\TRO\Production\TreasuryShadowSystem\Temporary\Encrypt\20210312
2021-03-12 18:56:05,419 [9] DEBUG TreasuryShadowSystem.Encrypt.frm_EncryptUpload [(null)] - fileCount :2
2021-03-12 18:56:05,729 [9] DEBUG TreasuryShadowSystem.Encrypt.frm_EncryptUpload [(null)] - uploadCount :2
2021-03-12 18:57:22,862 [9] INFO  TreasuryModel.Master.Model_MS_CUSTOMER [(null)] - sql GetCustomerAllSource : SELECT CASE WHEN CTYPE = 'I' THEN REPLACE(TRIM(NVL(TAXID,CA5)), ' ', '_') ELSE REPLACE(TRIM(CMNE), ' ', '_') END AS CUSTCODE , TRIM(TO_NCHAR(SN)) AS CUSTNAME , 'OPICS' as SOURCE FROM OPICS.CUST WHERE( UPPER(SN) LIKE UPPER(:findCust) OR UPPER(CMNE) LIKE UPPER(:findCust))  UNION SELECT CASE WHEN CUSTOMERTYPE = 'P' THEN REPLACE(TRIM(TAXID), ' ', '_') WHEN CUSTOMERTYPE = 'C' THEN NVL(REPLACE(TRIM(CODE), ' ', '_'), REPLACE(TRIM(TAXID), ' ', '_')) ELSE REPLACE(TRIM(CODE), ' ', '_') END AS CUSTCODE , TRIM(TO_NCHAR(NAMEEN)) AS CUSTNAME,  'OPICINF' AS SOURCE FROM OPICINF.KKB_TB_CUSTOMER WHERE (UPPER(NAMETH) LIKE UPPER(:findCust) OR UPPER(NAMEEN) LIKE UPPER(:findCust) OR UPPER(CODE) LIKE UPPER(:findCust) ) 
2021-03-12 18:57:23,551 [9] INFO  TreasuryModel.Master.Model_MS_CUSTOMER [(null)] - -----Model_MS_Customer Finish-----
2021-03-12 18:57:24,195 [9] INFO  TreasuryModel.Master.Model_MS_WEBPARAM [(null)] - -----Model_MS_WEBPARAM Start-----
2021-03-12 18:57:24,204 [9] INFO  TreasuryModel.Master.Model_MS_WEBPARAM [(null)] - getParamValueList : Start
2021-03-12 18:57:24,204 [9] INFO  TreasuryModel.Master.Model_MS_WEBPARAM [(null)] - getParamValueList sql :SELECT NAME, TRIM(SUBSTR(TRIM(NAME),INSTR(TRIM(NAME),'_',-1)+1)) AS PRODTYPE, VALUE, TRIM(SUBSTR(TRIM(NAME),INSTR(TRIM(NAME),'_',-1)+1))||'|'||trim(VALUE) AS SELVALUE FROM OPICINF.KKB_TB_WEBPARAM WHERE SUBSTR(NAME,1,7) = 'ENCRYPT'
2021-03-12 18:57:24,208 [9] INFO  TreasuryModel.Master.Model_MS_WEBPARAM [(null)] - -----Model_MS_WEBPARAM Finish-----
2021-03-12 18:57:34,232 [7] ERROR TreasuryJob.ExecuteJob [(null)] - The type initializer for 'Quartz.Impl.StdSchedulerFactory' threw an exception.
