2021-05-24 12:56:47,066 [4] INFO  TreasuryShadowSystem.Model.Model_Tb_Menu_Auth [(null)] - Select p.* From (Select l.* From OPICINF.KKB_TB_MS_LOOKUP l, OPICINF.KKB_TB_MS_MENU_AUTH a Where l.ID=a.MENU_ID And l.ENABLED='1' And a.USERGROUP_ID=(SELECT USERGROUP_ID FROM OPICINF.KKB_TB_MS_USERGROUP WHERE USERGROUP_NAME = 'ITProject') UNION Select * From OPICINF.KKB_TB_MS_LOOKUP WHERE ENABLED='1' AND ID IN (Select DISTINCT GROUPID From OPICINF.KKB_TB_MS_LOOKUP l, OPICINF.KKB_TB_MS_MENU_AUTH a Where l.ID=a.MENU_ID And l.ENABLED='1' And a.USERGROUP_ID=(SELECT USERGROUP_ID FROM OPICINF.KKB_TB_MS_USERGROUP WHERE USERGROUP_NAME = 'ITProject')) ) p Order By p.GroupID, p.SEQ 
2021-05-24 12:56:47,512 [4] INFO  TreasuryShadowSystem.Login [(null)] - Login successfull on :24/05/2021 12:56:47
2021-05-24 12:56:47,624 [4] ERROR TreasuryShadowSystem.Login [(null)] - Thread was being aborted.
2021-05-24 12:57:17,983 [11] INFO  TreasuryShadowSystem.Model.Model_Tb_Menu_Auth [(null)] - IsAccess : 'frm_TR051BONTH.aspx'
2021-05-24 12:57:39,854 [11] INFO  TreasuryShadowSystem.Model.Model_Tb_Menu_Auth [(null)] - IsAccess : 'frm_TR051BONTH.aspx'
2021-05-24 12:57:40,026 [11] INFO  KKB.Treasury.TreasuryModel.Model.Model_RPT_TR051BONTH [(null)] - -----Model_RPT_TR051BONTH Start-----
2021-05-24 12:57:40,028 [11] INFO  KKB.Treasury.TreasuryModel.Model.Model_RPT_TR051BONTH [(null)] - Store Procedure : OPICINF.KKB_SP_TSS_TR051BONTH
2021-05-24 12:57:40,028 [11] INFO  KKB.Treasury.TreasuryModel.Model.Model_RPT_TR051BONTH [(null)] - Data : DealNo=1920035
2021-05-24 12:57:40,028 [11] INFO  KKB.Treasury.TreasuryModel.Model.Model_RPT_TR051BONTH [(null)] - Data : NoSign=0
2021-05-24 12:57:44,230 [11] INFO  KKB.Treasury.TreasuryModel.Model.Model_RPT_TR051BONTH [(null)] - Total Records : 1 Record(s)
2021-05-24 12:57:44,237 [11] INFO  KKB.Treasury.TreasuryModel.Model.Model_RPT_TR051BONTH [(null)] - <NewDataSet>
  <TB_TR051BONTH>
    <ATTN>PHATRA SECURITIES PCL. </ATTN>
    <TOTELNO>CCAM.PHONENUMBER</TOTELNO>
    <TOFAXNO>CCAM.FAXNUMBER</TOFAXNO>
    <FROMDEPT>TREASURY OPERATIONS DEPT.</FROMDEPT>
    <KKB>KIATNAKIN PHATRA BANK PUBLIC COMPANY LIMITED</KKB>
    <FROMTELNO>02-495-1667, 1671, 1669       </FROMTELNO>
    <FROMFAXNO>02-495-1996                   </FROMFAXNO>
    <REFNO>1920035 </REFNO>
    <BUYER>PHATRA SECURITIES PCL. </BUYER>
    <SELLER>KIATNAKIN PHATRA BANK PUBLIC COMPANY LIMITED</SELLER>
    <TRADEDATE>04 JAN 2019</TRADEDATE>
    <SETTLEDATE>08 JAN 2019</SETTLEDATE>
    <BONDCODE>LH194A              </BONDCODE>
    <ISSUER>LAND AND HOUSES PUBLIC COMPANY LIMITED</ISSUER>
    <ISIN>TH014303T400        </ISIN>
    <COUPON>  1.820000</COUPON>
    <ISSUEDATE>29 APR 2016</ISSUEDATE>
    <MATURITYDATE>29 APR 2019</MATURITYDATE>
    <YIELD>   1.650000</YIELD>
    <QUANTITY>20000</QUANTITY>
    <FACEAMT>20000000</FACEAMT>
    <CLEANPRICE>20010592.20</CLEANPRICE>
    <ACCINT>70805.40</ACCINT>
    <HOLDINGTAX>0</HOLDINGTAX>
    <GROSSPRICE>20081397.60</GROSSPRICE>
    <KKBSELLER>KIATNAKIN PHATRA BANK PUBLIC COMPANY LIMITED</KKBSELLER>
    <KKBBIC>KKPBTHBK   </KKBBIC>
    <KKBCA>0010043357                         </KKBCA>
    <BANKSELLER>PHATRA SECURITIES PCL. </BANKSELLER>
    <BIC>PHSUTHB1   </BIC>
    <BANKCA>BANGKOK                            </BANKCA>
    <ACKNOWLEDGE>PHATRA SECURITIES PCL.              </ACKNOWLEDGE>
    <SETTLEMENTTYPE>BAHTNET</SETTLEMENTTYPE>
    <NOTSIGN>0</NOTSIGN>
  </TB_TR051BONTH>
</NewDataSet>
2021-05-24 12:57:44,237 [11] INFO  KKB.Treasury.TreasuryModel.Model.Model_RPT_TR051BONTH [(null)] - -----Model_RPT_TR051BONTH Finish-----
2021-05-24 13:04:27,624 [4] INFO  TreasuryShadowSystem.Model.Model_Tb_Menu_Auth [(null)] - Select p.* From (Select l.* From OPICINF.KKB_TB_MS_LOOKUP l, OPICINF.KKB_TB_MS_MENU_AUTH a Where l.ID=a.MENU_ID And l.ENABLED='1' And a.USERGROUP_ID=(SELECT USERGROUP_ID FROM OPICINF.KKB_TB_MS_USERGROUP WHERE USERGROUP_NAME = 'ITProject') UNION Select * From OPICINF.KKB_TB_MS_LOOKUP WHERE ENABLED='1' AND ID IN (Select DISTINCT GROUPID From OPICINF.KKB_TB_MS_LOOKUP l, OPICINF.KKB_TB_MS_MENU_AUTH a Where l.ID=a.MENU_ID And l.ENABLED='1' And a.USERGROUP_ID=(SELECT USERGROUP_ID FROM OPICINF.KKB_TB_MS_USERGROUP WHERE USERGROUP_NAME = 'ITProject')) ) p Order By p.GroupID, p.SEQ 
2021-05-24 13:04:28,067 [4] INFO  TreasuryShadowSystem.Login [(null)] - Login successfull on :24/05/2021 01:04:28
2021-05-24 13:04:28,170 [4] ERROR TreasuryShadowSystem.Login [(null)] - Thread was being aborted.
2021-05-24 13:04:37,338 [10] INFO  TreasuryShadowSystem.Model.Model_Tb_Menu_Auth [(null)] - IsAccess : 'frm_TR051BONTH.aspx'
2021-05-24 13:04:49,172 [10] INFO  TreasuryShadowSystem.Model.Model_Tb_Menu_Auth [(null)] - IsAccess : 'frm_TR051BONTH.aspx'
2021-05-24 13:04:49,354 [10] INFO  KKB.Treasury.TreasuryModel.Model.Model_RPT_TR051BONTH [(null)] - -----Model_RPT_TR051BONTH Start-----
2021-05-24 13:04:49,354 [10] INFO  KKB.Treasury.TreasuryModel.Model.Model_RPT_TR051BONTH [(null)] - Store Procedure : OPICINF.KKB_SP_TSS_TR051BONTH
2021-05-24 13:04:49,355 [10] INFO  KKB.Treasury.TreasuryModel.Model.Model_RPT_TR051BONTH [(null)] - Data : DealNo=1920035
2021-05-24 13:04:49,355 [10] INFO  KKB.Treasury.TreasuryModel.Model.Model_RPT_TR051BONTH [(null)] - Data : NoSign=0
2021-05-24 13:04:53,720 [10] INFO  KKB.Treasury.TreasuryModel.Model.Model_RPT_TR051BONTH [(null)] - Total Records : 1 Record(s)
2021-05-24 13:04:53,722 [10] INFO  KKB.Treasury.TreasuryModel.Model.Model_RPT_TR051BONTH [(null)] - <NewDataSet>
  <TB_TR051BONTH>
    <ATTN>PHATRA SECURITIES PCL. </ATTN>
    <TOTELNO>CCAM.PHONENUMBER</TOTELNO>
    <TOFAXNO>CCAM.FAXNUMBER</TOFAXNO>
    <FROMDEPT>TREASURY OPERATIONS DEPT.</FROMDEPT>
    <KKB>KIATNAKIN PHATRA BANK PUBLIC COMPANY LIMITED</KKB>
    <FROMTELNO>02-495-1667, 1671, 1669       </FROMTELNO>
    <FROMFAXNO>02-495-1996                   </FROMFAXNO>
    <REFNO>1920035 </REFNO>
    <BUYER>PHATRA SECURITIES PCL. </BUYER>
    <SELLER>KIATNAKIN PHATRA BANK PUBLIC COMPANY LIMITED</SELLER>
    <TRADEDATE>04 JAN 2019</TRADEDATE>
    <SETTLEDATE>08 JAN 2019</SETTLEDATE>
    <BONDCODE>LH194A              </BONDCODE>
    <ISSUER>LAND AND HOUSES PUBLIC COMPANY LIMITED</ISSUER>
    <ISIN>TH014303T400        </ISIN>
    <COUPON>  1.820000</COUPON>
    <ISSUEDATE>29 APR 2016</ISSUEDATE>
    <MATURITYDATE>29 APR 2019</MATURITYDATE>
    <YIELD>   1.650000</YIELD>
    <QUANTITY>20000</QUANTITY>
    <FACEAMT>20000000</FACEAMT>
    <CLEANPRICE>20010592.20</CLEANPRICE>
    <ACCINT>70805.40</ACCINT>
    <HOLDINGTAX>0</HOLDINGTAX>
    <GROSSPRICE>20081397.60</GROSSPRICE>
    <KKBSELLER>KIATNAKIN PHATRA BANK PUBLIC COMPANY LIMITED</KKBSELLER>
    <KKBBIC>KKPBTHBK   </KKBBIC>
    <KKBCA>0010043357                         </KKBCA>
    <BANKSELLER>PHATRA SECURITIES PCL. </BANKSELLER>
    <BIC>PHSUTHB1   </BIC>
    <BANKCA>BANGKOK                            </BANKCA>
    <ACKNOWLEDGE>PHATRA SECURITIES PCL.              </ACKNOWLEDGE>
    <SETTLEMENTTYPE>BAHTNET</SETTLEMENTTYPE>
    <NOTSIGN>0</NOTSIGN>
  </TB_TR051BONTH>
</NewDataSet>
2021-05-24 13:04:53,722 [10] INFO  KKB.Treasury.TreasuryModel.Model.Model_RPT_TR051BONTH [(null)] - -----Model_RPT_TR051BONTH Finish-----
2021-05-24 13:04:53,967 [8] INFO  TreasuryShadowSystem.Model.Model_Tb_Menu_Auth [(null)] - IsAccess : 'frm_TR051BONTH.aspx'
2021-05-24 13:04:53,969 [8] INFO  KKB.Treasury.TreasuryModel.Model.Model_RPT_TR051BONTH [(null)] - -----Model_RPT_TR051BONTH Start-----
2021-05-24 13:04:53,969 [8] INFO  KKB.Treasury.TreasuryModel.Model.Model_RPT_TR051BONTH [(null)] - Store Procedure : OPICINF.KKB_SP_TSS_TR051BONTH
2021-05-24 13:04:53,969 [8] INFO  KKB.Treasury.TreasuryModel.Model.Model_RPT_TR051BONTH [(null)] - Data : DealNo=1920035
2021-05-24 13:04:53,970 [8] INFO  KKB.Treasury.TreasuryModel.Model.Model_RPT_TR051BONTH [(null)] - Data : NoSign=0
2021-05-24 13:04:54,318 [8] INFO  KKB.Treasury.TreasuryModel.Model.Model_RPT_TR051BONTH [(null)] - Total Records : 1 Record(s)
2021-05-24 13:04:54,318 [8] INFO  KKB.Treasury.TreasuryModel.Model.Model_RPT_TR051BONTH [(null)] - <NewDataSet>
  <TB_TR051BONTH>
    <ATTN>PHATRA SECURITIES PCL. </ATTN>
    <TOTELNO>CCAM.PHONENUMBER</TOTELNO>
    <TOFAXNO>CCAM.FAXNUMBER</TOFAXNO>
    <FROMDEPT>TREASURY OPERATIONS DEPT.</FROMDEPT>
    <KKB>KIATNAKIN PHATRA BANK PUBLIC COMPANY LIMITED</KKB>
    <FROMTELNO>02-495-1667, 1671, 1669       </FROMTELNO>
    <FROMFAXNO>02-495-1996                   </FROMFAXNO>
    <REFNO>1920035 </REFNO>
    <BUYER>PHATRA SECURITIES PCL. </BUYER>
    <SELLER>KIATNAKIN PHATRA BANK PUBLIC COMPANY LIMITED</SELLER>
    <TRADEDATE>04 JAN 2019</TRADEDATE>
    <SETTLEDATE>08 JAN 2019</SETTLEDATE>
    <BONDCODE>LH194A              </BONDCODE>
    <ISSUER>LAND AND HOUSES PUBLIC COMPANY LIMITED</ISSUER>
    <ISIN>TH014303T400        </ISIN>
    <COUPON>  1.820000</COUPON>
    <ISSUEDATE>29 APR 2016</ISSUEDATE>
    <MATURITYDATE>29 APR 2019</MATURITYDATE>
    <YIELD>   1.650000</YIELD>
    <QUANTITY>20000</QUANTITY>
    <FACEAMT>20000000</FACEAMT>
    <CLEANPRICE>20010592.20</CLEANPRICE>
    <ACCINT>70805.40</ACCINT>
    <HOLDINGTAX>0</HOLDINGTAX>
    <GROSSPRICE>20081397.60</GROSSPRICE>
    <KKBSELLER>KIATNAKIN PHATRA BANK PUBLIC COMPANY LIMITED</KKBSELLER>
    <KKBBIC>KKPBTHBK   </KKBBIC>
    <KKBCA>0010043357                         </KKBCA>
    <BANKSELLER>PHATRA SECURITIES PCL. </BANKSELLER>
    <BIC>PHSUTHB1   </BIC>
    <BANKCA>BANGKOK                            </BANKCA>
    <ACKNOWLEDGE>PHATRA SECURITIES PCL.              </ACKNOWLEDGE>
    <SETTLEMENTTYPE>BAHTNET</SETTLEMENTTYPE>
    <NOTSIGN>0</NOTSIGN>
  </TB_TR051BONTH>
</NewDataSet>
2021-05-24 13:04:54,319 [8] INFO  KKB.Treasury.TreasuryModel.Model.Model_RPT_TR051BONTH [(null)] - -----Model_RPT_TR051BONTH Finish-----
2021-05-24 13:14:33,686 [7] INFO  TreasuryShadowSystem.Model.Model_Tb_Menu_Auth [(null)] - Select p.* From (Select l.* From OPICINF.KKB_TB_MS_LOOKUP l, OPICINF.KKB_TB_MS_MENU_AUTH a Where l.ID=a.MENU_ID And l.ENABLED='1' And a.USERGROUP_ID=(SELECT USERGROUP_ID FROM OPICINF.KKB_TB_MS_USERGROUP WHERE USERGROUP_NAME = 'ITProject') UNION Select * From OPICINF.KKB_TB_MS_LOOKUP WHERE ENABLED='1' AND ID IN (Select DISTINCT GROUPID From OPICINF.KKB_TB_MS_LOOKUP l, OPICINF.KKB_TB_MS_MENU_AUTH a Where l.ID=a.MENU_ID And l.ENABLED='1' And a.USERGROUP_ID=(SELECT USERGROUP_ID FROM OPICINF.KKB_TB_MS_USERGROUP WHERE USERGROUP_NAME = 'ITProject')) ) p Order By p.GroupID, p.SEQ 
2021-05-24 13:14:34,134 [7] INFO  TreasuryShadowSystem.Login [(null)] - Login successfull on :24/05/2021 01:14:34
2021-05-24 13:14:34,252 [7] ERROR TreasuryShadowSystem.Login [(null)] - Thread was being aborted.
2021-05-24 13:15:00,431 [9] INFO  TreasuryShadowSystem.Model.Model_Tb_Menu_Auth [(null)] - IsAccess : 'frm_TR051BONTH.aspx'
2021-05-24 13:15:19,147 [9] INFO  TreasuryShadowSystem.Model.Model_Tb_Menu_Auth [(null)] - IsAccess : 'frm_TR051BONTH.aspx'
2021-05-24 13:15:19,346 [9] INFO  KKB.Treasury.TreasuryModel.Model.Model_RPT_TR051BONTH [(null)] - -----Model_RPT_TR051BONTH Start-----
2021-05-24 13:15:19,346 [9] INFO  KKB.Treasury.TreasuryModel.Model.Model_RPT_TR051BONTH [(null)] - Store Procedure : OPICINF.KKB_SP_TSS_TR051BONTH
2021-05-24 13:15:19,347 [9] INFO  KKB.Treasury.TreasuryModel.Model.Model_RPT_TR051BONTH [(null)] - Data : DealNo=1920035
2021-05-24 13:15:19,348 [9] INFO  KKB.Treasury.TreasuryModel.Model.Model_RPT_TR051BONTH [(null)] - Data : NoSign=0
2021-05-24 13:15:23,295 [9] INFO  KKB.Treasury.TreasuryModel.Model.Model_RPT_TR051BONTH [(null)] - Total Records : 1 Record(s)
2021-05-24 13:15:23,297 [9] INFO  KKB.Treasury.TreasuryModel.Model.Model_RPT_TR051BONTH [(null)] - <NewDataSet>
  <TB_TR051BONTH>
    <ATTN>PHATRA SECURITIES PCL. </ATTN>
    <TOTELNO>CCAM.PHONENUMBER</TOTELNO>
    <TOFAXNO>CCAM.FAXNUMBER</TOFAXNO>
    <FROMDEPT>TREASURY OPERATIONS DEPT.</FROMDEPT>
    <KKB>KIATNAKIN PHATRA BANK PUBLIC COMPANY LIMITED</KKB>
    <FROMTELNO>02-495-1667, 1671, 1669       </FROMTELNO>
    <FROMFAXNO>02-495-1996                   </FROMFAXNO>
    <REFNO>1920035 </REFNO>
    <BUYER>PHATRA SECURITIES PCL. </BUYER>
    <SELLER>KIATNAKIN PHATRA BANK PUBLIC COMPANY LIMITED</SELLER>
    <TRADEDATE>04 JAN 2019</TRADEDATE>
    <SETTLEDATE>08 JAN 2019</SETTLEDATE>
    <BONDCODE>LH194A              </BONDCODE>
    <ISSUER>LAND AND HOUSES PUBLIC COMPANY LIMITED</ISSUER>
    <ISIN>TH014303T400        </ISIN>
    <COUPON>  1.820000</COUPON>
    <ISSUEDATE>29 APR 2016</ISSUEDATE>
    <MATURITYDATE>29 APR 2019</MATURITYDATE>
    <YIELD>   1.650000</YIELD>
    <QUANTITY>20000</QUANTITY>
    <FACEAMT>20000000</FACEAMT>
    <CLEANPRICE>20010592.20</CLEANPRICE>
    <ACCINT>70805.40</ACCINT>
    <HOLDINGTAX>0</HOLDINGTAX>
    <GROSSPRICE>20081397.60</GROSSPRICE>
    <KKBSELLER>KIATNAKIN PHATRA BANK PUBLIC COMPANY LIMITED</KKBSELLER>
    <KKBBIC>KKPBTHBK   </KKBBIC>
    <KKBCA>0010043357                         </KKBCA>
    <BANKSELLER>PHATRA SECURITIES PCL. </BANKSELLER>
    <BIC>PHSUTHB1   </BIC>
    <BANKCA>BANGKOK                            </BANKCA>
    <ACKNOWLEDGE>PHATRA SECURITIES PCL.              </ACKNOWLEDGE>
    <SETTLEMENTTYPE>BAHTNET</SETTLEMENTTYPE>
    <NOTSIGN>0</NOTSIGN>
  </TB_TR051BONTH>
</NewDataSet>
2021-05-24 13:15:23,300 [9] INFO  KKB.Treasury.TreasuryModel.Model.Model_RPT_TR051BONTH [(null)] - -----Model_RPT_TR051BONTH Finish-----
2021-05-24 13:24:58,885 [4] INFO  TreasuryShadowSystem.Model.Model_Tb_Menu_Auth [(null)] - Select p.* From (Select l.* From OPICINF.KKB_TB_MS_LOOKUP l, OPICINF.KKB_TB_MS_MENU_AUTH a Where l.ID=a.MENU_ID And l.ENABLED='1' And a.USERGROUP_ID=(SELECT USERGROUP_ID FROM OPICINF.KKB_TB_MS_USERGROUP WHERE USERGROUP_NAME = 'ITProject') UNION Select * From OPICINF.KKB_TB_MS_LOOKUP WHERE ENABLED='1' AND ID IN (Select DISTINCT GROUPID From OPICINF.KKB_TB_MS_LOOKUP l, OPICINF.KKB_TB_MS_MENU_AUTH a Where l.ID=a.MENU_ID And l.ENABLED='1' And a.USERGROUP_ID=(SELECT USERGROUP_ID FROM OPICINF.KKB_TB_MS_USERGROUP WHERE USERGROUP_NAME = 'ITProject')) ) p Order By p.GroupID, p.SEQ 
2021-05-24 13:24:59,685 [4] INFO  TreasuryShadowSystem.Login [(null)] - Login successfull on :24/05/2021 01:24:59
2021-05-24 13:24:59,816 [4] ERROR TreasuryShadowSystem.Login [(null)] - Thread was being aborted.
2021-05-24 13:25:13,784 [10] INFO  TreasuryShadowSystem.Model.Model_Tb_Menu_Auth [(null)] - IsAccess : 'frm_TR051BONTH.aspx'
2021-05-24 13:25:29,022 [7] INFO  TreasuryShadowSystem.Model.Model_Tb_Menu_Auth [(null)] - IsAccess : 'frm_TR051BONTH.aspx'
2021-05-24 13:25:29,178 [7] INFO  KKB.Treasury.TreasuryModel.Model.Model_RPT_TR051BONTH [(null)] - -----Model_RPT_TR051BONTH Start-----
2021-05-24 13:25:29,179 [7] INFO  KKB.Treasury.TreasuryModel.Model.Model_RPT_TR051BONTH [(null)] - Store Procedure : OPICINF.KKB_SP_TSS_TR051BONTH
2021-05-24 13:25:29,179 [7] INFO  KKB.Treasury.TreasuryModel.Model.Model_RPT_TR051BONTH [(null)] - Data : DealNo=1920035
2021-05-24 13:25:29,179 [7] INFO  KKB.Treasury.TreasuryModel.Model.Model_RPT_TR051BONTH [(null)] - Data : NoSign=0
2021-05-24 13:25:32,336 [7] INFO  KKB.Treasury.TreasuryModel.Model.Model_RPT_TR051BONTH [(null)] - Total Records : 1 Record(s)
2021-05-24 13:25:32,337 [7] INFO  KKB.Treasury.TreasuryModel.Model.Model_RPT_TR051BONTH [(null)] - <NewDataSet>
  <TB_TR051BONTH>
    <ATTN>PHATRA SECURITIES PCL. </ATTN>
    <TOTELNO>CCAM.PHONENUMBER</TOTELNO>
    <TOFAXNO>CCAM.FAXNUMBER</TOFAXNO>
    <FROMDEPT>TREASURY OPERATIONS DEPT.</FROMDEPT>
    <KKB>KIATNAKIN PHATRA BANK PUBLIC COMPANY LIMITED</KKB>
    <FROMTELNO>02-495-1667, 1671, 1669       </FROMTELNO>
    <FROMFAXNO>02-495-1996                   </FROMFAXNO>
    <REFNO>1920035 </REFNO>
    <BUYER>PHATRA SECURITIES PCL. </BUYER>
    <SELLER>KIATNAKIN PHATRA BANK PUBLIC COMPANY LIMITED</SELLER>
    <TRADEDATE>04 JAN 2019</TRADEDATE>
    <SETTLEDATE>08 JAN 2019</SETTLEDATE>
    <BONDCODE>LH194A              </BONDCODE>
    <ISSUER>LAND AND HOUSES PUBLIC COMPANY LIMITED</ISSUER>
    <ISIN>TH014303T400        </ISIN>
    <COUPON>  1.820000</COUPON>
    <ISSUEDATE>29 APR 2016</ISSUEDATE>
    <MATURITYDATE>29 APR 2019</MATURITYDATE>
    <YIELD>   1.650000</YIELD>
    <QUANTITY>20000</QUANTITY>
    <FACEAMT>20000000</FACEAMT>
    <CLEANPRICE>20010592.20</CLEANPRICE>
    <ACCINT>70805.40</ACCINT>
    <HOLDINGTAX>0</HOLDINGTAX>
    <GROSSPRICE>20081397.60</GROSSPRICE>
    <KKBSELLER>KIATNAKIN PHATRA BANK PUBLIC COMPANY LIMITED</KKBSELLER>
    <KKBBIC>KKPBTHBK   </KKBBIC>
    <KKBCA>0010043357                         </KKBCA>
    <BANKSELLER>PHATRA SECURITIES PCL. </BANKSELLER>
    <BIC>PHSUTHB1   </BIC>
    <BANKCA>BANGKOK                            </BANKCA>
    <ACKNOWLEDGE>PHATRA SECURITIES PCL.              </ACKNOWLEDGE>
    <SETTLEMENTTYPE>BAHTNET</SETTLEMENTTYPE>
    <NOTSIGN>0</NOTSIGN>
  </TB_TR051BONTH>
</NewDataSet>
2021-05-24 13:25:32,338 [7] INFO  KKB.Treasury.TreasuryModel.Model.Model_RPT_TR051BONTH [(null)] - -----Model_RPT_TR051BONTH Finish-----
2021-05-24 13:39:13,556 [4] INFO  TreasuryShadowSystem.Model.Model_Tb_Menu_Auth [(null)] - Select p.* From (Select l.* From OPICINF.KKB_TB_MS_LOOKUP l, OPICINF.KKB_TB_MS_MENU_AUTH a Where l.ID=a.MENU_ID And l.ENABLED='1' And a.USERGROUP_ID=(SELECT USERGROUP_ID FROM OPICINF.KKB_TB_MS_USERGROUP WHERE USERGROUP_NAME = 'ITProject') UNION Select * From OPICINF.KKB_TB_MS_LOOKUP WHERE ENABLED='1' AND ID IN (Select DISTINCT GROUPID From OPICINF.KKB_TB_MS_LOOKUP l, OPICINF.KKB_TB_MS_MENU_AUTH a Where l.ID=a.MENU_ID And l.ENABLED='1' And a.USERGROUP_ID=(SELECT USERGROUP_ID FROM OPICINF.KKB_TB_MS_USERGROUP WHERE USERGROUP_NAME = 'ITProject')) ) p Order By p.GroupID, p.SEQ 
2021-05-24 13:39:14,003 [4] INFO  TreasuryShadowSystem.Login [(null)] - Login successfull on :24/05/2021 01:39:14
2021-05-24 13:39:14,119 [4] ERROR TreasuryShadowSystem.Login [(null)] - Thread was being aborted.
2021-05-24 13:39:55,231 [4] INFO  TreasuryShadowSystem.Model.Model_Tb_Menu_Auth [(null)] - IsAccess : 'frm_TR051BONTH.aspx'
2021-05-24 13:40:03,284 [9] INFO  TreasuryShadowSystem.Model.Model_Tb_Menu_Auth [(null)] - IsAccess : 'frm_TR051BONTH.aspx'
2021-05-24 13:40:03,503 [9] INFO  KKB.Treasury.TreasuryModel.Model.Model_RPT_TR051BONTH [(null)] - -----Model_RPT_TR051BONTH Start-----
2021-05-24 13:40:03,503 [9] INFO  KKB.Treasury.TreasuryModel.Model.Model_RPT_TR051BONTH [(null)] - Store Procedure : OPICINF.KKB_SP_TSS_TR051BONTH
2021-05-24 13:40:03,504 [9] INFO  KKB.Treasury.TreasuryModel.Model.Model_RPT_TR051BONTH [(null)] - Data : DealNo=1920035
2021-05-24 13:40:03,505 [9] INFO  KKB.Treasury.TreasuryModel.Model.Model_RPT_TR051BONTH [(null)] - Data : NoSign=0
2021-05-24 13:40:07,650 [9] INFO  KKB.Treasury.TreasuryModel.Model.Model_RPT_TR051BONTH [(null)] - Total Records : 1 Record(s)
2021-05-24 13:40:07,652 [9] INFO  KKB.Treasury.TreasuryModel.Model.Model_RPT_TR051BONTH [(null)] - <NewDataSet>
  <TB_TR051BONTH>
    <ATTN>PHATRA SECURITIES PCL. </ATTN>
    <TOTELNO>CCAM.PHONENUMBER</TOTELNO>
    <TOFAXNO>CCAM.FAXNUMBER</TOFAXNO>
    <FROMDEPT>TREASURY OPERATIONS DEPT.</FROMDEPT>
    <KKB>KIATNAKIN PHATRA BANK PUBLIC COMPANY LIMITED</KKB>
    <FROMTELNO>02-495-1667, 1671, 1669       </FROMTELNO>
    <FROMFAXNO>02-495-1996                   </FROMFAXNO>
    <REFNO>1920035 </REFNO>
    <BUYER>PHATRA SECURITIES PCL. </BUYER>
    <SELLER>KIATNAKIN PHATRA BANK PUBLIC COMPANY LIMITED</SELLER>
    <TRADEDATE>04 JAN 2019</TRADEDATE>
    <SETTLEDATE>08 JAN 2019</SETTLEDATE>
    <BONDCODE>LH194A              </BONDCODE>
    <ISSUER>LAND AND HOUSES PUBLIC COMPANY LIMITED</ISSUER>
    <ISIN>TH014303T400        </ISIN>
    <COUPON>  1.820000</COUPON>
    <ISSUEDATE>29 APR 2016</ISSUEDATE>
    <MATURITYDATE>29 APR 2019</MATURITYDATE>
    <YIELD>   1.650000</YIELD>
    <QUANTITY>20000</QUANTITY>
    <FACEAMT>20000000</FACEAMT>
    <CLEANPRICE>20010592.20</CLEANPRICE>
    <ACCINT>70805.40</ACCINT>
    <HOLDINGTAX>0</HOLDINGTAX>
    <GROSSPRICE>20081397.60</GROSSPRICE>
    <KKBSELLER>KIATNAKIN PHATRA BANK PUBLIC COMPANY LIMITED</KKBSELLER>
    <KKBBIC>KKPBTHBK   </KKBBIC>
    <KKBCA>0010043357                         </KKBCA>
    <BANKSELLER>PHATRA SECURITIES PCL. </BANKSELLER>
    <BIC>PHSUTHB1   </BIC>
    <BANKCA>BANGKOK                            </BANKCA>
    <ACKNOWLEDGE>PHATRA SECURITIES PCL.              </ACKNOWLEDGE>
    <SETTLEMENTTYPE>BAHTNET</SETTLEMENTTYPE>
    <NOTSIGN>0</NOTSIGN>
  </TB_TR051BONTH>
</NewDataSet>
2021-05-24 13:40:07,652 [9] INFO  KKB.Treasury.TreasuryModel.Model.Model_RPT_TR051BONTH [(null)] - -----Model_RPT_TR051BONTH Finish-----
2021-05-24 14:13:41,847 [4] INFO  TreasuryShadowSystem.Model.Model_Tb_Menu_Auth [(null)] - Select p.* From (Select l.* From OPICINF.KKB_TB_MS_LOOKUP l, OPICINF.KKB_TB_MS_MENU_AUTH a Where l.ID=a.MENU_ID And l.ENABLED='1' And a.USERGROUP_ID=(SELECT USERGROUP_ID FROM OPICINF.KKB_TB_MS_USERGROUP WHERE USERGROUP_NAME = 'ITProject') UNION Select * From OPICINF.KKB_TB_MS_LOOKUP WHERE ENABLED='1' AND ID IN (Select DISTINCT GROUPID From OPICINF.KKB_TB_MS_LOOKUP l, OPICINF.KKB_TB_MS_MENU_AUTH a Where l.ID=a.MENU_ID And l.ENABLED='1' And a.USERGROUP_ID=(SELECT USERGROUP_ID FROM OPICINF.KKB_TB_MS_USERGROUP WHERE USERGROUP_NAME = 'ITProject')) ) p Order By p.GroupID, p.SEQ 
2021-05-24 14:13:42,277 [4] INFO  TreasuryShadowSystem.Login [(null)] - Login successfull on :24/05/2021 02:13:42
2021-05-24 14:13:42,386 [4] ERROR TreasuryShadowSystem.Login [(null)] - Thread was being aborted.
2021-05-24 14:13:55,672 [4] INFO  TreasuryShadowSystem.Model.Model_Tb_Menu_Auth [(null)] - IsAccess : 'frm_TR051BONTH.aspx'
2021-05-24 14:14:00,031 [4] INFO  TreasuryShadowSystem.Model.Model_Tb_Menu_Auth [(null)] - IsAccess : 'frm_TR051BONTH.aspx'
2021-05-24 14:14:00,243 [4] INFO  KKB.Treasury.TreasuryModel.Model.Model_RPT_TR051BONTH [(null)] - -----Model_RPT_TR051BONTH Start-----
2021-05-24 14:14:00,244 [4] INFO  KKB.Treasury.TreasuryModel.Model.Model_RPT_TR051BONTH [(null)] - Store Procedure : OPICINF.KKB_SP_TSS_TR051BONTH
2021-05-24 14:14:00,244 [4] INFO  KKB.Treasury.TreasuryModel.Model.Model_RPT_TR051BONTH [(null)] - Data : DealNo=1920035
2021-05-24 14:14:00,244 [4] INFO  KKB.Treasury.TreasuryModel.Model.Model_RPT_TR051BONTH [(null)] - Data : NoSign=0
2021-05-24 14:14:03,830 [4] INFO  KKB.Treasury.TreasuryModel.Model.Model_RPT_TR051BONTH [(null)] - Total Records : 1 Record(s)
2021-05-24 14:14:03,832 [4] INFO  KKB.Treasury.TreasuryModel.Model.Model_RPT_TR051BONTH [(null)] - <NewDataSet>
  <TB_TR051BONTH>
    <ATTN>PHATRA SECURITIES PCL. </ATTN>
    <TOTELNO>CCAM.PHONENUMBER</TOTELNO>
    <TOFAXNO>CCAM.FAXNUMBER</TOFAXNO>
    <FROMDEPT>TREASURY OPERATIONS DEPT.</FROMDEPT>
    <KKB>KIATNAKIN PHATRA BANK PUBLIC COMPANY LIMITED</KKB>
    <FROMTELNO>02-495-1667, 1671, 1669       </FROMTELNO>
    <FROMFAXNO>02-495-1996                   </FROMFAXNO>
    <REFNO>1920035 </REFNO>
    <BUYER>PHATRA SECURITIES PCL. </BUYER>
    <SELLER>KIATNAKIN PHATRA BANK PUBLIC COMPANY LIMITED</SELLER>
    <TRADEDATE>04 JAN 2019</TRADEDATE>
    <SETTLEDATE>08 JAN 2019</SETTLEDATE>
    <BONDCODE>LH194A              </BONDCODE>
    <ISSUER>LAND AND HOUSES PUBLIC COMPANY LIMITED</ISSUER>
    <ISIN>TH014303T400        </ISIN>
    <COUPON>  1.820000</COUPON>
    <ISSUEDATE>29 APR 2016</ISSUEDATE>
    <MATURITYDATE>29 APR 2019</MATURITYDATE>
    <YIELD>   1.650000</YIELD>
    <QUANTITY>20000</QUANTITY>
    <FACEAMT>20000000</FACEAMT>
    <CLEANPRICE>20010592.20</CLEANPRICE>
    <ACCINT>70805.40</ACCINT>
    <HOLDINGTAX>0</HOLDINGTAX>
    <GROSSPRICE>20081397.60</GROSSPRICE>
    <KKBSELLER>KIATNAKIN PHATRA BANK PUBLIC COMPANY LIMITED</KKBSELLER>
    <KKBBIC>KKPBTHBK   </KKBBIC>
    <KKBCA>0010043357                         </KKBCA>
    <BANKSELLER>PHATRA SECURITIES PCL. </BANKSELLER>
    <BIC>PHSUTHB1   </BIC>
    <BANKCA>BANGKOK                            </BANKCA>
    <ACKNOWLEDGE>PHATRA SECURITIES PCL.              </ACKNOWLEDGE>
    <SETTLEMENTTYPE>BAHTNET</SETTLEMENTTYPE>
    <NOTSIGN>0</NOTSIGN>
  </TB_TR051BONTH>
</NewDataSet>
2021-05-24 14:14:03,832 [4] INFO  KKB.Treasury.TreasuryModel.Model.Model_RPT_TR051BONTH [(null)] - -----Model_RPT_TR051BONTH Finish-----
2021-05-24 15:15:31,877 [7] INFO  TreasuryShadowSystem.Model.Model_Tb_Menu_Auth [(null)] - Select p.* From (Select l.* From OPICINF.KKB_TB_MS_LOOKUP l, OPICINF.KKB_TB_MS_MENU_AUTH a Where l.ID=a.MENU_ID And l.ENABLED='1' And a.USERGROUP_ID=(SELECT USERGROUP_ID FROM OPICINF.KKB_TB_MS_USERGROUP WHERE USERGROUP_NAME = 'ITProject') UNION Select * From OPICINF.KKB_TB_MS_LOOKUP WHERE ENABLED='1' AND ID IN (Select DISTINCT GROUPID From OPICINF.KKB_TB_MS_LOOKUP l, OPICINF.KKB_TB_MS_MENU_AUTH a Where l.ID=a.MENU_ID And l.ENABLED='1' And a.USERGROUP_ID=(SELECT USERGROUP_ID FROM OPICINF.KKB_TB_MS_USERGROUP WHERE USERGROUP_NAME = 'ITProject')) ) p Order By p.GroupID, p.SEQ 
2021-05-24 15:15:32,304 [7] INFO  TreasuryShadowSystem.Login [(null)] - Login successfull on :24/05/2021 03:15:32
2021-05-24 15:15:32,414 [7] ERROR TreasuryShadowSystem.Login [(null)] - Thread was being aborted.
2021-05-24 15:15:48,587 [7] INFO  TreasuryShadowSystem.Model.Model_Tb_Menu_Auth [(null)] - IsAccess : 'frm_TR051BONTH.aspx'
2021-05-24 15:15:54,849 [4] INFO  TreasuryShadowSystem.Model.Model_Tb_Menu_Auth [(null)] - IsAccess : 'frm_TR051BONTH.aspx'
2021-05-24 15:15:55,053 [4] INFO  KKB.Treasury.TreasuryModel.Model.Model_RPT_TR051BONTH [(null)] - -----Model_RPT_TR051BONTH Start-----
2021-05-24 15:15:55,053 [4] INFO  KKB.Treasury.TreasuryModel.Model.Model_RPT_TR051BONTH [(null)] - Store Procedure : OPICINF.KKB_SP_TSS_TR051BONTH
2021-05-24 15:15:55,054 [4] INFO  KKB.Treasury.TreasuryModel.Model.Model_RPT_TR051BONTH [(null)] - Data : DealNo=2165679
2021-05-24 15:15:55,054 [4] INFO  KKB.Treasury.TreasuryModel.Model.Model_RPT_TR051BONTH [(null)] - Data : NoSign=0
2021-05-24 15:15:55,256 [4] INFO  KKB.Treasury.TreasuryModel.Model.Model_RPT_TR051BONTH [(null)] - -----Model_RPT_TR051BONTH Finish-----
2021-05-24 15:16:17,500 [8] INFO  KKB.Treasury.TreasuryModel.Model.Model_RPT_TR091OBOFXCF [(null)] - -----Model_RPT_TR091OBOFXCF Start-----
2021-05-24 15:16:17,501 [8] INFO  KKB.Treasury.TreasuryModel.Model.Model_RPT_TR091OBOFXCF [(null)] - Store Procedure : OPICINF.KKB_SP_TSS_TR091OBOFXCF
2021-05-24 15:16:17,501 [8] INFO  KKB.Treasury.TreasuryModel.Model.Model_RPT_TR091OBOFXCF [(null)] - Data : DealNo=2165679
2021-05-24 15:16:17,920 [8] INFO  KKB.Treasury.TreasuryModel.Model.Model_RPT_TR091OBOFXCF [(null)] - Total Records : 1 Record(s)
2021-05-24 15:16:17,921 [8] INFO  KKB.Treasury.TreasuryModel.Model.Model_RPT_TR091OBOFXCF [(null)] - -----Model_RPT_TR091OBOFXCF Finish-----
2021-05-24 15:25:55,682 [8] INFO  TreasuryShadowSystem.Model.Model_Tb_Menu_Auth [(null)] - Select p.* From (Select l.* From OPICINF.KKB_TB_MS_LOOKUP l, OPICINF.KKB_TB_MS_MENU_AUTH a Where l.ID=a.MENU_ID And l.ENABLED='1' And a.USERGROUP_ID=(SELECT USERGROUP_ID FROM OPICINF.KKB_TB_MS_USERGROUP WHERE USERGROUP_NAME = 'ITProject') UNION Select * From OPICINF.KKB_TB_MS_LOOKUP WHERE ENABLED='1' AND ID IN (Select DISTINCT GROUPID From OPICINF.KKB_TB_MS_LOOKUP l, OPICINF.KKB_TB_MS_MENU_AUTH a Where l.ID=a.MENU_ID And l.ENABLED='1' And a.USERGROUP_ID=(SELECT USERGROUP_ID FROM OPICINF.KKB_TB_MS_USERGROUP WHERE USERGROUP_NAME = 'ITProject')) ) p Order By p.GroupID, p.SEQ 
2021-05-24 15:25:56,219 [8] INFO  TreasuryShadowSystem.Login [(null)] - Login successfull on :24/05/2021 03:25:56
2021-05-24 15:25:56,332 [8] ERROR TreasuryShadowSystem.Login [(null)] - Thread was being aborted.
2021-05-24 15:26:20,647 [4] INFO  TreasuryShadowSystem.Model.Model_Tb_Menu_Auth [(null)] - IsAccess : 'frm_TR051BONTH.aspx'
2021-05-24 15:26:48,500 [8] INFO  TreasuryShadowSystem.Model.Model_Tb_Menu_Auth [(null)] - IsAccess : 'frm_TR051BONTH.aspx'
2021-05-24 15:26:48,678 [8] INFO  KKB.Treasury.TreasuryModel.Model.Model_RPT_TR051BONTH [(null)] - -----Model_RPT_TR051BONTH Start-----
2021-05-24 15:26:48,679 [8] INFO  KKB.Treasury.TreasuryModel.Model.Model_RPT_TR051BONTH [(null)] - Store Procedure : OPICINF.KKB_SP_TSS_TR051BONTH
2021-05-24 15:26:48,680 [8] INFO  KKB.Treasury.TreasuryModel.Model.Model_RPT_TR051BONTH [(null)] - Data : DealNo=1920035
2021-05-24 15:26:48,680 [8] INFO  KKB.Treasury.TreasuryModel.Model.Model_RPT_TR051BONTH [(null)] - Data : NoSign=0
2021-05-24 15:26:52,522 [8] INFO  KKB.Treasury.TreasuryModel.Model.Model_RPT_TR051BONTH [(null)] - Total Records : 1 Record(s)
2021-05-24 15:26:52,525 [8] INFO  KKB.Treasury.TreasuryModel.Model.Model_RPT_TR051BONTH [(null)] - <NewDataSet>
  <TB_TR051BONTH>
    <ATTN>PHATRA SECURITIES PCL. </ATTN>
    <TOTELNO>CCAM.PHONENUMBER</TOTELNO>
    <TOFAXNO>CCAM.FAXNUMBER</TOFAXNO>
    <FROMDEPT>TREASURY OPERATIONS DEPT.</FROMDEPT>
    <KKB>KIATNAKIN PHATRA BANK PUBLIC COMPANY LIMITED</KKB>
    <FROMTELNO>02-495-1667, 1671, 1669       </FROMTELNO>
    <FROMFAXNO>02-495-1996                   </FROMFAXNO>
    <REFNO>1920035 </REFNO>
    <BUYER>PHATRA SECURITIES PCL. </BUYER>
    <SELLER>KIATNAKIN PHATRA BANK PUBLIC COMPANY LIMITED</SELLER>
    <TRADEDATE>04 JAN 2019</TRADEDATE>
    <SETTLEDATE>08 JAN 2019</SETTLEDATE>
    <BONDCODE>LH194A              </BONDCODE>
    <ISSUER>LAND AND HOUSES PUBLIC COMPANY LIMITED</ISSUER>
    <ISIN>TH014303T400        </ISIN>
    <COUPON>  1.820000</COUPON>
    <ISSUEDATE>29 APR 2016</ISSUEDATE>
    <MATURITYDATE>29 APR 2019</MATURITYDATE>
    <YIELD>   1.650000</YIELD>
    <QUANTITY>20000</QUANTITY>
    <FACEAMT>20000000</FACEAMT>
    <CLEANPRICE>20010592.20</CLEANPRICE>
    <ACCINT>70805.40</ACCINT>
    <HOLDINGTAX>0</HOLDINGTAX>
    <GROSSPRICE>20081397.60</GROSSPRICE>
    <KKBSELLER>KIATNAKIN PHATRA BANK PUBLIC COMPANY LIMITED</KKBSELLER>
    <KKBBIC>KKPBTHBK   </KKBBIC>
    <KKBCA>0010043357                         </KKBCA>
    <BANKSELLER>PHATRA SECURITIES PCL. </BANKSELLER>
    <BIC>PHSUTHB1   </BIC>
    <BANKCA>BANGKOK                            </BANKCA>
    <ACKNOWLEDGE>PHATRA SECURITIES PCL.              </ACKNOWLEDGE>
    <SETTLEMENTTYPE>BAHTNET</SETTLEMENTTYPE>
    <NOTSIGN>0</NOTSIGN>
  </TB_TR051BONTH>
</NewDataSet>
2021-05-24 15:26:52,525 [8] INFO  KKB.Treasury.TreasuryModel.Model.Model_RPT_TR051BONTH [(null)] - -----Model_RPT_TR051BONTH Finish-----
2021-05-24 18:21:43,100 [4] INFO  TreasuryShadowSystem.Model.Model_Tb_Menu_Auth [(null)] - Select p.* From (Select l.* From OPICINF.KKB_TB_MS_LOOKUP l, OPICINF.KKB_TB_MS_MENU_AUTH a Where l.ID=a.MENU_ID And l.ENABLED='1' And a.USERGROUP_ID=(SELECT USERGROUP_ID FROM OPICINF.KKB_TB_MS_USERGROUP WHERE USERGROUP_NAME = 'ITProject') UNION Select * From OPICINF.KKB_TB_MS_LOOKUP WHERE ENABLED='1' AND ID IN (Select DISTINCT GROUPID From OPICINF.KKB_TB_MS_LOOKUP l, OPICINF.KKB_TB_MS_MENU_AUTH a Where l.ID=a.MENU_ID And l.ENABLED='1' And a.USERGROUP_ID=(SELECT USERGROUP_ID FROM OPICINF.KKB_TB_MS_USERGROUP WHERE USERGROUP_NAME = 'ITProject')) ) p Order By p.GroupID, p.SEQ 
2021-05-24 18:21:43,515 [4] INFO  TreasuryShadowSystem.Login [(null)] - Login successfull on :24/05/2021 06:21:43
2021-05-24 18:21:43,618 [4] ERROR TreasuryShadowSystem.Login [(null)] - Thread was being aborted.
2021-05-24 18:21:57,217 [9] INFO  TreasuryShadowSystem.Model.Model_Tb_Menu_Auth [(null)] - IsAccess : 'frm_TR051BONTH.aspx'
2021-05-24 18:24:15,053 [4] INFO  KKB.Treasury.TreasuryModel.Model.Model_RPT_TR092OBOFXCF [(null)] - -----Model_RPT_TR092OBOFXCF Start-----
2021-05-24 18:24:15,054 [4] INFO  KKB.Treasury.TreasuryModel.Model.Model_RPT_TR092OBOFXCF [(null)] - Store Procedure : OPICINF.KKB_SP_TSS_TR092OBOFXCF
2021-05-24 18:24:15,055 [4] INFO  KKB.Treasury.TreasuryModel.Model.Model_RPT_TR092OBOFXCF [(null)] - Data : DealNo=1868973
2021-05-24 18:24:21,247 [4] INFO  KKB.Treasury.TreasuryModel.Model.Model_RPT_TR092OBOFXCF [(null)] - Total Records : 1 Record(s)
2021-05-24 18:24:21,248 [4] INFO  KKB.Treasury.TreasuryModel.Model.Model_RPT_TR092OBOFXCF [(null)] - -----Model_RPT_TR092OBOFXCF Finish-----
