2021-08-13 01:44:58,666 [4] INFO  TreasuryShadowSystem.Model.Model_Tb_Menu_Auth [(null)] - Select p.* From (Select l.* From OPICINF.KKB_TB_MS_LOOKUP l, OPICINF.KKB_TB_MS_MENU_AUTH a Where l.ID=a.MENU_ID And l.ENABLED='1' And a.USERGROUP_ID=(SELECT USERGROUP_ID FROM OPICINF.KKB_TB_MS_USERGROUP WHERE USERGROUP_NAME = 'ITProject') UNION Select * From OPICINF.KKB_TB_MS_LOOKUP WHERE ENABLED='1' AND ID IN (Select DISTINCT GROUPID From OPICINF.KKB_TB_MS_LOOKUP l, OPICINF.KKB_TB_MS_MENU_AUTH a Where l.ID=a.MENU_ID And l.ENABLED='1' And a.USERGROUP_ID=(SELECT USERGROUP_ID FROM OPICINF.KKB_TB_MS_USERGROUP WHERE USERGROUP_NAME = 'ITProject')) ) p Order By p.GroupID, p.SEQ 
2021-08-13 01:44:58,976 [4] INFO  TreasuryShadowSystem.Login [(null)] - Login successfull on :13/08/2021 01:44:58
2021-08-13 01:44:59,119 [4] ERROR TreasuryShadowSystem.Login [(null)] - Thread was being aborted.
2021-08-13 01:45:43,659 [4] INFO  KKB.Treasury.TreasuryModel.Model.Model_RPT_TR096CLOSEBOOK [(null)] - -----Model_RPT_TR096CLOSEBOOK Start-----
2021-08-13 01:45:43,673 [4] INFO  KKB.Treasury.TreasuryModel.Model.Model_RPT_TR096CLOSEBOOK [(null)] - Store Procedure : OPICINF.KKB_SP_TSS_TR096CLOSEBOOK
2021-08-13 01:45:43,674 [4] INFO  KKB.Treasury.TreasuryModel.Model.Model_RPT_TR096CLOSEBOOK [(null)] - Data : Branch=01, Execute Date=012020, Cost=340, Term=STDP
2021-08-13 01:45:48,365 [4] INFO  KKB.Treasury.TreasuryModel.Model.Model_RPT_TR096CLOSEBOOK [(null)] - -----Model_RPT_TR096CLOSEBOOK Finish-----
2021-08-13 01:46:06,791 [12] INFO  KKB.Treasury.TreasuryModel.Model.Model_RPT_TR096CLOSEBOOK [(null)] - -----Model_RPT_TR096CLOSEBOOK Start-----
2021-08-13 01:46:06,791 [12] INFO  KKB.Treasury.TreasuryModel.Model.Model_RPT_TR096CLOSEBOOK [(null)] - Store Procedure : OPICINF.KKB_SP_TSS_TR096CLOSEBOOK
2021-08-13 01:46:06,793 [12] INFO  KKB.Treasury.TreasuryModel.Model.Model_RPT_TR096CLOSEBOOK [(null)] - Data : Branch=01, Execute Date=022022, Cost=340, Term=STDP
2021-08-13 01:46:06,965 [12] INFO  KKB.Treasury.TreasuryModel.Model.Model_RPT_TR096CLOSEBOOK [(null)] - -----Model_RPT_TR096CLOSEBOOK Finish-----
2021-08-13 01:46:13,049 [4] INFO  KKB.Treasury.TreasuryModel.Model.Model_RPT_TR096CLOSEBOOK [(null)] - -----Model_RPT_TR096CLOSEBOOK Start-----
2021-08-13 01:46:13,049 [4] INFO  KKB.Treasury.TreasuryModel.Model.Model_RPT_TR096CLOSEBOOK [(null)] - Store Procedure : OPICINF.KKB_SP_TSS_TR096CLOSEBOOK
2021-08-13 01:46:13,049 [4] INFO  KKB.Treasury.TreasuryModel.Model.Model_RPT_TR096CLOSEBOOK [(null)] - Data : Branch=01, Execute Date=032022, Cost=340, Term=STDP
2021-08-13 01:46:13,201 [4] INFO  KKB.Treasury.TreasuryModel.Model.Model_RPT_TR096CLOSEBOOK [(null)] - -----Model_RPT_TR096CLOSEBOOK Finish-----
2021-08-13 01:46:18,957 [9] INFO  KKB.Treasury.TreasuryModel.Model.Model_RPT_TR096CLOSEBOOK [(null)] - -----Model_RPT_TR096CLOSEBOOK Start-----
2021-08-13 01:46:18,959 [9] INFO  KKB.Treasury.TreasuryModel.Model.Model_RPT_TR096CLOSEBOOK [(null)] - Store Procedure : OPICINF.KKB_SP_TSS_TR096CLOSEBOOK
2021-08-13 01:46:18,959 [9] INFO  KKB.Treasury.TreasuryModel.Model.Model_RPT_TR096CLOSEBOOK [(null)] - Data : Branch=01, Execute Date=042022, Cost=340, Term=STDP
2021-08-13 01:46:19,131 [9] INFO  KKB.Treasury.TreasuryModel.Model.Model_RPT_TR096CLOSEBOOK [(null)] - -----Model_RPT_TR096CLOSEBOOK Finish-----
2021-08-13 01:46:24,994 [12] INFO  KKB.Treasury.TreasuryModel.Model.Model_RPT_TR096CLOSEBOOK [(null)] - -----Model_RPT_TR096CLOSEBOOK Start-----
2021-08-13 01:46:24,995 [12] INFO  KKB.Treasury.TreasuryModel.Model.Model_RPT_TR096CLOSEBOOK [(null)] - Store Procedure : OPICINF.KKB_SP_TSS_TR096CLOSEBOOK
2021-08-13 01:46:24,995 [12] INFO  KKB.Treasury.TreasuryModel.Model.Model_RPT_TR096CLOSEBOOK [(null)] - Data : Branch=01, Execute Date=042020, Cost=340, Term=STDP
2021-08-13 01:46:25,155 [12] INFO  KKB.Treasury.TreasuryModel.Model.Model_RPT_TR096CLOSEBOOK [(null)] - -----Model_RPT_TR096CLOSEBOOK Finish-----
2021-08-13 01:46:32,438 [4] INFO  KKB.Treasury.TreasuryModel.Model.Model_RPT_TR096CLOSEBOOK [(null)] - -----Model_RPT_TR096CLOSEBOOK Start-----
2021-08-13 01:46:32,438 [4] INFO  KKB.Treasury.TreasuryModel.Model.Model_RPT_TR096CLOSEBOOK [(null)] - Store Procedure : OPICINF.KKB_SP_TSS_TR096CLOSEBOOK
2021-08-13 01:46:32,439 [4] INFO  KKB.Treasury.TreasuryModel.Model.Model_RPT_TR096CLOSEBOOK [(null)] - Data : Branch=01, Execute Date=052020, Cost=340, Term=STDP
2021-08-13 01:46:32,581 [4] INFO  KKB.Treasury.TreasuryModel.Model.Model_RPT_TR096CLOSEBOOK [(null)] - -----Model_RPT_TR096CLOSEBOOK Finish-----
2021-08-13 01:46:38,769 [9] INFO  KKB.Treasury.TreasuryModel.Model.Model_RPT_TR096CLOSEBOOK [(null)] - -----Model_RPT_TR096CLOSEBOOK Start-----
2021-08-13 01:46:38,770 [9] INFO  KKB.Treasury.TreasuryModel.Model.Model_RPT_TR096CLOSEBOOK [(null)] - Store Procedure : OPICINF.KKB_SP_TSS_TR096CLOSEBOOK
2021-08-13 01:46:38,770 [9] INFO  KKB.Treasury.TreasuryModel.Model.Model_RPT_TR096CLOSEBOOK [(null)] - Data : Branch=01, Execute Date=062020, Cost=340, Term=STDP
2021-08-13 01:46:38,948 [9] INFO  KKB.Treasury.TreasuryModel.Model.Model_RPT_TR096CLOSEBOOK [(null)] - -----Model_RPT_TR096CLOSEBOOK Finish-----
2021-08-13 01:49:43,145 [4] INFO  KKB.Treasury.TreasuryModel.Model.Model_RPT_TR096CLOSEBOOK [(null)] - -----Model_RPT_TR096CLOSEBOOK Start-----
2021-08-13 01:49:43,146 [4] INFO  KKB.Treasury.TreasuryModel.Model.Model_RPT_TR096CLOSEBOOK [(null)] - Store Procedure : OPICINF.KKB_SP_TSS_TR096CLOSEBOOK
2021-08-13 01:49:43,146 [4] INFO  KKB.Treasury.TreasuryModel.Model.Model_RPT_TR096CLOSEBOOK [(null)] - Data : Branch=01, Execute Date=062020, Cost=340, Term=LTDP
2021-08-13 01:49:43,331 [4] INFO  KKB.Treasury.TreasuryModel.Model.Model_RPT_TR096CLOSEBOOK [(null)] - -----Model_RPT_TR096CLOSEBOOK Finish-----
2021-08-13 01:49:49,270 [4] INFO  KKB.Treasury.TreasuryModel.Model.Model_RPT_TR096CLOSEBOOK [(null)] - -----Model_RPT_TR096CLOSEBOOK Start-----
2021-08-13 01:49:49,271 [4] INFO  KKB.Treasury.TreasuryModel.Model.Model_RPT_TR096CLOSEBOOK [(null)] - Store Procedure : OPICINF.KKB_SP_TSS_TR096CLOSEBOOK
2021-08-13 01:49:49,271 [4] INFO  KKB.Treasury.TreasuryModel.Model.Model_RPT_TR096CLOSEBOOK [(null)] - Data : Branch=01, Execute Date=072020, Cost=340, Term=LTDP
2021-08-13 01:49:49,407 [4] INFO  KKB.Treasury.TreasuryModel.Model.Model_RPT_TR096CLOSEBOOK [(null)] - -----Model_RPT_TR096CLOSEBOOK Finish-----
2021-08-13 01:49:54,490 [4] INFO  KKB.Treasury.TreasuryModel.Model.Model_RPT_TR096CLOSEBOOK [(null)] - -----Model_RPT_TR096CLOSEBOOK Start-----
2021-08-13 01:49:54,491 [4] INFO  KKB.Treasury.TreasuryModel.Model.Model_RPT_TR096CLOSEBOOK [(null)] - Store Procedure : OPICINF.KKB_SP_TSS_TR096CLOSEBOOK
2021-08-13 01:49:54,491 [4] INFO  KKB.Treasury.TreasuryModel.Model.Model_RPT_TR096CLOSEBOOK [(null)] - Data : Branch=01, Execute Date=082020, Cost=340, Term=LTDP
2021-08-13 01:49:54,589 [4] INFO  KKB.Treasury.TreasuryModel.Model.Model_RPT_TR096CLOSEBOOK [(null)] - -----Model_RPT_TR096CLOSEBOOK Finish-----
2021-08-13 01:50:04,936 [4] INFO  KKB.Treasury.TreasuryModel.Model.Model_RPT_TR096CLOSEBOOK [(null)] - -----Model_RPT_TR096CLOSEBOOK Start-----
2021-08-13 01:50:04,937 [4] INFO  KKB.Treasury.TreasuryModel.Model.Model_RPT_TR096CLOSEBOOK [(null)] - Store Procedure : OPICINF.KKB_SP_TSS_TR096CLOSEBOOK
2021-08-13 01:50:04,937 [4] INFO  KKB.Treasury.TreasuryModel.Model.Model_RPT_TR096CLOSEBOOK [(null)] - Data : Branch=01, Execute Date=082019, Cost=340, Term=LTDP
2021-08-13 01:50:05,038 [4] INFO  KKB.Treasury.TreasuryModel.Model.Model_RPT_TR096CLOSEBOOK [(null)] - -----Model_RPT_TR096CLOSEBOOK Finish-----
2021-08-13 01:50:08,322 [4] INFO  KKB.Treasury.TreasuryModel.Model.Model_RPT_TR096CLOSEBOOK [(null)] - -----Model_RPT_TR096CLOSEBOOK Start-----
2021-08-13 01:50:08,323 [4] INFO  KKB.Treasury.TreasuryModel.Model.Model_RPT_TR096CLOSEBOOK [(null)] - Store Procedure : OPICINF.KKB_SP_TSS_TR096CLOSEBOOK
2021-08-13 01:50:08,323 [4] INFO  KKB.Treasury.TreasuryModel.Model.Model_RPT_TR096CLOSEBOOK [(null)] - Data : Branch=01, Execute Date=082019, Cost=340, Term=STDP
2021-08-13 01:50:08,496 [4] INFO  KKB.Treasury.TreasuryModel.Model.Model_RPT_TR096CLOSEBOOK [(null)] - -----Model_RPT_TR096CLOSEBOOK Finish-----
2021-08-13 01:50:12,864 [4] INFO  KKB.Treasury.TreasuryModel.Model.Model_RPT_TR096CLOSEBOOK [(null)] - -----Model_RPT_TR096CLOSEBOOK Start-----
2021-08-13 01:50:12,865 [4] INFO  KKB.Treasury.TreasuryModel.Model.Model_RPT_TR096CLOSEBOOK [(null)] - Store Procedure : OPICINF.KKB_SP_TSS_TR096CLOSEBOOK
2021-08-13 01:50:12,866 [4] INFO  KKB.Treasury.TreasuryModel.Model.Model_RPT_TR096CLOSEBOOK [(null)] - Data : Branch=01, Execute Date=102019, Cost=340, Term=STDP
2021-08-13 01:50:12,971 [4] INFO  KKB.Treasury.TreasuryModel.Model.Model_RPT_TR096CLOSEBOOK [(null)] - -----Model_RPT_TR096CLOSEBOOK Finish-----
2021-08-13 01:57:08,033 [4] ERROR TreasuryShadowSystem.Login [(null)] - The type initializer for 'TreasuryShadowSystem.Configuration.Config' threw an exception.
2021-08-13 01:59:03,406 [8] INFO  TreasuryShadowSystem.Model.Model_Tb_Menu_Auth [(null)] - Select p.* From (Select l.* From OPICINF.KKB_TB_MS_LOOKUP l, OPICINF.KKB_TB_MS_MENU_AUTH a Where l.ID=a.MENU_ID And l.ENABLED='1' And a.USERGROUP_ID=(SELECT USERGROUP_ID FROM OPICINF.KKB_TB_MS_USERGROUP WHERE USERGROUP_NAME = 'TSS_BO_WRITE') UNION Select * From OPICINF.KKB_TB_MS_LOOKUP WHERE ENABLED='1' AND ID IN (Select DISTINCT GROUPID From OPICINF.KKB_TB_MS_LOOKUP l, OPICINF.KKB_TB_MS_MENU_AUTH a Where l.ID=a.MENU_ID And l.ENABLED='1' And a.USERGROUP_ID=(SELECT USERGROUP_ID FROM OPICINF.KKB_TB_MS_USERGROUP WHERE USERGROUP_NAME = 'TSS_BO_WRITE')) ) p Order By p.GroupID, p.SEQ 
2021-08-13 01:59:03,712 [8] INFO  TreasuryShadowSystem.Login [(null)] - Login successfull on :13/08/2021 01:59:03
2021-08-13 01:59:03,826 [8] ERROR TreasuryShadowSystem.Login [(null)] - Thread was being aborted.
2021-08-13 01:59:35,632 [8] INFO  KKB.Treasury.TreasuryModel.Model.Model_RPT_TR096CLOSEBOOK [(null)] - -----Model_RPT_TR096CLOSEBOOK Start-----
2021-08-13 01:59:35,633 [8] INFO  KKB.Treasury.TreasuryModel.Model.Model_RPT_TR096CLOSEBOOK [(null)] - Store Procedure : OPICINF.KKB_SP_TSS_TR096CLOSEBOOK
2021-08-13 01:59:35,633 [8] INFO  KKB.Treasury.TreasuryModel.Model.Model_RPT_TR096CLOSEBOOK [(null)] - Data : Branch=01, Execute Date=012020, Cost=340, Term=STDP
2021-08-13 01:59:53,493 [8] INFO  KKB.Treasury.TreasuryModel.Model.Model_RPT_TR096CLOSEBOOK [(null)] - Total Records : 3 Record(s)
2021-08-13 01:59:53,528 [8] INFO  KKB.Treasury.TreasuryModel.Model.Model_RPT_TR096CLOSEBOOK [(null)] - <NewDataSet>
  <TB_TR096CLOSEBOOK>
    <PORT>STDP</PORT>
    <INVTYPE>I</INVTYPE>
    <SECID>KK20116A            </SECID>
    <TYPE_1>Straight</TYPE_1>
    <TYPE_2>Fixed</TYPE_2>
    <ACCOUNT_TYPE>DBIS      </ACCOUNT_TYPE>
    <TERM>Short</TERM>
    <DEAL_DATE>24/04/2019</DEAL_DATE>
    <VALUE_DATE>24/04/2019</VALUE_DATE>
    <MATURITY_DATE>16/01/2020</MATURITY_DATE>
    <COUPON>   1.9600000</COUPON>
    <UNITS>0</UNITS>
    <FACE_VALUE>0</FACE_VALUE>
    <COST_VALUE>0</COST_VALUE>
    <AI>0</AI>
    <MKT_YTM>1.287728</MKT_YTM>
    <MTMVALUE>0</MTMVALUE>
    <UNREALIZED>0</UNREALIZED>
    <PCTUNREALIZEDTOCOST>0</PCTUNREALIZEDTOCOST>
    <BR>01</BR>
    <BRPROCDATE>04/03/2021</BRPROCDATE>
    <CCY>THB</CCY>
    <EXCHANGERATE>   1.0000000</EXCHANGERATE>
    <CUSTODIAN>TMB  </CUSTODIAN>
    <CUSTODIAN_NAME>ACCTTITLE109534</CUSTODIAN_NAME>
    <CURRENCY_TYPE>LOCAL</CURRENCY_TYPE>
    <FACE_VALUE_FCY>0</FACE_VALUE_FCY>
    <COST_VALUE_FCY>0</COST_VALUE_FCY>
    <AI_FCY>0</AI_FCY>
    <MTMVALUE_FCY>0</MTMVALUE_FCY>
    <EXDIVDATE>16/01/2020</EXDIVDATE>
    <CLOSEDATE>2020-01-03T00:00:00+07:00</CLOSEDATE>
  </TB_TR096CLOSEBOOK>
  <TB_TR096CLOSEBOOK>
    <PORT>STDP</PORT>
    <INVTYPE>I</INVTYPE>
    <SECID>KK20116B            </SECID>
    <TYPE_1>Straight</TYPE_1>
    <TYPE_2>Fixed</TYPE_2>
    <ACCOUNT_TYPE>DBIS      </ACCOUNT_TYPE>
    <TERM>Short</TERM>
    <DEAL_DATE>17/06/2019</DEAL_DATE>
    <VALUE_DATE>17/06/2019</VALUE_DATE>
    <MATURITY_DATE>16/01/2020</MATURITY_DATE>
    <COUPON>   1.9200000</COUPON>
    <UNITS>0</UNITS>
    <FACE_VALUE>0</FACE_VALUE>
    <COST_VALUE>0</COST_VALUE>
    <AI>0</AI>
    <MKT_YTM>1.287728</MKT_YTM>
    <MTMVALUE>0</MTMVALUE>
    <UNREALIZED>0</UNREALIZED>
    <PCTUNREALIZEDTOCOST>0</PCTUNREALIZEDTOCOST>
    <BR>01</BR>
    <BRPROCDATE>04/03/2021</BRPROCDATE>
    <CCY>THB</CCY>
    <EXCHANGERATE>   1.0000000</EXCHANGERATE>
    <CUSTODIAN>TMB  </CUSTODIAN>
    <CUSTODIAN_NAME>ACCTTITLE109534</CUSTODIAN_NAME>
    <CURRENCY_TYPE>LOCAL</CURRENCY_TYPE>
    <FACE_VALUE_FCY>0</FACE_VALUE_FCY>
    <COST_VALUE_FCY>0</COST_VALUE_FCY>
    <AI_FCY>0</AI_FCY>
    <MTMVALUE_FCY>0</MTMVALUE_FCY>
    <EXDIVDATE>16/01/2020</EXDIVDATE>
    <CLOSEDATE>2020-01-03T00:00:00+07:00</CLOSEDATE>
  </TB_TR096CLOSEBOOK>
  <TB_TR096CLOSEBOOK>
    <PORT>STDP</PORT>
    <INVTYPE>I</INVTYPE>
    <SECID>KK20122A            </SECID>
    <TYPE_1>Straight</TYPE_1>
    <TYPE_2>Fixed</TYPE_2>
    <ACCOUNT_TYPE>DBIS      </ACCOUNT_TYPE>
    <TERM>Short</TERM>
    <DEAL_DATE>18/07/2019</DEAL_DATE>
    <VALUE_DATE>18/07/2019</VALUE_DATE>
    <MATURITY_DATE>22/01/2020</MATURITY_DATE>
    <COUPON>   1.9000000</COUPON>
    <UNITS>0</UNITS>
    <FACE_VALUE>0</FACE_VALUE>
    <COST_VALUE>0</COST_VALUE>
    <AI>0</AI>
    <MKT_YTM>1.285245</MKT_YTM>
    <MTMVALUE>0</MTMVALUE>
    <UNREALIZED>0</UNREALIZED>
    <PCTUNREALIZEDTOCOST>0</PCTUNREALIZEDTOCOST>
    <BR>01</BR>
    <BRPROCDATE>04/03/2021</BRPROCDATE>
    <CCY>THB</CCY>
    <EXCHANGERATE>   1.0000000</EXCHANGERATE>
    <CUSTODIAN>TMB  </CUSTODIAN>
    <CUSTODIAN_NAME>ACCTTITLE109534</CUSTODIAN_NAME>
    <CURRENCY_TYPE>LOCAL</CURRENCY_TYPE>
    <FACE_VALUE_FCY>0</FACE_VALUE_FCY>
    <COST_VALUE_FCY>0</COST_VALUE_FCY>
    <AI_FCY>0</AI_FCY>
    <MTMVALUE_FCY>0</MTMVALUE_FCY>
    <EXDIVDATE>22/01/2020</EXDIVDATE>
    <CLOSEDATE>2020-01-09T00:00:00+07:00</CLOSEDATE>
  </TB_TR096CLOSEBOOK>
</NewDataSet>
2021-08-13 01:59:53,530 [8] INFO  KKB.Treasury.TreasuryModel.Model.Model_RPT_TR096CLOSEBOOK [(null)] - -----Model_RPT_TR096CLOSEBOOK Finish-----
2021-08-13 02:31:04,340 [4] INFO  TreasuryShadowSystem.Model.Model_Tb_Menu_Auth [(null)] - Select p.* From (Select l.* From OPICINF.KKB_TB_MS_LOOKUP l, OPICINF.KKB_TB_MS_MENU_AUTH a Where l.ID=a.MENU_ID And l.ENABLED='1' And a.USERGROUP_ID=(SELECT USERGROUP_ID FROM OPICINF.KKB_TB_MS_USERGROUP WHERE USERGROUP_NAME = 'TSS_BO_WRITE') UNION Select * From OPICINF.KKB_TB_MS_LOOKUP WHERE ENABLED='1' AND ID IN (Select DISTINCT GROUPID From OPICINF.KKB_TB_MS_LOOKUP l, OPICINF.KKB_TB_MS_MENU_AUTH a Where l.ID=a.MENU_ID And l.ENABLED='1' And a.USERGROUP_ID=(SELECT USERGROUP_ID FROM OPICINF.KKB_TB_MS_USERGROUP WHERE USERGROUP_NAME = 'TSS_BO_WRITE')) ) p Order By p.GroupID, p.SEQ 
2021-08-13 02:31:04,569 [4] INFO  TreasuryShadowSystem.Login [(null)] - Login successfull on :13/08/2021 02:31:04
2021-08-13 02:31:04,673 [4] ERROR TreasuryShadowSystem.Login [(null)] - Thread was being aborted.
2021-08-13 02:31:48,358 [11] INFO  KKB.Treasury.TreasuryModel.Model.Model_RPT_TR096CLOSEBOOK [(null)] - -----Model_RPT_TR096CLOSEBOOK Start-----
2021-08-13 02:31:48,377 [11] INFO  KKB.Treasury.TreasuryModel.Model.Model_RPT_TR096CLOSEBOOK [(null)] - Store Procedure : OPICINF.KKB_SP_TSS_TR096CLOSEBOOK
2021-08-13 02:31:48,378 [11] INFO  KKB.Treasury.TreasuryModel.Model.Model_RPT_TR096CLOSEBOOK [(null)] - Data : Branch=01, Execute Date=012019, Cost=340, Term=STDP
2021-08-13 02:31:49,027 [11] INFO  KKB.Treasury.TreasuryModel.Model.Model_RPT_TR096CLOSEBOOK [(null)] - -----Model_RPT_TR096CLOSEBOOK Finish-----
2021-08-13 02:32:01,885 [11] INFO  KKB.Treasury.TreasuryModel.Model.Model_RPT_TR096CLOSEBOOK [(null)] - -----Model_RPT_TR096CLOSEBOOK Start-----
2021-08-13 02:32:01,886 [11] INFO  KKB.Treasury.TreasuryModel.Model.Model_RPT_TR096CLOSEBOOK [(null)] - Store Procedure : OPICINF.KKB_SP_TSS_TR096CLOSEBOOK
2021-08-13 02:32:01,886 [11] INFO  KKB.Treasury.TreasuryModel.Model.Model_RPT_TR096CLOSEBOOK [(null)] - Data : Branch=01, Execute Date=012020, Cost=340, Term=STDP
2021-08-13 02:32:02,289 [11] INFO  KKB.Treasury.TreasuryModel.Model.Model_RPT_TR096CLOSEBOOK [(null)] - -----Model_RPT_TR096CLOSEBOOK Finish-----
2021-08-13 02:32:08,072 [11] INFO  KKB.Treasury.TreasuryModel.Model.Model_RPT_TR096CLOSEBOOK [(null)] - -----Model_RPT_TR096CLOSEBOOK Start-----
2021-08-13 02:32:08,073 [11] INFO  KKB.Treasury.TreasuryModel.Model.Model_RPT_TR096CLOSEBOOK [(null)] - Store Procedure : OPICINF.KKB_SP_TSS_TR096CLOSEBOOK
2021-08-13 02:32:08,073 [11] INFO  KKB.Treasury.TreasuryModel.Model.Model_RPT_TR096CLOSEBOOK [(null)] - Data : Branch=01, Execute Date=022020, Cost=340, Term=STDP
2021-08-13 02:32:08,500 [11] INFO  KKB.Treasury.TreasuryModel.Model.Model_RPT_TR096CLOSEBOOK [(null)] - -----Model_RPT_TR096CLOSEBOOK Finish-----
2021-08-13 02:32:12,303 [11] INFO  KKB.Treasury.TreasuryModel.Model.Model_RPT_TR096CLOSEBOOK [(null)] - -----Model_RPT_TR096CLOSEBOOK Start-----
2021-08-13 02:32:12,303 [11] INFO  KKB.Treasury.TreasuryModel.Model.Model_RPT_TR096CLOSEBOOK [(null)] - Store Procedure : OPICINF.KKB_SP_TSS_TR096CLOSEBOOK
2021-08-13 02:32:12,303 [11] INFO  KKB.Treasury.TreasuryModel.Model.Model_RPT_TR096CLOSEBOOK [(null)] - Data : Branch=01, Execute Date=032020, Cost=340, Term=STDP
2021-08-13 02:32:12,581 [11] INFO  KKB.Treasury.TreasuryModel.Model.Model_RPT_TR096CLOSEBOOK [(null)] - -----Model_RPT_TR096CLOSEBOOK Finish-----
2021-08-13 02:32:15,863 [11] INFO  KKB.Treasury.TreasuryModel.Model.Model_RPT_TR096CLOSEBOOK [(null)] - -----Model_RPT_TR096CLOSEBOOK Start-----
2021-08-13 02:32:15,864 [11] INFO  KKB.Treasury.TreasuryModel.Model.Model_RPT_TR096CLOSEBOOK [(null)] - Store Procedure : OPICINF.KKB_SP_TSS_TR096CLOSEBOOK
2021-08-13 02:32:15,864 [11] INFO  KKB.Treasury.TreasuryModel.Model.Model_RPT_TR096CLOSEBOOK [(null)] - Data : Branch=01, Execute Date=042020, Cost=340, Term=STDP
2021-08-13 02:32:16,225 [11] INFO  KKB.Treasury.TreasuryModel.Model.Model_RPT_TR096CLOSEBOOK [(null)] - -----Model_RPT_TR096CLOSEBOOK Finish-----
2021-08-13 02:47:36,208 [4] INFO  TreasuryShadowSystem.Model.Model_Tb_Menu_Auth [(null)] - Select p.* From (Select l.* From OPICINF.KKB_TB_MS_LOOKUP l, OPICINF.KKB_TB_MS_MENU_AUTH a Where l.ID=a.MENU_ID And l.ENABLED='1' And a.USERGROUP_ID=(SELECT USERGROUP_ID FROM OPICINF.KKB_TB_MS_USERGROUP WHERE USERGROUP_NAME = 'TSS_BO_WRITE') UNION Select * From OPICINF.KKB_TB_MS_LOOKUP WHERE ENABLED='1' AND ID IN (Select DISTINCT GROUPID From OPICINF.KKB_TB_MS_LOOKUP l, OPICINF.KKB_TB_MS_MENU_AUTH a Where l.ID=a.MENU_ID And l.ENABLED='1' And a.USERGROUP_ID=(SELECT USERGROUP_ID FROM OPICINF.KKB_TB_MS_USERGROUP WHERE USERGROUP_NAME = 'TSS_BO_WRITE')) ) p Order By p.GroupID, p.SEQ 
2021-08-13 02:47:36,466 [4] INFO  TreasuryShadowSystem.Login [(null)] - Login successfull on :13/08/2021 02:47:36
2021-08-13 02:47:36,573 [4] ERROR TreasuryShadowSystem.Login [(null)] - Thread was being aborted.
2021-08-13 02:47:59,807 [4] INFO  KKB.Treasury.TreasuryModel.Model.Model_RPT_TR096CLOSEBOOK [(null)] - -----Model_RPT_TR096CLOSEBOOK Start-----
2021-08-13 02:47:59,831 [4] INFO  KKB.Treasury.TreasuryModel.Model.Model_RPT_TR096CLOSEBOOK [(null)] - Store Procedure : OPICINF.KKB_SP_TSS_TR096CLOSEBOOK
2021-08-13 02:47:59,832 [4] INFO  KKB.Treasury.TreasuryModel.Model.Model_RPT_TR096CLOSEBOOK [(null)] - Data : Branch=01, Execute Date=112021, Cost=340, Term=STDP
2021-08-13 02:48:07,925 [4] INFO  KKB.Treasury.TreasuryModel.Model.Model_RPT_TR096CLOSEBOOK [(null)] - Total Records : 8 Record(s)
2021-08-13 02:48:07,948 [4] INFO  KKB.Treasury.TreasuryModel.Model.Model_RPT_TR096CLOSEBOOK [(null)] - <NewDataSet>
  <TB_TR096CLOSEBOOK>
    <PORT>STDP</PORT>
    <INVTYPE>I</INVTYPE>
    <SECID>KKP21D02A           </SECID>
    <TYPE_1>Straight</TYPE_1>
    <TYPE_2>Fixed</TYPE_2>
    <ACCOUNT_TYPE>DBISFX-N  </ACCOUNT_TYPE>
    <TERM>Short</TERM>
    <DEAL_DATE>11/03/2021</DEAL_DATE>
    <VALUE_DATE>11/03/2021</VALUE_DATE>
    <MATURITY_DATE>02/12/2021</MATURITY_DATE>
    <COUPON>  -0.1300000</COUPON>
    <UNITS>15000</UNITS>
    <FACE_VALUE>575516940</FACE_VALUE>
    <BR>01</BR>
    <BRPROCDATE>04/03/2021</BRPROCDATE>
    <CCY>EUR</CCY>
    <EXCHANGERATE>  38.3677960</EXCHANGERATE>
    <CUSTODIAN>KK   </CUSTODIAN>
    <CUSTODIAN_NAME>ACCTTITLE129818</CUSTODIAN_NAME>
    <CURRENCY_TYPE>FOREIGN</CURRENCY_TYPE>
    <FACE_VALUE_FCY>15000000</FACE_VALUE_FCY>
    <COST_VALUE_FCY>15000000</COST_VALUE_FCY>
    <AI_FCY>4170.83</AI_FCY>
    <MTMVALUE_FCY>14999891.70</MTMVALUE_FCY>
    <EXDIVDATE>02/12/2021</EXDIVDATE>
    <CLOSEDATE>19/11/2021</CLOSEDATE>
  </TB_TR096CLOSEBOOK>
  <TB_TR096CLOSEBOOK>
    <PORT>STDP</PORT>
    <INVTYPE>I</INVTYPE>
    <SECID>KKP21D09A           </SECID>
    <TYPE_1>Straight</TYPE_1>
    <TYPE_2>Fixed</TYPE_2>
    <ACCOUNT_TYPE>DBISFX-N  </ACCOUNT_TYPE>
    <TERM>Short</TERM>
    <DEAL_DATE>17/03/2021</DEAL_DATE>
    <VALUE_DATE>17/03/2021</VALUE_DATE>
    <MATURITY_DATE>09/12/2021</MATURITY_DATE>
    <COUPON>  -0.1300000</COUPON>
    <UNITS>40000</UNITS>
    <FACE_VALUE>1534711840</FACE_VALUE>
    <BR>01</BR>
    <BRPROCDATE>04/03/2021</BRPROCDATE>
    <CCY>EUR</CCY>
    <EXCHANGERATE>  38.3677960</EXCHANGERATE>
    <CUSTODIAN>KK   </CUSTODIAN>
    <CUSTODIAN_NAME>ACCTTITLE129818</CUSTODIAN_NAME>
    <CURRENCY_TYPE>FOREIGN</CURRENCY_TYPE>
    <FACE_VALUE_FCY>40000000</FACE_VALUE_FCY>
    <COST_VALUE_FCY>40000000</COST_VALUE_FCY>
    <AI_FCY>10255.56</AI_FCY>
    <MTMVALUE_FCY>40001003.20</MTMVALUE_FCY>
    <EXDIVDATE>09/12/2021</EXDIVDATE>
    <CLOSEDATE>26/11/2021</CLOSEDATE>
  </TB_TR096CLOSEBOOK>
  <TB_TR096CLOSEBOOK>
    <PORT>STDP</PORT>
    <INVTYPE>I</INVTYPE>
    <SECID>KKP21N12A           </SECID>
    <TYPE_1>Straight</TYPE_1>
    <TYPE_2>Fixed</TYPE_2>
    <ACCOUNT_TYPE>DBISFX-N  </ACCOUNT_TYPE>
    <TERM>Short</TERM>
    <DEAL_DATE>18/02/2021</DEAL_DATE>
    <VALUE_DATE>18/02/2021</VALUE_DATE>
    <MATURITY_DATE>12/11/2021</MATURITY_DATE>
    <COUPON>  -0.1100000</COUPON>
    <UNITS>30000</UNITS>
    <FACE_VALUE>1151033880</FACE_VALUE>
    <BR>01</BR>
    <BRPROCDATE>04/03/2021</BRPROCDATE>
    <CCY>EUR</CCY>
    <EXCHANGERATE>  38.3677960</EXCHANGERATE>
    <CUSTODIAN>KK   </CUSTODIAN>
    <CUSTODIAN_NAME>ACCTTITLE129818</CUSTODIAN_NAME>
    <CURRENCY_TYPE>FOREIGN</CURRENCY_TYPE>
    <FACE_VALUE_FCY>30000000</FACE_VALUE_FCY>
    <COST_VALUE_FCY>30000000</COST_VALUE_FCY>
    <AI_FCY>8983.33</AI_FCY>
    <MTMVALUE_FCY>29998485.90</MTMVALUE_FCY>
    <EXDIVDATE>12/11/2021</EXDIVDATE>
    <CLOSEDATE>01/11/2021</CLOSEDATE>
  </TB_TR096CLOSEBOOK>
  <TB_TR096CLOSEBOOK>
    <PORT>STDP</PORT>
    <INVTYPE>I</INVTYPE>
    <SECID>KKP21N12B           </SECID>
    <TYPE_1>Straight</TYPE_1>
    <TYPE_2>Fixed</TYPE_2>
    <ACCOUNT_TYPE>DBISFX-N  </ACCOUNT_TYPE>
    <TERM>Short</TERM>
    <DEAL_DATE>19/02/2021</DEAL_DATE>
    <VALUE_DATE>19/02/2021</VALUE_DATE>
    <MATURITY_DATE>12/11/2021</MATURITY_DATE>
    <COUPON>  -0.1100000</COUPON>
    <UNITS>10000</UNITS>
    <FACE_VALUE>383677960</FACE_VALUE>
    <BR>01</BR>
    <BRPROCDATE>04/03/2021</BRPROCDATE>
    <CCY>EUR</CCY>
    <EXCHANGERATE>  38.3677960</EXCHANGERATE>
    <CUSTODIAN>KK   </CUSTODIAN>
    <CUSTODIAN_NAME>ACCTTITLE129818</CUSTODIAN_NAME>
    <CURRENCY_TYPE>FOREIGN</CURRENCY_TYPE>
    <FACE_VALUE_FCY>10000000</FACE_VALUE_FCY>
    <COST_VALUE_FCY>10000000</COST_VALUE_FCY>
    <AI_FCY>2963.89</AI_FCY>
    <MTMVALUE_FCY>9999677.60</MTMVALUE_FCY>
    <EXDIVDATE>12/11/2021</EXDIVDATE>
    <CLOSEDATE>01/11/2021</CLOSEDATE>
  </TB_TR096CLOSEBOOK>
  <TB_TR096CLOSEBOOK>
    <PORT>STDP</PORT>
    <INVTYPE>I</INVTYPE>
    <SECID>KKP21N16A           </SECID>
    <TYPE_1>Straight</TYPE_1>
    <TYPE_2>Fixed</TYPE_2>
    <ACCOUNT_TYPE>DBISFX-N  </ACCOUNT_TYPE>
    <TERM>Short</TERM>
    <DEAL_DATE>19/02/2021</DEAL_DATE>
    <VALUE_DATE>19/02/2021</VALUE_DATE>
    <MATURITY_DATE>16/11/2021</MATURITY_DATE>
    <COUPON>  -0.1100000</COUPON>
    <UNITS>15000</UNITS>
    <FACE_VALUE>575516940</FACE_VALUE>
    <BR>01</BR>
    <BRPROCDATE>04/03/2021</BRPROCDATE>
    <CCY>EUR</CCY>
    <EXCHANGERATE>  38.3677960</EXCHANGERATE>
    <CUSTODIAN>KK   </CUSTODIAN>
    <CUSTODIAN_NAME>ACCTTITLE129818</CUSTODIAN_NAME>
    <CURRENCY_TYPE>FOREIGN</CURRENCY_TYPE>
    <FACE_VALUE_FCY>15000000</FACE_VALUE_FCY>
    <COST_VALUE_FCY>15000000</COST_VALUE_FCY>
    <AI_FCY>4445.83</AI_FCY>
    <MTMVALUE_FCY>14999499.15</MTMVALUE_FCY>
    <EXDIVDATE>16/11/2021</EXDIVDATE>
    <CLOSEDATE>03/11/2021</CLOSEDATE>
  </TB_TR096CLOSEBOOK>
  <TB_TR096CLOSEBOOK>
    <PORT>STDP</PORT>
    <INVTYPE>I</INVTYPE>
    <SECID>KKP21N18A           </SECID>
    <TYPE_1>Straight</TYPE_1>
    <TYPE_2>Fixed</TYPE_2>
    <ACCOUNT_TYPE>DBISFX-N  </ACCOUNT_TYPE>
    <TERM>Short</TERM>
    <DEAL_DATE>22/02/2021</DEAL_DATE>
    <VALUE_DATE>22/02/2021</VALUE_DATE>
    <MATURITY_DATE>18/11/2021</MATURITY_DATE>
    <COUPON>  -0.1100000</COUPON>
    <UNITS>30000</UNITS>
    <FACE_VALUE>1151033880</FACE_VALUE>
    <BR>01</BR>
    <BRPROCDATE>04/03/2021</BRPROCDATE>
    <CCY>EUR</CCY>
    <EXCHANGERATE>  38.3677960</EXCHANGERATE>
    <CUSTODIAN>KK   </CUSTODIAN>
    <CUSTODIAN_NAME>ACCTTITLE129818</CUSTODIAN_NAME>
    <CURRENCY_TYPE>FOREIGN</CURRENCY_TYPE>
    <FACE_VALUE_FCY>30000000</FACE_VALUE_FCY>
    <COST_VALUE_FCY>30000000</COST_VALUE_FCY>
    <AI_FCY>8616.67</AI_FCY>
    <MTMVALUE_FCY>29999592.60</MTMVALUE_FCY>
    <EXDIVDATE>18/11/2021</EXDIVDATE>
    <CLOSEDATE>05/11/2021</CLOSEDATE>
  </TB_TR096CLOSEBOOK>
  <TB_TR096CLOSEBOOK>
    <PORT>STDP</PORT>
    <INVTYPE>I</INVTYPE>
    <SECID>KKP21N18B           </SECID>
    <TYPE_1>Straight</TYPE_1>
    <TYPE_2>Fixed</TYPE_2>
    <ACCOUNT_TYPE>DBISFX-N  </ACCOUNT_TYPE>
    <TERM>Short</TERM>
    <DEAL_DATE>23/02/2021</DEAL_DATE>
    <VALUE_DATE>23/02/2021</VALUE_DATE>
    <MATURITY_DATE>18/11/2021</MATURITY_DATE>
    <COUPON>  -0.1100000</COUPON>
    <UNITS>10000</UNITS>
    <FACE_VALUE>383677960</FACE_VALUE>
    <BR>01</BR>
    <BRPROCDATE>04/03/2021</BRPROCDATE>
    <CCY>EUR</CCY>
    <EXCHANGERATE>  38.3677960</EXCHANGERATE>
    <CUSTODIAN>KK   </CUSTODIAN>
    <CUSTODIAN_NAME>ACCTTITLE129818</CUSTODIAN_NAME>
    <CURRENCY_TYPE>FOREIGN</CURRENCY_TYPE>
    <FACE_VALUE_FCY>10000000</FACE_VALUE_FCY>
    <COST_VALUE_FCY>10000000</COST_VALUE_FCY>
    <AI_FCY>2841.67</AI_FCY>
    <MTMVALUE_FCY>9999746.20</MTMVALUE_FCY>
    <EXDIVDATE>18/11/2021</EXDIVDATE>
    <CLOSEDATE>05/11/2021</CLOSEDATE>
  </TB_TR096CLOSEBOOK>
  <TB_TR096CLOSEBOOK>
    <PORT>STDP</PORT>
    <INVTYPE>I</INVTYPE>
    <SECID>KKP21N22A           </SECID>
    <TYPE_1>Straight</TYPE_1>
    <TYPE_2>Fixed</TYPE_2>
    <ACCOUNT_TYPE>DBISFX-N  </ACCOUNT_TYPE>
    <TERM>Short</TERM>
    <DEAL_DATE>25/02/2021</DEAL_DATE>
    <VALUE_DATE>25/02/2021</VALUE_DATE>
    <MATURITY_DATE>22/11/2021</MATURITY_DATE>
    <COUPON>  -0.1100000</COUPON>
    <UNITS>40000</UNITS>
    <FACE_VALUE>1534711840</FACE_VALUE>
    <BR>01</BR>
    <BRPROCDATE>04/03/2021</BRPROCDATE>
    <CCY>EUR</CCY>
    <EXCHANGERATE>  38.3677960</EXCHANGERATE>
    <CUSTODIAN>KK   </CUSTODIAN>
    <CUSTODIAN_NAME>ACCTTITLE129818</CUSTODIAN_NAME>
    <CURRENCY_TYPE>FOREIGN</CURRENCY_TYPE>
    <FACE_VALUE_FCY>40000000</FACE_VALUE_FCY>
    <COST_VALUE_FCY>40000000</COST_VALUE_FCY>
    <AI_FCY>11122.22</AI_FCY>
    <MTMVALUE_FCY>39999038.80</MTMVALUE_FCY>
    <EXDIVDATE>22/11/2021</EXDIVDATE>
    <CLOSEDATE>09/11/2021</CLOSEDATE>
  </TB_TR096CLOSEBOOK>
</NewDataSet>
2021-08-13 02:48:07,954 [4] INFO  KKB.Treasury.TreasuryModel.Model.Model_RPT_TR096CLOSEBOOK [(null)] - -----Model_RPT_TR096CLOSEBOOK Finish-----
2021-08-13 02:52:45,348 [4] INFO  KKB.Treasury.TreasuryModel.Model.Model_RPT_TR096CLOSEBOOK [(null)] - -----Model_RPT_TR096CLOSEBOOK Start-----
2021-08-13 02:52:45,349 [4] INFO  KKB.Treasury.TreasuryModel.Model.Model_RPT_TR096CLOSEBOOK [(null)] - Store Procedure : OPICINF.KKB_SP_TSS_TR096CLOSEBOOK
2021-08-13 02:52:45,349 [4] INFO  KKB.Treasury.TreasuryModel.Model.Model_RPT_TR096CLOSEBOOK [(null)] - Data : Branch=01, Execute Date=112021, Cost=340, Term=STDP
2021-08-13 02:52:46,112 [4] INFO  KKB.Treasury.TreasuryModel.Model.Model_RPT_TR096CLOSEBOOK [(null)] - Total Records : 8 Record(s)
2021-08-13 02:52:46,114 [4] INFO  KKB.Treasury.TreasuryModel.Model.Model_RPT_TR096CLOSEBOOK [(null)] - <NewDataSet>
  <TB_TR096CLOSEBOOK>
    <PORT>STDP</PORT>
    <INVTYPE>I</INVTYPE>
    <SECID>KKP21D02A           </SECID>
    <TYPE_1>Straight</TYPE_1>
    <TYPE_2>Fixed</TYPE_2>
    <ACCOUNT_TYPE>DBISFX-N  </ACCOUNT_TYPE>
    <TERM>Short</TERM>
    <DEAL_DATE>11/03/2021</DEAL_DATE>
    <VALUE_DATE>11/03/2021</VALUE_DATE>
    <MATURITY_DATE>02/12/2021</MATURITY_DATE>
    <COUPON>  -0.1300000</COUPON>
    <UNITS>15000</UNITS>
    <FACE_VALUE>575516940</FACE_VALUE>
    <COST_VALUE>575516940</COST_VALUE>
    <AI>160025.55459068</AI>
    <MKT_YTM>0.1313</MKT_YTM>
    <MTMVALUE>575512784.76769320</MTMVALUE>
    <UNREALIZED>-4155.23230680</UNREALIZED>
    <PCTUNREALIZEDTOCOST>-0.000722</PCTUNREALIZEDTOCOST>
    <BR>01</BR>
    <BRPROCDATE>04/03/2021</BRPROCDATE>
    <CCY>EUR</CCY>
    <EXCHANGERATE>  38.3677960</EXCHANGERATE>
    <CUSTODIAN>KK   </CUSTODIAN>
    <CUSTODIAN_NAME>ACCTTITLE129818</CUSTODIAN_NAME>
    <CURRENCY_TYPE>FOREIGN</CURRENCY_TYPE>
    <FACE_VALUE_FCY>15000000</FACE_VALUE_FCY>
    <COST_VALUE_FCY>15000000</COST_VALUE_FCY>
    <AI_FCY>4170.83</AI_FCY>
    <MTMVALUE_FCY>14999891.70</MTMVALUE_FCY>
    <EXDIVDATE>02/12/2021</EXDIVDATE>
    <CLOSEDATE>19/11/2021</CLOSEDATE>
  </TB_TR096CLOSEBOOK>
  <TB_TR096CLOSEBOOK>
    <PORT>STDP</PORT>
    <INVTYPE>I</INVTYPE>
    <SECID>KKP21D09A           </SECID>
    <TYPE_1>Straight</TYPE_1>
    <TYPE_2>Fixed</TYPE_2>
    <ACCOUNT_TYPE>DBISFX-N  </ACCOUNT_TYPE>
    <TERM>Short</TERM>
    <DEAL_DATE>17/03/2021</DEAL_DATE>
    <VALUE_DATE>17/03/2021</VALUE_DATE>
    <MATURITY_DATE>09/12/2021</MATURITY_DATE>
    <COUPON>  -0.1300000</COUPON>
    <UNITS>40000</UNITS>
    <FACE_VALUE>1534711840</FACE_VALUE>
    <COST_VALUE>1534711840</COST_VALUE>
    <AI>393483.23394576</AI>
    <MKT_YTM>0.125498</MKT_YTM>
    <MTMVALUE>1534750330.57294720</MTMVALUE>
    <UNREALIZED>38490.57294720</UNREALIZED>
    <PCTUNREALIZEDTOCOST>0.002508</PCTUNREALIZEDTOCOST>
    <BR>01</BR>
    <BRPROCDATE>04/03/2021</BRPROCDATE>
    <CCY>EUR</CCY>
    <EXCHANGERATE>  38.3677960</EXCHANGERATE>
    <CUSTODIAN>KK   </CUSTODIAN>
    <CUSTODIAN_NAME>ACCTTITLE129818</CUSTODIAN_NAME>
    <CURRENCY_TYPE>FOREIGN</CURRENCY_TYPE>
    <FACE_VALUE_FCY>40000000</FACE_VALUE_FCY>
    <COST_VALUE_FCY>40000000</COST_VALUE_FCY>
    <AI_FCY>10255.56</AI_FCY>
    <MTMVALUE_FCY>40001003.20</MTMVALUE_FCY>
    <EXDIVDATE>09/12/2021</EXDIVDATE>
    <CLOSEDATE>26/11/2021</CLOSEDATE>
  </TB_TR096CLOSEBOOK>
  <TB_TR096CLOSEBOOK>
    <PORT>STDP</PORT>
    <INVTYPE>I</INVTYPE>
    <SECID>KKP21N12A           </SECID>
    <TYPE_1>Straight</TYPE_1>
    <TYPE_2>Fixed</TYPE_2>
    <ACCOUNT_TYPE>DBISFX-N  </ACCOUNT_TYPE>
    <TERM>Short</TERM>
    <DEAL_DATE>18/02/2021</DEAL_DATE>
    <VALUE_DATE>18/02/2021</VALUE_DATE>
    <MATURITY_DATE>12/11/2021</MATURITY_DATE>
    <COUPON>  -0.1100000</COUPON>
    <UNITS>30000</UNITS>
    <FACE_VALUE>1151033880</FACE_VALUE>
    <COST_VALUE>1151033880</COST_VALUE>
    <AI>344670.57284068</AI>
    <MKT_YTM>0.120355</MKT_YTM>
    <MTMVALUE>1150975787.32007640</MTMVALUE>
    <UNREALIZED>-58092.67992360</UNREALIZED>
    <PCTUNREALIZEDTOCOST>-0.005047</PCTUNREALIZEDTOCOST>
    <BR>01</BR>
    <BRPROCDATE>04/03/2021</BRPROCDATE>
    <CCY>EUR</CCY>
    <EXCHANGERATE>  38.3677960</EXCHANGERATE>
    <CUSTODIAN>KK   </CUSTODIAN>
    <CUSTODIAN_NAME>ACCTTITLE129818</CUSTODIAN_NAME>
    <CURRENCY_TYPE>FOREIGN</CURRENCY_TYPE>
    <FACE_VALUE_FCY>30000000</FACE_VALUE_FCY>
    <COST_VALUE_FCY>30000000</COST_VALUE_FCY>
    <AI_FCY>8983.33</AI_FCY>
    <MTMVALUE_FCY>29998485.90</MTMVALUE_FCY>
    <EXDIVDATE>12/11/2021</EXDIVDATE>
    <CLOSEDATE>01/11/2021</CLOSEDATE>
  </TB_TR096CLOSEBOOK>
  <TB_TR096CLOSEBOOK>
    <PORT>STDP</PORT>
    <INVTYPE>I</INVTYPE>
    <SECID>KKP21N12B           </SECID>
    <TYPE_1>Straight</TYPE_1>
    <TYPE_2>Fixed</TYPE_2>
    <ACCOUNT_TYPE>DBISFX-N  </ACCOUNT_TYPE>
    <TERM>Short</TERM>
    <DEAL_DATE>19/02/2021</DEAL_DATE>
    <VALUE_DATE>19/02/2021</VALUE_DATE>
    <MATURITY_DATE>12/11/2021</MATURITY_DATE>
    <COUPON>  -0.1100000</COUPON>
    <UNITS>10000</UNITS>
    <FACE_VALUE>383677960</FACE_VALUE>
    <COST_VALUE>383677960</COST_VALUE>
    <AI>113717.92688644</AI>
    <MKT_YTM>0.116604</MKT_YTM>
    <MTMVALUE>383665590.22256960</MTMVALUE>
    <UNREALIZED>-12369.77743040</UNREALIZED>
    <PCTUNREALIZEDTOCOST>-0.003224</PCTUNREALIZEDTOCOST>
    <BR>01</BR>
    <BRPROCDATE>04/03/2021</BRPROCDATE>
    <CCY>EUR</CCY>
    <EXCHANGERATE>  38.3677960</EXCHANGERATE>
    <CUSTODIAN>KK   </CUSTODIAN>
    <CUSTODIAN_NAME>ACCTTITLE129818</CUSTODIAN_NAME>
    <CURRENCY_TYPE>FOREIGN</CURRENCY_TYPE>
    <FACE_VALUE_FCY>10000000</FACE_VALUE_FCY>
    <COST_VALUE_FCY>10000000</COST_VALUE_FCY>
    <AI_FCY>2963.89</AI_FCY>
    <MTMVALUE_FCY>9999677.60</MTMVALUE_FCY>
    <EXDIVDATE>12/11/2021</EXDIVDATE>
    <CLOSEDATE>01/11/2021</CLOSEDATE>
  </TB_TR096CLOSEBOOK>
  <TB_TR096CLOSEBOOK>
    <PORT>STDP</PORT>
    <INVTYPE>I</INVTYPE>
    <SECID>KKP21N16A           </SECID>
    <TYPE_1>Straight</TYPE_1>
    <TYPE_2>Fixed</TYPE_2>
    <ACCOUNT_TYPE>DBISFX-N  </ACCOUNT_TYPE>
    <TERM>Short</TERM>
    <DEAL_DATE>19/02/2021</DEAL_DATE>
    <VALUE_DATE>19/02/2021</VALUE_DATE>
    <MATURITY_DATE>16/11/2021</MATURITY_DATE>
    <COUPON>  -0.1100000</COUPON>
    <UNITS>15000</UNITS>
    <FACE_VALUE>575516940</FACE_VALUE>
    <COST_VALUE>575516940</COST_VALUE>
    <AI>170576.69849068</AI>
    <MKT_YTM>0.116687</MKT_YTM>
    <MTMVALUE>575497723.48937340</MTMVALUE>
    <UNREALIZED>-19216.51062660</UNREALIZED>
    <PCTUNREALIZEDTOCOST>-0.003339</PCTUNREALIZEDTOCOST>
    <BR>01</BR>
    <BRPROCDATE>04/03/2021</BRPROCDATE>
    <CCY>EUR</CCY>
    <EXCHANGERATE>  38.3677960</EXCHANGERATE>
    <CUSTODIAN>KK   </CUSTODIAN>
    <CUSTODIAN_NAME>ACCTTITLE129818</CUSTODIAN_NAME>
    <CURRENCY_TYPE>FOREIGN</CURRENCY_TYPE>
    <FACE_VALUE_FCY>15000000</FACE_VALUE_FCY>
    <COST_VALUE_FCY>15000000</COST_VALUE_FCY>
    <AI_FCY>4445.83</AI_FCY>
    <MTMVALUE_FCY>14999499.15</MTMVALUE_FCY>
    <EXDIVDATE>16/11/2021</EXDIVDATE>
    <CLOSEDATE>03/11/2021</CLOSEDATE>
  </TB_TR096CLOSEBOOK>
  <TB_TR096CLOSEBOOK>
    <PORT>STDP</PORT>
    <INVTYPE>I</INVTYPE>
    <SECID>KKP21N18A           </SECID>
    <TYPE_1>Straight</TYPE_1>
    <TYPE_2>Fixed</TYPE_2>
    <ACCOUNT_TYPE>DBISFX-N  </ACCOUNT_TYPE>
    <TERM>Short</TERM>
    <DEAL_DATE>22/02/2021</DEAL_DATE>
    <VALUE_DATE>22/02/2021</VALUE_DATE>
    <MATURITY_DATE>18/11/2021</MATURITY_DATE>
    <COUPON>  -0.1100000</COUPON>
    <UNITS>30000</UNITS>
    <FACE_VALUE>1151033880</FACE_VALUE>
    <COST_VALUE>1151033880</COST_VALUE>
    <AI>330602.63675932</AI>
    <MKT_YTM>0.112672</MKT_YTM>
    <MTMVALUE>1151018248.95990960</MTMVALUE>
    <UNREALIZED>-15631.04009040</UNREALIZED>
    <PCTUNREALIZEDTOCOST>-0.001358</PCTUNREALIZEDTOCOST>
    <BR>01</BR>
    <BRPROCDATE>04/03/2021</BRPROCDATE>
    <CCY>EUR</CCY>
    <EXCHANGERATE>  38.3677960</EXCHANGERATE>
    <CUSTODIAN>KK   </CUSTODIAN>
    <CUSTODIAN_NAME>ACCTTITLE129818</CUSTODIAN_NAME>
    <CURRENCY_TYPE>FOREIGN</CURRENCY_TYPE>
    <FACE_VALUE_FCY>30000000</FACE_VALUE_FCY>
    <COST_VALUE_FCY>30000000</COST_VALUE_FCY>
    <AI_FCY>8616.67</AI_FCY>
    <MTMVALUE_FCY>29999592.60</MTMVALUE_FCY>
    <EXDIVDATE>18/11/2021</EXDIVDATE>
    <CLOSEDATE>05/11/2021</CLOSEDATE>
  </TB_TR096CLOSEBOOK>
  <TB_TR096CLOSEBOOK>
    <PORT>STDP</PORT>
    <INVTYPE>I</INVTYPE>
    <SECID>KKP21N18B           </SECID>
    <TYPE_1>Straight</TYPE_1>
    <TYPE_2>Fixed</TYPE_2>
    <ACCOUNT_TYPE>DBISFX-N  </ACCOUNT_TYPE>
    <TERM>Short</TERM>
    <DEAL_DATE>23/02/2021</DEAL_DATE>
    <VALUE_DATE>23/02/2021</VALUE_DATE>
    <MATURITY_DATE>18/11/2021</MATURITY_DATE>
    <COUPON>  -0.1100000</COUPON>
    <UNITS>10000</UNITS>
    <FACE_VALUE>383677960</FACE_VALUE>
    <COST_VALUE>383677960</COST_VALUE>
    <AI>109028.61485932</AI>
    <MKT_YTM>0.115020</MKT_YTM>
    <MTMVALUE>383668222.25337520</MTMVALUE>
    <UNREALIZED>-9737.74662480</UNREALIZED>
    <PCTUNREALIZEDTOCOST>-0.002538</PCTUNREALIZEDTOCOST>
    <BR>01</BR>
    <BRPROCDATE>04/03/2021</BRPROCDATE>
    <CCY>EUR</CCY>
    <EXCHANGERATE>  38.3677960</EXCHANGERATE>
    <CUSTODIAN>KK   </CUSTODIAN>
    <CUSTODIAN_NAME>ACCTTITLE129818</CUSTODIAN_NAME>
    <CURRENCY_TYPE>FOREIGN</CURRENCY_TYPE>
    <FACE_VALUE_FCY>10000000</FACE_VALUE_FCY>
    <COST_VALUE_FCY>10000000</COST_VALUE_FCY>
    <AI_FCY>2841.67</AI_FCY>
    <MTMVALUE_FCY>9999746.20</MTMVALUE_FCY>
    <EXDIVDATE>18/11/2021</EXDIVDATE>
    <CLOSEDATE>05/11/2021</CLOSEDATE>
  </TB_TR096CLOSEBOOK>
  <TB_TR096CLOSEBOOK>
    <PORT>STDP</PORT>
    <INVTYPE>I</INVTYPE>
    <SECID>KKP21N22A           </SECID>
    <TYPE_1>Straight</TYPE_1>
    <TYPE_2>Fixed</TYPE_2>
    <ACCOUNT_TYPE>DBISFX-N  </ACCOUNT_TYPE>
    <TERM>Short</TERM>
    <DEAL_DATE>25/02/2021</DEAL_DATE>
    <VALUE_DATE>25/02/2021</VALUE_DATE>
    <MATURITY_DATE>22/11/2021</MATURITY_DATE>
    <COUPON>  -0.1100000</COUPON>
    <UNITS>40000</UNITS>
    <FACE_VALUE>1534711840</FACE_VALUE>
    <COST_VALUE>1534711840</COST_VALUE>
    <AI>426735.06802712</AI>
    <MKT_YTM>0.114649</MKT_YTM>
    <MTMVALUE>1534674960.87448480</MTMVALUE>
    <UNREALIZED>-36879.12551520</UNREALIZED>
    <PCTUNREALIZEDTOCOST>-0.002403</PCTUNREALIZEDTOCOST>
    <BR>01</BR>
    <BRPROCDATE>04/03/2021</BRPROCDATE>
    <CCY>EUR</CCY>
    <EXCHANGERATE>  38.3677960</EXCHANGERATE>
    <CUSTODIAN>KK   </CUSTODIAN>
    <CUSTODIAN_NAME>ACCTTITLE129818</CUSTODIAN_NAME>
    <CURRENCY_TYPE>FOREIGN</CURRENCY_TYPE>
    <FACE_VALUE_FCY>40000000</FACE_VALUE_FCY>
    <COST_VALUE_FCY>40000000</COST_VALUE_FCY>
    <AI_FCY>11122.22</AI_FCY>
    <MTMVALUE_FCY>39999038.80</MTMVALUE_FCY>
    <EXDIVDATE>22/11/2021</EXDIVDATE>
    <CLOSEDATE>09/11/2021</CLOSEDATE>
  </TB_TR096CLOSEBOOK>
</NewDataSet>
2021-08-13 02:52:46,115 [4] INFO  KKB.Treasury.TreasuryModel.Model.Model_RPT_TR096CLOSEBOOK [(null)] - -----Model_RPT_TR096CLOSEBOOK Finish-----
2021-08-13 03:14:26,566 [4] INFO  TreasuryShadowSystem.Model.Model_Tb_Menu_Auth [(null)] - Select p.* From (Select l.* From OPICINF.KKB_TB_MS_LOOKUP l, OPICINF.KKB_TB_MS_MENU_AUTH a Where l.ID=a.MENU_ID And l.ENABLED='1' And a.USERGROUP_ID=(SELECT USERGROUP_ID FROM OPICINF.KKB_TB_MS_USERGROUP WHERE USERGROUP_NAME = 'TSS_BO_WRITE') UNION Select * From OPICINF.KKB_TB_MS_LOOKUP WHERE ENABLED='1' AND ID IN (Select DISTINCT GROUPID From OPICINF.KKB_TB_MS_LOOKUP l, OPICINF.KKB_TB_MS_MENU_AUTH a Where l.ID=a.MENU_ID And l.ENABLED='1' And a.USERGROUP_ID=(SELECT USERGROUP_ID FROM OPICINF.KKB_TB_MS_USERGROUP WHERE USERGROUP_NAME = 'TSS_BO_WRITE')) ) p Order By p.GroupID, p.SEQ 
2021-08-13 03:14:26,814 [4] INFO  TreasuryShadowSystem.Login [(null)] - Login successfull on :13/08/2021 03:14:26
2021-08-13 03:14:26,930 [4] ERROR TreasuryShadowSystem.Login [(null)] - Thread was being aborted.
2021-08-13 03:15:12,155 [4] INFO  KKB.Treasury.TreasuryModel.Model.Model_RPT_TR096CLOSEBOOK [(null)] - -----Model_RPT_TR096CLOSEBOOK Start-----
2021-08-13 03:15:12,174 [4] INFO  KKB.Treasury.TreasuryModel.Model.Model_RPT_TR096CLOSEBOOK [(null)] - Store Procedure : OPICINF.KKB_SP_TSS_TR096CLOSEBOOK
2021-08-13 03:15:12,175 [4] INFO  KKB.Treasury.TreasuryModel.Model.Model_RPT_TR096CLOSEBOOK [(null)] - Data : Branch=01, Execute Date=112021, Cost=340, Term=STDP
2021-08-13 03:15:18,965 [4] INFO  KKB.Treasury.TreasuryModel.Model.Model_RPT_TR096CLOSEBOOK [(null)] - Total Records : 8 Record(s)
2021-08-13 03:15:18,968 [4] INFO  KKB.Treasury.TreasuryModel.Model.Model_RPT_TR096CLOSEBOOK [(null)] - <NewDataSet>
  <TB_TR096CLOSEBOOK>
    <PORT>STDP</PORT>
    <INVTYPE>I</INVTYPE>
    <SECID>KKP21D02A           </SECID>
    <TYPE_1>Straight</TYPE_1>
    <TYPE_2>Fixed</TYPE_2>
    <ACCOUNT_TYPE>DBISFX-N  </ACCOUNT_TYPE>
    <TERM>Short</TERM>
    <DEAL_DATE>11/03/2021</DEAL_DATE>
    <VALUE_DATE>11/03/2021</VALUE_DATE>
    <MATURITY_DATE>02/12/2021</MATURITY_DATE>
    <COUPON>  -0.1300000</COUPON>
    <UNITS>15000</UNITS>
    <FACE_VALUE>575516940</FACE_VALUE>
    <COST_VALUE>575516940</COST_VALUE>
    <AI>160025.55459068</AI>
    <MKT_YTM>0.1313</MKT_YTM>
    <MTMVALUE>575512784.76769320</MTMVALUE>
    <UNREALIZED>-4155.23230680</UNREALIZED>
    <PCTUNREALIZEDTOCOST>-0.000722</PCTUNREALIZEDTOCOST>
    <BR>01</BR>
    <BRPROCDATE>04/03/2021</BRPROCDATE>
    <CCY>EUR</CCY>
    <EXCHANGERATE>  38.3677960</EXCHANGERATE>
    <CUSTODIAN>KK   </CUSTODIAN>
    <CUSTODIAN_NAME>ACCTTITLE129818</CUSTODIAN_NAME>
    <CURRENCY_TYPE>FOREIGN</CURRENCY_TYPE>
    <FACE_VALUE_FCY>15000000</FACE_VALUE_FCY>
    <COST_VALUE_FCY>15000000</COST_VALUE_FCY>
    <AI_FCY>4170.83</AI_FCY>
    <MTMVALUE_FCY>14999891.70</MTMVALUE_FCY>
    <EXDIVDATE>02/12/2021</EXDIVDATE>
    <CLOSEDATE>19/11/2021</CLOSEDATE>
  </TB_TR096CLOSEBOOK>
  <TB_TR096CLOSEBOOK>
    <PORT>STDP</PORT>
    <INVTYPE>I</INVTYPE>
    <SECID>KKP21D09A           </SECID>
    <TYPE_1>Straight</TYPE_1>
    <TYPE_2>Fixed</TYPE_2>
    <ACCOUNT_TYPE>DBISFX-N  </ACCOUNT_TYPE>
    <TERM>Short</TERM>
    <DEAL_DATE>17/03/2021</DEAL_DATE>
    <VALUE_DATE>17/03/2021</VALUE_DATE>
    <MATURITY_DATE>09/12/2021</MATURITY_DATE>
    <COUPON>  -0.1300000</COUPON>
    <UNITS>40000</UNITS>
    <FACE_VALUE>1534711840</FACE_VALUE>
    <COST_VALUE>1534711840</COST_VALUE>
    <AI>393483.23394576</AI>
    <MKT_YTM>0.125498</MKT_YTM>
    <MTMVALUE>1534750330.57294720</MTMVALUE>
    <UNREALIZED>38490.57294720</UNREALIZED>
    <PCTUNREALIZEDTOCOST>0.002508</PCTUNREALIZEDTOCOST>
    <BR>01</BR>
    <BRPROCDATE>04/03/2021</BRPROCDATE>
    <CCY>EUR</CCY>
    <EXCHANGERATE>  38.3677960</EXCHANGERATE>
    <CUSTODIAN>KK   </CUSTODIAN>
    <CUSTODIAN_NAME>ACCTTITLE129818</CUSTODIAN_NAME>
    <CURRENCY_TYPE>FOREIGN</CURRENCY_TYPE>
    <FACE_VALUE_FCY>40000000</FACE_VALUE_FCY>
    <COST_VALUE_FCY>40000000</COST_VALUE_FCY>
    <AI_FCY>10255.56</AI_FCY>
    <MTMVALUE_FCY>40001003.20</MTMVALUE_FCY>
    <EXDIVDATE>09/12/2021</EXDIVDATE>
    <CLOSEDATE>26/11/2021</CLOSEDATE>
  </TB_TR096CLOSEBOOK>
  <TB_TR096CLOSEBOOK>
    <PORT>STDP</PORT>
    <INVTYPE>I</INVTYPE>
    <SECID>KKP21N12A           </SECID>
    <TYPE_1>Straight</TYPE_1>
    <TYPE_2>Fixed</TYPE_2>
    <ACCOUNT_TYPE>DBISFX-N  </ACCOUNT_TYPE>
    <TERM>Short</TERM>
    <DEAL_DATE>18/02/2021</DEAL_DATE>
    <VALUE_DATE>18/02/2021</VALUE_DATE>
    <MATURITY_DATE>12/11/2021</MATURITY_DATE>
    <COUPON>  -0.1100000</COUPON>
    <UNITS>30000</UNITS>
    <FACE_VALUE>1151033880</FACE_VALUE>
    <COST_VALUE>1151033880</COST_VALUE>
    <AI>344670.57284068</AI>
    <MKT_YTM>0.120355</MKT_YTM>
    <MTMVALUE>1150975787.32007640</MTMVALUE>
    <UNREALIZED>-58092.67992360</UNREALIZED>
    <PCTUNREALIZEDTOCOST>-0.005047</PCTUNREALIZEDTOCOST>
    <BR>01</BR>
    <BRPROCDATE>04/03/2021</BRPROCDATE>
    <CCY>EUR</CCY>
    <EXCHANGERATE>  38.3677960</EXCHANGERATE>
    <CUSTODIAN>KK   </CUSTODIAN>
    <CUSTODIAN_NAME>ACCTTITLE129818</CUSTODIAN_NAME>
    <CURRENCY_TYPE>FOREIGN</CURRENCY_TYPE>
    <FACE_VALUE_FCY>30000000</FACE_VALUE_FCY>
    <COST_VALUE_FCY>30000000</COST_VALUE_FCY>
    <AI_FCY>8983.33</AI_FCY>
    <MTMVALUE_FCY>29998485.90</MTMVALUE_FCY>
    <EXDIVDATE>12/11/2021</EXDIVDATE>
    <CLOSEDATE>01/11/2021</CLOSEDATE>
  </TB_TR096CLOSEBOOK>
  <TB_TR096CLOSEBOOK>
    <PORT>STDP</PORT>
    <INVTYPE>I</INVTYPE>
    <SECID>KKP21N12B           </SECID>
    <TYPE_1>Straight</TYPE_1>
    <TYPE_2>Fixed</TYPE_2>
    <ACCOUNT_TYPE>DBISFX-N  </ACCOUNT_TYPE>
    <TERM>Short</TERM>
    <DEAL_DATE>19/02/2021</DEAL_DATE>
    <VALUE_DATE>19/02/2021</VALUE_DATE>
    <MATURITY_DATE>12/11/2021</MATURITY_DATE>
    <COUPON>  -0.1100000</COUPON>
    <UNITS>10000</UNITS>
    <FACE_VALUE>383677960</FACE_VALUE>
    <COST_VALUE>383677960</COST_VALUE>
    <AI>113717.92688644</AI>
    <MKT_YTM>0.116604</MKT_YTM>
    <MTMVALUE>383665590.22256960</MTMVALUE>
    <UNREALIZED>-12369.77743040</UNREALIZED>
    <PCTUNREALIZEDTOCOST>-0.003224</PCTUNREALIZEDTOCOST>
    <BR>01</BR>
    <BRPROCDATE>04/03/2021</BRPROCDATE>
    <CCY>EUR</CCY>
    <EXCHANGERATE>  38.3677960</EXCHANGERATE>
    <CUSTODIAN>KK   </CUSTODIAN>
    <CUSTODIAN_NAME>ACCTTITLE129818</CUSTODIAN_NAME>
    <CURRENCY_TYPE>FOREIGN</CURRENCY_TYPE>
    <FACE_VALUE_FCY>10000000</FACE_VALUE_FCY>
    <COST_VALUE_FCY>10000000</COST_VALUE_FCY>
    <AI_FCY>2963.89</AI_FCY>
    <MTMVALUE_FCY>9999677.60</MTMVALUE_FCY>
    <EXDIVDATE>12/11/2021</EXDIVDATE>
    <CLOSEDATE>01/11/2021</CLOSEDATE>
  </TB_TR096CLOSEBOOK>
  <TB_TR096CLOSEBOOK>
    <PORT>STDP</PORT>
    <INVTYPE>I</INVTYPE>
    <SECID>KKP21N16A           </SECID>
    <TYPE_1>Straight</TYPE_1>
    <TYPE_2>Fixed</TYPE_2>
    <ACCOUNT_TYPE>DBISFX-N  </ACCOUNT_TYPE>
    <TERM>Short</TERM>
    <DEAL_DATE>19/02/2021</DEAL_DATE>
    <VALUE_DATE>19/02/2021</VALUE_DATE>
    <MATURITY_DATE>16/11/2021</MATURITY_DATE>
    <COUPON>  -0.1100000</COUPON>
    <UNITS>15000</UNITS>
    <FACE_VALUE>575516940</FACE_VALUE>
    <COST_VALUE>575516940</COST_VALUE>
    <AI>170576.69849068</AI>
    <MKT_YTM>0.116687</MKT_YTM>
    <MTMVALUE>575497723.48937340</MTMVALUE>
    <UNREALIZED>-19216.51062660</UNREALIZED>
    <PCTUNREALIZEDTOCOST>-0.003339</PCTUNREALIZEDTOCOST>
    <BR>01</BR>
    <BRPROCDATE>04/03/2021</BRPROCDATE>
    <CCY>EUR</CCY>
    <EXCHANGERATE>  38.3677960</EXCHANGERATE>
    <CUSTODIAN>KK   </CUSTODIAN>
    <CUSTODIAN_NAME>ACCTTITLE129818</CUSTODIAN_NAME>
    <CURRENCY_TYPE>FOREIGN</CURRENCY_TYPE>
    <FACE_VALUE_FCY>15000000</FACE_VALUE_FCY>
    <COST_VALUE_FCY>15000000</COST_VALUE_FCY>
    <AI_FCY>4445.83</AI_FCY>
    <MTMVALUE_FCY>14999499.15</MTMVALUE_FCY>
    <EXDIVDATE>16/11/2021</EXDIVDATE>
    <CLOSEDATE>03/11/2021</CLOSEDATE>
  </TB_TR096CLOSEBOOK>
  <TB_TR096CLOSEBOOK>
    <PORT>STDP</PORT>
    <INVTYPE>I</INVTYPE>
    <SECID>KKP21N18A           </SECID>
    <TYPE_1>Straight</TYPE_1>
    <TYPE_2>Fixed</TYPE_2>
    <ACCOUNT_TYPE>DBISFX-N  </ACCOUNT_TYPE>
    <TERM>Short</TERM>
    <DEAL_DATE>22/02/2021</DEAL_DATE>
    <VALUE_DATE>22/02/2021</VALUE_DATE>
    <MATURITY_DATE>18/11/2021</MATURITY_DATE>
    <COUPON>  -0.1100000</COUPON>
    <UNITS>30000</UNITS>
    <FACE_VALUE>1151033880</FACE_VALUE>
    <COST_VALUE>1151033880</COST_VALUE>
    <AI>330602.63675932</AI>
    <MKT_YTM>0.112672</MKT_YTM>
    <MTMVALUE>1151018248.95990960</MTMVALUE>
    <UNREALIZED>-15631.04009040</UNREALIZED>
    <PCTUNREALIZEDTOCOST>-0.001358</PCTUNREALIZEDTOCOST>
    <BR>01</BR>
    <BRPROCDATE>04/03/2021</BRPROCDATE>
    <CCY>EUR</CCY>
    <EXCHANGERATE>  38.3677960</EXCHANGERATE>
    <CUSTODIAN>KK   </CUSTODIAN>
    <CUSTODIAN_NAME>ACCTTITLE129818</CUSTODIAN_NAME>
    <CURRENCY_TYPE>FOREIGN</CURRENCY_TYPE>
    <FACE_VALUE_FCY>30000000</FACE_VALUE_FCY>
    <COST_VALUE_FCY>30000000</COST_VALUE_FCY>
    <AI_FCY>8616.67</AI_FCY>
    <MTMVALUE_FCY>29999592.60</MTMVALUE_FCY>
    <EXDIVDATE>18/11/2021</EXDIVDATE>
    <CLOSEDATE>05/11/2021</CLOSEDATE>
  </TB_TR096CLOSEBOOK>
  <TB_TR096CLOSEBOOK>
    <PORT>STDP</PORT>
    <INVTYPE>I</INVTYPE>
    <SECID>KKP21N18B           </SECID>
    <TYPE_1>Straight</TYPE_1>
    <TYPE_2>Fixed</TYPE_2>
    <ACCOUNT_TYPE>DBISFX-N  </ACCOUNT_TYPE>
    <TERM>Short</TERM>
    <DEAL_DATE>23/02/2021</DEAL_DATE>
    <VALUE_DATE>23/02/2021</VALUE_DATE>
    <MATURITY_DATE>18/11/2021</MATURITY_DATE>
    <COUPON>  -0.1100000</COUPON>
    <UNITS>10000</UNITS>
    <FACE_VALUE>383677960</FACE_VALUE>
    <COST_VALUE>383677960</COST_VALUE>
    <AI>109028.61485932</AI>
    <MKT_YTM>0.115020</MKT_YTM>
    <MTMVALUE>383668222.25337520</MTMVALUE>
    <UNREALIZED>-9737.74662480</UNREALIZED>
    <PCTUNREALIZEDTOCOST>-0.002538</PCTUNREALIZEDTOCOST>
    <BR>01</BR>
    <BRPROCDATE>04/03/2021</BRPROCDATE>
    <CCY>EUR</CCY>
    <EXCHANGERATE>  38.3677960</EXCHANGERATE>
    <CUSTODIAN>KK   </CUSTODIAN>
    <CUSTODIAN_NAME>ACCTTITLE129818</CUSTODIAN_NAME>
    <CURRENCY_TYPE>FOREIGN</CURRENCY_TYPE>
    <FACE_VALUE_FCY>10000000</FACE_VALUE_FCY>
    <COST_VALUE_FCY>10000000</COST_VALUE_FCY>
    <AI_FCY>2841.67</AI_FCY>
    <MTMVALUE_FCY>9999746.20</MTMVALUE_FCY>
    <EXDIVDATE>18/11/2021</EXDIVDATE>
    <CLOSEDATE>05/11/2021</CLOSEDATE>
  </TB_TR096CLOSEBOOK>
  <TB_TR096CLOSEBOOK>
    <PORT>STDP</PORT>
    <INVTYPE>I</INVTYPE>
    <SECID>KKP21N22A           </SECID>
    <TYPE_1>Straight</TYPE_1>
    <TYPE_2>Fixed</TYPE_2>
    <ACCOUNT_TYPE>DBISFX-N  </ACCOUNT_TYPE>
    <TERM>Short</TERM>
    <DEAL_DATE>25/02/2021</DEAL_DATE>
    <VALUE_DATE>25/02/2021</VALUE_DATE>
    <MATURITY_DATE>22/11/2021</MATURITY_DATE>
    <COUPON>  -0.1100000</COUPON>
    <UNITS>40000</UNITS>
    <FACE_VALUE>1534711840</FACE_VALUE>
    <COST_VALUE>1534711840</COST_VALUE>
    <AI>426735.06802712</AI>
    <MKT_YTM>0.114649</MKT_YTM>
    <MTMVALUE>1534674960.87448480</MTMVALUE>
    <UNREALIZED>-36879.12551520</UNREALIZED>
    <PCTUNREALIZEDTOCOST>-0.002403</PCTUNREALIZEDTOCOST>
    <BR>01</BR>
    <BRPROCDATE>04/03/2021</BRPROCDATE>
    <CCY>EUR</CCY>
    <EXCHANGERATE>  38.3677960</EXCHANGERATE>
    <CUSTODIAN>KK   </CUSTODIAN>
    <CUSTODIAN_NAME>ACCTTITLE129818</CUSTODIAN_NAME>
    <CURRENCY_TYPE>FOREIGN</CURRENCY_TYPE>
    <FACE_VALUE_FCY>40000000</FACE_VALUE_FCY>
    <COST_VALUE_FCY>40000000</COST_VALUE_FCY>
    <AI_FCY>11122.22</AI_FCY>
    <MTMVALUE_FCY>39999038.80</MTMVALUE_FCY>
    <EXDIVDATE>22/11/2021</EXDIVDATE>
    <CLOSEDATE>09/11/2021</CLOSEDATE>
  </TB_TR096CLOSEBOOK>
</NewDataSet>
2021-08-13 03:15:18,969 [4] INFO  KKB.Treasury.TreasuryModel.Model.Model_RPT_TR096CLOSEBOOK [(null)] - -----Model_RPT_TR096CLOSEBOOK Finish-----
2021-08-13 03:27:17,066 [6] INFO  TreasuryShadowSystem.Model.Model_Tb_Menu_Auth [(null)] - Select p.* From (Select l.* From OPICINF.KKB_TB_MS_LOOKUP l, OPICINF.KKB_TB_MS_MENU_AUTH a Where l.ID=a.MENU_ID And l.ENABLED='1' And a.USERGROUP_ID=(SELECT USERGROUP_ID FROM OPICINF.KKB_TB_MS_USERGROUP WHERE USERGROUP_NAME = 'TSS_BO_WRITE') UNION Select * From OPICINF.KKB_TB_MS_LOOKUP WHERE ENABLED='1' AND ID IN (Select DISTINCT GROUPID From OPICINF.KKB_TB_MS_LOOKUP l, OPICINF.KKB_TB_MS_MENU_AUTH a Where l.ID=a.MENU_ID And l.ENABLED='1' And a.USERGROUP_ID=(SELECT USERGROUP_ID FROM OPICINF.KKB_TB_MS_USERGROUP WHERE USERGROUP_NAME = 'TSS_BO_WRITE')) ) p Order By p.GroupID, p.SEQ 
2021-08-13 03:27:17,308 [6] INFO  TreasuryShadowSystem.Login [(null)] - Login successfull on :13/08/2021 03:27:17
2021-08-13 03:27:17,411 [6] ERROR TreasuryShadowSystem.Login [(null)] - Thread was being aborted.
2021-08-13 03:29:04,869 [8] INFO  TreasuryShadowSystem.Model.Model_Tb_Menu_Auth [(null)] - Select p.* From (Select l.* From OPICINF.KKB_TB_MS_LOOKUP l, OPICINF.KKB_TB_MS_MENU_AUTH a Where l.ID=a.MENU_ID And l.ENABLED='1' And a.USERGROUP_ID=(SELECT USERGROUP_ID FROM OPICINF.KKB_TB_MS_USERGROUP WHERE USERGROUP_NAME = 'TSS_BO_WRITE') UNION Select * From OPICINF.KKB_TB_MS_LOOKUP WHERE ENABLED='1' AND ID IN (Select DISTINCT GROUPID From OPICINF.KKB_TB_MS_LOOKUP l, OPICINF.KKB_TB_MS_MENU_AUTH a Where l.ID=a.MENU_ID And l.ENABLED='1' And a.USERGROUP_ID=(SELECT USERGROUP_ID FROM OPICINF.KKB_TB_MS_USERGROUP WHERE USERGROUP_NAME = 'TSS_BO_WRITE')) ) p Order By p.GroupID, p.SEQ 
2021-08-13 03:29:05,012 [8] INFO  TreasuryShadowSystem.Login [(null)] - Login successfull on :13/08/2021 03:29:05
2021-08-13 03:29:06,003 [8] ERROR TreasuryShadowSystem.Login [(null)] - Thread was being aborted.
2021-08-13 03:29:18,472 [8] INFO  KKB.Treasury.TreasuryModel.Model.Model_RPT_TR096CLOSEBOOK [(null)] - -----Model_RPT_TR096CLOSEBOOK Start-----
2021-08-13 03:29:18,489 [8] INFO  KKB.Treasury.TreasuryModel.Model.Model_RPT_TR096CLOSEBOOK [(null)] - Store Procedure : OPICINF.KKB_SP_TSS_TR096CLOSEBOOK
2021-08-13 03:29:18,490 [8] INFO  KKB.Treasury.TreasuryModel.Model.Model_RPT_TR096CLOSEBOOK [(null)] - Data : Branch=01, Execute Date=112021, Cost=340, Term=STDP
2021-08-13 03:29:24,701 [8] INFO  KKB.Treasury.TreasuryModel.Model.Model_RPT_TR096CLOSEBOOK [(null)] - Total Records : 8 Record(s)
2021-08-13 03:29:24,704 [8] INFO  KKB.Treasury.TreasuryModel.Model.Model_RPT_TR096CLOSEBOOK [(null)] - <NewDataSet>
  <TB_TR096CLOSEBOOK>
    <PORT>STDP</PORT>
    <INVTYPE>I</INVTYPE>
    <SECID>KKP21D02A           </SECID>
    <TYPE_1>Straight</TYPE_1>
    <TYPE_2>Fixed</TYPE_2>
    <ACCOUNT_TYPE>DBISFX-N  </ACCOUNT_TYPE>
    <TERM>Short</TERM>
    <DEAL_DATE>11/03/2021</DEAL_DATE>
    <VALUE_DATE>11/03/2021</VALUE_DATE>
    <MATURITY_DATE>02/12/2021</MATURITY_DATE>
    <COUPON>  -0.1300000</COUPON>
    <UNITS>15000</UNITS>
    <FACE_VALUE>575516940</FACE_VALUE>
    <COST_VALUE>575516940</COST_VALUE>
    <AI>160025.55459068</AI>
    <MKT_YTM>0.1313</MKT_YTM>
    <MTMVALUE>575512784.76769320</MTMVALUE>
    <UNREALIZED>-4155.23230680</UNREALIZED>
    <PCTUNREALIZEDTOCOST>-0.000722</PCTUNREALIZEDTOCOST>
    <BR>01</BR>
    <BRPROCDATE>04/03/2021</BRPROCDATE>
    <CCY>EUR</CCY>
    <EXCHANGERATE>  38.3677960</EXCHANGERATE>
    <CUSTODIAN>KK   </CUSTODIAN>
    <CUSTODIAN_NAME>ACCTTITLE129818</CUSTODIAN_NAME>
    <CURRENCY_TYPE>FOREIGN</CURRENCY_TYPE>
    <FACE_VALUE_FCY>15000000</FACE_VALUE_FCY>
    <COST_VALUE_FCY>15000000</COST_VALUE_FCY>
    <AI_FCY>4170.83</AI_FCY>
    <MTMVALUE_FCY>14999891.70</MTMVALUE_FCY>
    <EXDIVDATE>02/12/2021</EXDIVDATE>
    <CLOSEDATE>19/11/2021</CLOSEDATE>
  </TB_TR096CLOSEBOOK>
  <TB_TR096CLOSEBOOK>
    <PORT>STDP</PORT>
    <INVTYPE>I</INVTYPE>
    <SECID>KKP21D09A           </SECID>
    <TYPE_1>Straight</TYPE_1>
    <TYPE_2>Fixed</TYPE_2>
    <ACCOUNT_TYPE>DBISFX-N  </ACCOUNT_TYPE>
    <TERM>Short</TERM>
    <DEAL_DATE>17/03/2021</DEAL_DATE>
    <VALUE_DATE>17/03/2021</VALUE_DATE>
    <MATURITY_DATE>09/12/2021</MATURITY_DATE>
    <COUPON>  -0.1300000</COUPON>
    <UNITS>40000</UNITS>
    <FACE_VALUE>1534711840</FACE_VALUE>
    <COST_VALUE>1534711840</COST_VALUE>
    <AI>393483.23394576</AI>
    <MKT_YTM>0.125498</MKT_YTM>
    <MTMVALUE>1534750330.57294720</MTMVALUE>
    <UNREALIZED>38490.57294720</UNREALIZED>
    <PCTUNREALIZEDTOCOST>0.002508</PCTUNREALIZEDTOCOST>
    <BR>01</BR>
    <BRPROCDATE>04/03/2021</BRPROCDATE>
    <CCY>EUR</CCY>
    <EXCHANGERATE>  38.3677960</EXCHANGERATE>
    <CUSTODIAN>KK   </CUSTODIAN>
    <CUSTODIAN_NAME>ACCTTITLE129818</CUSTODIAN_NAME>
    <CURRENCY_TYPE>FOREIGN</CURRENCY_TYPE>
    <FACE_VALUE_FCY>40000000</FACE_VALUE_FCY>
    <COST_VALUE_FCY>40000000</COST_VALUE_FCY>
    <AI_FCY>10255.56</AI_FCY>
    <MTMVALUE_FCY>40001003.20</MTMVALUE_FCY>
    <EXDIVDATE>09/12/2021</EXDIVDATE>
    <CLOSEDATE>26/11/2021</CLOSEDATE>
  </TB_TR096CLOSEBOOK>
  <TB_TR096CLOSEBOOK>
    <PORT>STDP</PORT>
    <INVTYPE>I</INVTYPE>
    <SECID>KKP21N12A           </SECID>
    <TYPE_1>Straight</TYPE_1>
    <TYPE_2>Fixed</TYPE_2>
    <ACCOUNT_TYPE>DBISFX-N  </ACCOUNT_TYPE>
    <TERM>Short</TERM>
    <DEAL_DATE>18/02/2021</DEAL_DATE>
    <VALUE_DATE>18/02/2021</VALUE_DATE>
    <MATURITY_DATE>12/11/2021</MATURITY_DATE>
    <COUPON>  -0.1100000</COUPON>
    <UNITS>30000</UNITS>
    <FACE_VALUE>1151033880</FACE_VALUE>
    <COST_VALUE>1151033880</COST_VALUE>
    <AI>344670.57284068</AI>
    <MKT_YTM>0.120355</MKT_YTM>
    <MTMVALUE>1150975787.32007640</MTMVALUE>
    <UNREALIZED>-58092.67992360</UNREALIZED>
    <PCTUNREALIZEDTOCOST>-0.005047</PCTUNREALIZEDTOCOST>
    <BR>01</BR>
    <BRPROCDATE>04/03/2021</BRPROCDATE>
    <CCY>EUR</CCY>
    <EXCHANGERATE>  38.3677960</EXCHANGERATE>
    <CUSTODIAN>KK   </CUSTODIAN>
    <CUSTODIAN_NAME>ACCTTITLE129818</CUSTODIAN_NAME>
    <CURRENCY_TYPE>FOREIGN</CURRENCY_TYPE>
    <FACE_VALUE_FCY>30000000</FACE_VALUE_FCY>
    <COST_VALUE_FCY>30000000</COST_VALUE_FCY>
    <AI_FCY>8983.33</AI_FCY>
    <MTMVALUE_FCY>29998485.90</MTMVALUE_FCY>
    <EXDIVDATE>12/11/2021</EXDIVDATE>
    <CLOSEDATE>01/11/2021</CLOSEDATE>
  </TB_TR096CLOSEBOOK>
  <TB_TR096CLOSEBOOK>
    <PORT>STDP</PORT>
    <INVTYPE>I</INVTYPE>
    <SECID>KKP21N12B           </SECID>
    <TYPE_1>Straight</TYPE_1>
    <TYPE_2>Fixed</TYPE_2>
    <ACCOUNT_TYPE>DBISFX-N  </ACCOUNT_TYPE>
    <TERM>Short</TERM>
    <DEAL_DATE>19/02/2021</DEAL_DATE>
    <VALUE_DATE>19/02/2021</VALUE_DATE>
    <MATURITY_DATE>12/11/2021</MATURITY_DATE>
    <COUPON>  -0.1100000</COUPON>
    <UNITS>10000</UNITS>
    <FACE_VALUE>383677960</FACE_VALUE>
    <COST_VALUE>383677960</COST_VALUE>
    <AI>113717.92688644</AI>
    <MKT_YTM>0.116604</MKT_YTM>
    <MTMVALUE>383665590.22256960</MTMVALUE>
    <UNREALIZED>-12369.77743040</UNREALIZED>
    <PCTUNREALIZEDTOCOST>-0.003224</PCTUNREALIZEDTOCOST>
    <BR>01</BR>
    <BRPROCDATE>04/03/2021</BRPROCDATE>
    <CCY>EUR</CCY>
    <EXCHANGERATE>  38.3677960</EXCHANGERATE>
    <CUSTODIAN>KK   </CUSTODIAN>
    <CUSTODIAN_NAME>ACCTTITLE129818</CUSTODIAN_NAME>
    <CURRENCY_TYPE>FOREIGN</CURRENCY_TYPE>
    <FACE_VALUE_FCY>10000000</FACE_VALUE_FCY>
    <COST_VALUE_FCY>10000000</COST_VALUE_FCY>
    <AI_FCY>2963.89</AI_FCY>
    <MTMVALUE_FCY>9999677.60</MTMVALUE_FCY>
    <EXDIVDATE>12/11/2021</EXDIVDATE>
    <CLOSEDATE>01/11/2021</CLOSEDATE>
  </TB_TR096CLOSEBOOK>
  <TB_TR096CLOSEBOOK>
    <PORT>STDP</PORT>
    <INVTYPE>I</INVTYPE>
    <SECID>KKP21N16A           </SECID>
    <TYPE_1>Straight</TYPE_1>
    <TYPE_2>Fixed</TYPE_2>
    <ACCOUNT_TYPE>DBISFX-N  </ACCOUNT_TYPE>
    <TERM>Short</TERM>
    <DEAL_DATE>19/02/2021</DEAL_DATE>
    <VALUE_DATE>19/02/2021</VALUE_DATE>
    <MATURITY_DATE>16/11/2021</MATURITY_DATE>
    <COUPON>  -0.1100000</COUPON>
    <UNITS>15000</UNITS>
    <FACE_VALUE>575516940</FACE_VALUE>
    <COST_VALUE>575516940</COST_VALUE>
    <AI>170576.69849068</AI>
    <MKT_YTM>0.116687</MKT_YTM>
    <MTMVALUE>575497723.48937340</MTMVALUE>
    <UNREALIZED>-19216.51062660</UNREALIZED>
    <PCTUNREALIZEDTOCOST>-0.003339</PCTUNREALIZEDTOCOST>
    <BR>01</BR>
    <BRPROCDATE>04/03/2021</BRPROCDATE>
    <CCY>EUR</CCY>
    <EXCHANGERATE>  38.3677960</EXCHANGERATE>
    <CUSTODIAN>KK   </CUSTODIAN>
    <CUSTODIAN_NAME>ACCTTITLE129818</CUSTODIAN_NAME>
    <CURRENCY_TYPE>FOREIGN</CURRENCY_TYPE>
    <FACE_VALUE_FCY>15000000</FACE_VALUE_FCY>
    <COST_VALUE_FCY>15000000</COST_VALUE_FCY>
    <AI_FCY>4445.83</AI_FCY>
    <MTMVALUE_FCY>14999499.15</MTMVALUE_FCY>
    <EXDIVDATE>16/11/2021</EXDIVDATE>
    <CLOSEDATE>03/11/2021</CLOSEDATE>
  </TB_TR096CLOSEBOOK>
  <TB_TR096CLOSEBOOK>
    <PORT>STDP</PORT>
    <INVTYPE>I</INVTYPE>
    <SECID>KKP21N18A           </SECID>
    <TYPE_1>Straight</TYPE_1>
    <TYPE_2>Fixed</TYPE_2>
    <ACCOUNT_TYPE>DBISFX-N  </ACCOUNT_TYPE>
    <TERM>Short</TERM>
    <DEAL_DATE>22/02/2021</DEAL_DATE>
    <VALUE_DATE>22/02/2021</VALUE_DATE>
    <MATURITY_DATE>18/11/2021</MATURITY_DATE>
    <COUPON>  -0.1100000</COUPON>
    <UNITS>30000</UNITS>
    <FACE_VALUE>1151033880</FACE_VALUE>
    <COST_VALUE>1151033880</COST_VALUE>
    <AI>330602.63675932</AI>
    <MKT_YTM>0.112672</MKT_YTM>
    <MTMVALUE>1151018248.95990960</MTMVALUE>
    <UNREALIZED>-15631.04009040</UNREALIZED>
    <PCTUNREALIZEDTOCOST>-0.001358</PCTUNREALIZEDTOCOST>
    <BR>01</BR>
    <BRPROCDATE>04/03/2021</BRPROCDATE>
    <CCY>EUR</CCY>
    <EXCHANGERATE>  38.3677960</EXCHANGERATE>
    <CUSTODIAN>KK   </CUSTODIAN>
    <CUSTODIAN_NAME>ACCTTITLE129818</CUSTODIAN_NAME>
    <CURRENCY_TYPE>FOREIGN</CURRENCY_TYPE>
    <FACE_VALUE_FCY>30000000</FACE_VALUE_FCY>
    <COST_VALUE_FCY>30000000</COST_VALUE_FCY>
    <AI_FCY>8616.67</AI_FCY>
    <MTMVALUE_FCY>29999592.60</MTMVALUE_FCY>
    <EXDIVDATE>18/11/2021</EXDIVDATE>
    <CLOSEDATE>05/11/2021</CLOSEDATE>
  </TB_TR096CLOSEBOOK>
  <TB_TR096CLOSEBOOK>
    <PORT>STDP</PORT>
    <INVTYPE>I</INVTYPE>
    <SECID>KKP21N18B           </SECID>
    <TYPE_1>Straight</TYPE_1>
    <TYPE_2>Fixed</TYPE_2>
    <ACCOUNT_TYPE>DBISFX-N  </ACCOUNT_TYPE>
    <TERM>Short</TERM>
    <DEAL_DATE>23/02/2021</DEAL_DATE>
    <VALUE_DATE>23/02/2021</VALUE_DATE>
    <MATURITY_DATE>18/11/2021</MATURITY_DATE>
    <COUPON>  -0.1100000</COUPON>
    <UNITS>10000</UNITS>
    <FACE_VALUE>383677960</FACE_VALUE>
    <COST_VALUE>383677960</COST_VALUE>
    <AI>109028.61485932</AI>
    <MKT_YTM>0.115020</MKT_YTM>
    <MTMVALUE>383668222.25337520</MTMVALUE>
    <UNREALIZED>-9737.74662480</UNREALIZED>
    <PCTUNREALIZEDTOCOST>-0.002538</PCTUNREALIZEDTOCOST>
    <BR>01</BR>
    <BRPROCDATE>04/03/2021</BRPROCDATE>
    <CCY>EUR</CCY>
    <EXCHANGERATE>  38.3677960</EXCHANGERATE>
    <CUSTODIAN>KK   </CUSTODIAN>
    <CUSTODIAN_NAME>ACCTTITLE129818</CUSTODIAN_NAME>
    <CURRENCY_TYPE>FOREIGN</CURRENCY_TYPE>
    <FACE_VALUE_FCY>10000000</FACE_VALUE_FCY>
    <COST_VALUE_FCY>10000000</COST_VALUE_FCY>
    <AI_FCY>2841.67</AI_FCY>
    <MTMVALUE_FCY>9999746.20</MTMVALUE_FCY>
    <EXDIVDATE>18/11/2021</EXDIVDATE>
    <CLOSEDATE>05/11/2021</CLOSEDATE>
  </TB_TR096CLOSEBOOK>
  <TB_TR096CLOSEBOOK>
    <PORT>STDP</PORT>
    <INVTYPE>I</INVTYPE>
    <SECID>KKP21N22A           </SECID>
    <TYPE_1>Straight</TYPE_1>
    <TYPE_2>Fixed</TYPE_2>
    <ACCOUNT_TYPE>DBISFX-N  </ACCOUNT_TYPE>
    <TERM>Short</TERM>
    <DEAL_DATE>25/02/2021</DEAL_DATE>
    <VALUE_DATE>25/02/2021</VALUE_DATE>
    <MATURITY_DATE>22/11/2021</MATURITY_DATE>
    <COUPON>  -0.1100000</COUPON>
    <UNITS>40000</UNITS>
    <FACE_VALUE>1534711840</FACE_VALUE>
    <COST_VALUE>1534711840</COST_VALUE>
    <AI>426735.06802712</AI>
    <MKT_YTM>0.114649</MKT_YTM>
    <MTMVALUE>1534674960.87448480</MTMVALUE>
    <UNREALIZED>-36879.12551520</UNREALIZED>
    <PCTUNREALIZEDTOCOST>-0.002403</PCTUNREALIZEDTOCOST>
    <BR>01</BR>
    <BRPROCDATE>04/03/2021</BRPROCDATE>
    <CCY>EUR</CCY>
    <EXCHANGERATE>  38.3677960</EXCHANGERATE>
    <CUSTODIAN>KK   </CUSTODIAN>
    <CUSTODIAN_NAME>ACCTTITLE129818</CUSTODIAN_NAME>
    <CURRENCY_TYPE>FOREIGN</CURRENCY_TYPE>
    <FACE_VALUE_FCY>40000000</FACE_VALUE_FCY>
    <COST_VALUE_FCY>40000000</COST_VALUE_FCY>
    <AI_FCY>11122.22</AI_FCY>
    <MTMVALUE_FCY>39999038.80</MTMVALUE_FCY>
    <EXDIVDATE>22/11/2021</EXDIVDATE>
    <CLOSEDATE>09/11/2021</CLOSEDATE>
  </TB_TR096CLOSEBOOK>
</NewDataSet>
2021-08-13 03:29:24,705 [8] INFO  KKB.Treasury.TreasuryModel.Model.Model_RPT_TR096CLOSEBOOK [(null)] - -----Model_RPT_TR096CLOSEBOOK Finish-----
