2021-08-19 03:15:14,620 [4] INFO  TreasuryShadowSystem.Model.Model_Tb_Menu_Auth [(null)] - Select p.* From (Select l.* From OPICINF.KKB_TB_MS_LOOKUP l, OPICINF.KKB_TB_MS_MENU_AUTH a Where l.ID=a.MENU_ID And l.ENABLED='1' And a.USERGROUP_ID=(SELECT USERGROUP_ID FROM OPICINF.KKB_TB_MS_USERGROUP WHERE USERGROUP_NAME = 'ITProject') UNION Select * From OPICINF.KKB_TB_MS_LOOKUP WHERE ENABLED='1' AND ID IN (Select DISTINCT GROUPID From OPICINF.KKB_TB_MS_LOOKUP l, OPICINF.KKB_TB_MS_MENU_AUTH a Where l.ID=a.MENU_ID And l.ENABLED='1' And a.USERGROUP_ID=(SELECT USERGROUP_ID FROM OPICINF.KKB_TB_MS_USERGROUP WHERE USERGROUP_NAME = 'ITProject')) ) p Order By p.GroupID, p.SEQ 
2021-08-19 03:15:14,756 [4] INFO  TreasuryShadowSystem.Login [(null)] - Login successfull on :19/08/2021 03:15:14
2021-08-19 03:15:14,900 [4] ERROR TreasuryShadowSystem.Login [(null)] - Thread was being aborted.
2021-08-19 03:16:38,489 [4] ERROR TreasuryShadowSystem.Site [(null)] - Thread was being aborted.
2021-08-19 03:16:56,531 [4] INFO  TreasuryShadowSystem.Model.Model_Tb_Menu_Auth [(null)] - Select p.* From (Select l.* From OPICINF.KKB_TB_MS_LOOKUP l, OPICINF.KKB_TB_MS_MENU_AUTH a Where l.ID=a.MENU_ID And l.ENABLED='1' And a.USERGROUP_ID=(SELECT USERGROUP_ID FROM OPICINF.KKB_TB_MS_USERGROUP WHERE USERGROUP_NAME = 'ITProject') UNION Select * From OPICINF.KKB_TB_MS_LOOKUP WHERE ENABLED='1' AND ID IN (Select DISTINCT GROUPID From OPICINF.KKB_TB_MS_LOOKUP l, OPICINF.KKB_TB_MS_MENU_AUTH a Where l.ID=a.MENU_ID And l.ENABLED='1' And a.USERGROUP_ID=(SELECT USERGROUP_ID FROM OPICINF.KKB_TB_MS_USERGROUP WHERE USERGROUP_NAME = 'ITProject')) ) p Order By p.GroupID, p.SEQ 
2021-08-19 03:16:56,833 [4] INFO  TreasuryShadowSystem.Login [(null)] - Login successfull on :19/08/2021 03:16:56
2021-08-19 03:16:56,960 [4] ERROR TreasuryShadowSystem.Login [(null)] - Thread was being aborted.
2021-08-19 03:25:45,533 [4] INFO  TreasuryShadowSystem.STN.MasterSTN [(null)] - BindGridReport MasterSTN
2021-08-19 03:25:45,822 [4] INFO  TreasuryShadowSystem.STN.MasterSTN [(null)] - MasterSTN ConvertDataTableToListMaster
2021-08-19 03:25:45,830 [4] INFO  TreasuryShadowSystem.STN.MasterSTN [(null)] - 1
2021-08-19 03:25:45,830 [4] INFO  TreasuryShadowSystem.STN.MasterSTN [(null)] - 2
2021-08-19 03:25:45,830 [4] INFO  TreasuryShadowSystem.STN.MasterSTN [(null)] - 3
2021-08-19 03:25:45,830 [4] INFO  TreasuryShadowSystem.STN.MasterSTN [(null)] - 4
2021-08-19 03:25:45,830 [4] INFO  TreasuryShadowSystem.STN.MasterSTN [(null)] - 5
2021-08-19 03:25:45,830 [4] INFO  TreasuryShadowSystem.STN.MasterSTN [(null)] - 6
2021-08-19 03:25:45,830 [4] INFO  TreasuryShadowSystem.STN.MasterSTN [(null)] - 7
2021-08-19 03:25:45,830 [4] INFO  TreasuryShadowSystem.STN.MasterSTN [(null)] - 8
2021-08-19 03:25:45,830 [4] INFO  TreasuryShadowSystem.STN.MasterSTN [(null)] - 9
2021-08-19 03:25:45,877 [4] INFO  TreasuryModel.Data.STNMASTER [(null)] - -----STNNAME Start getSTN-----
2021-08-19 03:25:46,010 [4] INFO  TreasuryModel.Data.STNMASTER [(null)] - -----STNNAME Start getSTN-----
2021-08-19 03:25:46,096 [4] INFO  TreasuryModel.Data.STNMASTER [(null)] - -----STNNAME Start getSTN-----
2021-08-19 03:25:46,197 [4] INFO  TreasuryModel.Data.STNMASTER [(null)] - -----STNNAME Start getSTN-----
2021-08-19 03:25:46,275 [4] INFO  TreasuryModel.Data.STNMASTER [(null)] - -----STNNAME Start getSTN-----
2021-08-19 03:25:46,346 [4] INFO  TreasuryModel.Data.STNMASTER [(null)] - -----STNNAME Start getSTN-----
2021-08-19 03:25:46,416 [4] INFO  TreasuryModel.Data.STNMASTER [(null)] - -----STNNAME Start getSTN-----
2021-08-19 03:25:46,494 [4] INFO  TreasuryModel.Data.STNMASTER [(null)] - -----STNNAME Start getSTN-----
2021-08-19 03:25:46,603 [4] INFO  TreasuryModel.Data.STNMASTER [(null)] - -----STNNAME Start getSTN-----
2021-08-19 03:26:01,317 [15] INFO  TreasuryShadowSystem.STN.MasterSTN [(null)] - Get Report Settlement
2021-08-19 03:26:06,710 [15] INFO  TreasuryShadowSystem.STN.MasterSTN [(null)] - BindGridReport MasterSTN
2021-08-19 03:26:06,780 [15] INFO  TreasuryShadowSystem.STN.MasterSTN [(null)] - MasterSTN ConvertDataTableToListMaster
2021-08-19 03:26:06,780 [15] INFO  TreasuryShadowSystem.STN.MasterSTN [(null)] - 1
2021-08-19 03:26:06,780 [15] INFO  TreasuryShadowSystem.STN.MasterSTN [(null)] - 2
2021-08-19 03:26:06,780 [15] INFO  TreasuryShadowSystem.STN.MasterSTN [(null)] - 3
2021-08-19 03:26:06,780 [15] INFO  TreasuryShadowSystem.STN.MasterSTN [(null)] - 4
2021-08-19 03:26:06,787 [15] INFO  TreasuryShadowSystem.STN.MasterSTN [(null)] - 5
2021-08-19 03:26:06,787 [15] INFO  TreasuryShadowSystem.STN.MasterSTN [(null)] - 6
2021-08-19 03:26:06,787 [15] INFO  TreasuryShadowSystem.STN.MasterSTN [(null)] - 7
2021-08-19 03:26:06,787 [15] INFO  TreasuryShadowSystem.STN.MasterSTN [(null)] - 8
2021-08-19 03:26:06,787 [15] INFO  TreasuryShadowSystem.STN.MasterSTN [(null)] - 9
2021-08-19 03:26:06,794 [15] INFO  TreasuryModel.Data.STNMASTER [(null)] - -----STNNAME Start getSTN-----
2021-08-19 03:26:06,871 [15] INFO  TreasuryModel.Data.STNMASTER [(null)] - -----STNNAME Start getSTN-----
2021-08-19 03:26:06,935 [15] INFO  TreasuryModel.Data.STNMASTER [(null)] - -----STNNAME Start getSTN-----
2021-08-19 03:26:07,012 [15] INFO  TreasuryModel.Data.STNMASTER [(null)] - -----STNNAME Start getSTN-----
2021-08-19 03:26:07,075 [15] INFO  TreasuryModel.Data.STNMASTER [(null)] - -----STNNAME Start getSTN-----
2021-08-19 03:26:07,153 [15] INFO  TreasuryModel.Data.STNMASTER [(null)] - -----STNNAME Start getSTN-----
2021-08-19 03:26:07,237 [15] INFO  TreasuryModel.Data.STNMASTER [(null)] - -----STNNAME Start getSTN-----
2021-08-19 03:26:07,307 [15] INFO  TreasuryModel.Data.STNMASTER [(null)] - -----STNNAME Start getSTN-----
2021-08-19 03:26:07,385 [15] INFO  TreasuryModel.Data.STNMASTER [(null)] - -----STNNAME Start getSTN-----
2021-08-19 03:26:33,327 [15] INFO  KKB.Treasury.TreasuryModel.Model.Model_RPT_SETTLEMENTREPORT [(null)] - -----Model_RPT_SETTLEMENTREPORT Start-----
2021-08-19 03:26:34,335 [15] INFO  KKB.Treasury.TreasuryModel.Model.Model_RPT_SETTLEMENTREPORT [(null)] - Store Procedure : OPICINF.KKB_SP_TSS_STNCONF
2021-08-19 03:28:29,265 [15] INFO  KKB.Treasury.TreasuryModel.Model.Model_RPT_SETTLEMENTREPORT [(null)] - <NewDataSet>
  <TB_STNCONF>
    <STNID>542</STNID>
    <ACTION>New Trade</ACTION>
    <CURR_DATE>11/06/2021</CURR_DATE>
    <ORDER_NO>2021500076</ORDER_NO>
    <ACCT_NO>20829112</ACCT_NO>
    <SYMBOL>KKBODNP21715Z</SYMBOL>
    <KKSYMBOL>KKP21715Z</KKSYMBOL>
    <UNIT>5</UNIT>
    <AMOUNT>5000000</AMOUNT>
    <FIRST_NAME_EN>SOMBATH</FIRST_NAME_EN>
    <FULLNAME>??? ????? ???????</FULLNAME>
    <TAXID>3101200761611</TAXID>
    <CUST_BANK_CODE>KK</CUST_BANK_CODE>
    <CUST_BANK_ACCT>00922620014234</CUST_BANK_ACCT>
    <TEL>02-2853265</TEL>
    <EMAIL>siriwan_do@yahoo.com</EMAIL>
    <FC_NAME>Yupaporn Sirichainarumitr</FC_NAME>
    <FC_EMAIL>Yupaporn.Siri@kkpfg.com</FC_EMAIL>
    <STN_TYPE>BODN</STN_TYPE>
    <NOTE_SERIES>100/2564</NOTE_SERIES>
    <UNDERLYING1>PTT</UNDERLYING1>
    <UNDERLYING2>PTTGC</UNDERLYING2>
    <STRIKE_PRICE1>39.00|57.00</STRIKE_PRICE1>
    <STRIKE_PRICE2>0.00|0.00</STRIKE_PRICE2>
    <STRIKE_PRICE3>0.00|0.00</STRIKE_PRICE3>
    <STRIKE_PRICE4>0.00|0.00</STRIKE_PRICE4>
    <STRIKE_PRICE5>0.00|0.00</STRIKE_PRICE5>
    <STRIKE_PRICE6>0.00|0.00</STRIKE_PRICE6>
    <BARRIER_PRICE1>0.00|0.00</BARRIER_PRICE1>
    <BARRIER_PRICE2>0.00|0.00</BARRIER_PRICE2>
    <BARRIER_PRICE3>0.00|0.00</BARRIER_PRICE3>
    <BARRIER_PRICE4>0.00|0.00</BARRIER_PRICE4>
    <BARRIER_PRICE5>0.00|0.00</BARRIER_PRICE5>
    <BARRIER_PRICE6>0.00|0.00</BARRIER_PRICE6>
    <KI_PRICE>0</KI_PRICE>
    <PROTECT_LEVELP>100</PROTECT_LEVELP>
    <TTM>30</TTM>
    <TRADING_DAY>0</TRADING_DAY>
    <EXERCISE_TYPE>European</EXERCISE_TYPE>
    <PAR_VALUE>1000000</PAR_VALUE>
    <OFFER_PRICEP>100</OFFER_PRICEP>
    <OFFER_PRICE_AMT>5000000</OFFER_PRICE_AMT>
    <INITIAL_PRICEP>100</INITIAL_PRICEP>
    <INITIAL_PRICE_AMT>39.00|57.00</INITIAL_PRICE_AMT>
    <STRIKE_PRICE1P>100</STRIKE_PRICE1P>
    <STRIKE_PRICE2P>0</STRIKE_PRICE2P>
    <STRIKE_PRICE3P>0</STRIKE_PRICE3P>
    <STRIKE_PRICE4P>0</STRIKE_PRICE4P>
    <STRIKE_PRICE5P>0</STRIKE_PRICE5P>
    <STRIKE_PRICE6P>0</STRIKE_PRICE6P>
    <BARRIER_PRICE1P>0</BARRIER_PRICE1P>
    <BARRIER_PRICE2P>0</BARRIER_PRICE2P>
    <BARRIER_PRICE3P>0</BARRIER_PRICE3P>
    <BARRIER_PRICE4P>0</BARRIER_PRICE4P>
    <BARRIER_PRICE5P>0</BARRIER_PRICE5P>
    <BARRIER_PRICE6P>0</BARRIER_PRICE6P>
    <KK_PRICEP>0</KK_PRICEP>
    <PR1>0</PR1>
    <PR2>0</PR2>
    <MIN_YIELD1P>0</MIN_YIELD1P>
    <MIN_YIELD2P>0</MIN_YIELD2P>
    <MAX_YIELD1P>3.04</MAX_YIELD1P>
    <MAX_YIELD2P>0</MAX_YIELD2P>
    <REBATE_AMT>0</REBATE_AMT>
    <REBATEP>0.25</REBATEP>
    <NOTE_CURR>THB</NOTE_CURR>
    <UNDERLYING_CURR>THB</UNDERLYING_CURR>
    <FX_DELIVERY_AMT>0</FX_DELIVERY_AMT>
    <SURPLUS_CASH>0</SURPLUS_CASH>
    <SUB_BEGIN_DATE>11/06/2021</SUB_BEGIN_DATE>
    <SUB_END_DATE>11/06/2021</SUB_END_DATE>
    <TRADE_DATE>11/06/2021</TRADE_DATE>
    <EFFECTIVE_DATE>15/06/2021</EFFECTIVE_DATE>
    <SETTLE_DATE>15/06/2021</SETTLE_DATE>
    <ISSUE_DATE>15/06/2021</ISSUE_DATE>
    <FIXING_DATE>13/07/2021</FIXING_DATE>
    <MATURITY_DATE>15/07/2021</MATURITY_DATE>
    <SETTLE_PERIOD>2</SETTLE_PERIOD>
    <EXCRATE_TRADEDATE>0</EXCRATE_TRADEDATE>
    <EXCHANGE1>SET</EXCHANGE1>
    <CUST_TYPE>15</CUST_TYPE>
    <PAY_TYPE>C</PAY_TYPE>
    <STN_NAME>??????????????????????? ???????????????????????????????????????????? KTC, OSP, VGI ????????? ?????????????????????? ????? (?????)</STN_NAME>
    <STN_TYPE_DESC>??????????????????????????????????????? ?????? Bonus Digital Note ??????????????????????????</STN_TYPE_DESC>
    <STN_RETURN>???????????????????????????????????? ??????????????????????? ????????????? ??? Rebate</STN_RETURN>
    <STN_RULE_REDEEM>??????????????????????????????????????????? ??????????????????????????????????????????????????????????????????????????????? (?????) ?????????????????????????????????????????????? ????????????????????????????????????????????????????????????????????? 2 ???? ??????
??????? 1 ??????????????????????? ? ?????????????????????????????????? (Fixing Price) ?????????????????????????????? (Strike Price)
(?) ?????????????? ??????????????????????? × ??????????????????????? 
(?) ??????????????? ??????????????????????? × Min Yield × (??????????/365)
(?) ??????????????? ??????????????????????? × Rebate
??????? 2 ???????????????????????????????????????? ? ?????????????????????????????????? (Fixing Price) ??????????????????? (Strike Price)
(?) ?????????????? ??????????????????????? × ??????????????????????? 
(?) ??????????????? ??????????????????????? × Min Yield × (??????????/365)</STN_RULE_REDEEM>
    <SETTLE_PRICE1>40</SETTLE_PRICE1>
    <SETTLE_PRICE2>58</SETTLE_PRICE2>
    <SETTLE_PRICE3>0</SETTLE_PRICE3>
    <SETTLE_PRICE4>0</SETTLE_PRICE4>
    <SETTLE_PRICE5>0</SETTLE_PRICE5>
    <SETTLE_PRICE6>0</SETTLE_PRICE6>
    <SETTLE_DAYS>0</SETTLE_DAYS>
    <SETTLE_FXRATE>0</SETTLE_FXRATE>
    <STN_SEQ>1/2564</STN_SEQ>
    <STN_SEQDATE>20 ?????? 2564</STN_SEQDATE>
    <BANKNAME>?????????????????????? ????? (?????)</BANKNAME>
  </TB_STNCONF>
  <TB_STNCONF>
    <STNID>543</STNID>
    <ACTION>New Trade</ACTION>
    <CURR_DATE>11/06/2021</CURR_DATE>
    <ORDER_NO>2021500077</ORDER_NO>
    <ACCT_NO>20565702</ACCT_NO>
    <SYMBOL>KKBODNP21715Z</SYMBOL>
    <KKSYMBOL>KKP21715Z</KKSYMBOL>
    <UNIT>5</UNIT>
    <AMOUNT>5000000</AMOUNT>
    <FIRST_NAME_EN>TEERACHAI CORPORATION CO. LTD.</FIRST_NAME_EN>
    <FULLNAME>???. ??ê?? ??????ê?? </FULLNAME>
    <TAXID>0105518009797</TAXID>
    <CUST_BANK_CODE>KK</CUST_BANK_CODE>
    <CUST_BANK_ACCT>2001673692</CUST_BANK_ACCT>
    <TEL>02-4258989</TEL>
    <EMAIL>kruavals@gmail.com,nattaya@teerachai.co.th</EMAIL>
    <FC_NAME>Komson Attavivan</FC_NAME>
    <FC_EMAIL>Komson.Atta@kkpfg.com</FC_EMAIL>
    <STN_TYPE>BODN</STN_TYPE>
    <NOTE_SERIES>100/2564</NOTE_SERIES>
    <UNDERLYING1>PTT</UNDERLYING1>
    <UNDERLYING2>PTTGC</UNDERLYING2>
    <STRIKE_PRICE1>39.00|57.00</STRIKE_PRICE1>
    <STRIKE_PRICE2>0.00|0.00</STRIKE_PRICE2>
    <STRIKE_PRICE3>0.00|0.00</STRIKE_PRICE3>
    <STRIKE_PRICE4>0.00|0.00</STRIKE_PRICE4>
    <STRIKE_PRICE5>0.00|0.00</STRIKE_PRICE5>
    <STRIKE_PRICE6>0.00|0.00</STRIKE_PRICE6>
    <BARRIER_PRICE1>0.00|0.00</BARRIER_PRICE1>
    <BARRIER_PRICE2>0.00|0.00</BARRIER_PRICE2>
    <BARRIER_PRICE3>0.00|0.00</BARRIER_PRICE3>
    <BARRIER_PRICE4>0.00|0.00</BARRIER_PRICE4>
    <BARRIER_PRICE5>0.00|0.00</BARRIER_PRICE5>
    <BARRIER_PRICE6>0.00|0.00</BARRIER_PRICE6>
    <KI_PRICE>0</KI_PRICE>
    <PROTECT_LEVELP>100</PROTECT_LEVELP>
    <TTM>30</TTM>
    <TRADING_DAY>0</TRADING_DAY>
    <EXERCISE_TYPE>European</EXERCISE_TYPE>
    <PAR_VALUE>1000000</PAR_VALUE>
    <OFFER_PRICEP>100</OFFER_PRICEP>
    <OFFER_PRICE_AMT>5000000</OFFER_PRICE_AMT>
    <INITIAL_PRICEP>100</INITIAL_PRICEP>
    <INITIAL_PRICE_AMT>39.00|57.00</INITIAL_PRICE_AMT>
    <STRIKE_PRICE1P>100</STRIKE_PRICE1P>
    <STRIKE_PRICE2P>0</STRIKE_PRICE2P>
    <STRIKE_PRICE3P>0</STRIKE_PRICE3P>
    <STRIKE_PRICE4P>0</STRIKE_PRICE4P>
    <STRIKE_PRICE5P>0</STRIKE_PRICE5P>
    <STRIKE_PRICE6P>0</STRIKE_PRICE6P>
    <BARRIER_PRICE1P>0</BARRIER_PRICE1P>
    <BARRIER_PRICE2P>0</BARRIER_PRICE2P>
    <BARRIER_PRICE3P>0</BARRIER_PRICE3P>
    <BARRIER_PRICE4P>0</BARRIER_PRICE4P>
    <BARRIER_PRICE5P>0</BARRIER_PRICE5P>
    <BARRIER_PRICE6P>0</BARRIER_PRICE6P>
    <KK_PRICEP>0</KK_PRICEP>
    <PR1>0</PR1>
    <PR2>0</PR2>
    <MIN_YIELD1P>0</MIN_YIELD1P>
    <MIN_YIELD2P>0</MIN_YIELD2P>
    <MAX_YIELD1P>3.04</MAX_YIELD1P>
    <MAX_YIELD2P>0</MAX_YIELD2P>
    <REBATE_AMT>0</REBATE_AMT>
    <REBATEP>0.25</REBATEP>
    <NOTE_CURR>THB</NOTE_CURR>
    <UNDERLYING_CURR>THB</UNDERLYING_CURR>
    <FX_DELIVERY_AMT>0</FX_DELIVERY_AMT>
    <SURPLUS_CASH>0</SURPLUS_CASH>
    <SUB_BEGIN_DATE>11/06/2021</SUB_BEGIN_DATE>
    <SUB_END_DATE>11/06/2021</SUB_END_DATE>
    <TRADE_DATE>11/06/2021</TRADE_DATE>
    <EFFECTIVE_DATE>15/06/2021</EFFECTIVE_DATE>
    <SETTLE_DATE>15/06/2021</SETTLE_DATE>
    <ISSUE_DATE>15/06/2021</ISSUE_DATE>
    <FIXING_DATE>13/07/2021</FIXING_DATE>
    <MATURITY_DATE>15/07/2021</MATURITY_DATE>
    <SETTLE_PERIOD>2</SETTLE_PERIOD>
    <EXCRATE_TRADEDATE>0</EXCRATE_TRADEDATE>
    <EXCHANGE1>SET</EXCHANGE1>
    <CUST_TYPE>1</CUST_TYPE>
    <PAY_TYPE>C</PAY_TYPE>
    <STN_NAME>??????????????????????? ???????????????????????????????????????????? KTC, OSP, VGI ????????? ?????????????????????? ????? (?????)</STN_NAME>
    <STN_TYPE_DESC>??????????????????????????????????????? ?????? Bonus Digital Note ??????????????????????????</STN_TYPE_DESC>
    <STN_RETURN>???????????????????????????????????? ??????????????????????? ????????????? ??? Rebate</STN_RETURN>
    <STN_RULE_REDEEM>??????????????????????????????????????????? ??????????????????????????????????????????????????????????????????????????????? (?????) ?????????????????????????????????????????????? ????????????????????????????????????????????????????????????????????? 2 ???? ??????
??????? 1 ??????????????????????? ? ?????????????????????????????????? (Fixing Price) ?????????????????????????????? (Strike Price)
(?) ?????????????? ??????????????????????? × ??????????????????????? 
(?) ??????????????? ??????????????????????? × Min Yield × (??????????/365)
(?) ??????????????? ??????????????????????? × Rebate
??????? 2 ???????????????????????????????????????? ? ?????????????????????????????????? (Fixing Price) ??????????????????? (Strike Price)
(?) ?????????????? ??????????????????????? × ??????????????????????? 
(?) ??????????????? ??????????????????????? × Min Yield × (??????????/365)</STN_RULE_REDEEM>
    <SETTLE_PRICE1>40</SETTLE_PRICE1>
    <SETTLE_PRICE2>58</SETTLE_PRICE2>
    <SETTLE_PRICE3>0</SETTLE_PRICE3>
    <SETTLE_PRICE4>0</SETTLE_PRICE4>
    <SETTLE_PRICE5>0</SETTLE_PRICE5>
    <SETTLE_PRICE6>0</SETTLE_PRICE6>
    <SETTLE_DAYS>0</SETTLE_DAYS>
    <SETTLE_FXRATE>0</SETTLE_FXRATE>
    <STN_SEQ>1/2564</STN_SEQ>
    <STN_SEQDATE>20 ?????? 2564</STN_SEQDATE>
    <BANKNAME>?????????????????????? ????? (?????)</BANKNAME>
  </TB_STNCONF>
</NewDataSet>
2021-08-19 03:29:12,026 [15] INFO  KKB.Treasury.TreasuryModel.Model.Model_RPT_SETTLEMENTREPORT [(null)] - <NewDataSet>
  <TB_STNCONF>
    <STNID>542</STNID>
    <ACTION>New Trade</ACTION>
    <CURR_DATE>11/06/2021</CURR_DATE>
    <ORDER_NO>2021500076</ORDER_NO>
    <ACCT_NO>20829112</ACCT_NO>
    <SYMBOL>KKBODNP21715Z</SYMBOL>
    <KKSYMBOL>KKP21715Z</KKSYMBOL>
    <UNIT>5</UNIT>
    <AMOUNT>5000000</AMOUNT>
    <FIRST_NAME_EN>SOMBATH</FIRST_NAME_EN>
    <FULLNAME>??? ????? ???????</FULLNAME>
    <TAXID>3101200761611</TAXID>
    <CUST_BANK_CODE>KK</CUST_BANK_CODE>
    <CUST_BANK_ACCT>00922620014234</CUST_BANK_ACCT>
    <TEL>02-2853265</TEL>
    <EMAIL>siriwan_do@yahoo.com</EMAIL>
    <FC_NAME>Yupaporn Sirichainarumitr</FC_NAME>
    <FC_EMAIL>Yupaporn.Siri@kkpfg.com</FC_EMAIL>
    <STN_TYPE>BODN</STN_TYPE>
    <NOTE_SERIES>100/2564</NOTE_SERIES>
    <UNDERLYING1>PTT</UNDERLYING1>
    <UNDERLYING2>PTTGC</UNDERLYING2>
    <STRIKE_PRICE1>39.00|57.00</STRIKE_PRICE1>
    <STRIKE_PRICE2>0.00|0.00</STRIKE_PRICE2>
    <STRIKE_PRICE3>0.00|0.00</STRIKE_PRICE3>
    <STRIKE_PRICE4>0.00|0.00</STRIKE_PRICE4>
    <STRIKE_PRICE5>0.00|0.00</STRIKE_PRICE5>
    <STRIKE_PRICE6>0.00|0.00</STRIKE_PRICE6>
    <BARRIER_PRICE1>0.00|0.00</BARRIER_PRICE1>
    <BARRIER_PRICE2>0.00|0.00</BARRIER_PRICE2>
    <BARRIER_PRICE3>0.00|0.00</BARRIER_PRICE3>
    <BARRIER_PRICE4>0.00|0.00</BARRIER_PRICE4>
    <BARRIER_PRICE5>0.00|0.00</BARRIER_PRICE5>
    <BARRIER_PRICE6>0.00|0.00</BARRIER_PRICE6>
    <KI_PRICE>0</KI_PRICE>
    <PROTECT_LEVELP>100</PROTECT_LEVELP>
    <TTM>30</TTM>
    <TRADING_DAY>0</TRADING_DAY>
    <EXERCISE_TYPE>European</EXERCISE_TYPE>
    <PAR_VALUE>1000000</PAR_VALUE>
    <OFFER_PRICEP>100</OFFER_PRICEP>
    <OFFER_PRICE_AMT>5000000</OFFER_PRICE_AMT>
    <INITIAL_PRICEP>100</INITIAL_PRICEP>
    <INITIAL_PRICE_AMT>39.00|57.00</INITIAL_PRICE_AMT>
    <STRIKE_PRICE1P>100</STRIKE_PRICE1P>
    <STRIKE_PRICE2P>0</STRIKE_PRICE2P>
    <STRIKE_PRICE3P>0</STRIKE_PRICE3P>
    <STRIKE_PRICE4P>0</STRIKE_PRICE4P>
    <STRIKE_PRICE5P>0</STRIKE_PRICE5P>
    <STRIKE_PRICE6P>0</STRIKE_PRICE6P>
    <BARRIER_PRICE1P>0</BARRIER_PRICE1P>
    <BARRIER_PRICE2P>0</BARRIER_PRICE2P>
    <BARRIER_PRICE3P>0</BARRIER_PRICE3P>
    <BARRIER_PRICE4P>0</BARRIER_PRICE4P>
    <BARRIER_PRICE5P>0</BARRIER_PRICE5P>
    <BARRIER_PRICE6P>0</BARRIER_PRICE6P>
    <KK_PRICEP>0</KK_PRICEP>
    <PR1>0</PR1>
    <PR2>0</PR2>
    <MIN_YIELD1P>0</MIN_YIELD1P>
    <MIN_YIELD2P>0</MIN_YIELD2P>
    <MAX_YIELD1P>3.04</MAX_YIELD1P>
    <MAX_YIELD2P>0</MAX_YIELD2P>
    <REBATE_AMT>0</REBATE_AMT>
    <REBATEP>0.25</REBATEP>
    <NOTE_CURR>THB</NOTE_CURR>
    <UNDERLYING_CURR>THB</UNDERLYING_CURR>
    <FX_DELIVERY_AMT>0</FX_DELIVERY_AMT>
    <SURPLUS_CASH>0</SURPLUS_CASH>
    <SUB_BEGIN_DATE>11/06/2021</SUB_BEGIN_DATE>
    <SUB_END_DATE>11/06/2021</SUB_END_DATE>
    <TRADE_DATE>11/06/2021</TRADE_DATE>
    <EFFECTIVE_DATE>15/06/2021</EFFECTIVE_DATE>
    <SETTLE_DATE>15/06/2021</SETTLE_DATE>
    <ISSUE_DATE>15/06/2021</ISSUE_DATE>
    <FIXING_DATE>13/07/2021</FIXING_DATE>
    <MATURITY_DATE>15/07/2021</MATURITY_DATE>
    <SETTLE_PERIOD>2</SETTLE_PERIOD>
    <EXCRATE_TRADEDATE>0</EXCRATE_TRADEDATE>
    <EXCHANGE1>SET</EXCHANGE1>
    <CUST_TYPE>15</CUST_TYPE>
    <PAY_TYPE>C</PAY_TYPE>
    <STN_NAME>??????????????????????? ???????????????????????????????????????????? KTC, OSP, VGI ????????? ?????????????????????? ????? (?????)</STN_NAME>
    <STN_TYPE_DESC>??????????????????????????????????????? ?????? Bonus Digital Note ??????????????????????????</STN_TYPE_DESC>
    <STN_RETURN>???????????????????????????????????? ??????????????????????? ????????????? ??? Rebate</STN_RETURN>
    <STN_RULE_REDEEM>??????????????????????????????????????????? ??????????????????????????????????????????????????????????????????????????????? (?????) ?????????????????????????????????????????????? ????????????????????????????????????????????????????????????????????? 2 ???? ??????
??????? 1 ??????????????????????? ? ?????????????????????????????????? (Fixing Price) ?????????????????????????????? (Strike Price)
(?) ?????????????? ??????????????????????? × ??????????????????????? 
(?) ??????????????? ??????????????????????? × Min Yield × (??????????/365)
(?) ??????????????? ??????????????????????? × Rebate
??????? 2 ???????????????????????????????????????? ? ?????????????????????????????????? (Fixing Price) ??????????????????? (Strike Price)
(?) ?????????????? ??????????????????????? × ??????????????????????? 
(?) ??????????????? ??????????????????????? × Min Yield × (??????????/365)</STN_RULE_REDEEM>
    <SETTLE_PRICE1>40</SETTLE_PRICE1>
    <SETTLE_PRICE2>58</SETTLE_PRICE2>
    <SETTLE_PRICE3>0</SETTLE_PRICE3>
    <SETTLE_PRICE4>0</SETTLE_PRICE4>
    <SETTLE_PRICE5>0</SETTLE_PRICE5>
    <SETTLE_PRICE6>0</SETTLE_PRICE6>
    <SETTLE_DAYS>0</SETTLE_DAYS>
    <SETTLE_FXRATE>0</SETTLE_FXRATE>
    <STN_SEQ>1/2564</STN_SEQ>
    <STN_SEQDATE>20 ?????? 2564</STN_SEQDATE>
    <BANKNAME>?????????????????????? ????? (?????)</BANKNAME>
  </TB_STNCONF>
  <TB_STNCONF>
    <STNID>543</STNID>
    <ACTION>New Trade</ACTION>
    <CURR_DATE>11/06/2021</CURR_DATE>
    <ORDER_NO>2021500077</ORDER_NO>
    <ACCT_NO>20565702</ACCT_NO>
    <SYMBOL>KKBODNP21715Z</SYMBOL>
    <KKSYMBOL>KKP21715Z</KKSYMBOL>
    <UNIT>5</UNIT>
    <AMOUNT>5000000</AMOUNT>
    <FIRST_NAME_EN>TEERACHAI CORPORATION CO. LTD.</FIRST_NAME_EN>
    <FULLNAME>???. ??ê?? ??????ê?? </FULLNAME>
    <TAXID>0105518009797</TAXID>
    <CUST_BANK_CODE>KK</CUST_BANK_CODE>
    <CUST_BANK_ACCT>2001673692</CUST_BANK_ACCT>
    <TEL>02-4258989</TEL>
    <EMAIL>kruavals@gmail.com,nattaya@teerachai.co.th</EMAIL>
    <FC_NAME>Komson Attavivan</FC_NAME>
    <FC_EMAIL>Komson.Atta@kkpfg.com</FC_EMAIL>
    <STN_TYPE>BODN</STN_TYPE>
    <NOTE_SERIES>100/2564</NOTE_SERIES>
    <UNDERLYING1>PTT</UNDERLYING1>
    <UNDERLYING2>PTTGC</UNDERLYING2>
    <STRIKE_PRICE1>39.00|57.00</STRIKE_PRICE1>
    <STRIKE_PRICE2>0.00|0.00</STRIKE_PRICE2>
    <STRIKE_PRICE3>0.00|0.00</STRIKE_PRICE3>
    <STRIKE_PRICE4>0.00|0.00</STRIKE_PRICE4>
    <STRIKE_PRICE5>0.00|0.00</STRIKE_PRICE5>
    <STRIKE_PRICE6>0.00|0.00</STRIKE_PRICE6>
    <BARRIER_PRICE1>0.00|0.00</BARRIER_PRICE1>
    <BARRIER_PRICE2>0.00|0.00</BARRIER_PRICE2>
    <BARRIER_PRICE3>0.00|0.00</BARRIER_PRICE3>
    <BARRIER_PRICE4>0.00|0.00</BARRIER_PRICE4>
    <BARRIER_PRICE5>0.00|0.00</BARRIER_PRICE5>
    <BARRIER_PRICE6>0.00|0.00</BARRIER_PRICE6>
    <KI_PRICE>0</KI_PRICE>
    <PROTECT_LEVELP>100</PROTECT_LEVELP>
    <TTM>30</TTM>
    <TRADING_DAY>0</TRADING_DAY>
    <EXERCISE_TYPE>European</EXERCISE_TYPE>
    <PAR_VALUE>1000000</PAR_VALUE>
    <OFFER_PRICEP>100</OFFER_PRICEP>
    <OFFER_PRICE_AMT>5000000</OFFER_PRICE_AMT>
    <INITIAL_PRICEP>100</INITIAL_PRICEP>
    <INITIAL_PRICE_AMT>39.00|57.00</INITIAL_PRICE_AMT>
    <STRIKE_PRICE1P>100</STRIKE_PRICE1P>
    <STRIKE_PRICE2P>0</STRIKE_PRICE2P>
    <STRIKE_PRICE3P>0</STRIKE_PRICE3P>
    <STRIKE_PRICE4P>0</STRIKE_PRICE4P>
    <STRIKE_PRICE5P>0</STRIKE_PRICE5P>
    <STRIKE_PRICE6P>0</STRIKE_PRICE6P>
    <BARRIER_PRICE1P>0</BARRIER_PRICE1P>
    <BARRIER_PRICE2P>0</BARRIER_PRICE2P>
    <BARRIER_PRICE3P>0</BARRIER_PRICE3P>
    <BARRIER_PRICE4P>0</BARRIER_PRICE4P>
    <BARRIER_PRICE5P>0</BARRIER_PRICE5P>
    <BARRIER_PRICE6P>0</BARRIER_PRICE6P>
    <KK_PRICEP>0</KK_PRICEP>
    <PR1>0</PR1>
    <PR2>0</PR2>
    <MIN_YIELD1P>0</MIN_YIELD1P>
    <MIN_YIELD2P>0</MIN_YIELD2P>
    <MAX_YIELD1P>3.04</MAX_YIELD1P>
    <MAX_YIELD2P>0</MAX_YIELD2P>
    <REBATE_AMT>0</REBATE_AMT>
    <REBATEP>0.25</REBATEP>
    <NOTE_CURR>THB</NOTE_CURR>
    <UNDERLYING_CURR>THB</UNDERLYING_CURR>
    <FX_DELIVERY_AMT>0</FX_DELIVERY_AMT>
    <SURPLUS_CASH>0</SURPLUS_CASH>
    <SUB_BEGIN_DATE>11/06/2021</SUB_BEGIN_DATE>
    <SUB_END_DATE>11/06/2021</SUB_END_DATE>
    <TRADE_DATE>11/06/2021</TRADE_DATE>
    <EFFECTIVE_DATE>15/06/2021</EFFECTIVE_DATE>
    <SETTLE_DATE>15/06/2021</SETTLE_DATE>
    <ISSUE_DATE>15/06/2021</ISSUE_DATE>
    <FIXING_DATE>13/07/2021</FIXING_DATE>
    <MATURITY_DATE>15/07/2021</MATURITY_DATE>
    <SETTLE_PERIOD>2</SETTLE_PERIOD>
    <EXCRATE_TRADEDATE>0</EXCRATE_TRADEDATE>
    <EXCHANGE1>SET</EXCHANGE1>
    <CUST_TYPE>1</CUST_TYPE>
    <PAY_TYPE>C</PAY_TYPE>
    <STN_NAME>??????????????????????? ???????????????????????????????????????????? KTC, OSP, VGI ????????? ?????????????????????? ????? (?????)</STN_NAME>
    <STN_TYPE_DESC>??????????????????????????????????????? ?????? Bonus Digital Note ??????????????????????????</STN_TYPE_DESC>
    <STN_RETURN>???????????????????????????????????? ??????????????????????? ????????????? ??? Rebate</STN_RETURN>
    <STN_RULE_REDEEM>??????????????????????????????????????????? ??????????????????????????????????????????????????????????????????????????????? (?????) ?????????????????????????????????????????????? ????????????????????????????????????????????????????????????????????? 2 ???? ??????
??????? 1 ??????????????????????? ? ?????????????????????????????????? (Fixing Price) ?????????????????????????????? (Strike Price)
(?) ?????????????? ??????????????????????? × ??????????????????????? 
(?) ??????????????? ??????????????????????? × Min Yield × (??????????/365)
(?) ??????????????? ??????????????????????? × Rebate
??????? 2 ???????????????????????????????????????? ? ?????????????????????????????????? (Fixing Price) ??????????????????? (Strike Price)
(?) ?????????????? ??????????????????????? × ??????????????????????? 
(?) ??????????????? ??????????????????????? × Min Yield × (??????????/365)</STN_RULE_REDEEM>
    <SETTLE_PRICE1>40</SETTLE_PRICE1>
    <SETTLE_PRICE2>58</SETTLE_PRICE2>
    <SETTLE_PRICE3>0</SETTLE_PRICE3>
    <SETTLE_PRICE4>0</SETTLE_PRICE4>
    <SETTLE_PRICE5>0</SETTLE_PRICE5>
    <SETTLE_PRICE6>0</SETTLE_PRICE6>
    <SETTLE_DAYS>0</SETTLE_DAYS>
    <SETTLE_FXRATE>0</SETTLE_FXRATE>
    <STN_SEQ>1/2564</STN_SEQ>
    <STN_SEQDATE>20 ?????? 2564</STN_SEQDATE>
    <BANKNAME>?????????????????????? ????? (?????)</BANKNAME>
  </TB_STNCONF>
</NewDataSet>
2021-08-19 03:29:29,862 [15] INFO  KKB.Treasury.TreasuryModel.Model.Model_RPT_SETTLEMENTREPORT [(null)] - -----Model_RPT_SETTLEMENTREPORT Finish-----
2021-08-19 12:31:37,485 [4] INFO  TreasuryShadowSystem.Model.Model_Tb_Menu_Auth [(null)] - Select p.* From (Select l.* From OPICINF.KKB_TB_MS_LOOKUP l, OPICINF.KKB_TB_MS_MENU_AUTH a Where l.ID=a.MENU_ID And l.ENABLED='1' And a.USERGROUP_ID=(SELECT USERGROUP_ID FROM OPICINF.KKB_TB_MS_USERGROUP WHERE USERGROUP_NAME = 'ITProject') UNION Select * From OPICINF.KKB_TB_MS_LOOKUP WHERE ENABLED='1' AND ID IN (Select DISTINCT GROUPID From OPICINF.KKB_TB_MS_LOOKUP l, OPICINF.KKB_TB_MS_MENU_AUTH a Where l.ID=a.MENU_ID And l.ENABLED='1' And a.USERGROUP_ID=(SELECT USERGROUP_ID FROM OPICINF.KKB_TB_MS_USERGROUP WHERE USERGROUP_NAME = 'ITProject')) ) p Order By p.GroupID, p.SEQ 
2021-08-19 12:31:37,550 [4] INFO  TreasuryShadowSystem.Login [(null)] - Login successfull on :19/08/2021 12:31:37
2021-08-19 12:31:37,624 [4] ERROR TreasuryShadowSystem.Login [(null)] - Thread was being aborted.
2021-08-19 12:31:45,110 [4] INFO  TreasuryShadowSystem.STN.MasterSTN [(null)] - BindGridReport MasterSTN
2021-08-19 12:31:45,267 [4] INFO  TreasuryShadowSystem.STN.MasterSTN [(null)] - MasterSTN ConvertDataTableToListMaster
2021-08-19 12:31:45,268 [4] INFO  TreasuryShadowSystem.STN.MasterSTN [(null)] - 1
2021-08-19 12:31:45,270 [4] INFO  TreasuryShadowSystem.STN.MasterSTN [(null)] - 2
2021-08-19 12:31:45,270 [4] INFO  TreasuryShadowSystem.STN.MasterSTN [(null)] - 3
2021-08-19 12:31:45,270 [4] INFO  TreasuryShadowSystem.STN.MasterSTN [(null)] - 4
2021-08-19 12:31:45,270 [4] INFO  TreasuryShadowSystem.STN.MasterSTN [(null)] - 5
2021-08-19 12:31:45,270 [4] INFO  TreasuryShadowSystem.STN.MasterSTN [(null)] - 6
2021-08-19 12:31:45,270 [4] INFO  TreasuryShadowSystem.STN.MasterSTN [(null)] - 7
2021-08-19 12:31:45,270 [4] INFO  TreasuryShadowSystem.STN.MasterSTN [(null)] - 8
2021-08-19 12:31:45,270 [4] INFO  TreasuryShadowSystem.STN.MasterSTN [(null)] - 9
2021-08-19 12:31:45,285 [4] INFO  TreasuryModel.Data.STNMASTER [(null)] - -----STNNAME Start getSTN-----
2021-08-19 12:31:45,312 [4] INFO  TreasuryModel.Data.STNMASTER [(null)] - -----STNNAME Start getSTN-----
2021-08-19 12:31:45,331 [4] INFO  TreasuryModel.Data.STNMASTER [(null)] - -----STNNAME Start getSTN-----
2021-08-19 12:31:45,346 [4] INFO  TreasuryModel.Data.STNMASTER [(null)] - -----STNNAME Start getSTN-----
2021-08-19 12:31:45,363 [4] INFO  TreasuryModel.Data.STNMASTER [(null)] - -----STNNAME Start getSTN-----
2021-08-19 12:31:45,378 [4] INFO  TreasuryModel.Data.STNMASTER [(null)] - -----STNNAME Start getSTN-----
2021-08-19 12:31:45,399 [4] INFO  TreasuryModel.Data.STNMASTER [(null)] - -----STNNAME Start getSTN-----
2021-08-19 12:31:45,421 [4] INFO  TreasuryModel.Data.STNMASTER [(null)] - -----STNNAME Start getSTN-----
2021-08-19 12:31:45,449 [4] INFO  TreasuryModel.Data.STNMASTER [(null)] - -----STNNAME Start getSTN-----
2021-08-19 12:31:50,427 [4] INFO  TreasuryShadowSystem.STN.MasterSTN [(null)] - Get Report Settlement
2021-08-19 12:31:50,435 [4] INFO  TreasuryShadowSystem.STN.MasterSTN [(null)] - BindGridReport MasterSTN
2021-08-19 12:31:50,456 [4] INFO  TreasuryShadowSystem.STN.MasterSTN [(null)] - MasterSTN ConvertDataTableToListMaster
2021-08-19 12:31:50,456 [4] INFO  TreasuryShadowSystem.STN.MasterSTN [(null)] - 1
2021-08-19 12:31:50,456 [4] INFO  TreasuryShadowSystem.STN.MasterSTN [(null)] - 2
2021-08-19 12:31:50,456 [4] INFO  TreasuryShadowSystem.STN.MasterSTN [(null)] - 3
2021-08-19 12:31:50,456 [4] INFO  TreasuryShadowSystem.STN.MasterSTN [(null)] - 4
2021-08-19 12:31:50,457 [4] INFO  TreasuryShadowSystem.STN.MasterSTN [(null)] - 5
2021-08-19 12:31:50,457 [4] INFO  TreasuryShadowSystem.STN.MasterSTN [(null)] - 6
2021-08-19 12:31:50,457 [4] INFO  TreasuryShadowSystem.STN.MasterSTN [(null)] - 7
2021-08-19 12:31:50,457 [4] INFO  TreasuryShadowSystem.STN.MasterSTN [(null)] - 8
2021-08-19 12:31:50,457 [4] INFO  TreasuryShadowSystem.STN.MasterSTN [(null)] - 9
2021-08-19 12:31:50,458 [4] INFO  TreasuryModel.Data.STNMASTER [(null)] - -----STNNAME Start getSTN-----
2021-08-19 12:31:50,475 [4] INFO  TreasuryModel.Data.STNMASTER [(null)] - -----STNNAME Start getSTN-----
2021-08-19 12:31:50,494 [4] INFO  TreasuryModel.Data.STNMASTER [(null)] - -----STNNAME Start getSTN-----
2021-08-19 12:31:50,512 [4] INFO  TreasuryModel.Data.STNMASTER [(null)] - -----STNNAME Start getSTN-----
2021-08-19 12:31:50,533 [4] INFO  TreasuryModel.Data.STNMASTER [(null)] - -----STNNAME Start getSTN-----
2021-08-19 12:31:50,552 [4] INFO  TreasuryModel.Data.STNMASTER [(null)] - -----STNNAME Start getSTN-----
2021-08-19 12:31:50,596 [4] INFO  TreasuryModel.Data.STNMASTER [(null)] - -----STNNAME Start getSTN-----
2021-08-19 12:31:50,622 [4] INFO  TreasuryModel.Data.STNMASTER [(null)] - -----STNNAME Start getSTN-----
2021-08-19 12:31:50,645 [4] INFO  TreasuryModel.Data.STNMASTER [(null)] - -----STNNAME Start getSTN-----
2021-08-19 12:31:55,287 [7] INFO  KKB.Treasury.TreasuryModel.Model.Model_RPT_SETTLEMENTREPORT [(null)] - -----Model_RPT_SETTLEMENTREPORT Start-----
2021-08-19 12:31:55,295 [7] INFO  KKB.Treasury.TreasuryModel.Model.Model_RPT_SETTLEMENTREPORT [(null)] - Store Procedure : OPICINF.KKB_SP_TSS_STNCONF
2021-08-19 12:31:57,989 [7] INFO  KKB.Treasury.TreasuryModel.Model.Model_RPT_SETTLEMENTREPORT [(null)] - <NewDataSet>
  <TB_STNCONF>
    <STNID>542</STNID>
    <ACTION>New Trade</ACTION>
    <CURR_DATE>11/06/2021</CURR_DATE>
    <ORDER_NO>2021500076</ORDER_NO>
    <ACCT_NO>20829112</ACCT_NO>
    <SYMBOL>KKBODNP21715Z</SYMBOL>
    <KKSYMBOL>KKP21715Z</KKSYMBOL>
    <UNIT>5</UNIT>
    <AMOUNT>5000000</AMOUNT>
    <FIRST_NAME_EN>SOMBATH</FIRST_NAME_EN>
    <FULLNAME>??? ????? ???????</FULLNAME>
    <TAXID>3101200761611</TAXID>
    <CUST_BANK_CODE>KK</CUST_BANK_CODE>
    <CUST_BANK_ACCT>00922620014234</CUST_BANK_ACCT>
    <TEL>02-2853265</TEL>
    <EMAIL>siriwan_do@yahoo.com</EMAIL>
    <FC_NAME>Yupaporn Sirichainarumitr</FC_NAME>
    <FC_EMAIL>Yupaporn.Siri@kkpfg.com</FC_EMAIL>
    <STN_TYPE>BODN</STN_TYPE>
    <NOTE_SERIES>100/2564</NOTE_SERIES>
    <UNDERLYING1>PTT</UNDERLYING1>
    <UNDERLYING2>PTTGC</UNDERLYING2>
    <STRIKE_PRICE1>39.00|57.00</STRIKE_PRICE1>
    <STRIKE_PRICE2>0.00|0.00</STRIKE_PRICE2>
    <STRIKE_PRICE3>0.00|0.00</STRIKE_PRICE3>
    <STRIKE_PRICE4>0.00|0.00</STRIKE_PRICE4>
    <STRIKE_PRICE5>0.00|0.00</STRIKE_PRICE5>
    <STRIKE_PRICE6>0.00|0.00</STRIKE_PRICE6>
    <BARRIER_PRICE1>0.00|0.00</BARRIER_PRICE1>
    <BARRIER_PRICE2>0.00|0.00</BARRIER_PRICE2>
    <BARRIER_PRICE3>0.00|0.00</BARRIER_PRICE3>
    <BARRIER_PRICE4>0.00|0.00</BARRIER_PRICE4>
    <BARRIER_PRICE5>0.00|0.00</BARRIER_PRICE5>
    <BARRIER_PRICE6>0.00|0.00</BARRIER_PRICE6>
    <KI_PRICE>0</KI_PRICE>
    <PROTECT_LEVELP>100</PROTECT_LEVELP>
    <TTM>30</TTM>
    <TRADING_DAY>0</TRADING_DAY>
    <EXERCISE_TYPE>European</EXERCISE_TYPE>
    <PAR_VALUE>1000000</PAR_VALUE>
    <OFFER_PRICEP>100</OFFER_PRICEP>
    <OFFER_PRICE_AMT>5000000</OFFER_PRICE_AMT>
    <INITIAL_PRICEP>100</INITIAL_PRICEP>
    <INITIAL_PRICE_AMT>39.00|57.00</INITIAL_PRICE_AMT>
    <STRIKE_PRICE1P>100</STRIKE_PRICE1P>
    <STRIKE_PRICE2P>0</STRIKE_PRICE2P>
    <STRIKE_PRICE3P>0</STRIKE_PRICE3P>
    <STRIKE_PRICE4P>0</STRIKE_PRICE4P>
    <STRIKE_PRICE5P>0</STRIKE_PRICE5P>
    <STRIKE_PRICE6P>0</STRIKE_PRICE6P>
    <BARRIER_PRICE1P>0</BARRIER_PRICE1P>
    <BARRIER_PRICE2P>0</BARRIER_PRICE2P>
    <BARRIER_PRICE3P>0</BARRIER_PRICE3P>
    <BARRIER_PRICE4P>0</BARRIER_PRICE4P>
    <BARRIER_PRICE5P>0</BARRIER_PRICE5P>
    <BARRIER_PRICE6P>0</BARRIER_PRICE6P>
    <KK_PRICEP>0</KK_PRICEP>
    <PR1>0</PR1>
    <PR2>0</PR2>
    <MIN_YIELD1P>0</MIN_YIELD1P>
    <MIN_YIELD2P>0</MIN_YIELD2P>
    <MAX_YIELD1P>3.04</MAX_YIELD1P>
    <MAX_YIELD2P>0</MAX_YIELD2P>
    <REBATE_AMT>0</REBATE_AMT>
    <REBATEP>0.25</REBATEP>
    <NOTE_CURR>THB</NOTE_CURR>
    <UNDERLYING_CURR>THB</UNDERLYING_CURR>
    <FX_DELIVERY_AMT>0</FX_DELIVERY_AMT>
    <SURPLUS_CASH>0</SURPLUS_CASH>
    <SUB_BEGIN_DATE>11/06/2021</SUB_BEGIN_DATE>
    <SUB_END_DATE>11/06/2021</SUB_END_DATE>
    <TRADE_DATE>11/06/2021</TRADE_DATE>
    <EFFECTIVE_DATE>15/06/2021</EFFECTIVE_DATE>
    <SETTLE_DATE>15/06/2021</SETTLE_DATE>
    <ISSUE_DATE>15/06/2021</ISSUE_DATE>
    <FIXING_DATE>13/07/2021</FIXING_DATE>
    <MATURITY_DATE>15/07/2021</MATURITY_DATE>
    <SETTLE_PERIOD>2</SETTLE_PERIOD>
    <EXCRATE_TRADEDATE>0</EXCRATE_TRADEDATE>
    <EXCHANGE1>SET</EXCHANGE1>
    <CUST_TYPE>15</CUST_TYPE>
    <PAY_TYPE>C</PAY_TYPE>
    <STN_NAME>??????????????????????? ???????????????????????????????????????????? KTC, OSP, VGI ????????? ?????????????????????? ????? (?????)</STN_NAME>
    <STN_TYPE_DESC>??????????????????????????????????????? ?????? Bonus Digital Note ??????????????????????????</STN_TYPE_DESC>
    <STN_RETURN>???????????????????????????????????? ??????????????????????? ????????????? ??? Rebate</STN_RETURN>
    <STN_RULE_REDEEM>??????????????????????????????????????????? ??????????????????????????????????????????????????????????????????????????????? (?????) ?????????????????????????????????????????????? ????????????????????????????????????????????????????????????????????? 2 ???? ??????
??????? 1 ??????????????????????? ? ?????????????????????????????????? (Fixing Price) ?????????????????????????????? (Strike Price)
(?) ?????????????? ??????????????????????? × ??????????????????????? 
(?) ??????????????? ??????????????????????? × Min Yield × (??????????/365)
(?) ??????????????? ??????????????????????? × Rebate
??????? 2 ???????????????????????????????????????? ? ?????????????????????????????????? (Fixing Price) ??????????????????? (Strike Price)
(?) ?????????????? ??????????????????????? × ??????????????????????? 
(?) ??????????????? ??????????????????????? × Min Yield × (??????????/365)</STN_RULE_REDEEM>
    <SETTLE_PRICE1>40</SETTLE_PRICE1>
    <SETTLE_PRICE2>58</SETTLE_PRICE2>
    <SETTLE_PRICE3>0</SETTLE_PRICE3>
    <SETTLE_PRICE4>0</SETTLE_PRICE4>
    <SETTLE_PRICE5>0</SETTLE_PRICE5>
    <SETTLE_PRICE6>0</SETTLE_PRICE6>
    <SETTLE_DAYS>0</SETTLE_DAYS>
    <SETTLE_FXRATE>0</SETTLE_FXRATE>
    <STN_SEQ>1/2564</STN_SEQ>
    <STN_SEQDATE>20 ?????? 2564</STN_SEQDATE>
    <BANKNAME>?????????????????????? ????? (?????)</BANKNAME>
  </TB_STNCONF>
  <TB_STNCONF>
    <STNID>543</STNID>
    <ACTION>New Trade</ACTION>
    <CURR_DATE>11/06/2021</CURR_DATE>
    <ORDER_NO>2021500077</ORDER_NO>
    <ACCT_NO>20565702</ACCT_NO>
    <SYMBOL>KKBODNP21715Z</SYMBOL>
    <KKSYMBOL>KKP21715Z</KKSYMBOL>
    <UNIT>5</UNIT>
    <AMOUNT>5000000</AMOUNT>
    <FIRST_NAME_EN>TEERACHAI CORPORATION CO. LTD.</FIRST_NAME_EN>
    <FULLNAME>???. ??ê?? ??????ê?? </FULLNAME>
    <TAXID>0105518009797</TAXID>
    <CUST_BANK_CODE>KK</CUST_BANK_CODE>
    <CUST_BANK_ACCT>2001673692</CUST_BANK_ACCT>
    <TEL>02-4258989</TEL>
    <EMAIL>kruavals@gmail.com,nattaya@teerachai.co.th</EMAIL>
    <FC_NAME>Komson Attavivan</FC_NAME>
    <FC_EMAIL>Komson.Atta@kkpfg.com</FC_EMAIL>
    <STN_TYPE>BODN</STN_TYPE>
    <NOTE_SERIES>100/2564</NOTE_SERIES>
    <UNDERLYING1>PTT</UNDERLYING1>
    <UNDERLYING2>PTTGC</UNDERLYING2>
    <STRIKE_PRICE1>39.00|57.00</STRIKE_PRICE1>
    <STRIKE_PRICE2>0.00|0.00</STRIKE_PRICE2>
    <STRIKE_PRICE3>0.00|0.00</STRIKE_PRICE3>
    <STRIKE_PRICE4>0.00|0.00</STRIKE_PRICE4>
    <STRIKE_PRICE5>0.00|0.00</STRIKE_PRICE5>
    <STRIKE_PRICE6>0.00|0.00</STRIKE_PRICE6>
    <BARRIER_PRICE1>0.00|0.00</BARRIER_PRICE1>
    <BARRIER_PRICE2>0.00|0.00</BARRIER_PRICE2>
    <BARRIER_PRICE3>0.00|0.00</BARRIER_PRICE3>
    <BARRIER_PRICE4>0.00|0.00</BARRIER_PRICE4>
    <BARRIER_PRICE5>0.00|0.00</BARRIER_PRICE5>
    <BARRIER_PRICE6>0.00|0.00</BARRIER_PRICE6>
    <KI_PRICE>0</KI_PRICE>
    <PROTECT_LEVELP>100</PROTECT_LEVELP>
    <TTM>30</TTM>
    <TRADING_DAY>0</TRADING_DAY>
    <EXERCISE_TYPE>European</EXERCISE_TYPE>
    <PAR_VALUE>1000000</PAR_VALUE>
    <OFFER_PRICEP>100</OFFER_PRICEP>
    <OFFER_PRICE_AMT>5000000</OFFER_PRICE_AMT>
    <INITIAL_PRICEP>100</INITIAL_PRICEP>
    <INITIAL_PRICE_AMT>39.00|57.00</INITIAL_PRICE_AMT>
    <STRIKE_PRICE1P>100</STRIKE_PRICE1P>
    <STRIKE_PRICE2P>0</STRIKE_PRICE2P>
    <STRIKE_PRICE3P>0</STRIKE_PRICE3P>
    <STRIKE_PRICE4P>0</STRIKE_PRICE4P>
    <STRIKE_PRICE5P>0</STRIKE_PRICE5P>
    <STRIKE_PRICE6P>0</STRIKE_PRICE6P>
    <BARRIER_PRICE1P>0</BARRIER_PRICE1P>
    <BARRIER_PRICE2P>0</BARRIER_PRICE2P>
    <BARRIER_PRICE3P>0</BARRIER_PRICE3P>
    <BARRIER_PRICE4P>0</BARRIER_PRICE4P>
    <BARRIER_PRICE5P>0</BARRIER_PRICE5P>
    <BARRIER_PRICE6P>0</BARRIER_PRICE6P>
    <KK_PRICEP>0</KK_PRICEP>
    <PR1>0</PR1>
    <PR2>0</PR2>
    <MIN_YIELD1P>0</MIN_YIELD1P>
    <MIN_YIELD2P>0</MIN_YIELD2P>
    <MAX_YIELD1P>3.04</MAX_YIELD1P>
    <MAX_YIELD2P>0</MAX_YIELD2P>
    <REBATE_AMT>0</REBATE_AMT>
    <REBATEP>0.25</REBATEP>
    <NOTE_CURR>THB</NOTE_CURR>
    <UNDERLYING_CURR>THB</UNDERLYING_CURR>
    <FX_DELIVERY_AMT>0</FX_DELIVERY_AMT>
    <SURPLUS_CASH>0</SURPLUS_CASH>
    <SUB_BEGIN_DATE>11/06/2021</SUB_BEGIN_DATE>
    <SUB_END_DATE>11/06/2021</SUB_END_DATE>
    <TRADE_DATE>11/06/2021</TRADE_DATE>
    <EFFECTIVE_DATE>15/06/2021</EFFECTIVE_DATE>
    <SETTLE_DATE>15/06/2021</SETTLE_DATE>
    <ISSUE_DATE>15/06/2021</ISSUE_DATE>
    <FIXING_DATE>13/07/2021</FIXING_DATE>
    <MATURITY_DATE>15/07/2021</MATURITY_DATE>
    <SETTLE_PERIOD>2</SETTLE_PERIOD>
    <EXCRATE_TRADEDATE>0</EXCRATE_TRADEDATE>
    <EXCHANGE1>SET</EXCHANGE1>
    <CUST_TYPE>1</CUST_TYPE>
    <PAY_TYPE>C</PAY_TYPE>
    <STN_NAME>??????????????????????? ???????????????????????????????????????????? KTC, OSP, VGI ????????? ?????????????????????? ????? (?????)</STN_NAME>
    <STN_TYPE_DESC>??????????????????????????????????????? ?????? Bonus Digital Note ??????????????????????????</STN_TYPE_DESC>
    <STN_RETURN>???????????????????????????????????? ??????????????????????? ????????????? ??? Rebate</STN_RETURN>
    <STN_RULE_REDEEM>??????????????????????????????????????????? ??????????????????????????????????????????????????????????????????????????????? (?????) ?????????????????????????????????????????????? ????????????????????????????????????????????????????????????????????? 2 ???? ??????
??????? 1 ??????????????????????? ? ?????????????????????????????????? (Fixing Price) ?????????????????????????????? (Strike Price)
(?) ?????????????? ??????????????????????? × ??????????????????????? 
(?) ??????????????? ??????????????????????? × Min Yield × (??????????/365)
(?) ??????????????? ??????????????????????? × Rebate
??????? 2 ???????????????????????????????????????? ? ?????????????????????????????????? (Fixing Price) ??????????????????? (Strike Price)
(?) ?????????????? ??????????????????????? × ??????????????????????? 
(?) ??????????????? ??????????????????????? × Min Yield × (??????????/365)</STN_RULE_REDEEM>
    <SETTLE_PRICE1>40</SETTLE_PRICE1>
    <SETTLE_PRICE2>58</SETTLE_PRICE2>
    <SETTLE_PRICE3>0</SETTLE_PRICE3>
    <SETTLE_PRICE4>0</SETTLE_PRICE4>
    <SETTLE_PRICE5>0</SETTLE_PRICE5>
    <SETTLE_PRICE6>0</SETTLE_PRICE6>
    <SETTLE_DAYS>0</SETTLE_DAYS>
    <SETTLE_FXRATE>0</SETTLE_FXRATE>
    <STN_SEQ>1/2564</STN_SEQ>
    <STN_SEQDATE>20 ?????? 2564</STN_SEQDATE>
    <BANKNAME>?????????????????????? ????? (?????)</BANKNAME>
  </TB_STNCONF>
</NewDataSet>
2021-08-19 12:31:58,109 [7] INFO  KKB.Treasury.TreasuryModel.Model.Model_RPT_SETTLEMENTREPORT [(null)] - <NewDataSet>
  <TB_STNCONF>
    <STNID>542</STNID>
    <ACTION>New Trade</ACTION>
    <CURR_DATE>11/06/2021</CURR_DATE>
    <ORDER_NO>2021500076</ORDER_NO>
    <ACCT_NO>20829112</ACCT_NO>
    <SYMBOL>KKBODNP21715Z</SYMBOL>
    <KKSYMBOL>KKP21715Z</KKSYMBOL>
    <UNIT>5</UNIT>
    <AMOUNT>5000000</AMOUNT>
    <FIRST_NAME_EN>SOMBATH</FIRST_NAME_EN>
    <FULLNAME>??? ????? ???????</FULLNAME>
    <TAXID>3101200761611</TAXID>
    <CUST_BANK_CODE>KK</CUST_BANK_CODE>
    <CUST_BANK_ACCT>00922620014234</CUST_BANK_ACCT>
    <TEL>02-2853265</TEL>
    <EMAIL>siriwan_do@yahoo.com</EMAIL>
    <FC_NAME>Yupaporn Sirichainarumitr</FC_NAME>
    <FC_EMAIL>Yupaporn.Siri@kkpfg.com</FC_EMAIL>
    <STN_TYPE>BODN</STN_TYPE>
    <NOTE_SERIES>100/2564</NOTE_SERIES>
    <UNDERLYING1>PTT</UNDERLYING1>
    <UNDERLYING2>PTTGC</UNDERLYING2>
    <STRIKE_PRICE1>39.00|57.00</STRIKE_PRICE1>
    <STRIKE_PRICE2>0.00|0.00</STRIKE_PRICE2>
    <STRIKE_PRICE3>0.00|0.00</STRIKE_PRICE3>
    <STRIKE_PRICE4>0.00|0.00</STRIKE_PRICE4>
    <STRIKE_PRICE5>0.00|0.00</STRIKE_PRICE5>
    <STRIKE_PRICE6>0.00|0.00</STRIKE_PRICE6>
    <BARRIER_PRICE1>0.00|0.00</BARRIER_PRICE1>
    <BARRIER_PRICE2>0.00|0.00</BARRIER_PRICE2>
    <BARRIER_PRICE3>0.00|0.00</BARRIER_PRICE3>
    <BARRIER_PRICE4>0.00|0.00</BARRIER_PRICE4>
    <BARRIER_PRICE5>0.00|0.00</BARRIER_PRICE5>
    <BARRIER_PRICE6>0.00|0.00</BARRIER_PRICE6>
    <KI_PRICE>0</KI_PRICE>
    <PROTECT_LEVELP>100</PROTECT_LEVELP>
    <TTM>30</TTM>
    <TRADING_DAY>0</TRADING_DAY>
    <EXERCISE_TYPE>European</EXERCISE_TYPE>
    <PAR_VALUE>1000000</PAR_VALUE>
    <OFFER_PRICEP>100</OFFER_PRICEP>
    <OFFER_PRICE_AMT>5000000</OFFER_PRICE_AMT>
    <INITIAL_PRICEP>100</INITIAL_PRICEP>
    <INITIAL_PRICE_AMT>39.00|57.00</INITIAL_PRICE_AMT>
    <STRIKE_PRICE1P>100</STRIKE_PRICE1P>
    <STRIKE_PRICE2P>0</STRIKE_PRICE2P>
    <STRIKE_PRICE3P>0</STRIKE_PRICE3P>
    <STRIKE_PRICE4P>0</STRIKE_PRICE4P>
    <STRIKE_PRICE5P>0</STRIKE_PRICE5P>
    <STRIKE_PRICE6P>0</STRIKE_PRICE6P>
    <BARRIER_PRICE1P>0</BARRIER_PRICE1P>
    <BARRIER_PRICE2P>0</BARRIER_PRICE2P>
    <BARRIER_PRICE3P>0</BARRIER_PRICE3P>
    <BARRIER_PRICE4P>0</BARRIER_PRICE4P>
    <BARRIER_PRICE5P>0</BARRIER_PRICE5P>
    <BARRIER_PRICE6P>0</BARRIER_PRICE6P>
    <KK_PRICEP>0</KK_PRICEP>
    <PR1>0</PR1>
    <PR2>0</PR2>
    <MIN_YIELD1P>0</MIN_YIELD1P>
    <MIN_YIELD2P>0</MIN_YIELD2P>
    <MAX_YIELD1P>3.04</MAX_YIELD1P>
    <MAX_YIELD2P>0</MAX_YIELD2P>
    <REBATE_AMT>0</REBATE_AMT>
    <REBATEP>0.25</REBATEP>
    <NOTE_CURR>THB</NOTE_CURR>
    <UNDERLYING_CURR>THB</UNDERLYING_CURR>
    <FX_DELIVERY_AMT>0</FX_DELIVERY_AMT>
    <SURPLUS_CASH>0</SURPLUS_CASH>
    <SUB_BEGIN_DATE>11/06/2021</SUB_BEGIN_DATE>
    <SUB_END_DATE>11/06/2021</SUB_END_DATE>
    <TRADE_DATE>11/06/2021</TRADE_DATE>
    <EFFECTIVE_DATE>15/06/2021</EFFECTIVE_DATE>
    <SETTLE_DATE>15/06/2021</SETTLE_DATE>
    <ISSUE_DATE>15/06/2021</ISSUE_DATE>
    <FIXING_DATE>13/07/2021</FIXING_DATE>
    <MATURITY_DATE>15/07/2021</MATURITY_DATE>
    <SETTLE_PERIOD>2</SETTLE_PERIOD>
    <EXCRATE_TRADEDATE>0</EXCRATE_TRADEDATE>
    <EXCHANGE1>SET</EXCHANGE1>
    <CUST_TYPE>15</CUST_TYPE>
    <PAY_TYPE>C</PAY_TYPE>
    <STN_NAME>??????????????????????? ???????????????????????????????????????????? KTC, OSP, VGI ????????? ?????????????????????? ????? (?????)</STN_NAME>
    <STN_TYPE_DESC>??????????????????????????????????????? ?????? Bonus Digital Note ??????????????????????????</STN_TYPE_DESC>
    <STN_RETURN>???????????????????????????????????? ??????????????????????? ????????????? ??? Rebate</STN_RETURN>
    <STN_RULE_REDEEM>??????????????????????????????????????????? ??????????????????????????????????????????????????????????????????????????????? (?????) ?????????????????????????????????????????????? ????????????????????????????????????????????????????????????????????? 2 ???? ??????
??????? 1 ??????????????????????? ? ?????????????????????????????????? (Fixing Price) ?????????????????????????????? (Strike Price)
(?) ?????????????? ??????????????????????? × ??????????????????????? 
(?) ??????????????? ??????????????????????? × Min Yield × (??????????/365)
(?) ??????????????? ??????????????????????? × Rebate
??????? 2 ???????????????????????????????????????? ? ?????????????????????????????????? (Fixing Price) ??????????????????? (Strike Price)
(?) ?????????????? ??????????????????????? × ??????????????????????? 
(?) ??????????????? ??????????????????????? × Min Yield × (??????????/365)</STN_RULE_REDEEM>
    <SETTLE_PRICE1>40</SETTLE_PRICE1>
    <SETTLE_PRICE2>58</SETTLE_PRICE2>
    <SETTLE_PRICE3>0</SETTLE_PRICE3>
    <SETTLE_PRICE4>0</SETTLE_PRICE4>
    <SETTLE_PRICE5>0</SETTLE_PRICE5>
    <SETTLE_PRICE6>0</SETTLE_PRICE6>
    <SETTLE_DAYS>0</SETTLE_DAYS>
    <SETTLE_FXRATE>0</SETTLE_FXRATE>
    <STN_SEQ>1/2564</STN_SEQ>
    <STN_SEQDATE>20 ?????? 2564</STN_SEQDATE>
    <BANKNAME>?????????????????????? ????? (?????)</BANKNAME>
  </TB_STNCONF>
  <TB_STNCONF>
    <STNID>543</STNID>
    <ACTION>New Trade</ACTION>
    <CURR_DATE>11/06/2021</CURR_DATE>
    <ORDER_NO>2021500077</ORDER_NO>
    <ACCT_NO>20565702</ACCT_NO>
    <SYMBOL>KKBODNP21715Z</SYMBOL>
    <KKSYMBOL>KKP21715Z</KKSYMBOL>
    <UNIT>5</UNIT>
    <AMOUNT>5000000</AMOUNT>
    <FIRST_NAME_EN>TEERACHAI CORPORATION CO. LTD.</FIRST_NAME_EN>
    <FULLNAME>???. ??ê?? ??????ê?? </FULLNAME>
    <TAXID>0105518009797</TAXID>
    <CUST_BANK_CODE>KK</CUST_BANK_CODE>
    <CUST_BANK_ACCT>2001673692</CUST_BANK_ACCT>
    <TEL>02-4258989</TEL>
    <EMAIL>kruavals@gmail.com,nattaya@teerachai.co.th</EMAIL>
    <FC_NAME>Komson Attavivan</FC_NAME>
    <FC_EMAIL>Komson.Atta@kkpfg.com</FC_EMAIL>
    <STN_TYPE>BODN</STN_TYPE>
    <NOTE_SERIES>100/2564</NOTE_SERIES>
    <UNDERLYING1>PTT</UNDERLYING1>
    <UNDERLYING2>PTTGC</UNDERLYING2>
    <STRIKE_PRICE1>39.00|57.00</STRIKE_PRICE1>
    <STRIKE_PRICE2>0.00|0.00</STRIKE_PRICE2>
    <STRIKE_PRICE3>0.00|0.00</STRIKE_PRICE3>
    <STRIKE_PRICE4>0.00|0.00</STRIKE_PRICE4>
    <STRIKE_PRICE5>0.00|0.00</STRIKE_PRICE5>
    <STRIKE_PRICE6>0.00|0.00</STRIKE_PRICE6>
    <BARRIER_PRICE1>0.00|0.00</BARRIER_PRICE1>
    <BARRIER_PRICE2>0.00|0.00</BARRIER_PRICE2>
    <BARRIER_PRICE3>0.00|0.00</BARRIER_PRICE3>
    <BARRIER_PRICE4>0.00|0.00</BARRIER_PRICE4>
    <BARRIER_PRICE5>0.00|0.00</BARRIER_PRICE5>
    <BARRIER_PRICE6>0.00|0.00</BARRIER_PRICE6>
    <KI_PRICE>0</KI_PRICE>
    <PROTECT_LEVELP>100</PROTECT_LEVELP>
    <TTM>30</TTM>
    <TRADING_DAY>0</TRADING_DAY>
    <EXERCISE_TYPE>European</EXERCISE_TYPE>
    <PAR_VALUE>1000000</PAR_VALUE>
    <OFFER_PRICEP>100</OFFER_PRICEP>
    <OFFER_PRICE_AMT>5000000</OFFER_PRICE_AMT>
    <INITIAL_PRICEP>100</INITIAL_PRICEP>
    <INITIAL_PRICE_AMT>39.00|57.00</INITIAL_PRICE_AMT>
    <STRIKE_PRICE1P>100</STRIKE_PRICE1P>
    <STRIKE_PRICE2P>0</STRIKE_PRICE2P>
    <STRIKE_PRICE3P>0</STRIKE_PRICE3P>
    <STRIKE_PRICE4P>0</STRIKE_PRICE4P>
    <STRIKE_PRICE5P>0</STRIKE_PRICE5P>
    <STRIKE_PRICE6P>0</STRIKE_PRICE6P>
    <BARRIER_PRICE1P>0</BARRIER_PRICE1P>
    <BARRIER_PRICE2P>0</BARRIER_PRICE2P>
    <BARRIER_PRICE3P>0</BARRIER_PRICE3P>
    <BARRIER_PRICE4P>0</BARRIER_PRICE4P>
    <BARRIER_PRICE5P>0</BARRIER_PRICE5P>
    <BARRIER_PRICE6P>0</BARRIER_PRICE6P>
    <KK_PRICEP>0</KK_PRICEP>
    <PR1>0</PR1>
    <PR2>0</PR2>
    <MIN_YIELD1P>0</MIN_YIELD1P>
    <MIN_YIELD2P>0</MIN_YIELD2P>
    <MAX_YIELD1P>3.04</MAX_YIELD1P>
    <MAX_YIELD2P>0</MAX_YIELD2P>
    <REBATE_AMT>0</REBATE_AMT>
    <REBATEP>0.25</REBATEP>
    <NOTE_CURR>THB</NOTE_CURR>
    <UNDERLYING_CURR>THB</UNDERLYING_CURR>
    <FX_DELIVERY_AMT>0</FX_DELIVERY_AMT>
    <SURPLUS_CASH>0</SURPLUS_CASH>
    <SUB_BEGIN_DATE>11/06/2021</SUB_BEGIN_DATE>
    <SUB_END_DATE>11/06/2021</SUB_END_DATE>
    <TRADE_DATE>11/06/2021</TRADE_DATE>
    <EFFECTIVE_DATE>15/06/2021</EFFECTIVE_DATE>
    <SETTLE_DATE>15/06/2021</SETTLE_DATE>
    <ISSUE_DATE>15/06/2021</ISSUE_DATE>
    <FIXING_DATE>13/07/2021</FIXING_DATE>
    <MATURITY_DATE>15/07/2021</MATURITY_DATE>
    <SETTLE_PERIOD>2</SETTLE_PERIOD>
    <EXCRATE_TRADEDATE>0</EXCRATE_TRADEDATE>
    <EXCHANGE1>SET</EXCHANGE1>
    <CUST_TYPE>1</CUST_TYPE>
    <PAY_TYPE>C</PAY_TYPE>
    <STN_NAME>??????????????????????? ???????????????????????????????????????????? KTC, OSP, VGI ????????? ?????????????????????? ????? (?????)</STN_NAME>
    <STN_TYPE_DESC>??????????????????????????????????????? ?????? Bonus Digital Note ??????????????????????????</STN_TYPE_DESC>
    <STN_RETURN>???????????????????????????????????? ??????????????????????? ????????????? ??? Rebate</STN_RETURN>
    <STN_RULE_REDEEM>??????????????????????????????????????????? ??????????????????????????????????????????????????????????????????????????????? (?????) ?????????????????????????????????????????????? ????????????????????????????????????????????????????????????????????? 2 ???? ??????
??????? 1 ??????????????????????? ? ?????????????????????????????????? (Fixing Price) ?????????????????????????????? (Strike Price)
(?) ?????????????? ??????????????????????? × ??????????????????????? 
(?) ??????????????? ??????????????????????? × Min Yield × (??????????/365)
(?) ??????????????? ??????????????????????? × Rebate
??????? 2 ???????????????????????????????????????? ? ?????????????????????????????????? (Fixing Price) ??????????????????? (Strike Price)
(?) ?????????????? ??????????????????????? × ??????????????????????? 
(?) ??????????????? ??????????????????????? × Min Yield × (??????????/365)</STN_RULE_REDEEM>
    <SETTLE_PRICE1>40</SETTLE_PRICE1>
    <SETTLE_PRICE2>58</SETTLE_PRICE2>
    <SETTLE_PRICE3>0</SETTLE_PRICE3>
    <SETTLE_PRICE4>0</SETTLE_PRICE4>
    <SETTLE_PRICE5>0</SETTLE_PRICE5>
    <SETTLE_PRICE6>0</SETTLE_PRICE6>
    <SETTLE_DAYS>0</SETTLE_DAYS>
    <SETTLE_FXRATE>0</SETTLE_FXRATE>
    <STN_SEQ>1/2564</STN_SEQ>
    <STN_SEQDATE>20 ?????? 2564</STN_SEQDATE>
    <BANKNAME>?????????????????????? ????? (?????)</BANKNAME>
  </TB_STNCONF>
</NewDataSet>
2021-08-19 12:31:58,111 [7] INFO  KKB.Treasury.TreasuryModel.Model.Model_RPT_SETTLEMENTREPORT [(null)] - -----Model_RPT_SETTLEMENTREPORT Finish-----
2021-08-19 12:43:15,999 [4] INFO  TreasuryShadowSystem.Model.Model_Tb_Menu_Auth [(null)] - Select p.* From (Select l.* From OPICINF.KKB_TB_MS_LOOKUP l, OPICINF.KKB_TB_MS_MENU_AUTH a Where l.ID=a.MENU_ID And l.ENABLED='1' And a.USERGROUP_ID=(SELECT USERGROUP_ID FROM OPICINF.KKB_TB_MS_USERGROUP WHERE USERGROUP_NAME = 'TSS_bo_WRITE') UNION Select * From OPICINF.KKB_TB_MS_LOOKUP WHERE ENABLED='1' AND ID IN (Select DISTINCT GROUPID From OPICINF.KKB_TB_MS_LOOKUP l, OPICINF.KKB_TB_MS_MENU_AUTH a Where l.ID=a.MENU_ID And l.ENABLED='1' And a.USERGROUP_ID=(SELECT USERGROUP_ID FROM OPICINF.KKB_TB_MS_USERGROUP WHERE USERGROUP_NAME = 'TSS_bo_WRITE')) ) p Order By p.GroupID, p.SEQ 
2021-08-19 12:43:16,627 [4] INFO  TreasuryShadowSystem.Login [(null)] - Login successfull on :19/08/2021 12:43:16
2021-08-19 12:43:16,683 [4] ERROR TreasuryShadowSystem.Login [(null)] - Thread was being aborted.
2021-08-19 12:43:24,748 [4] INFO  TreasuryShadowSystem.Model.Model_Tb_Menu_Auth [(null)] - Select p.* From (Select l.* From OPICINF.KKB_TB_MS_LOOKUP l, OPICINF.KKB_TB_MS_MENU_AUTH a Where l.ID=a.MENU_ID And l.ENABLED='1' And a.USERGROUP_ID=(SELECT USERGROUP_ID FROM OPICINF.KKB_TB_MS_USERGROUP WHERE USERGROUP_NAME = 'TSS_BO_WRITE') UNION Select * From OPICINF.KKB_TB_MS_LOOKUP WHERE ENABLED='1' AND ID IN (Select DISTINCT GROUPID From OPICINF.KKB_TB_MS_LOOKUP l, OPICINF.KKB_TB_MS_MENU_AUTH a Where l.ID=a.MENU_ID And l.ENABLED='1' And a.USERGROUP_ID=(SELECT USERGROUP_ID FROM OPICINF.KKB_TB_MS_USERGROUP WHERE USERGROUP_NAME = 'TSS_BO_WRITE')) ) p Order By p.GroupID, p.SEQ 
2021-08-19 12:43:24,852 [4] INFO  TreasuryShadowSystem.Login [(null)] - Login successfull on :19/08/2021 12:43:24
2021-08-19 12:43:24,916 [4] ERROR TreasuryShadowSystem.Login [(null)] - Thread was being aborted.
2021-08-19 12:43:40,272 [4] INFO  KKB.Treasury.TreasuryModel.Model.Model_RPT_TR096CLOSEBOOK [(null)] - -----Model_RPT_TR096CLOSEBOOK Start-----
2021-08-19 12:43:40,273 [4] INFO  KKB.Treasury.TreasuryModel.Model.Model_RPT_TR096CLOSEBOOK [(null)] - Store Procedure : OPICINF.KKB_SP_TSS_TR096CLOSEBOOK
2021-08-19 12:43:40,273 [4] INFO  KKB.Treasury.TreasuryModel.Model.Model_RPT_TR096CLOSEBOOK [(null)] - Data : Branch=01, Execute Date=062021, Cost=340, Term=LTDP
2021-08-19 12:43:40,406 [4] INFO  KKB.Treasury.TreasuryModel.Model.Model_RPT_TR096CLOSEBOOK [(null)] - -----Model_RPT_TR096CLOSEBOOK Finish-----
2021-08-19 12:45:40,764 [9] INFO  KKB.Treasury.TreasuryModel.Model.Model_RPT_TR096CLOSEBOOK [(null)] - -----Model_RPT_TR096CLOSEBOOK Start-----
2021-08-19 12:45:40,765 [9] INFO  KKB.Treasury.TreasuryModel.Model.Model_RPT_TR096CLOSEBOOK [(null)] - Store Procedure : OPICINF.KKB_SP_TSS_TR096CLOSEBOOK
2021-08-19 12:45:40,765 [9] INFO  KKB.Treasury.TreasuryModel.Model.Model_RPT_TR096CLOSEBOOK [(null)] - Data : Branch=01, Execute Date=052021, Cost=340, Term=LTDP
2021-08-19 12:45:40,970 [9] INFO  KKB.Treasury.TreasuryModel.Model.Model_RPT_TR096CLOSEBOOK [(null)] - Total Records : 1 Record(s)
2021-08-19 12:45:40,986 [9] INFO  KKB.Treasury.TreasuryModel.Model.Model_RPT_TR096CLOSEBOOK [(null)] - <NewDataSet>
  <TB_TR096CLOSEBOOK>
    <PORT>LTDP</PORT>
    <INVTYPE>I</INVTYPE>
    <SECID>KKP224A             </SECID>
    <TYPE_1>Straight</TYPE_1>
    <TYPE_2>Float</TYPE_2>
    <ACCOUNT_TYPE>DBIS-FRN  </ACCOUNT_TYPE>
    <TERM>Long</TERM>
    <DEAL_DATE>12/03/2021</DEAL_DATE>
    <VALUE_DATE>12/03/2021</VALUE_DATE>
    <MATURITY_DATE>07/04/2022</MATURITY_DATE>
    <COUPON>   0.0000000</COUPON>
    <UNITS>1000000</UNITS>
    <FACE_VALUE>1000000000</FACE_VALUE>
    <COST_VALUE>1000000000</COST_VALUE>
    <AI>0</AI>
    <MKT_YTM>0.138139</MKT_YTM>
    <MTMVALUE>1000013820</MTMVALUE>
    <UNREALIZED>13820</UNREALIZED>
    <PCTUNREALIZEDTOCOST>0.001382</PCTUNREALIZEDTOCOST>
    <BR>01</BR>
    <BRPROCDATE>04/03/2021</BRPROCDATE>
    <CCY>THB</CCY>
    <EXCHANGERATE>   1.0000000</EXCHANGERATE>
    <CUSTODIAN>KKP  </CUSTODIAN>
    <CUSTODIAN_NAME>ACCTTITLE114902</CUSTODIAN_NAME>
    <CURRENCY_TYPE>LOCAL</CURRENCY_TYPE>
    <FACE_VALUE_FCY>1000000000</FACE_VALUE_FCY>
    <COST_VALUE_FCY>1000000000</COST_VALUE_FCY>
    <AI_FCY>0</AI_FCY>
    <MTMVALUE_FCY>1000013820</MTMVALUE_FCY>
    <EXDIVDATE>07/06/2021</EXDIVDATE>
    <CLOSEDATE>31/05/2021</CLOSEDATE>
  </TB_TR096CLOSEBOOK>
</NewDataSet>
2021-08-19 12:45:40,986 [9] INFO  KKB.Treasury.TreasuryModel.Model.Model_RPT_TR096CLOSEBOOK [(null)] - -----Model_RPT_TR096CLOSEBOOK Finish-----
2021-08-19 23:58:08,229 [7] ERROR KKB.Treasury.TreasuryCommon.Common.Oracle [(null)] - -----Oracle Open Connection Error----
2021-08-19 23:58:08,248 [7] ERROR KKB.Treasury.TreasuryCommon.Common.Oracle [(null)] - ORA-12170: TNS:Connect timeout occurred
2021-08-19 23:58:08,362 [7] ERROR KKB.Treasury.TreasuryCommon.Common.Oracle [(null)] - -----Oracle ExecuteReader Error----
2021-08-19 23:58:08,363 [7] ERROR KKB.Treasury.TreasuryCommon.Common.Oracle [(null)] - Connection must be open for this operation
2021-08-19 23:58:30,422 [7] ERROR KKB.Treasury.TreasuryCommon.Common.Oracle [(null)] - -----Oracle Open Connection Error----
2021-08-19 23:58:30,422 [7] ERROR KKB.Treasury.TreasuryCommon.Common.Oracle [(null)] - ORA-12170: TNS:Connect timeout occurred
2021-08-19 23:58:30,423 [7] INFO  TreasuryShadowSystem.Model.Model_Tb_Menu_Auth [(null)] - Select p.* From (Select l.* From OPICINF.KKB_TB_MS_LOOKUP l, OPICINF.KKB_TB_MS_MENU_AUTH a Where l.ID=a.MENU_ID And l.ENABLED='1' And a.USERGROUP_ID=(SELECT USERGROUP_ID FROM OPICINF.KKB_TB_MS_USERGROUP WHERE USERGROUP_NAME = 'ITProject') UNION Select * From OPICINF.KKB_TB_MS_LOOKUP WHERE ENABLED='1' AND ID IN (Select DISTINCT GROUPID From OPICINF.KKB_TB_MS_LOOKUP l, OPICINF.KKB_TB_MS_MENU_AUTH a Where l.ID=a.MENU_ID And l.ENABLED='1' And a.USERGROUP_ID=(SELECT USERGROUP_ID FROM OPICINF.KKB_TB_MS_USERGROUP WHERE USERGROUP_NAME = 'ITProject')) ) p Order By p.GroupID, p.SEQ 
2021-08-19 23:58:30,508 [7] ERROR KKB.Treasury.TreasuryCommon.Common.Oracle [(null)] - -----Oracle ExecuteReader Error----
2021-08-19 23:58:30,508 [7] ERROR KKB.Treasury.TreasuryCommon.Common.Oracle [(null)] - Connection must be open for this operation
2021-08-19 23:58:30,508 [7] INFO  TreasuryShadowSystem.Login [(null)] - Login successfull on :19/08/2021 11:58:30
2021-08-19 23:58:30,593 [7] ERROR TreasuryShadowSystem.Login [(null)] - Thread was being aborted.
2021-08-19 23:58:31,175 [7] ERROR TreasuryShadowSystem.Site [(null)] - Cannot find table 0.
