2021-04-29 03:40:27,684 [6] INFO  TreasuryShadowSystem.STN.MasterSTN [(null)] - BindGridReport MasterSTN
2021-04-29 03:40:27,738 [6] INFO  TreasuryShadowSystem.STN.MasterSTN [(null)] - MasterSTN ConvertDataTableToListMaster
2021-04-29 03:40:27,738 [6] INFO  TreasuryShadowSystem.STN.MasterSTN [(null)] - 1
2021-04-29 03:40:27,738 [6] INFO  TreasuryShadowSystem.STN.MasterSTN [(null)] - 2
2021-04-29 03:40:27,738 [6] INFO  TreasuryShadowSystem.STN.MasterSTN [(null)] - 3
2021-04-29 03:40:27,738 [6] INFO  TreasuryShadowSystem.STN.MasterSTN [(null)] - 4
2021-04-29 03:40:27,738 [6] INFO  TreasuryShadowSystem.STN.MasterSTN [(null)] - 5
2021-04-29 03:40:27,738 [6] INFO  TreasuryShadowSystem.STN.MasterSTN [(null)] - 6
2021-04-29 03:40:27,761 [6] INFO  TreasuryModel.Data.STNMASTER [(null)] - -----STNNAME Start getSTN-----
2021-04-29 03:40:27,823 [6] INFO  TreasuryModel.Data.STNMASTER [(null)] - -----STNNAME Start getSTN-----
2021-04-29 03:40:27,923 [6] INFO  TreasuryModel.Data.STNMASTER [(null)] - -----STNNAME Start getSTN-----
2021-04-29 03:40:27,993 [6] INFO  TreasuryModel.Data.STNMASTER [(null)] - -----STNNAME Start getSTN-----
2021-04-29 03:40:28,032 [6] INFO  TreasuryModel.Data.STNMASTER [(null)] - -----STNNAME Start getSTN-----
2021-04-29 03:40:28,078 [6] INFO  TreasuryModel.Data.STNMASTER [(null)] - -----STNNAME Start getSTN-----
2021-04-29 03:40:44,462 [13] INFO  TreasuryShadowSystem.STN.MasterSTN [(null)] - Click Closed Price
2021-04-29 03:40:47,180 [13] INFO  TreasuryShadowSystem.STN.MasterSTN [(null)] - ##dialogpriceclose start
2021-04-29 03:40:48,972 [13] INFO  TreasuryShadowSystem.STN.MasterSTN [(null)] - ##dialogpriceclose end
2021-04-29 03:42:54,839 [6] INFO  TreasuryShadowSystem.STN.MasterSTN [(null)] - Click Closed Price
2021-04-29 03:42:58,518 [6] INFO  TreasuryShadowSystem.STN.MasterSTN [(null)] - ##dialogpriceclose start
2021-04-29 03:42:59,596 [6] INFO  TreasuryShadowSystem.STN.MasterSTN [(null)] - ##dialogpriceclose end
2021-04-29 03:59:58,305 [6] INFO  TreasuryShadowSystem.STN.MasterSTN [(null)] - BindGridReport MasterSTN
2021-04-29 03:59:58,376 [6] INFO  TreasuryShadowSystem.STN.MasterSTN [(null)] - MasterSTN ConvertDataTableToListMaster
2021-04-29 03:59:58,383 [6] INFO  TreasuryShadowSystem.STN.MasterSTN [(null)] - 1
2021-04-29 03:59:58,383 [6] INFO  TreasuryShadowSystem.STN.MasterSTN [(null)] - 2
2021-04-29 03:59:58,383 [6] INFO  TreasuryShadowSystem.STN.MasterSTN [(null)] - 3
2021-04-29 03:59:58,383 [6] INFO  TreasuryShadowSystem.STN.MasterSTN [(null)] - 4
2021-04-29 03:59:58,383 [6] INFO  TreasuryShadowSystem.STN.MasterSTN [(null)] - 5
2021-04-29 03:59:58,383 [6] INFO  TreasuryShadowSystem.STN.MasterSTN [(null)] - 6
2021-04-29 03:59:58,411 [6] INFO  TreasuryModel.Data.STNMASTER [(null)] - -----STNNAME Start getSTN-----
2021-04-29 03:59:58,516 [6] INFO  TreasuryModel.Data.STNMASTER [(null)] - -----STNNAME Start getSTN-----
2021-04-29 03:59:58,580 [6] INFO  TreasuryModel.Data.STNMASTER [(null)] - -----STNNAME Start getSTN-----
2021-04-29 03:59:58,699 [6] INFO  TreasuryModel.Data.STNMASTER [(null)] - -----STNNAME Start getSTN-----
2021-04-29 03:59:58,805 [6] INFO  TreasuryModel.Data.STNMASTER [(null)] - -----STNNAME Start getSTN-----
2021-04-29 03:59:58,889 [6] INFO  TreasuryModel.Data.STNMASTER [(null)] - -----STNNAME Start getSTN-----
2021-04-29 04:00:02,742 [14] INFO  TreasuryShadowSystem.STN.MasterSTN [(null)] - Click Closed Price
2021-04-29 04:00:05,013 [14] INFO  TreasuryShadowSystem.STN.MasterSTN [(null)] - ##dialogpriceclose start
2021-04-29 04:00:05,976 [14] INFO  TreasuryShadowSystem.STN.MasterSTN [(null)] - ##dialogpriceclose end
2021-04-29 04:17:55,731 [6] INFO  TreasuryShadowSystem.STN.MasterSTN [(null)] - BindGridReport MasterSTN
2021-04-29 04:17:55,837 [6] INFO  TreasuryShadowSystem.STN.MasterSTN [(null)] - MasterSTN ConvertDataTableToListMaster
2021-04-29 04:17:55,844 [6] INFO  TreasuryShadowSystem.STN.MasterSTN [(null)] - 1
2021-04-29 04:17:55,844 [6] INFO  TreasuryShadowSystem.STN.MasterSTN [(null)] - 2
2021-04-29 04:17:55,844 [6] INFO  TreasuryShadowSystem.STN.MasterSTN [(null)] - 3
2021-04-29 04:17:55,844 [6] INFO  TreasuryShadowSystem.STN.MasterSTN [(null)] - 4
2021-04-29 04:17:55,844 [6] INFO  TreasuryShadowSystem.STN.MasterSTN [(null)] - 5
2021-04-29 04:17:55,844 [6] INFO  TreasuryShadowSystem.STN.MasterSTN [(null)] - 6
2021-04-29 04:17:55,879 [6] INFO  TreasuryModel.Data.STNMASTER [(null)] - -----STNNAME Start getSTN-----
2021-04-29 04:17:55,935 [6] INFO  TreasuryModel.Data.STNMASTER [(null)] - -----STNNAME Start getSTN-----
2021-04-29 04:17:55,978 [6] INFO  TreasuryModel.Data.STNMASTER [(null)] - -----STNNAME Start getSTN-----
2021-04-29 04:17:56,041 [6] INFO  TreasuryModel.Data.STNMASTER [(null)] - -----STNNAME Start getSTN-----
2021-04-29 04:17:56,111 [6] INFO  TreasuryModel.Data.STNMASTER [(null)] - -----STNNAME Start getSTN-----
2021-04-29 04:17:56,174 [6] INFO  TreasuryModel.Data.STNMASTER [(null)] - -----STNNAME Start getSTN-----
2021-04-29 04:18:00,880 [14] INFO  TreasuryShadowSystem.STN.MasterSTN [(null)] - Click Closed Price
2021-04-29 04:18:03,448 [14] INFO  TreasuryShadowSystem.STN.MasterSTN [(null)] - ##dialogpriceclose start
2021-04-29 04:18:04,561 [14] INFO  TreasuryShadowSystem.STN.MasterSTN [(null)] - ##dialogpriceclose end
2021-04-29 04:18:20,392 [14] INFO  TreasuryShadowSystem.STN.MasterSTN [(null)] - Click Closed Price
2021-04-29 04:18:22,888 [14] INFO  TreasuryShadowSystem.STN.MasterSTN [(null)] - ##dialogpriceclose start
2021-04-29 04:18:24,006 [14] INFO  TreasuryShadowSystem.STN.MasterSTN [(null)] - ##dialogpriceclose end
2021-04-29 04:20:42,464 [14] INFO  TreasuryShadowSystem.STN.MasterSTN [(null)] - BindGridReport MasterSTN
2021-04-29 04:20:42,503 [14] INFO  TreasuryShadowSystem.STN.MasterSTN [(null)] - MasterSTN ConvertDataTableToListMaster
2021-04-29 04:20:42,503 [14] INFO  TreasuryShadowSystem.STN.MasterSTN [(null)] - 1
2021-04-29 04:20:42,503 [14] INFO  TreasuryShadowSystem.STN.MasterSTN [(null)] - 2
2021-04-29 04:20:42,503 [14] INFO  TreasuryShadowSystem.STN.MasterSTN [(null)] - 3
2021-04-29 04:20:42,503 [14] INFO  TreasuryShadowSystem.STN.MasterSTN [(null)] - 4
2021-04-29 04:20:42,503 [14] INFO  TreasuryShadowSystem.STN.MasterSTN [(null)] - 5
2021-04-29 04:20:42,503 [14] INFO  TreasuryShadowSystem.STN.MasterSTN [(null)] - 6
2021-04-29 04:20:42,542 [14] INFO  TreasuryModel.Data.STNMASTER [(null)] - -----STNNAME Start getSTN-----
2021-04-29 04:20:42,581 [14] INFO  TreasuryModel.Data.STNMASTER [(null)] - -----STNNAME Start getSTN-----
2021-04-29 04:20:42,612 [14] INFO  TreasuryModel.Data.STNMASTER [(null)] - -----STNNAME Start getSTN-----
2021-04-29 04:20:42,667 [14] INFO  TreasuryModel.Data.STNMASTER [(null)] - -----STNNAME Start getSTN-----
2021-04-29 04:20:42,745 [14] INFO  TreasuryModel.Data.STNMASTER [(null)] - -----STNNAME Start getSTN-----
2021-04-29 04:20:42,792 [14] INFO  TreasuryModel.Data.STNMASTER [(null)] - -----STNNAME Start getSTN-----
2021-04-29 04:20:48,581 [14] INFO  TreasuryShadowSystem.STN.MasterSTN [(null)] - Click Closed Price
2021-04-29 04:20:50,980 [14] INFO  TreasuryShadowSystem.STN.MasterSTN [(null)] - ##dialogpriceclose start
2021-04-29 04:20:51,980 [14] INFO  TreasuryShadowSystem.STN.MasterSTN [(null)] - ##dialogpriceclose end
2021-04-29 04:28:32,576 [14] INFO  TreasuryShadowSystem.STN.MasterSTN [(null)] - BindGridReport MasterSTN
2021-04-29 04:28:32,661 [14] INFO  TreasuryShadowSystem.STN.MasterSTN [(null)] - MasterSTN ConvertDataTableToListMaster
2021-04-29 04:28:32,661 [14] INFO  TreasuryShadowSystem.STN.MasterSTN [(null)] - 1
2021-04-29 04:28:32,661 [14] INFO  TreasuryShadowSystem.STN.MasterSTN [(null)] - 2
2021-04-29 04:28:32,661 [14] INFO  TreasuryShadowSystem.STN.MasterSTN [(null)] - 3
2021-04-29 04:28:32,661 [14] INFO  TreasuryShadowSystem.STN.MasterSTN [(null)] - 4
2021-04-29 04:28:32,661 [14] INFO  TreasuryShadowSystem.STN.MasterSTN [(null)] - 5
2021-04-29 04:28:32,661 [14] INFO  TreasuryShadowSystem.STN.MasterSTN [(null)] - 6
2021-04-29 04:28:32,692 [14] INFO  TreasuryModel.Data.STNMASTER [(null)] - -----STNNAME Start getSTN-----
2021-04-29 04:28:32,739 [14] INFO  TreasuryModel.Data.STNMASTER [(null)] - -----STNNAME Start getSTN-----
2021-04-29 04:28:32,801 [14] INFO  TreasuryModel.Data.STNMASTER [(null)] - -----STNNAME Start getSTN-----
2021-04-29 04:28:32,847 [14] INFO  TreasuryModel.Data.STNMASTER [(null)] - -----STNNAME Start getSTN-----
2021-04-29 04:28:32,893 [14] INFO  TreasuryModel.Data.STNMASTER [(null)] - -----STNNAME Start getSTN-----
2021-04-29 04:28:32,948 [14] INFO  TreasuryModel.Data.STNMASTER [(null)] - -----STNNAME Start getSTN-----
2021-04-29 04:28:49,861 [14] INFO  TreasuryShadowSystem.STN.MasterSTN [(null)] - Click Closed Price
2021-04-29 04:28:52,059 [14] INFO  TreasuryShadowSystem.STN.MasterSTN [(null)] - ##dialogpriceclose start
2021-04-29 04:28:53,291 [14] INFO  TreasuryShadowSystem.STN.MasterSTN [(null)] - ##dialogpriceclose end
