2021-06-18 14:11:21,096 [6] INFO  TreasuryShadowSystem.Model.Model_Tb_Menu_Auth [(null)] - Select p.* From (Select l.* From OPICINF.KKB_TB_MS_LOOKUP l, OPICINF.KKB_TB_MS_MENU_AUTH a Where l.ID=a.MENU_ID And l.ENABLED='1' And a.USERGROUP_ID=(SELECT USERGROUP_ID FROM OPICINF.KKB_TB_MS_USERGROUP WHERE USERGROUP_NAME = 'ITProject') UNION Select * From OPICINF.KKB_TB_MS_LOOKUP WHERE ENABLED='1' AND ID IN (Select DISTINCT GROUPID From OPICINF.KKB_TB_MS_LOOKUP l, OPICINF.KKB_TB_MS_MENU_AUTH a Where l.ID=a.MENU_ID And l.ENABLED='1' And a.USERGROUP_ID=(SELECT USERGROUP_ID FROM OPICINF.KKB_TB_MS_USERGROUP WHERE USERGROUP_NAME = 'ITProject')) ) p Order By p.GroupID, p.SEQ 
2021-06-18 14:11:21,257 [6] INFO  TreasuryShadowSystem.Login [(null)] - Login successfull on :18/06/2021 02:11:21
2021-06-18 14:11:21,449 [6] ERROR TreasuryShadowSystem.Login [(null)] - Thread was being aborted.
2021-06-18 14:11:37,978 [6] INFO  TreasuryModel.Data.BESeries [(null)] - -----BESeriesList-----
2021-06-18 14:11:37,978 [6] INFO  TreasuryModel.Data.BESeries [(null)] - SQL Statement : Select BESERIESID, BE_SERIES_CODE, BE_TOTAL_AMT, BE_SERIES_DEAL_NO, TO_CHAR(BE_ISSUE_DATE,'MM/DD/YYYY HH:MI:SS') as BE_ISSUE_DATE, BE_DIS_RATE, BE_ISSUER_ID, CUST1.NAMEEN as BE_ISSUER_NAME, TO_CHAR(BE_MAT_DATE,'MM/DD/YYYY HH:MI:SS') as BE_MAT_DATE, NVL(BE_AVAL_TYPE, '0') as BE_AVAL_TYPE, NAMEEN as BE_ISSUER_NAME, TARGETACCT as BE_ISSUER_ACCT, TARGETBANK as BE_ISSUER_BANK, BE_TOTAL_AMT - NVL((SELECT SUM(NVL(BE_ALLOT_AMT,0)) FROM OPICINF.KKB_TB_BE_ALLOTMENT WHERE BESERIESID = KKB_TB_BE_SERIES.BESERIESID AND FLAG IS NULL),0) as BE_SERIES_REMAIN, NVL(BE_SERIES_PROCEED,BE_TOTAL_AMT) as BE_SERIES_PROCEED From OPICINF.KKB_TB_BE_SERIES LEFT OUTER JOIN OPICINF.KKB_TB_CUSTOMER CUST1 ON KKB_TB_BE_SERIES.BE_ISSUER_ID = CUST1.CUSTOMERID Where 1=1 ORDER BY BESERIESID DESC
2021-06-18 14:12:14,534 [9] INFO  TreasuryModel.Data.BESeries [(null)] - -----KKB_TB_BE_ALLOTMENT UpdTemplateType-----
2021-06-18 14:12:14,658 [9] INFO  TreasuryModel.Data.BESeries [(null)] - -----KKB_TB_BE_ALLOTMENT Finish-----
2021-06-18 14:12:14,689 [9] INFO  TreasuryModel.Data.BESeries [(null)] - -----KKB_TB_BE_ALLOTMENT Start RunningRefNo-----
2021-06-18 14:12:14,859 [9] ERROR KKB.Treasury.TreasuryCommon.Common.Oracle [(null)] - -----Oracle ExecuteReader Error----
2021-06-18 14:12:14,890 [9] ERROR KKB.Treasury.TreasuryCommon.Common.Oracle [(null)] - ORA-01481: invalid number format model
ORA-06512: at "OPICINF.KKB_SP_TSS_TR136BOBESERIES", line 388
ORA-06512: at line 1
2021-06-18 14:12:14,890 [9] INFO  TreasuryModel.Data.BESeries [(null)] - -----KKB_TB_BE_ALLOTMENT Finish-----
2021-06-18 14:12:42,718 [9] INFO  TreasuryModel.Data.BESeries [(null)] - -----KKB_TB_BE_ALLOTMENT UpdTemplateType-----
2021-06-18 14:12:42,779 [9] INFO  TreasuryModel.Data.BESeries [(null)] - -----KKB_TB_BE_ALLOTMENT Finish-----
2021-06-18 14:12:42,810 [9] INFO  TreasuryModel.Data.BESeries [(null)] - -----KKB_TB_BE_ALLOTMENT Start RunningRefNo-----
2021-06-18 14:12:42,948 [9] ERROR KKB.Treasury.TreasuryCommon.Common.Oracle [(null)] - -----Oracle ExecuteReader Error----
2021-06-18 14:12:42,963 [9] ERROR KKB.Treasury.TreasuryCommon.Common.Oracle [(null)] - ORA-01481: invalid number format model
ORA-06512: at "OPICINF.KKB_SP_TSS_TR136BOBESERIES", line 388
ORA-06512: at line 1
2021-06-18 14:12:42,978 [9] INFO  TreasuryModel.Data.BESeries [(null)] - -----KKB_TB_BE_ALLOTMENT Finish-----
2021-06-18 14:13:04,566 [9] INFO  TreasuryModel.Data.BESeries [(null)] - -----KKB_TB_BE_ALLOTMENT UpdTemplateType-----
2021-06-18 14:13:21,554 [9] INFO  TreasuryModel.Data.BESeries [(null)] - -----KKB_TB_BE_ALLOTMENT Finish-----
2021-06-18 14:14:02,144 [9] INFO  TreasuryModel.Data.BESeries [(null)] - -----KKB_TB_BE_ALLOTMENT Start RunningRefNo-----
2021-06-18 14:15:50,926 [9] ERROR KKB.Treasury.TreasuryCommon.Common.Oracle [(null)] - -----Oracle ExecuteReader Error----
2021-06-18 14:15:50,941 [9] ERROR KKB.Treasury.TreasuryCommon.Common.Oracle [(null)] - ORA-01481: invalid number format model
ORA-06512: at "OPICINF.KKB_SP_TSS_TR136BOBESERIES", line 388
ORA-06512: at line 1
2021-06-18 20:59:07,484 [8] INFO  TreasuryShadowSystem.Model.Model_Tb_Menu_Auth [(null)] - Select p.* From (Select l.* From OPICINF.KKB_TB_MS_LOOKUP l, OPICINF.KKB_TB_MS_MENU_AUTH a Where l.ID=a.MENU_ID And l.ENABLED='1' And a.USERGROUP_ID=(SELECT USERGROUP_ID FROM OPICINF.KKB_TB_MS_USERGROUP WHERE USERGROUP_NAME = 'ITProject') UNION Select * From OPICINF.KKB_TB_MS_LOOKUP WHERE ENABLED='1' AND ID IN (Select DISTINCT GROUPID From OPICINF.KKB_TB_MS_LOOKUP l, OPICINF.KKB_TB_MS_MENU_AUTH a Where l.ID=a.MENU_ID And l.ENABLED='1' And a.USERGROUP_ID=(SELECT USERGROUP_ID FROM OPICINF.KKB_TB_MS_USERGROUP WHERE USERGROUP_NAME = 'ITProject')) ) p Order By p.GroupID, p.SEQ 
2021-06-18 20:59:07,620 [8] INFO  TreasuryShadowSystem.Login [(null)] - Login successfull on :18/06/2021 08:59:07
2021-06-18 20:59:07,710 [8] ERROR TreasuryShadowSystem.Login [(null)] - Thread was being aborted.
2021-06-18 20:59:54,171 [8] INFO  TreasuryModel.Data.BESeries [(null)] - -----BESeriesList-----
2021-06-18 20:59:54,171 [8] INFO  TreasuryModel.Data.BESeries [(null)] - SQL Statement : Select BESERIESID, BE_SERIES_CODE, BE_TOTAL_AMT, BE_SERIES_DEAL_NO, TO_CHAR(BE_ISSUE_DATE,'MM/DD/YYYY HH:MI:SS') as BE_ISSUE_DATE, BE_DIS_RATE, BE_ISSUER_ID, CUST1.NAMEEN as BE_ISSUER_NAME, TO_CHAR(BE_MAT_DATE,'MM/DD/YYYY HH:MI:SS') as BE_MAT_DATE, NVL(BE_AVAL_TYPE, '0') as BE_AVAL_TYPE, NAMEEN as BE_ISSUER_NAME, TARGETACCT as BE_ISSUER_ACCT, TARGETBANK as BE_ISSUER_BANK, BE_TOTAL_AMT - NVL((SELECT SUM(NVL(BE_ALLOT_AMT,0)) FROM OPICINF.KKB_TB_BE_ALLOTMENT WHERE BESERIESID = KKB_TB_BE_SERIES.BESERIESID AND FLAG IS NULL),0) as BE_SERIES_REMAIN, NVL(BE_SERIES_PROCEED,BE_TOTAL_AMT) as BE_SERIES_PROCEED From OPICINF.KKB_TB_BE_SERIES LEFT OUTER JOIN OPICINF.KKB_TB_CUSTOMER CUST1 ON KKB_TB_BE_SERIES.BE_ISSUER_ID = CUST1.CUSTOMERID Where 1=1 ORDER BY BESERIESID DESC
2021-06-18 21:00:28,962 [5] INFO  TreasuryModel.Data.BESeries [(null)] - -----KKB_TB_BE_ALLOTMENT UpdTemplateType-----
2021-06-18 21:00:37,291 [5] INFO  TreasuryModel.Data.BESeries [(null)] - -----KKB_TB_BE_ALLOTMENT Finish-----
2021-06-18 21:00:55,446 [5] INFO  TreasuryModel.Data.BESeries [(null)] - -----KKB_TB_BE_ALLOTMENT Start RunningRefNo-----
2021-06-18 21:01:39,641 [5] ERROR KKB.Treasury.TreasuryCommon.Common.Oracle [(null)] - -----Oracle ExecuteReader Error----
2021-06-18 21:01:39,641 [5] ERROR KKB.Treasury.TreasuryCommon.Common.Oracle [(null)] - ORA-01481: invalid number format model
ORA-06512: at "OPICINF.KKB_SP_TSS_TR136BOBESERIES", line 388
ORA-06512: at line 1
