2021-08-16 22:18:57,296 [4] INFO  TreasuryShadowSystem.Model.Model_Tb_Menu_Auth [(null)] - Select p.* From (Select l.* From OPICINF.KKB_TB_MS_LOOKUP l, OPICINF.KKB_TB_MS_MENU_AUTH a Where l.ID=a.MENU_ID And l.ENABLED='1' And a.USERGROUP_ID=(SELECT USERGROUP_ID FROM OPICINF.KKB_TB_MS_USERGROUP WHERE USERGROUP_NAME = 'ITProject') UNION Select * From OPICINF.KKB_TB_MS_LOOKUP WHERE ENABLED='1' AND ID IN (Select DISTINCT GROUPID From OPICINF.KKB_TB_MS_LOOKUP l, OPICINF.KKB_TB_MS_MENU_AUTH a Where l.ID=a.MENU_ID And l.ENABLED='1' And a.USERGROUP_ID=(SELECT USERGROUP_ID FROM OPICINF.KKB_TB_MS_USERGROUP WHERE USERGROUP_NAME = 'ITProject')) ) p Order By p.GroupID, p.SEQ 
2021-08-16 22:18:57,375 [4] INFO  TreasuryShadowSystem.Login [(null)] - Login successfull on :16/08/2021 10:18:57
2021-08-16 22:18:57,509 [4] ERROR TreasuryShadowSystem.Login [(null)] - Thread was being aborted.
2021-08-16 22:19:23,221 [8] INFO  TreasuryShadowSystem.Model.Model_Tb_Menu_Auth [(null)] - Select p.* From (Select l.* From OPICINF.KKB_TB_MS_LOOKUP l, OPICINF.KKB_TB_MS_MENU_AUTH a Where l.ID=a.MENU_ID And l.ENABLED='1' And a.USERGROUP_ID=(SELECT USERGROUP_ID FROM OPICINF.KKB_TB_MS_USERGROUP WHERE USERGROUP_NAME = 'ITProject') UNION Select * From OPICINF.KKB_TB_MS_LOOKUP WHERE ENABLED='1' AND ID IN (Select DISTINCT GROUPID From OPICINF.KKB_TB_MS_LOOKUP l, OPICINF.KKB_TB_MS_MENU_AUTH a Where l.ID=a.MENU_ID And l.ENABLED='1' And a.USERGROUP_ID=(SELECT USERGROUP_ID FROM OPICINF.KKB_TB_MS_USERGROUP WHERE USERGROUP_NAME = 'ITProject')) ) p Order By p.GroupID, p.SEQ 
2021-08-16 22:19:23,268 [8] INFO  TreasuryShadowSystem.Login [(null)] - Login successfull on :16/08/2021 10:19:23
2021-08-16 22:19:23,402 [8] ERROR TreasuryShadowSystem.Login [(null)] - Thread was being aborted.
2021-08-16 22:30:42,929 [4] INFO  TreasuryShadowSystem.Model.Model_Tb_Menu_Auth [(null)] - Select p.* From (Select l.* From OPICINF.KKB_TB_MS_LOOKUP l, OPICINF.KKB_TB_MS_MENU_AUTH a Where l.ID=a.MENU_ID And l.ENABLED='1' And a.USERGROUP_ID=(SELECT USERGROUP_ID FROM OPICINF.KKB_TB_MS_USERGROUP WHERE USERGROUP_NAME = 'ITProject') UNION Select * From OPICINF.KKB_TB_MS_LOOKUP WHERE ENABLED='1' AND ID IN (Select DISTINCT GROUPID From OPICINF.KKB_TB_MS_LOOKUP l, OPICINF.KKB_TB_MS_MENU_AUTH a Where l.ID=a.MENU_ID And l.ENABLED='1' And a.USERGROUP_ID=(SELECT USERGROUP_ID FROM OPICINF.KKB_TB_MS_USERGROUP WHERE USERGROUP_NAME = 'ITProject')) ) p Order By p.GroupID, p.SEQ 
2021-08-16 22:30:43,066 [4] INFO  TreasuryShadowSystem.Login [(null)] - Login successfull on :16/08/2021 10:30:43
2021-08-16 22:30:43,198 [4] ERROR TreasuryShadowSystem.Login [(null)] - Thread was being aborted.
2021-08-16 22:31:12,821 [12] INFO  TreasuryShadowSystem.STN.MasterSTN [(null)] - BindGridReport MasterSTN
2021-08-16 22:31:13,156 [12] INFO  TreasuryShadowSystem.STN.MasterSTN [(null)] - MasterSTN ConvertDataTableToListMaster
2021-08-16 22:31:13,158 [12] INFO  TreasuryShadowSystem.STN.MasterSTN [(null)] - 1
2021-08-16 22:31:13,159 [12] INFO  TreasuryShadowSystem.STN.MasterSTN [(null)] - 2
2021-08-16 22:31:13,159 [12] INFO  TreasuryShadowSystem.STN.MasterSTN [(null)] - 3
2021-08-16 22:31:13,161 [12] INFO  TreasuryShadowSystem.STN.MasterSTN [(null)] - 4
2021-08-16 22:31:13,161 [12] INFO  TreasuryShadowSystem.STN.MasterSTN [(null)] - 5
2021-08-16 22:31:13,161 [12] INFO  TreasuryShadowSystem.STN.MasterSTN [(null)] - 6
2021-08-16 22:31:13,161 [12] INFO  TreasuryShadowSystem.STN.MasterSTN [(null)] - 7
2021-08-16 22:31:13,184 [12] INFO  TreasuryModel.Data.STNMASTER [(null)] - -----STNNAME Start getSTN-----
2021-08-16 22:31:13,288 [12] INFO  TreasuryModel.Data.STNMASTER [(null)] - -----STNNAME Start getSTN-----
2021-08-16 22:31:13,333 [12] INFO  TreasuryModel.Data.STNMASTER [(null)] - -----STNNAME Start getSTN-----
2021-08-16 22:31:13,373 [12] INFO  TreasuryModel.Data.STNMASTER [(null)] - -----STNNAME Start getSTN-----
2021-08-16 22:31:13,408 [12] INFO  TreasuryModel.Data.STNMASTER [(null)] - -----STNNAME Start getSTN-----
2021-08-16 22:31:13,446 [12] INFO  TreasuryModel.Data.STNMASTER [(null)] - -----STNNAME Start getSTN-----
2021-08-16 22:31:13,487 [12] INFO  TreasuryModel.Data.STNMASTER [(null)] - -----STNNAME Start getSTN-----
2021-08-16 22:31:40,124 [4] INFO  TreasuryShadowSystem.STN.MasterSTN [(null)] - BindGridReport MasterSTN
2021-08-16 22:31:40,159 [4] INFO  TreasuryShadowSystem.STN.MasterSTN [(null)] - MasterSTN ConvertDataTableToListMaster
2021-08-16 22:31:40,160 [4] INFO  TreasuryShadowSystem.STN.MasterSTN [(null)] - 1
2021-08-16 22:31:40,160 [4] INFO  TreasuryShadowSystem.STN.MasterSTN [(null)] - 2
2021-08-16 22:31:40,160 [4] INFO  TreasuryShadowSystem.STN.MasterSTN [(null)] - 3
2021-08-16 22:31:40,160 [4] INFO  TreasuryShadowSystem.STN.MasterSTN [(null)] - 4
2021-08-16 22:31:40,160 [4] INFO  TreasuryShadowSystem.STN.MasterSTN [(null)] - 5
2021-08-16 22:31:40,160 [4] INFO  TreasuryShadowSystem.STN.MasterSTN [(null)] - 6
2021-08-16 22:31:40,160 [4] INFO  TreasuryShadowSystem.STN.MasterSTN [(null)] - 7
2021-08-16 22:31:40,162 [4] INFO  TreasuryModel.Data.STNMASTER [(null)] - -----STNNAME Start getSTN-----
2021-08-16 22:31:40,210 [4] INFO  TreasuryModel.Data.STNMASTER [(null)] - -----STNNAME Start getSTN-----
2021-08-16 22:31:40,248 [4] INFO  TreasuryModel.Data.STNMASTER [(null)] - -----STNNAME Start getSTN-----
2021-08-16 22:31:40,291 [4] INFO  TreasuryModel.Data.STNMASTER [(null)] - -----STNNAME Start getSTN-----
2021-08-16 22:31:40,327 [4] INFO  TreasuryModel.Data.STNMASTER [(null)] - -----STNNAME Start getSTN-----
2021-08-16 22:31:40,376 [4] INFO  TreasuryModel.Data.STNMASTER [(null)] - -----STNNAME Start getSTN-----
2021-08-16 22:31:40,408 [4] INFO  TreasuryModel.Data.STNMASTER [(null)] - -----STNNAME Start getSTN-----
2021-08-16 22:31:45,048 [4] INFO  KKB.Treasury.TreasuryModel.Model.Model_RPT_CONFIRMREPORT [(null)] - -----Model_RPT_CONFIRMREPORT Start-----
2021-08-16 22:31:45,050 [4] INFO  KKB.Treasury.TreasuryModel.Model.Model_RPT_CONFIRMREPORT [(null)] - Store Procedure : OPICINF.KKB_SP_TSS_STNCONF
2021-08-16 22:31:48,003 [4] INFO  KKB.Treasury.TreasuryModel.Model.Model_RPT_CONFIRMREPORT [(null)] - <NewDataSet>
  <TB_STNCONF>
    <STNID>544</STNID>
    <ACTION>New Trade</ACTION>
    <CURR_DATE>11/06/2021</CURR_DATE>
    <ORDER_NO>2021500078</ORDER_NO>
    <ACCT_NO>20732742</ACCT_NO>
    <SYMBOL>KKDUALP21715Y</SYMBOL>
    <KKSYMBOL>KKP21715Y</KKSYMBOL>
    <UNIT>5</UNIT>
    <AMOUNT>4975000</AMOUNT>
    <FIRST_NAME_EN>ARADA</FIRST_NAME_EN>
    <FULLNAME>?? ??ô? ?????</FULLNAME>
    <TAXID>3659900648870</TAXID>
    <CUST_BANK_CODE>KK</CUST_BANK_CODE>
    <CUST_BANK_ACCT>00922620004895</CUST_BANK_ACCT>
    <EMAIL>arada.j@origin.co.th</EMAIL>
    <FC_NAME>Thapepayapong Silpanone</FC_NAME>
    <FC_EMAIL>Thapepayapong.Silp@kkpfg.com</FC_EMAIL>
    <STN_TYPE>DUAL</STN_TYPE>
    <NOTE_SERIES>101/2564</NOTE_SERIES>
    <UNDERLYING1>USDTHB</UNDERLYING1>
    <STRIKE_PRICE1>32.00</STRIKE_PRICE1>
    <STRIKE_PRICE2>0.00</STRIKE_PRICE2>
    <STRIKE_PRICE3>0.00</STRIKE_PRICE3>
    <STRIKE_PRICE4>0.00</STRIKE_PRICE4>
    <STRIKE_PRICE5>0.00</STRIKE_PRICE5>
    <STRIKE_PRICE6>0.00</STRIKE_PRICE6>
    <BARRIER_PRICE1>0.00</BARRIER_PRICE1>
    <BARRIER_PRICE2>0.00</BARRIER_PRICE2>
    <BARRIER_PRICE3>0.00</BARRIER_PRICE3>
    <BARRIER_PRICE4>0.00</BARRIER_PRICE4>
    <BARRIER_PRICE5>0.00</BARRIER_PRICE5>
    <BARRIER_PRICE6>0.00</BARRIER_PRICE6>
    <KI_PRICE>0</KI_PRICE>
    <PROTECT_LEVELP>0</PROTECT_LEVELP>
    <TTM>30</TTM>
    <TRADING_DAY>0</TRADING_DAY>
    <EXERCISE_TYPE>European</EXERCISE_TYPE>
    <PAR_VALUE>1000000</PAR_VALUE>
    <OFFER_PRICEP>99.5</OFFER_PRICEP>
    <OFFER_PRICE_AMT>4975000</OFFER_PRICE_AMT>
    <INITIAL_PRICEP>100</INITIAL_PRICEP>
    <INITIAL_PRICE_AMT>32.00</INITIAL_PRICE_AMT>
    <STRIKE_PRICE1P>100</STRIKE_PRICE1P>
    <STRIKE_PRICE2P>0</STRIKE_PRICE2P>
    <STRIKE_PRICE3P>0</STRIKE_PRICE3P>
    <STRIKE_PRICE4P>0</STRIKE_PRICE4P>
    <STRIKE_PRICE5P>0</STRIKE_PRICE5P>
    <STRIKE_PRICE6P>0</STRIKE_PRICE6P>
    <BARRIER_PRICE1P>0</BARRIER_PRICE1P>
    <BARRIER_PRICE2P>0</BARRIER_PRICE2P>
    <BARRIER_PRICE3P>0</BARRIER_PRICE3P>
    <BARRIER_PRICE4P>0</BARRIER_PRICE4P>
    <BARRIER_PRICE5P>0</BARRIER_PRICE5P>
    <BARRIER_PRICE6P>0</BARRIER_PRICE6P>
    <KK_PRICEP>0</KK_PRICEP>
    <PR1>0</PR1>
    <PR2>0</PR2>
    <MIN_YIELD1P>0</MIN_YIELD1P>
    <MIN_YIELD2P>0</MIN_YIELD2P>
    <MAX_YIELD1P>5</MAX_YIELD1P>
    <MAX_YIELD2P>0</MAX_YIELD2P>
    <REBATE_AMT>0</REBATE_AMT>
    <REBATEP>0</REBATEP>
    <NOTE_CURR>THB</NOTE_CURR>
    <UNDERLYING_CURR>THB</UNDERLYING_CURR>
    <FX_DELIVERY_AMT>31250.0000</FX_DELIVERY_AMT>
    <SURPLUS_CASH>0.00</SURPLUS_CASH>
    <SUB_BEGIN_DATE>11/06/2021</SUB_BEGIN_DATE>
    <SUB_END_DATE>11/06/2021</SUB_END_DATE>
    <TRADE_DATE>11/06/2021</TRADE_DATE>
    <EFFECTIVE_DATE>15/06/2021</EFFECTIVE_DATE>
    <SETTLE_DATE>15/06/2021</SETTLE_DATE>
    <ISSUE_DATE>15/06/2021</ISSUE_DATE>
    <FIXING_DATE>13/07/2021</FIXING_DATE>
    <MATURITY_DATE>15/07/2021</MATURITY_DATE>
    <SETTLE_PERIOD>2</SETTLE_PERIOD>
    <EXCRATE_TRADEDATE>0</EXCRATE_TRADEDATE>
    <CUST_TYPE>15</CUST_TYPE>
    <PAY_TYPE>P</PAY_TYPE>
    <STN_NAME>??????????????????????? ???????????????????????????????????????????? USDTHB ????????? ?????????????????????? ????? (?????)'</STN_NAME>
    <STN_TYPE_DESC>??????????????????????????????????????? ?????? Dual Currency Note ??????????????????????????</STN_TYPE_DESC>
    <STN_RETURN>??????????????????????????????????????????? ????????????????</STN_RETURN>
    <STN_RULE_REDEEM>??????????????????????????????????????????? ?????????????????????????????????????????????????????? ????????????????????????????????????????????????? ???????????????????????????????????????????????????????????????????????????????? 2 ???? ??????
??????? 1 ?????????????????????? ? ??????????????????????????????????????????????????? Strike Price
?????????????????????????????????????????????????????????????????????????????????????????????

??????? 2 ?????????????????????? ? ???????????????????????????????????????????? Strike Price 
?????????????????????????????????????????????????????????????????????????????????????????????????????????????????????????????????????? ?????????????????</STN_RULE_REDEEM>
    <STN_SEQ>1/2564</STN_SEQ>
    <STN_SEQDATE>20 ?????? 2564</STN_SEQDATE>
    <BANKNAME>?????????????????????? ????? (?????)</BANKNAME>
  </TB_STNCONF>
  <TB_STNCONF>
    <STNID>545</STNID>
    <ACTION>New Trade</ACTION>
    <CURR_DATE>11/06/2021</CURR_DATE>
    <ORDER_NO>2021500079</ORDER_NO>
    <ACCT_NO>20970252</ACCT_NO>
    <SYMBOL>KKDUALP21715Y</SYMBOL>
    <KKSYMBOL>KKP21715Y</KKSYMBOL>
    <UNIT>5</UNIT>
    <AMOUNT>4975000</AMOUNT>
    <FIRST_NAME_EN>THE VACHARAPHOL CO. LTD.</FIRST_NAME_EN>
    <FULLNAME>???. ??þ? </FULLNAME>
    <TAXID>0105518003594</TAXID>
    <CUST_BANK_CODE>KK</CUST_BANK_CODE>
    <CUST_BANK_ACCT>2001785290</CUST_BANK_ACCT>
    <TEL>02-1271222,02-1271222</TEL>
    <EMAIL>junior@thairath.tv,jitsupa@thairath.co.th,yinglak@thairath.co.th,trgaccount@thairath.co.th</EMAIL>
    <FC_NAME>Thapepayapong Silpanone</FC_NAME>
    <FC_EMAIL>Thapepayapong.Silp@kkpfg.com</FC_EMAIL>
    <STN_TYPE>DUAL</STN_TYPE>
    <NOTE_SERIES>101/2564</NOTE_SERIES>
    <UNDERLYING1>USDTHB</UNDERLYING1>
    <STRIKE_PRICE1>32.00</STRIKE_PRICE1>
    <STRIKE_PRICE2>0.00</STRIKE_PRICE2>
    <STRIKE_PRICE3>0.00</STRIKE_PRICE3>
    <STRIKE_PRICE4>0.00</STRIKE_PRICE4>
    <STRIKE_PRICE5>0.00</STRIKE_PRICE5>
    <STRIKE_PRICE6>0.00</STRIKE_PRICE6>
    <BARRIER_PRICE1>0.00</BARRIER_PRICE1>
    <BARRIER_PRICE2>0.00</BARRIER_PRICE2>
    <BARRIER_PRICE3>0.00</BARRIER_PRICE3>
    <BARRIER_PRICE4>0.00</BARRIER_PRICE4>
    <BARRIER_PRICE5>0.00</BARRIER_PRICE5>
    <BARRIER_PRICE6>0.00</BARRIER_PRICE6>
    <KI_PRICE>0</KI_PRICE>
    <PROTECT_LEVELP>0</PROTECT_LEVELP>
    <TTM>30</TTM>
    <TRADING_DAY>0</TRADING_DAY>
    <EXERCISE_TYPE>European</EXERCISE_TYPE>
    <PAR_VALUE>1000000</PAR_VALUE>
    <OFFER_PRICEP>99.5</OFFER_PRICEP>
    <OFFER_PRICE_AMT>4975000</OFFER_PRICE_AMT>
    <INITIAL_PRICEP>100</INITIAL_PRICEP>
    <INITIAL_PRICE_AMT>32.00</INITIAL_PRICE_AMT>
    <STRIKE_PRICE1P>100</STRIKE_PRICE1P>
    <STRIKE_PRICE2P>0</STRIKE_PRICE2P>
    <STRIKE_PRICE3P>0</STRIKE_PRICE3P>
    <STRIKE_PRICE4P>0</STRIKE_PRICE4P>
    <STRIKE_PRICE5P>0</STRIKE_PRICE5P>
    <STRIKE_PRICE6P>0</STRIKE_PRICE6P>
    <BARRIER_PRICE1P>0</BARRIER_PRICE1P>
    <BARRIER_PRICE2P>0</BARRIER_PRICE2P>
    <BARRIER_PRICE3P>0</BARRIER_PRICE3P>
    <BARRIER_PRICE4P>0</BARRIER_PRICE4P>
    <BARRIER_PRICE5P>0</BARRIER_PRICE5P>
    <BARRIER_PRICE6P>0</BARRIER_PRICE6P>
    <KK_PRICEP>0</KK_PRICEP>
    <PR1>0</PR1>
    <PR2>0</PR2>
    <MIN_YIELD1P>0</MIN_YIELD1P>
    <MIN_YIELD2P>0</MIN_YIELD2P>
    <MAX_YIELD1P>5</MAX_YIELD1P>
    <MAX_YIELD2P>0</MAX_YIELD2P>
    <REBATE_AMT>0</REBATE_AMT>
    <REBATEP>0</REBATEP>
    <NOTE_CURR>THB</NOTE_CURR>
    <UNDERLYING_CURR>THB</UNDERLYING_CURR>
    <FX_DELIVERY_AMT>31250.0000</FX_DELIVERY_AMT>
    <SURPLUS_CASH>0.00</SURPLUS_CASH>
    <SUB_BEGIN_DATE>11/06/2021</SUB_BEGIN_DATE>
    <SUB_END_DATE>11/06/2021</SUB_END_DATE>
    <TRADE_DATE>11/06/2021</TRADE_DATE>
    <EFFECTIVE_DATE>15/06/2021</EFFECTIVE_DATE>
    <SETTLE_DATE>15/06/2021</SETTLE_DATE>
    <ISSUE_DATE>15/06/2021</ISSUE_DATE>
    <FIXING_DATE>13/07/2021</FIXING_DATE>
    <MATURITY_DATE>15/07/2021</MATURITY_DATE>
    <SETTLE_PERIOD>2</SETTLE_PERIOD>
    <EXCRATE_TRADEDATE>0</EXCRATE_TRADEDATE>
    <CUST_TYPE>1</CUST_TYPE>
    <PAY_TYPE>P</PAY_TYPE>
    <STN_NAME>??????????????????????? ???????????????????????????????????????????? USDTHB ????????? ?????????????????????? ????? (?????)'</STN_NAME>
    <STN_TYPE_DESC>??????????????????????????????????????? ?????? Dual Currency Note ??????????????????????????</STN_TYPE_DESC>
    <STN_RETURN>??????????????????????????????????????????? ????????????????</STN_RETURN>
    <STN_RULE_REDEEM>??????????????????????????????????????????? ?????????????????????????????????????????????????????? ????????????????????????????????????????????????? ???????????????????????????????????????????????????????????????????????????????? 2 ???? ??????
??????? 1 ?????????????????????? ? ??????????????????????????????????????????????????? Strike Price
?????????????????????????????????????????????????????????????????????????????????????????????

??????? 2 ?????????????????????? ? ???????????????????????????????????????????? Strike Price 
?????????????????????????????????????????????????????????????????????????????????????????????????????????????????????????????????????? ?????????????????</STN_RULE_REDEEM>
    <STN_SEQ>1/2564</STN_SEQ>
    <STN_SEQDATE>20 ?????? 2564</STN_SEQDATE>
    <BANKNAME>?????????????????????? ????? (?????)</BANKNAME>
  </TB_STNCONF>
</NewDataSet>
2021-08-16 22:31:48,133 [4] INFO  KKB.Treasury.TreasuryModel.Model.Model_RPT_CONFIRMREPORT [(null)] - <NewDataSet>
  <TB_STNCONF>
    <STNID>544</STNID>
    <ACTION>New Trade</ACTION>
    <CURR_DATE>11/06/2021</CURR_DATE>
    <ORDER_NO>2021500078</ORDER_NO>
    <ACCT_NO>20732742</ACCT_NO>
    <SYMBOL>KKDUALP21715Y</SYMBOL>
    <KKSYMBOL>KKP21715Y</KKSYMBOL>
    <UNIT>5</UNIT>
    <AMOUNT>4975000</AMOUNT>
    <FIRST_NAME_EN>ARADA</FIRST_NAME_EN>
    <FULLNAME>?? ??ô? ?????</FULLNAME>
    <TAXID>3659900648870</TAXID>
    <CUST_BANK_CODE>KK</CUST_BANK_CODE>
    <CUST_BANK_ACCT>00922620004895</CUST_BANK_ACCT>
    <EMAIL>arada.j@origin.co.th</EMAIL>
    <FC_NAME>Thapepayapong Silpanone</FC_NAME>
    <FC_EMAIL>Thapepayapong.Silp@kkpfg.com</FC_EMAIL>
    <STN_TYPE>DUAL</STN_TYPE>
    <NOTE_SERIES>101/2564</NOTE_SERIES>
    <UNDERLYING1>USDTHB</UNDERLYING1>
    <STRIKE_PRICE1>32.00</STRIKE_PRICE1>
    <STRIKE_PRICE2>0.00</STRIKE_PRICE2>
    <STRIKE_PRICE3>0.00</STRIKE_PRICE3>
    <STRIKE_PRICE4>0.00</STRIKE_PRICE4>
    <STRIKE_PRICE5>0.00</STRIKE_PRICE5>
    <STRIKE_PRICE6>0.00</STRIKE_PRICE6>
    <BARRIER_PRICE1>0.00</BARRIER_PRICE1>
    <BARRIER_PRICE2>0.00</BARRIER_PRICE2>
    <BARRIER_PRICE3>0.00</BARRIER_PRICE3>
    <BARRIER_PRICE4>0.00</BARRIER_PRICE4>
    <BARRIER_PRICE5>0.00</BARRIER_PRICE5>
    <BARRIER_PRICE6>0.00</BARRIER_PRICE6>
    <KI_PRICE>0</KI_PRICE>
    <PROTECT_LEVELP>0</PROTECT_LEVELP>
    <TTM>30</TTM>
    <TRADING_DAY>0</TRADING_DAY>
    <EXERCISE_TYPE>European</EXERCISE_TYPE>
    <PAR_VALUE>1000000</PAR_VALUE>
    <OFFER_PRICEP>99.5</OFFER_PRICEP>
    <OFFER_PRICE_AMT>4975000</OFFER_PRICE_AMT>
    <INITIAL_PRICEP>100</INITIAL_PRICEP>
    <INITIAL_PRICE_AMT>32.00</INITIAL_PRICE_AMT>
    <STRIKE_PRICE1P>100</STRIKE_PRICE1P>
    <STRIKE_PRICE2P>0</STRIKE_PRICE2P>
    <STRIKE_PRICE3P>0</STRIKE_PRICE3P>
    <STRIKE_PRICE4P>0</STRIKE_PRICE4P>
    <STRIKE_PRICE5P>0</STRIKE_PRICE5P>
    <STRIKE_PRICE6P>0</STRIKE_PRICE6P>
    <BARRIER_PRICE1P>0</BARRIER_PRICE1P>
    <BARRIER_PRICE2P>0</BARRIER_PRICE2P>
    <BARRIER_PRICE3P>0</BARRIER_PRICE3P>
    <BARRIER_PRICE4P>0</BARRIER_PRICE4P>
    <BARRIER_PRICE5P>0</BARRIER_PRICE5P>
    <BARRIER_PRICE6P>0</BARRIER_PRICE6P>
    <KK_PRICEP>0</KK_PRICEP>
    <PR1>0</PR1>
    <PR2>0</PR2>
    <MIN_YIELD1P>0</MIN_YIELD1P>
    <MIN_YIELD2P>0</MIN_YIELD2P>
    <MAX_YIELD1P>5</MAX_YIELD1P>
    <MAX_YIELD2P>0</MAX_YIELD2P>
    <REBATE_AMT>0</REBATE_AMT>
    <REBATEP>0</REBATEP>
    <NOTE_CURR>THB</NOTE_CURR>
    <UNDERLYING_CURR>THB</UNDERLYING_CURR>
    <FX_DELIVERY_AMT>31250.0000</FX_DELIVERY_AMT>
    <SURPLUS_CASH>0.00</SURPLUS_CASH>
    <SUB_BEGIN_DATE>11/06/2021</SUB_BEGIN_DATE>
    <SUB_END_DATE>11/06/2021</SUB_END_DATE>
    <TRADE_DATE>11/06/2021</TRADE_DATE>
    <EFFECTIVE_DATE>15/06/2021</EFFECTIVE_DATE>
    <SETTLE_DATE>15/06/2021</SETTLE_DATE>
    <ISSUE_DATE>15/06/2021</ISSUE_DATE>
    <FIXING_DATE>13/07/2021</FIXING_DATE>
    <MATURITY_DATE>15/07/2021</MATURITY_DATE>
    <SETTLE_PERIOD>2</SETTLE_PERIOD>
    <EXCRATE_TRADEDATE>0</EXCRATE_TRADEDATE>
    <CUST_TYPE>15</CUST_TYPE>
    <PAY_TYPE>P</PAY_TYPE>
    <STN_NAME>??????????????????????? ???????????????????????????????????????????? USDTHB ????????? ?????????????????????? ????? (?????)'</STN_NAME>
    <STN_TYPE_DESC>??????????????????????????????????????? ?????? Dual Currency Note ??????????????????????????</STN_TYPE_DESC>
    <STN_RETURN>??????????????????????????????????????????? ????????????????</STN_RETURN>
    <STN_RULE_REDEEM>??????????????????????????????????????????? ?????????????????????????????????????????????????????? ????????????????????????????????????????????????? ???????????????????????????????????????????????????????????????????????????????? 2 ???? ??????
??????? 1 ?????????????????????? ? ??????????????????????????????????????????????????? Strike Price
?????????????????????????????????????????????????????????????????????????????????????????????

??????? 2 ?????????????????????? ? ???????????????????????????????????????????? Strike Price 
?????????????????????????????????????????????????????????????????????????????????????????????????????????????????????????????????????? ?????????????????</STN_RULE_REDEEM>
    <STN_SEQ>1/2564</STN_SEQ>
    <STN_SEQDATE>20 ?????? 2564</STN_SEQDATE>
    <BANKNAME>?????????????????????? ????? (?????)</BANKNAME>
  </TB_STNCONF>
  <TB_STNCONF>
    <STNID>545</STNID>
    <ACTION>New Trade</ACTION>
    <CURR_DATE>11/06/2021</CURR_DATE>
    <ORDER_NO>2021500079</ORDER_NO>
    <ACCT_NO>20970252</ACCT_NO>
    <SYMBOL>KKDUALP21715Y</SYMBOL>
    <KKSYMBOL>KKP21715Y</KKSYMBOL>
    <UNIT>5</UNIT>
    <AMOUNT>4975000</AMOUNT>
    <FIRST_NAME_EN>THE VACHARAPHOL CO. LTD.</FIRST_NAME_EN>
    <FULLNAME>???. ??þ? </FULLNAME>
    <TAXID>0105518003594</TAXID>
    <CUST_BANK_CODE>KK</CUST_BANK_CODE>
    <CUST_BANK_ACCT>2001785290</CUST_BANK_ACCT>
    <TEL>02-1271222,02-1271222</TEL>
    <EMAIL>junior@thairath.tv,jitsupa@thairath.co.th,yinglak@thairath.co.th,trgaccount@thairath.co.th</EMAIL>
    <FC_NAME>Thapepayapong Silpanone</FC_NAME>
    <FC_EMAIL>Thapepayapong.Silp@kkpfg.com</FC_EMAIL>
    <STN_TYPE>DUAL</STN_TYPE>
    <NOTE_SERIES>101/2564</NOTE_SERIES>
    <UNDERLYING1>USDTHB</UNDERLYING1>
    <STRIKE_PRICE1>32.00</STRIKE_PRICE1>
    <STRIKE_PRICE2>0.00</STRIKE_PRICE2>
    <STRIKE_PRICE3>0.00</STRIKE_PRICE3>
    <STRIKE_PRICE4>0.00</STRIKE_PRICE4>
    <STRIKE_PRICE5>0.00</STRIKE_PRICE5>
    <STRIKE_PRICE6>0.00</STRIKE_PRICE6>
    <BARRIER_PRICE1>0.00</BARRIER_PRICE1>
    <BARRIER_PRICE2>0.00</BARRIER_PRICE2>
    <BARRIER_PRICE3>0.00</BARRIER_PRICE3>
    <BARRIER_PRICE4>0.00</BARRIER_PRICE4>
    <BARRIER_PRICE5>0.00</BARRIER_PRICE5>
    <BARRIER_PRICE6>0.00</BARRIER_PRICE6>
    <KI_PRICE>0</KI_PRICE>
    <PROTECT_LEVELP>0</PROTECT_LEVELP>
    <TTM>30</TTM>
    <TRADING_DAY>0</TRADING_DAY>
    <EXERCISE_TYPE>European</EXERCISE_TYPE>
    <PAR_VALUE>1000000</PAR_VALUE>
    <OFFER_PRICEP>99.5</OFFER_PRICEP>
    <OFFER_PRICE_AMT>4975000</OFFER_PRICE_AMT>
    <INITIAL_PRICEP>100</INITIAL_PRICEP>
    <INITIAL_PRICE_AMT>32.00</INITIAL_PRICE_AMT>
    <STRIKE_PRICE1P>100</STRIKE_PRICE1P>
    <STRIKE_PRICE2P>0</STRIKE_PRICE2P>
    <STRIKE_PRICE3P>0</STRIKE_PRICE3P>
    <STRIKE_PRICE4P>0</STRIKE_PRICE4P>
    <STRIKE_PRICE5P>0</STRIKE_PRICE5P>
    <STRIKE_PRICE6P>0</STRIKE_PRICE6P>
    <BARRIER_PRICE1P>0</BARRIER_PRICE1P>
    <BARRIER_PRICE2P>0</BARRIER_PRICE2P>
    <BARRIER_PRICE3P>0</BARRIER_PRICE3P>
    <BARRIER_PRICE4P>0</BARRIER_PRICE4P>
    <BARRIER_PRICE5P>0</BARRIER_PRICE5P>
    <BARRIER_PRICE6P>0</BARRIER_PRICE6P>
    <KK_PRICEP>0</KK_PRICEP>
    <PR1>0</PR1>
    <PR2>0</PR2>
    <MIN_YIELD1P>0</MIN_YIELD1P>
    <MIN_YIELD2P>0</MIN_YIELD2P>
    <MAX_YIELD1P>5</MAX_YIELD1P>
    <MAX_YIELD2P>0</MAX_YIELD2P>
    <REBATE_AMT>0</REBATE_AMT>
    <REBATEP>0</REBATEP>
    <NOTE_CURR>THB</NOTE_CURR>
    <UNDERLYING_CURR>THB</UNDERLYING_CURR>
    <FX_DELIVERY_AMT>31250.0000</FX_DELIVERY_AMT>
    <SURPLUS_CASH>0.00</SURPLUS_CASH>
    <SUB_BEGIN_DATE>11/06/2021</SUB_BEGIN_DATE>
    <SUB_END_DATE>11/06/2021</SUB_END_DATE>
    <TRADE_DATE>11/06/2021</TRADE_DATE>
    <EFFECTIVE_DATE>15/06/2021</EFFECTIVE_DATE>
    <SETTLE_DATE>15/06/2021</SETTLE_DATE>
    <ISSUE_DATE>15/06/2021</ISSUE_DATE>
    <FIXING_DATE>13/07/2021</FIXING_DATE>
    <MATURITY_DATE>15/07/2021</MATURITY_DATE>
    <SETTLE_PERIOD>2</SETTLE_PERIOD>
    <EXCRATE_TRADEDATE>0</EXCRATE_TRADEDATE>
    <CUST_TYPE>1</CUST_TYPE>
    <PAY_TYPE>P</PAY_TYPE>
    <STN_NAME>??????????????????????? ???????????????????????????????????????????? USDTHB ????????? ?????????????????????? ????? (?????)'</STN_NAME>
    <STN_TYPE_DESC>??????????????????????????????????????? ?????? Dual Currency Note ??????????????????????????</STN_TYPE_DESC>
    <STN_RETURN>??????????????????????????????????????????? ????????????????</STN_RETURN>
    <STN_RULE_REDEEM>??????????????????????????????????????????? ?????????????????????????????????????????????????????? ????????????????????????????????????????????????? ???????????????????????????????????????????????????????????????????????????????? 2 ???? ??????
??????? 1 ?????????????????????? ? ??????????????????????????????????????????????????? Strike Price
?????????????????????????????????????????????????????????????????????????????????????????????

??????? 2 ?????????????????????? ? ???????????????????????????????????????????? Strike Price 
?????????????????????????????????????????????????????????????????????????????????????????????????????????????????????????????????????? ?????????????????</STN_RULE_REDEEM>
    <STN_SEQ>1/2564</STN_SEQ>
    <STN_SEQDATE>20 ?????? 2564</STN_SEQDATE>
    <BANKNAME>?????????????????????? ????? (?????)</BANKNAME>
  </TB_STNCONF>
</NewDataSet>
2021-08-16 22:31:48,135 [4] INFO  KKB.Treasury.TreasuryModel.Model.Model_RPT_CONFIRMREPORT [(null)] - -----Model_RPT_CONFIRMREPORT Finish-----
2021-08-16 22:31:57,198 [4] INFO  KKB.Treasury.TreasuryModel.Model.Model_RPT_PRICINGREPORT [(null)] - -----Model_RPT_PRICINGREPORT Start-----
2021-08-16 22:31:57,209 [4] INFO  KKB.Treasury.TreasuryModel.Model.Model_RPT_PRICINGREPORT [(null)] - Store Procedure : OPICINF.KKB_SP_TSS_STNCONF
2021-08-16 22:31:57,551 [4] INFO  KKB.Treasury.TreasuryModel.Model.Model_RPT_PRICINGREPORT [(null)] - <NewDataSet>
  <TB_STNCONF>
    <STNID>544</STNID>
    <ACTION>New Trade</ACTION>
    <CURR_DATE>11/06/2021</CURR_DATE>
    <ORDER_NO>2021500078</ORDER_NO>
    <ACCT_NO>20732742</ACCT_NO>
    <SYMBOL>KKDUALP21715Y</SYMBOL>
    <KKSYMBOL>KKP21715Y</KKSYMBOL>
    <UNIT>5</UNIT>
    <AMOUNT>4975000</AMOUNT>
    <FIRST_NAME_EN>ARADA</FIRST_NAME_EN>
    <FULLNAME>?? ??ô? ?????</FULLNAME>
    <TAXID>3659900648870</TAXID>
    <CUST_BANK_CODE>KK</CUST_BANK_CODE>
    <CUST_BANK_ACCT>00922620004895</CUST_BANK_ACCT>
    <EMAIL>arada.j@origin.co.th</EMAIL>
    <FC_NAME>Thapepayapong Silpanone</FC_NAME>
    <FC_EMAIL>Thapepayapong.Silp@kkpfg.com</FC_EMAIL>
    <STN_TYPE>DUAL</STN_TYPE>
    <NOTE_SERIES>101/2564</NOTE_SERIES>
    <UNDERLYING1>USDTHB</UNDERLYING1>
    <STRIKE_PRICE1>32.00</STRIKE_PRICE1>
    <STRIKE_PRICE2>0.00</STRIKE_PRICE2>
    <STRIKE_PRICE3>0.00</STRIKE_PRICE3>
    <STRIKE_PRICE4>0.00</STRIKE_PRICE4>
    <STRIKE_PRICE5>0.00</STRIKE_PRICE5>
    <STRIKE_PRICE6>0.00</STRIKE_PRICE6>
    <BARRIER_PRICE1>0.00</BARRIER_PRICE1>
    <BARRIER_PRICE2>0.00</BARRIER_PRICE2>
    <BARRIER_PRICE3>0.00</BARRIER_PRICE3>
    <BARRIER_PRICE4>0.00</BARRIER_PRICE4>
    <BARRIER_PRICE5>0.00</BARRIER_PRICE5>
    <BARRIER_PRICE6>0.00</BARRIER_PRICE6>
    <KI_PRICE>0</KI_PRICE>
    <PROTECT_LEVELP>0</PROTECT_LEVELP>
    <TTM>30</TTM>
    <TRADING_DAY>0</TRADING_DAY>
    <EXERCISE_TYPE>European</EXERCISE_TYPE>
    <PAR_VALUE>1000000</PAR_VALUE>
    <OFFER_PRICEP>99.5</OFFER_PRICEP>
    <OFFER_PRICE_AMT>4975000</OFFER_PRICE_AMT>
    <INITIAL_PRICEP>100</INITIAL_PRICEP>
    <INITIAL_PRICE_AMT>32.00</INITIAL_PRICE_AMT>
    <STRIKE_PRICE1P>100</STRIKE_PRICE1P>
    <STRIKE_PRICE2P>0</STRIKE_PRICE2P>
    <STRIKE_PRICE3P>0</STRIKE_PRICE3P>
    <STRIKE_PRICE4P>0</STRIKE_PRICE4P>
    <STRIKE_PRICE5P>0</STRIKE_PRICE5P>
    <STRIKE_PRICE6P>0</STRIKE_PRICE6P>
    <BARRIER_PRICE1P>0</BARRIER_PRICE1P>
    <BARRIER_PRICE2P>0</BARRIER_PRICE2P>
    <BARRIER_PRICE3P>0</BARRIER_PRICE3P>
    <BARRIER_PRICE4P>0</BARRIER_PRICE4P>
    <BARRIER_PRICE5P>0</BARRIER_PRICE5P>
    <BARRIER_PRICE6P>0</BARRIER_PRICE6P>
    <KK_PRICEP>0</KK_PRICEP>
    <PR1>0</PR1>
    <PR2>0</PR2>
    <MIN_YIELD1P>0</MIN_YIELD1P>
    <MIN_YIELD2P>0</MIN_YIELD2P>
    <MAX_YIELD1P>5</MAX_YIELD1P>
    <MAX_YIELD2P>0</MAX_YIELD2P>
    <REBATE_AMT>0</REBATE_AMT>
    <REBATEP>0</REBATEP>
    <NOTE_CURR>THB</NOTE_CURR>
    <UNDERLYING_CURR>THB</UNDERLYING_CURR>
    <FX_DELIVERY_AMT>31250.0000</FX_DELIVERY_AMT>
    <SURPLUS_CASH>0.00</SURPLUS_CASH>
    <SUB_BEGIN_DATE>11/06/2021</SUB_BEGIN_DATE>
    <SUB_END_DATE>11/06/2021</SUB_END_DATE>
    <TRADE_DATE>11/06/2021</TRADE_DATE>
    <EFFECTIVE_DATE>15/06/2021</EFFECTIVE_DATE>
    <SETTLE_DATE>15/06/2021</SETTLE_DATE>
    <ISSUE_DATE>15/06/2021</ISSUE_DATE>
    <FIXING_DATE>13/07/2021</FIXING_DATE>
    <MATURITY_DATE>15/07/2021</MATURITY_DATE>
    <SETTLE_PERIOD>2</SETTLE_PERIOD>
    <EXCRATE_TRADEDATE>0</EXCRATE_TRADEDATE>
    <CUST_TYPE>15</CUST_TYPE>
    <PAY_TYPE>P</PAY_TYPE>
    <STN_NAME>??????????????????????? ???????????????????????????????????????????? USDTHB ????????? ?????????????????????? ????? (?????)'</STN_NAME>
    <STN_TYPE_DESC>??????????????????????????????????????? ?????? Dual Currency Note ??????????????????????????</STN_TYPE_DESC>
    <STN_RETURN>??????????????????????????????????????????? ????????????????</STN_RETURN>
    <STN_RULE_REDEEM>??????????????????????????????????????????? ?????????????????????????????????????????????????????? ????????????????????????????????????????????????? ???????????????????????????????????????????????????????????????????????????????? 2 ???? ??????
??????? 1 ?????????????????????? ? ??????????????????????????????????????????????????? Strike Price
?????????????????????????????????????????????????????????????????????????????????????????????

??????? 2 ?????????????????????? ? ???????????????????????????????????????????? Strike Price 
?????????????????????????????????????????????????????????????????????????????????????????????????????????????????????????????????????? ?????????????????</STN_RULE_REDEEM>
    <STN_SEQ>1/2564</STN_SEQ>
    <STN_SEQDATE>20 ?????? 2564</STN_SEQDATE>
    <BANKNAME>?????????????????????? ????? (?????)</BANKNAME>
  </TB_STNCONF>
  <TB_STNCONF>
    <STNID>545</STNID>
    <ACTION>New Trade</ACTION>
    <CURR_DATE>11/06/2021</CURR_DATE>
    <ORDER_NO>2021500079</ORDER_NO>
    <ACCT_NO>20970252</ACCT_NO>
    <SYMBOL>KKDUALP21715Y</SYMBOL>
    <KKSYMBOL>KKP21715Y</KKSYMBOL>
    <UNIT>5</UNIT>
    <AMOUNT>4975000</AMOUNT>
    <FIRST_NAME_EN>THE VACHARAPHOL CO. LTD.</FIRST_NAME_EN>
    <FULLNAME>???. ??þ? </FULLNAME>
    <TAXID>0105518003594</TAXID>
    <CUST_BANK_CODE>KK</CUST_BANK_CODE>
    <CUST_BANK_ACCT>2001785290</CUST_BANK_ACCT>
    <TEL>02-1271222,02-1271222</TEL>
    <EMAIL>junior@thairath.tv,jitsupa@thairath.co.th,yinglak@thairath.co.th,trgaccount@thairath.co.th</EMAIL>
    <FC_NAME>Thapepayapong Silpanone</FC_NAME>
    <FC_EMAIL>Thapepayapong.Silp@kkpfg.com</FC_EMAIL>
    <STN_TYPE>DUAL</STN_TYPE>
    <NOTE_SERIES>101/2564</NOTE_SERIES>
    <UNDERLYING1>USDTHB</UNDERLYING1>
    <STRIKE_PRICE1>32.00</STRIKE_PRICE1>
    <STRIKE_PRICE2>0.00</STRIKE_PRICE2>
    <STRIKE_PRICE3>0.00</STRIKE_PRICE3>
    <STRIKE_PRICE4>0.00</STRIKE_PRICE4>
    <STRIKE_PRICE5>0.00</STRIKE_PRICE5>
    <STRIKE_PRICE6>0.00</STRIKE_PRICE6>
    <BARRIER_PRICE1>0.00</BARRIER_PRICE1>
    <BARRIER_PRICE2>0.00</BARRIER_PRICE2>
    <BARRIER_PRICE3>0.00</BARRIER_PRICE3>
    <BARRIER_PRICE4>0.00</BARRIER_PRICE4>
    <BARRIER_PRICE5>0.00</BARRIER_PRICE5>
    <BARRIER_PRICE6>0.00</BARRIER_PRICE6>
    <KI_PRICE>0</KI_PRICE>
    <PROTECT_LEVELP>0</PROTECT_LEVELP>
    <TTM>30</TTM>
    <TRADING_DAY>0</TRADING_DAY>
    <EXERCISE_TYPE>European</EXERCISE_TYPE>
    <PAR_VALUE>1000000</PAR_VALUE>
    <OFFER_PRICEP>99.5</OFFER_PRICEP>
    <OFFER_PRICE_AMT>4975000</OFFER_PRICE_AMT>
    <INITIAL_PRICEP>100</INITIAL_PRICEP>
    <INITIAL_PRICE_AMT>32.00</INITIAL_PRICE_AMT>
    <STRIKE_PRICE1P>100</STRIKE_PRICE1P>
    <STRIKE_PRICE2P>0</STRIKE_PRICE2P>
    <STRIKE_PRICE3P>0</STRIKE_PRICE3P>
    <STRIKE_PRICE4P>0</STRIKE_PRICE4P>
    <STRIKE_PRICE5P>0</STRIKE_PRICE5P>
    <STRIKE_PRICE6P>0</STRIKE_PRICE6P>
    <BARRIER_PRICE1P>0</BARRIER_PRICE1P>
    <BARRIER_PRICE2P>0</BARRIER_PRICE2P>
    <BARRIER_PRICE3P>0</BARRIER_PRICE3P>
    <BARRIER_PRICE4P>0</BARRIER_PRICE4P>
    <BARRIER_PRICE5P>0</BARRIER_PRICE5P>
    <BARRIER_PRICE6P>0</BARRIER_PRICE6P>
    <KK_PRICEP>0</KK_PRICEP>
    <PR1>0</PR1>
    <PR2>0</PR2>
    <MIN_YIELD1P>0</MIN_YIELD1P>
    <MIN_YIELD2P>0</MIN_YIELD2P>
    <MAX_YIELD1P>5</MAX_YIELD1P>
    <MAX_YIELD2P>0</MAX_YIELD2P>
    <REBATE_AMT>0</REBATE_AMT>
    <REBATEP>0</REBATEP>
    <NOTE_CURR>THB</NOTE_CURR>
    <UNDERLYING_CURR>THB</UNDERLYING_CURR>
    <FX_DELIVERY_AMT>31250.0000</FX_DELIVERY_AMT>
    <SURPLUS_CASH>0.00</SURPLUS_CASH>
    <SUB_BEGIN_DATE>11/06/2021</SUB_BEGIN_DATE>
    <SUB_END_DATE>11/06/2021</SUB_END_DATE>
    <TRADE_DATE>11/06/2021</TRADE_DATE>
    <EFFECTIVE_DATE>15/06/2021</EFFECTIVE_DATE>
    <SETTLE_DATE>15/06/2021</SETTLE_DATE>
    <ISSUE_DATE>15/06/2021</ISSUE_DATE>
    <FIXING_DATE>13/07/2021</FIXING_DATE>
    <MATURITY_DATE>15/07/2021</MATURITY_DATE>
    <SETTLE_PERIOD>2</SETTLE_PERIOD>
    <EXCRATE_TRADEDATE>0</EXCRATE_TRADEDATE>
    <CUST_TYPE>1</CUST_TYPE>
    <PAY_TYPE>P</PAY_TYPE>
    <STN_NAME>??????????????????????? ???????????????????????????????????????????? USDTHB ????????? ?????????????????????? ????? (?????)'</STN_NAME>
    <STN_TYPE_DESC>??????????????????????????????????????? ?????? Dual Currency Note ??????????????????????????</STN_TYPE_DESC>
    <STN_RETURN>??????????????????????????????????????????? ????????????????</STN_RETURN>
    <STN_RULE_REDEEM>??????????????????????????????????????????? ?????????????????????????????????????????????????????? ????????????????????????????????????????????????? ???????????????????????????????????????????????????????????????????????????????? 2 ???? ??????
??????? 1 ?????????????????????? ? ??????????????????????????????????????????????????? Strike Price
?????????????????????????????????????????????????????????????????????????????????????????????

??????? 2 ?????????????????????? ? ???????????????????????????????????????????? Strike Price 
?????????????????????????????????????????????????????????????????????????????????????????????????????????????????????????????????????? ?????????????????</STN_RULE_REDEEM>
    <STN_SEQ>1/2564</STN_SEQ>
    <STN_SEQDATE>20 ?????? 2564</STN_SEQDATE>
    <BANKNAME>?????????????????????? ????? (?????)</BANKNAME>
  </TB_STNCONF>
</NewDataSet>
2021-08-16 22:31:57,786 [4] INFO  KKB.Treasury.TreasuryModel.Model.Model_RPT_PRICINGREPORT [(null)] - <NewDataSet>
  <TB_STNCONF>
    <STNID>544</STNID>
    <ACTION>New Trade</ACTION>
    <CURR_DATE>11/06/2021</CURR_DATE>
    <ORDER_NO>2021500078</ORDER_NO>
    <ACCT_NO>20732742</ACCT_NO>
    <SYMBOL>KKDUALP21715Y</SYMBOL>
    <KKSYMBOL>KKP21715Y</KKSYMBOL>
    <UNIT>5</UNIT>
    <AMOUNT>4975000</AMOUNT>
    <FIRST_NAME_EN>ARADA</FIRST_NAME_EN>
    <FULLNAME>?? ??ô? ?????</FULLNAME>
    <TAXID>3659900648870</TAXID>
    <CUST_BANK_CODE>KK</CUST_BANK_CODE>
    <CUST_BANK_ACCT>00922620004895</CUST_BANK_ACCT>
    <EMAIL>arada.j@origin.co.th</EMAIL>
    <FC_NAME>Thapepayapong Silpanone</FC_NAME>
    <FC_EMAIL>Thapepayapong.Silp@kkpfg.com</FC_EMAIL>
    <STN_TYPE>DUAL</STN_TYPE>
    <NOTE_SERIES>101/2564</NOTE_SERIES>
    <UNDERLYING1>USDTHB</UNDERLYING1>
    <STRIKE_PRICE1>32.00</STRIKE_PRICE1>
    <STRIKE_PRICE2>0.00</STRIKE_PRICE2>
    <STRIKE_PRICE3>0.00</STRIKE_PRICE3>
    <STRIKE_PRICE4>0.00</STRIKE_PRICE4>
    <STRIKE_PRICE5>0.00</STRIKE_PRICE5>
    <STRIKE_PRICE6>0.00</STRIKE_PRICE6>
    <BARRIER_PRICE1>0.00</BARRIER_PRICE1>
    <BARRIER_PRICE2>0.00</BARRIER_PRICE2>
    <BARRIER_PRICE3>0.00</BARRIER_PRICE3>
    <BARRIER_PRICE4>0.00</BARRIER_PRICE4>
    <BARRIER_PRICE5>0.00</BARRIER_PRICE5>
    <BARRIER_PRICE6>0.00</BARRIER_PRICE6>
    <KI_PRICE>0</KI_PRICE>
    <PROTECT_LEVELP>0</PROTECT_LEVELP>
    <TTM>30</TTM>
    <TRADING_DAY>0</TRADING_DAY>
    <EXERCISE_TYPE>European</EXERCISE_TYPE>
    <PAR_VALUE>1000000</PAR_VALUE>
    <OFFER_PRICEP>99.5</OFFER_PRICEP>
    <OFFER_PRICE_AMT>4975000</OFFER_PRICE_AMT>
    <INITIAL_PRICEP>100</INITIAL_PRICEP>
    <INITIAL_PRICE_AMT>32.00</INITIAL_PRICE_AMT>
    <STRIKE_PRICE1P>100</STRIKE_PRICE1P>
    <STRIKE_PRICE2P>0</STRIKE_PRICE2P>
    <STRIKE_PRICE3P>0</STRIKE_PRICE3P>
    <STRIKE_PRICE4P>0</STRIKE_PRICE4P>
    <STRIKE_PRICE5P>0</STRIKE_PRICE5P>
    <STRIKE_PRICE6P>0</STRIKE_PRICE6P>
    <BARRIER_PRICE1P>0</BARRIER_PRICE1P>
    <BARRIER_PRICE2P>0</BARRIER_PRICE2P>
    <BARRIER_PRICE3P>0</BARRIER_PRICE3P>
    <BARRIER_PRICE4P>0</BARRIER_PRICE4P>
    <BARRIER_PRICE5P>0</BARRIER_PRICE5P>
    <BARRIER_PRICE6P>0</BARRIER_PRICE6P>
    <KK_PRICEP>0</KK_PRICEP>
    <PR1>0</PR1>
    <PR2>0</PR2>
    <MIN_YIELD1P>0</MIN_YIELD1P>
    <MIN_YIELD2P>0</MIN_YIELD2P>
    <MAX_YIELD1P>5</MAX_YIELD1P>
    <MAX_YIELD2P>0</MAX_YIELD2P>
    <REBATE_AMT>0</REBATE_AMT>
    <REBATEP>0</REBATEP>
    <NOTE_CURR>THB</NOTE_CURR>
    <UNDERLYING_CURR>THB</UNDERLYING_CURR>
    <FX_DELIVERY_AMT>31250.0000</FX_DELIVERY_AMT>
    <SURPLUS_CASH>0.00</SURPLUS_CASH>
    <SUB_BEGIN_DATE>11/06/2021</SUB_BEGIN_DATE>
    <SUB_END_DATE>11/06/2021</SUB_END_DATE>
    <TRADE_DATE>11/06/2021</TRADE_DATE>
    <EFFECTIVE_DATE>15/06/2021</EFFECTIVE_DATE>
    <SETTLE_DATE>15/06/2021</SETTLE_DATE>
    <ISSUE_DATE>15/06/2021</ISSUE_DATE>
    <FIXING_DATE>13/07/2021</FIXING_DATE>
    <MATURITY_DATE>15/07/2021</MATURITY_DATE>
    <SETTLE_PERIOD>2</SETTLE_PERIOD>
    <EXCRATE_TRADEDATE>0</EXCRATE_TRADEDATE>
    <CUST_TYPE>15</CUST_TYPE>
    <PAY_TYPE>P</PAY_TYPE>
    <STN_NAME>??????????????????????? ???????????????????????????????????????????? USDTHB ????????? ?????????????????????? ????? (?????)'</STN_NAME>
    <STN_TYPE_DESC>??????????????????????????????????????? ?????? Dual Currency Note ??????????????????????????</STN_TYPE_DESC>
    <STN_RETURN>??????????????????????????????????????????? ????????????????</STN_RETURN>
    <STN_RULE_REDEEM>??????????????????????????????????????????? ?????????????????????????????????????????????????????? ????????????????????????????????????????????????? ???????????????????????????????????????????????????????????????????????????????? 2 ???? ??????
??????? 1 ?????????????????????? ? ??????????????????????????????????????????????????? Strike Price
?????????????????????????????????????????????????????????????????????????????????????????????

??????? 2 ?????????????????????? ? ???????????????????????????????????????????? Strike Price 
?????????????????????????????????????????????????????????????????????????????????????????????????????????????????????????????????????? ?????????????????</STN_RULE_REDEEM>
    <STN_SEQ>1/2564</STN_SEQ>
    <STN_SEQDATE>20 ?????? 2564</STN_SEQDATE>
    <BANKNAME>?????????????????????? ????? (?????)</BANKNAME>
  </TB_STNCONF>
  <TB_STNCONF>
    <STNID>545</STNID>
    <ACTION>New Trade</ACTION>
    <CURR_DATE>11/06/2021</CURR_DATE>
    <ORDER_NO>2021500079</ORDER_NO>
    <ACCT_NO>20970252</ACCT_NO>
    <SYMBOL>KKDUALP21715Y</SYMBOL>
    <KKSYMBOL>KKP21715Y</KKSYMBOL>
    <UNIT>5</UNIT>
    <AMOUNT>4975000</AMOUNT>
    <FIRST_NAME_EN>THE VACHARAPHOL CO. LTD.</FIRST_NAME_EN>
    <FULLNAME>???. ??þ? </FULLNAME>
    <TAXID>0105518003594</TAXID>
    <CUST_BANK_CODE>KK</CUST_BANK_CODE>
    <CUST_BANK_ACCT>2001785290</CUST_BANK_ACCT>
    <TEL>02-1271222,02-1271222</TEL>
    <EMAIL>junior@thairath.tv,jitsupa@thairath.co.th,yinglak@thairath.co.th,trgaccount@thairath.co.th</EMAIL>
    <FC_NAME>Thapepayapong Silpanone</FC_NAME>
    <FC_EMAIL>Thapepayapong.Silp@kkpfg.com</FC_EMAIL>
    <STN_TYPE>DUAL</STN_TYPE>
    <NOTE_SERIES>101/2564</NOTE_SERIES>
    <UNDERLYING1>USDTHB</UNDERLYING1>
    <STRIKE_PRICE1>32.00</STRIKE_PRICE1>
    <STRIKE_PRICE2>0.00</STRIKE_PRICE2>
    <STRIKE_PRICE3>0.00</STRIKE_PRICE3>
    <STRIKE_PRICE4>0.00</STRIKE_PRICE4>
    <STRIKE_PRICE5>0.00</STRIKE_PRICE5>
    <STRIKE_PRICE6>0.00</STRIKE_PRICE6>
    <BARRIER_PRICE1>0.00</BARRIER_PRICE1>
    <BARRIER_PRICE2>0.00</BARRIER_PRICE2>
    <BARRIER_PRICE3>0.00</BARRIER_PRICE3>
    <BARRIER_PRICE4>0.00</BARRIER_PRICE4>
    <BARRIER_PRICE5>0.00</BARRIER_PRICE5>
    <BARRIER_PRICE6>0.00</BARRIER_PRICE6>
    <KI_PRICE>0</KI_PRICE>
    <PROTECT_LEVELP>0</PROTECT_LEVELP>
    <TTM>30</TTM>
    <TRADING_DAY>0</TRADING_DAY>
    <EXERCISE_TYPE>European</EXERCISE_TYPE>
    <PAR_VALUE>1000000</PAR_VALUE>
    <OFFER_PRICEP>99.5</OFFER_PRICEP>
    <OFFER_PRICE_AMT>4975000</OFFER_PRICE_AMT>
    <INITIAL_PRICEP>100</INITIAL_PRICEP>
    <INITIAL_PRICE_AMT>32.00</INITIAL_PRICE_AMT>
    <STRIKE_PRICE1P>100</STRIKE_PRICE1P>
    <STRIKE_PRICE2P>0</STRIKE_PRICE2P>
    <STRIKE_PRICE3P>0</STRIKE_PRICE3P>
    <STRIKE_PRICE4P>0</STRIKE_PRICE4P>
    <STRIKE_PRICE5P>0</STRIKE_PRICE5P>
    <STRIKE_PRICE6P>0</STRIKE_PRICE6P>
    <BARRIER_PRICE1P>0</BARRIER_PRICE1P>
    <BARRIER_PRICE2P>0</BARRIER_PRICE2P>
    <BARRIER_PRICE3P>0</BARRIER_PRICE3P>
    <BARRIER_PRICE4P>0</BARRIER_PRICE4P>
    <BARRIER_PRICE5P>0</BARRIER_PRICE5P>
    <BARRIER_PRICE6P>0</BARRIER_PRICE6P>
    <KK_PRICEP>0</KK_PRICEP>
    <PR1>0</PR1>
    <PR2>0</PR2>
    <MIN_YIELD1P>0</MIN_YIELD1P>
    <MIN_YIELD2P>0</MIN_YIELD2P>
    <MAX_YIELD1P>5</MAX_YIELD1P>
    <MAX_YIELD2P>0</MAX_YIELD2P>
    <REBATE_AMT>0</REBATE_AMT>
    <REBATEP>0</REBATEP>
    <NOTE_CURR>THB</NOTE_CURR>
    <UNDERLYING_CURR>THB</UNDERLYING_CURR>
    <FX_DELIVERY_AMT>31250.0000</FX_DELIVERY_AMT>
    <SURPLUS_CASH>0.00</SURPLUS_CASH>
    <SUB_BEGIN_DATE>11/06/2021</SUB_BEGIN_DATE>
    <SUB_END_DATE>11/06/2021</SUB_END_DATE>
    <TRADE_DATE>11/06/2021</TRADE_DATE>
    <EFFECTIVE_DATE>15/06/2021</EFFECTIVE_DATE>
    <SETTLE_DATE>15/06/2021</SETTLE_DATE>
    <ISSUE_DATE>15/06/2021</ISSUE_DATE>
    <FIXING_DATE>13/07/2021</FIXING_DATE>
    <MATURITY_DATE>15/07/2021</MATURITY_DATE>
    <SETTLE_PERIOD>2</SETTLE_PERIOD>
    <EXCRATE_TRADEDATE>0</EXCRATE_TRADEDATE>
    <CUST_TYPE>1</CUST_TYPE>
    <PAY_TYPE>P</PAY_TYPE>
    <STN_NAME>??????????????????????? ???????????????????????????????????????????? USDTHB ????????? ?????????????????????? ????? (?????)'</STN_NAME>
    <STN_TYPE_DESC>??????????????????????????????????????? ?????? Dual Currency Note ??????????????????????????</STN_TYPE_DESC>
    <STN_RETURN>??????????????????????????????????????????? ????????????????</STN_RETURN>
    <STN_RULE_REDEEM>??????????????????????????????????????????? ?????????????????????????????????????????????????????? ????????????????????????????????????????????????? ???????????????????????????????????????????????????????????????????????????????? 2 ???? ??????
??????? 1 ?????????????????????? ? ??????????????????????????????????????????????????? Strike Price
?????????????????????????????????????????????????????????????????????????????????????????????

??????? 2 ?????????????????????? ? ???????????????????????????????????????????? Strike Price 
?????????????????????????????????????????????????????????????????????????????????????????????????????????????????????????????????????? ?????????????????</STN_RULE_REDEEM>
    <STN_SEQ>1/2564</STN_SEQ>
    <STN_SEQDATE>20 ?????? 2564</STN_SEQDATE>
    <BANKNAME>?????????????????????? ????? (?????)</BANKNAME>
  </TB_STNCONF>
</NewDataSet>
2021-08-16 22:31:57,788 [4] INFO  KKB.Treasury.TreasuryModel.Model.Model_RPT_PRICINGREPORT [(null)] - -----Model_RPT_PRICINGREPORT Finish-----
