2021-04-19 22:14:47,224 [4] INFO  TreasuryShadowSystem.Model.Model_Tb_Menu_Auth [(null)] - Select p.* From (Select l.* From OPICINF.KKB_TB_MS_LOOKUP l, OPICINF.KKB_TB_MS_MENU_AUTH a Where l.ID=a.MENU_ID And l.ENABLED='1' And a.USERGROUP_ID=(SELECT USERGROUP_ID FROM OPICINF.KKB_TB_MS_USERGROUP WHERE USERGROUP_NAME = 'ITProject') UNION Select * From OPICINF.KKB_TB_MS_LOOKUP WHERE ENABLED='1' AND ID IN (Select DISTINCT GROUPID From OPICINF.KKB_TB_MS_LOOKUP l, OPICINF.KKB_TB_MS_MENU_AUTH a Where l.ID=a.MENU_ID And l.ENABLED='1' And a.USERGROUP_ID=(SELECT USERGROUP_ID FROM OPICINF.KKB_TB_MS_USERGROUP WHERE USERGROUP_NAME = 'ITProject')) ) p Order By p.GroupID, p.SEQ 
2021-04-19 22:14:47,594 [4] INFO  TreasuryShadowSystem.Login [(null)] - Login successfull on :19/04/2021 10:14:47
2021-04-19 22:14:47,712 [4] ERROR TreasuryShadowSystem.Login [(null)] - Thread was being aborted.
2021-04-19 22:23:54,129 [4] INFO  KKB.Treasury.TreasuryModel.Model.Model_RPT_TR092OBOFXCF [(null)] - -----Model_RPT_TR092OBOFXCF Start-----
2021-04-19 22:23:54,129 [4] INFO  KKB.Treasury.TreasuryModel.Model.Model_RPT_TR092OBOFXCF [(null)] - Store Procedure : OPICINF.KKB_SP_TSS_TR092OBOFXCF
2021-04-19 22:23:54,130 [4] INFO  KKB.Treasury.TreasuryModel.Model.Model_RPT_TR092OBOFXCF [(null)] - Data : DealNo=2165680
2021-04-19 22:23:59,533 [4] INFO  KKB.Treasury.TreasuryModel.Model.Model_RPT_TR092OBOFXCF [(null)] - Total Records : 1 Record(s)
2021-04-19 22:23:59,533 [4] INFO  KKB.Treasury.TreasuryModel.Model.Model_RPT_TR092OBOFXCF [(null)] - -----Model_RPT_TR092OBOFXCF Finish-----
2021-04-19 22:29:33,856 [9] INFO  KKB.Treasury.TreasuryModel.Model.Model_RPT_TR092OBOFXCF [(null)] - -----Model_RPT_TR092OBOFXCF Start-----
2021-04-19 22:29:33,856 [9] INFO  KKB.Treasury.TreasuryModel.Model.Model_RPT_TR092OBOFXCF [(null)] - Store Procedure : OPICINF.KKB_SP_TSS_TR092OBOFXCF
2021-04-19 22:29:33,857 [9] INFO  KKB.Treasury.TreasuryModel.Model.Model_RPT_TR092OBOFXCF [(null)] - Data : DealNo=2074110
2021-04-19 22:29:34,269 [9] INFO  KKB.Treasury.TreasuryModel.Model.Model_RPT_TR092OBOFXCF [(null)] - Total Records : 1 Record(s)
2021-04-19 22:29:34,269 [9] INFO  KKB.Treasury.TreasuryModel.Model.Model_RPT_TR092OBOFXCF [(null)] - -----Model_RPT_TR092OBOFXCF Finish-----
2021-04-19 22:32:06,038 [9] INFO  KKB.Treasury.TreasuryModel.Model.Model_RPT_TR093OBOFXCF [(null)] - -----Model_RPT_TR093OBOFXCF Start-----
2021-04-19 22:32:06,039 [9] INFO  KKB.Treasury.TreasuryModel.Model.Model_RPT_TR093OBOFXCF [(null)] - Store Procedure : OPICINF.KKB_SP_TSS_TR093OBOFXCF
2021-04-19 22:32:06,039 [9] INFO  KKB.Treasury.TreasuryModel.Model.Model_RPT_TR093OBOFXCF [(null)] - Data : DealNo=2071490
2021-04-19 22:32:08,325 [9] INFO  KKB.Treasury.TreasuryModel.Model.Model_RPT_TR093OBOFXCF [(null)] - Total Records : 1 Record(s)
2021-04-19 22:32:08,326 [9] INFO  KKB.Treasury.TreasuryModel.Model.Model_RPT_TR093OBOFXCF [(null)] - -----Model_RPT_TR093OBOFXCF Finish-----
2021-04-19 22:33:11,506 [12] INFO  TreasuryShadowSystem.Model.Model_Tb_Menu_Auth [(null)] - IsAccess : 'frm_TR007MBOBE.aspx'
2021-04-19 22:33:31,727 [7] INFO  KKB.Treasury.TreasuryModel.Model.Model_RPT_TR091OBOFXCF [(null)] - -----Model_RPT_TR091OBOFXCF Start-----
2021-04-19 22:33:31,727 [7] INFO  KKB.Treasury.TreasuryModel.Model.Model_RPT_TR091OBOFXCF [(null)] - Store Procedure : OPICINF.KKB_SP_TSS_TR091OBOFXCF
2021-04-19 22:33:31,728 [7] INFO  KKB.Treasury.TreasuryModel.Model.Model_RPT_TR091OBOFXCF [(null)] - Data : DealNo=2165679
2021-04-19 22:33:32,671 [7] INFO  KKB.Treasury.TreasuryModel.Model.Model_RPT_TR091OBOFXCF [(null)] - Total Records : 1 Record(s)
2021-04-19 22:33:32,672 [7] INFO  KKB.Treasury.TreasuryModel.Model.Model_RPT_TR091OBOFXCF [(null)] - -----Model_RPT_TR091OBOFXCF Finish-----
2021-04-19 22:35:00,074 [4] INFO  KKB.Treasury.TreasuryModel.Model.Model_RPT_TR091OBOFXCF [(null)] - -----Model_RPT_TR091OBOFXCF Start-----
2021-04-19 22:35:00,075 [4] INFO  KKB.Treasury.TreasuryModel.Model.Model_RPT_TR091OBOFXCF [(null)] - Store Procedure : OPICINF.KKB_SP_TSS_TR091OBOFXCF
2021-04-19 22:35:00,075 [4] INFO  KKB.Treasury.TreasuryModel.Model.Model_RPT_TR091OBOFXCF [(null)] - Data : DealNo=2068263
2021-04-19 22:35:01,503 [4] INFO  KKB.Treasury.TreasuryModel.Model.Model_RPT_TR091OBOFXCF [(null)] - Total Records : 1 Record(s)
2021-04-19 22:35:01,503 [4] INFO  KKB.Treasury.TreasuryModel.Model.Model_RPT_TR091OBOFXCF [(null)] - -----Model_RPT_TR091OBOFXCF Finish-----
