2021-06-01 01:11:15,236 [4] INFO  TreasuryShadowSystem.Model.Model_Tb_Menu_Auth [(null)] - Select p.* From (Select l.* From OPICINF.KKB_TB_MS_LOOKUP l, OPICINF.KKB_TB_MS_MENU_AUTH a Where l.ID=a.MENU_ID And l.ENABLED='1' And a.USERGROUP_ID=(SELECT USERGROUP_ID FROM OPICINF.KKB_TB_MS_USERGROUP WHERE USERGROUP_NAME = 'ITProject') UNION Select * From OPICINF.KKB_TB_MS_LOOKUP WHERE ENABLED='1' AND ID IN (Select DISTINCT GROUPID From OPICINF.KKB_TB_MS_LOOKUP l, OPICINF.KKB_TB_MS_MENU_AUTH a Where l.ID=a.MENU_ID And l.ENABLED='1' And a.USERGROUP_ID=(SELECT USERGROUP_ID FROM OPICINF.KKB_TB_MS_USERGROUP WHERE USERGROUP_NAME = 'ITProject')) ) p Order By p.GroupID, p.SEQ 
2021-06-01 01:11:15,636 [4] INFO  TreasuryShadowSystem.Login [(null)] - Login successfull on :01/06/2021 01:11:15
2021-06-01 01:11:15,728 [4] ERROR TreasuryShadowSystem.Login [(null)] - Thread was being aborted.
2021-06-01 01:11:25,794 [9] INFO  TreasuryShadowSystem.STN.MasterSTN [(null)] - BindGridReport MasterSTN
2021-06-01 01:11:25,986 [9] INFO  TreasuryShadowSystem.STN.MasterSTN [(null)] - MasterSTN ConvertDataTableToListMaster
2021-06-01 01:11:25,988 [9] INFO  TreasuryShadowSystem.STN.MasterSTN [(null)] - 1
2021-06-01 01:11:25,989 [9] INFO  TreasuryShadowSystem.STN.MasterSTN [(null)] - 2
2021-06-01 01:11:25,989 [9] INFO  TreasuryShadowSystem.STN.MasterSTN [(null)] - 3
2021-06-01 01:11:25,989 [9] INFO  TreasuryShadowSystem.STN.MasterSTN [(null)] - 4
2021-06-01 01:11:25,989 [9] INFO  TreasuryShadowSystem.STN.MasterSTN [(null)] - 5
2021-06-01 01:11:25,989 [9] INFO  TreasuryShadowSystem.STN.MasterSTN [(null)] - 6
2021-06-01 01:11:25,990 [9] INFO  TreasuryShadowSystem.STN.MasterSTN [(null)] - 7
2021-06-01 01:11:25,990 [9] INFO  TreasuryShadowSystem.STN.MasterSTN [(null)] - 8
2021-06-01 01:11:26,003 [9] INFO  TreasuryModel.Data.STNMASTER [(null)] - -----STNNAME Start getSTN-----
2021-06-01 01:11:26,058 [9] INFO  TreasuryModel.Data.STNMASTER [(null)] - -----STNNAME Start getSTN-----
2021-06-01 01:11:26,091 [9] INFO  TreasuryModel.Data.STNMASTER [(null)] - -----STNNAME Start getSTN-----
2021-06-01 01:11:26,122 [9] INFO  TreasuryModel.Data.STNMASTER [(null)] - -----STNNAME Start getSTN-----
2021-06-01 01:11:26,143 [9] INFO  TreasuryModel.Data.STNMASTER [(null)] - -----STNNAME Start getSTN-----
2021-06-01 01:11:26,174 [9] INFO  TreasuryModel.Data.STNMASTER [(null)] - -----STNNAME Start getSTN-----
2021-06-01 01:11:26,205 [9] INFO  TreasuryModel.Data.STNMASTER [(null)] - -----STNNAME Start getSTN-----
2021-06-01 01:11:26,237 [9] INFO  TreasuryModel.Data.STNMASTER [(null)] - -----STNNAME Start getSTN-----
2021-06-01 01:11:38,860 [4] INFO  TreasuryShadowSystem.STN.MasterSTN [(null)] - Click Closed Price
2021-06-01 01:11:38,891 [4] INFO  TreasuryShadowSystem.STN.MasterSTN [(null)] - ##dialogpriceclose start
2021-06-01 01:11:38,893 [4] INFO  TreasuryShadowSystem.STN.MasterSTN [(null)] - ##dialogpriceclose end
2021-06-01 01:11:45,846 [9] INFO  TreasuryShadowSystem.STN.MasterSTN [(null)] - Click Closed Price
2021-06-01 01:11:45,885 [9] INFO  TreasuryShadowSystem.STN.MasterSTN [(null)] - ##dialogpriceclose start
2021-06-01 01:11:45,885 [9] INFO  TreasuryShadowSystem.STN.MasterSTN [(null)] - ##dialogpriceclose end
2021-06-01 01:13:29,152 [9] INFO  TreasuryShadowSystem.STN.MasterSTN [(null)] - Click Closed Price
2021-06-01 01:13:29,186 [9] INFO  TreasuryShadowSystem.STN.MasterSTN [(null)] - ##dialogpriceclose start
2021-06-01 01:13:29,187 [9] INFO  TreasuryShadowSystem.STN.MasterSTN [(null)] - ##dialogpriceclose end
2021-06-01 01:15:21,466 [9] INFO  TreasuryShadowSystem.STN.MasterSTN [(null)] - Click Closed Price
2021-06-01 01:16:52,150 [9] INFO  TreasuryShadowSystem.STN.MasterSTN [(null)] - ##dialogpriceclose start
2021-06-01 01:17:13,420 [9] INFO  TreasuryShadowSystem.STN.MasterSTN [(null)] - ##dialogpriceclose end
2021-06-01 01:20:02,564 [9] INFO  TreasuryShadowSystem.STN.MasterSTN [(null)] - Click Closed Price
2021-06-01 01:29:13,201 [9] INFO  TreasuryShadowSystem.STN.MasterSTN [(null)] - ##dialogpriceclose start
2021-06-01 01:29:21,472 [9] INFO  TreasuryShadowSystem.STN.MasterSTN [(null)] - ##dialogpriceclose end
2021-06-01 09:38:15,655 [6] INFO  TreasuryShadowSystem.Model.Model_Tb_Menu_Auth [(null)] - Select p.* From (Select l.* From OPICINF.KKB_TB_MS_LOOKUP l, OPICINF.KKB_TB_MS_MENU_AUTH a Where l.ID=a.MENU_ID And l.ENABLED='1' And a.USERGROUP_ID=(SELECT USERGROUP_ID FROM OPICINF.KKB_TB_MS_USERGROUP WHERE USERGROUP_NAME = 'ITProject') UNION Select * From OPICINF.KKB_TB_MS_LOOKUP WHERE ENABLED='1' AND ID IN (Select DISTINCT GROUPID From OPICINF.KKB_TB_MS_LOOKUP l, OPICINF.KKB_TB_MS_MENU_AUTH a Where l.ID=a.MENU_ID And l.ENABLED='1' And a.USERGROUP_ID=(SELECT USERGROUP_ID FROM OPICINF.KKB_TB_MS_USERGROUP WHERE USERGROUP_NAME = 'ITProject')) ) p Order By p.GroupID, p.SEQ 
2021-06-01 09:38:15,837 [6] INFO  TreasuryShadowSystem.Login [(null)] - Login successfull on :01/06/2021 09:38:15
2021-06-01 09:38:15,925 [6] ERROR TreasuryShadowSystem.Login [(null)] - Thread was being aborted.
2021-06-01 09:40:22,289 [6] INFO  TreasuryShadowSystem.STN.MasterSTN [(null)] - BindGridReport MasterSTN
2021-06-01 09:40:22,443 [6] INFO  TreasuryShadowSystem.STN.MasterSTN [(null)] - MasterSTN ConvertDataTableToListMaster
2021-06-01 09:40:22,444 [6] INFO  TreasuryShadowSystem.STN.MasterSTN [(null)] - 1
2021-06-01 09:40:22,444 [6] INFO  TreasuryShadowSystem.STN.MasterSTN [(null)] - 2
2021-06-01 09:40:22,445 [6] INFO  TreasuryShadowSystem.STN.MasterSTN [(null)] - 3
2021-06-01 09:40:22,445 [6] INFO  TreasuryShadowSystem.STN.MasterSTN [(null)] - 4
2021-06-01 09:40:22,445 [6] INFO  TreasuryShadowSystem.STN.MasterSTN [(null)] - 5
2021-06-01 09:40:22,445 [6] INFO  TreasuryShadowSystem.STN.MasterSTN [(null)] - 6
2021-06-01 09:40:22,445 [6] INFO  TreasuryShadowSystem.STN.MasterSTN [(null)] - 7
2021-06-01 09:40:22,445 [6] INFO  TreasuryShadowSystem.STN.MasterSTN [(null)] - 8
2021-06-01 09:40:22,454 [6] INFO  TreasuryModel.Data.STNMASTER [(null)] - -----STNNAME Start getSTN-----
2021-06-01 09:40:22,498 [6] INFO  TreasuryModel.Data.STNMASTER [(null)] - -----STNNAME Start getSTN-----
2021-06-01 09:40:22,532 [6] INFO  TreasuryModel.Data.STNMASTER [(null)] - -----STNNAME Start getSTN-----
2021-06-01 09:40:22,564 [6] INFO  TreasuryModel.Data.STNMASTER [(null)] - -----STNNAME Start getSTN-----
2021-06-01 09:40:22,597 [6] INFO  TreasuryModel.Data.STNMASTER [(null)] - -----STNNAME Start getSTN-----
2021-06-01 09:40:22,634 [6] INFO  TreasuryModel.Data.STNMASTER [(null)] - -----STNNAME Start getSTN-----
2021-06-01 09:40:22,667 [6] INFO  TreasuryModel.Data.STNMASTER [(null)] - -----STNNAME Start getSTN-----
2021-06-01 09:40:22,699 [6] INFO  TreasuryModel.Data.STNMASTER [(null)] - -----STNNAME Start getSTN-----
2021-06-01 09:40:31,728 [9] INFO  TreasuryShadowSystem.STN.MasterSTN [(null)] - Click Closed Price
2021-06-01 09:45:17,920 [9] INFO  TreasuryShadowSystem.Model.Model_Tb_Menu_Auth [(null)] - Select p.* From (Select l.* From OPICINF.KKB_TB_MS_LOOKUP l, OPICINF.KKB_TB_MS_MENU_AUTH a Where l.ID=a.MENU_ID And l.ENABLED='1' And a.USERGROUP_ID=(SELECT USERGROUP_ID FROM OPICINF.KKB_TB_MS_USERGROUP WHERE USERGROUP_NAME = 'ITProject') UNION Select * From OPICINF.KKB_TB_MS_LOOKUP WHERE ENABLED='1' AND ID IN (Select DISTINCT GROUPID From OPICINF.KKB_TB_MS_LOOKUP l, OPICINF.KKB_TB_MS_MENU_AUTH a Where l.ID=a.MENU_ID And l.ENABLED='1' And a.USERGROUP_ID=(SELECT USERGROUP_ID FROM OPICINF.KKB_TB_MS_USERGROUP WHERE USERGROUP_NAME = 'ITProject')) ) p Order By p.GroupID, p.SEQ 
2021-06-01 09:45:18,285 [9] INFO  TreasuryShadowSystem.Login [(null)] - Login successfull on :01/06/2021 09:45:18
2021-06-01 09:45:18,376 [9] ERROR TreasuryShadowSystem.Login [(null)] - Thread was being aborted.
2021-06-01 09:45:27,415 [4] INFO  TreasuryShadowSystem.STN.MasterSTN [(null)] - BindGridReport MasterSTN
2021-06-01 09:45:27,626 [4] INFO  TreasuryShadowSystem.STN.MasterSTN [(null)] - MasterSTN ConvertDataTableToListMaster
2021-06-01 09:45:27,627 [4] INFO  TreasuryShadowSystem.STN.MasterSTN [(null)] - 1
2021-06-01 09:45:27,628 [4] INFO  TreasuryShadowSystem.STN.MasterSTN [(null)] - 2
2021-06-01 09:45:27,628 [4] INFO  TreasuryShadowSystem.STN.MasterSTN [(null)] - 3
2021-06-01 09:45:27,628 [4] INFO  TreasuryShadowSystem.STN.MasterSTN [(null)] - 4
2021-06-01 09:45:27,628 [4] INFO  TreasuryShadowSystem.STN.MasterSTN [(null)] - 5
2021-06-01 09:45:27,628 [4] INFO  TreasuryShadowSystem.STN.MasterSTN [(null)] - 6
2021-06-01 09:45:27,628 [4] INFO  TreasuryShadowSystem.STN.MasterSTN [(null)] - 7
2021-06-01 09:45:27,628 [4] INFO  TreasuryShadowSystem.STN.MasterSTN [(null)] - 8
2021-06-01 09:45:27,640 [4] INFO  TreasuryModel.Data.STNMASTER [(null)] - -----STNNAME Start getSTN-----
2021-06-01 09:45:27,702 [4] INFO  TreasuryModel.Data.STNMASTER [(null)] - -----STNNAME Start getSTN-----
2021-06-01 09:45:27,756 [4] INFO  TreasuryModel.Data.STNMASTER [(null)] - -----STNNAME Start getSTN-----
2021-06-01 09:45:27,802 [4] INFO  TreasuryModel.Data.STNMASTER [(null)] - -----STNNAME Start getSTN-----
2021-06-01 09:45:27,849 [4] INFO  TreasuryModel.Data.STNMASTER [(null)] - -----STNNAME Start getSTN-----
2021-06-01 09:45:27,891 [4] INFO  TreasuryModel.Data.STNMASTER [(null)] - -----STNNAME Start getSTN-----
2021-06-01 09:45:27,938 [4] INFO  TreasuryModel.Data.STNMASTER [(null)] - -----STNNAME Start getSTN-----
2021-06-01 09:45:27,987 [4] INFO  TreasuryModel.Data.STNMASTER [(null)] - -----STNNAME Start getSTN-----
2021-06-01 09:45:33,894 [4] INFO  TreasuryShadowSystem.STN.MasterSTN [(null)] - Click Closed Price
2021-06-01 09:45:37,957 [4] INFO  TreasuryShadowSystem.STN.MasterSTN [(null)] - ##dialogpriceclose start
2021-06-01 09:45:37,957 [4] INFO  TreasuryShadowSystem.STN.MasterSTN [(null)] - ##dialogpriceclose end
2021-06-01 09:45:48,230 [6] INFO  TreasuryShadowSystem.STN.MasterSTN [(null)] - Click Closed Price
2021-06-01 09:53:02,371 [8] INFO  TreasuryShadowSystem.Model.Model_Tb_Menu_Auth [(null)] - Select p.* From (Select l.* From OPICINF.KKB_TB_MS_LOOKUP l, OPICINF.KKB_TB_MS_MENU_AUTH a Where l.ID=a.MENU_ID And l.ENABLED='1' And a.USERGROUP_ID=(SELECT USERGROUP_ID FROM OPICINF.KKB_TB_MS_USERGROUP WHERE USERGROUP_NAME = 'ITProject') UNION Select * From OPICINF.KKB_TB_MS_LOOKUP WHERE ENABLED='1' AND ID IN (Select DISTINCT GROUPID From OPICINF.KKB_TB_MS_LOOKUP l, OPICINF.KKB_TB_MS_MENU_AUTH a Where l.ID=a.MENU_ID And l.ENABLED='1' And a.USERGROUP_ID=(SELECT USERGROUP_ID FROM OPICINF.KKB_TB_MS_USERGROUP WHERE USERGROUP_NAME = 'ITProject')) ) p Order By p.GroupID, p.SEQ 
2021-06-01 09:53:02,724 [8] INFO  TreasuryShadowSystem.Login [(null)] - Login successfull on :01/06/2021 09:53:02
2021-06-01 09:53:02,816 [8] ERROR TreasuryShadowSystem.Login [(null)] - Thread was being aborted.
2021-06-01 09:53:08,211 [8] INFO  TreasuryShadowSystem.STN.MasterSTN [(null)] - BindGridReport MasterSTN
2021-06-01 09:53:08,373 [8] INFO  TreasuryShadowSystem.STN.MasterSTN [(null)] - MasterSTN ConvertDataTableToListMaster
2021-06-01 09:53:08,374 [8] INFO  TreasuryShadowSystem.STN.MasterSTN [(null)] - 1
2021-06-01 09:53:08,376 [8] INFO  TreasuryShadowSystem.STN.MasterSTN [(null)] - 2
2021-06-01 09:53:08,376 [8] INFO  TreasuryShadowSystem.STN.MasterSTN [(null)] - 3
2021-06-01 09:53:08,377 [8] INFO  TreasuryShadowSystem.STN.MasterSTN [(null)] - 4
2021-06-01 09:53:08,377 [8] INFO  TreasuryShadowSystem.STN.MasterSTN [(null)] - 5
2021-06-01 09:53:08,377 [8] INFO  TreasuryShadowSystem.STN.MasterSTN [(null)] - 6
2021-06-01 09:53:08,377 [8] INFO  TreasuryShadowSystem.STN.MasterSTN [(null)] - 7
2021-06-01 09:53:08,377 [8] INFO  TreasuryShadowSystem.STN.MasterSTN [(null)] - 8
2021-06-01 09:53:08,391 [8] INFO  TreasuryModel.Data.STNMASTER [(null)] - -----STNNAME Start getSTN-----
2021-06-01 09:53:08,442 [8] INFO  TreasuryModel.Data.STNMASTER [(null)] - -----STNNAME Start getSTN-----
2021-06-01 09:53:08,478 [8] INFO  TreasuryModel.Data.STNMASTER [(null)] - -----STNNAME Start getSTN-----
2021-06-01 09:53:08,513 [8] INFO  TreasuryModel.Data.STNMASTER [(null)] - -----STNNAME Start getSTN-----
2021-06-01 09:53:08,552 [8] INFO  TreasuryModel.Data.STNMASTER [(null)] - -----STNNAME Start getSTN-----
2021-06-01 09:53:08,582 [8] INFO  TreasuryModel.Data.STNMASTER [(null)] - -----STNNAME Start getSTN-----
2021-06-01 09:53:08,614 [8] INFO  TreasuryModel.Data.STNMASTER [(null)] - -----STNNAME Start getSTN-----
2021-06-01 09:53:08,650 [8] INFO  TreasuryModel.Data.STNMASTER [(null)] - -----STNNAME Start getSTN-----
2021-06-01 09:53:11,609 [4] INFO  TreasuryShadowSystem.STN.MasterSTN [(null)] - Click Closed Price
2021-06-01 09:53:14,888 [4] INFO  TreasuryShadowSystem.STN.MasterSTN [(null)] - ##dialogpriceclose start
2021-06-01 09:53:14,889 [4] INFO  TreasuryShadowSystem.STN.MasterSTN [(null)] - ##dialogpriceclose end
2021-06-01 09:53:29,015 [4] INFO  TreasuryShadowSystem.STN.MasterSTN [(null)] - Click Closed Price
2021-06-01 09:53:32,843 [4] INFO  TreasuryShadowSystem.STN.MasterSTN [(null)] - ##dialogpriceclose start
2021-06-01 09:53:32,844 [4] INFO  TreasuryShadowSystem.STN.MasterSTN [(null)] - ##dialogpriceclose end
2021-06-01 09:53:41,269 [8] INFO  TreasuryShadowSystem.STN.MasterSTN [(null)] - Click Closed Price
2021-06-01 09:53:43,672 [8] INFO  TreasuryShadowSystem.STN.MasterSTN [(null)] - ##dialogpriceclose start
2021-06-01 09:53:43,673 [8] INFO  TreasuryShadowSystem.STN.MasterSTN [(null)] - ##dialogpriceclose end
2021-06-01 09:54:00,545 [8] INFO  TreasuryShadowSystem.STN.MasterSTN [(null)] - Click Closed Price
2021-06-01 09:54:03,441 [8] INFO  TreasuryShadowSystem.STN.MasterSTN [(null)] - ##dialogpriceclose start
2021-06-01 09:54:03,441 [8] INFO  TreasuryShadowSystem.STN.MasterSTN [(null)] - ##dialogpriceclose end
2021-06-01 09:59:27,594 [7] INFO  TreasuryShadowSystem.Model.Model_Tb_Menu_Auth [(null)] - Select p.* From (Select l.* From OPICINF.KKB_TB_MS_LOOKUP l, OPICINF.KKB_TB_MS_MENU_AUTH a Where l.ID=a.MENU_ID And l.ENABLED='1' And a.USERGROUP_ID=(SELECT USERGROUP_ID FROM OPICINF.KKB_TB_MS_USERGROUP WHERE USERGROUP_NAME = 'ITProject') UNION Select * From OPICINF.KKB_TB_MS_LOOKUP WHERE ENABLED='1' AND ID IN (Select DISTINCT GROUPID From OPICINF.KKB_TB_MS_LOOKUP l, OPICINF.KKB_TB_MS_MENU_AUTH a Where l.ID=a.MENU_ID And l.ENABLED='1' And a.USERGROUP_ID=(SELECT USERGROUP_ID FROM OPICINF.KKB_TB_MS_USERGROUP WHERE USERGROUP_NAME = 'ITProject')) ) p Order By p.GroupID, p.SEQ 
2021-06-01 09:59:27,998 [7] INFO  TreasuryShadowSystem.Login [(null)] - Login successfull on :01/06/2021 09:59:27
2021-06-01 09:59:28,098 [7] ERROR TreasuryShadowSystem.Login [(null)] - Thread was being aborted.
2021-06-01 09:59:35,663 [4] INFO  TreasuryShadowSystem.STN.MasterSTN [(null)] - BindGridReport MasterSTN
2021-06-01 09:59:35,912 [4] INFO  TreasuryShadowSystem.STN.MasterSTN [(null)] - MasterSTN ConvertDataTableToListMaster
2021-06-01 09:59:35,913 [4] INFO  TreasuryShadowSystem.STN.MasterSTN [(null)] - 1
2021-06-01 09:59:35,914 [4] INFO  TreasuryShadowSystem.STN.MasterSTN [(null)] - 2
2021-06-01 09:59:35,914 [4] INFO  TreasuryShadowSystem.STN.MasterSTN [(null)] - 3
2021-06-01 09:59:35,914 [4] INFO  TreasuryShadowSystem.STN.MasterSTN [(null)] - 4
2021-06-01 09:59:35,915 [4] INFO  TreasuryShadowSystem.STN.MasterSTN [(null)] - 5
2021-06-01 09:59:35,915 [4] INFO  TreasuryShadowSystem.STN.MasterSTN [(null)] - 6
2021-06-01 09:59:35,915 [4] INFO  TreasuryShadowSystem.STN.MasterSTN [(null)] - 7
2021-06-01 09:59:35,915 [4] INFO  TreasuryShadowSystem.STN.MasterSTN [(null)] - 8
2021-06-01 09:59:35,931 [4] INFO  TreasuryModel.Data.STNMASTER [(null)] - -----STNNAME Start getSTN-----
2021-06-01 09:59:36,002 [4] INFO  TreasuryModel.Data.STNMASTER [(null)] - -----STNNAME Start getSTN-----
2021-06-01 09:59:36,046 [4] INFO  TreasuryModel.Data.STNMASTER [(null)] - -----STNNAME Start getSTN-----
2021-06-01 09:59:36,095 [4] INFO  TreasuryModel.Data.STNMASTER [(null)] - -----STNNAME Start getSTN-----
2021-06-01 09:59:36,151 [4] INFO  TreasuryModel.Data.STNMASTER [(null)] - -----STNNAME Start getSTN-----
2021-06-01 09:59:36,199 [4] INFO  TreasuryModel.Data.STNMASTER [(null)] - -----STNNAME Start getSTN-----
2021-06-01 09:59:36,249 [4] INFO  TreasuryModel.Data.STNMASTER [(null)] - -----STNNAME Start getSTN-----
2021-06-01 09:59:36,294 [4] INFO  TreasuryModel.Data.STNMASTER [(null)] - -----STNNAME Start getSTN-----
2021-06-01 09:59:40,379 [7] INFO  TreasuryShadowSystem.STN.MasterSTN [(null)] - Click Closed Price
2021-06-01 09:59:42,275 [7] INFO  TreasuryShadowSystem.STN.MasterSTN [(null)] - ##dialogpriceclose start
2021-06-01 09:59:42,276 [7] INFO  TreasuryShadowSystem.STN.MasterSTN [(null)] - ##dialogpriceclose end
2021-06-01 09:59:51,289 [7] INFO  TreasuryShadowSystem.STN.MasterSTN [(null)] - Click Closed Price
2021-06-01 09:59:53,077 [7] INFO  TreasuryShadowSystem.STN.MasterSTN [(null)] - ##dialogpriceclose start
2021-06-01 09:59:53,077 [7] INFO  TreasuryShadowSystem.STN.MasterSTN [(null)] - ##dialogpriceclose end
2021-06-01 10:00:02,135 [4] INFO  TreasuryShadowSystem.STN.MasterSTN [(null)] - UpldatePriceClose webmetode
2021-06-01 10:00:58,913 [4] INFO  TreasuryModel.Data.STNMASTER [(null)] - -----KKB_TB_STN_MASTER Start UpdatePriceClose-----
2021-06-01 10:00:59,007 [4] INFO  TreasuryModel.Data.STNMASTER [(null)] - update success return ok
2021-06-01 10:00:59,007 [4] INFO  TreasuryModel.Data.STNMASTER [(null)] - -----KKB_TB_STN_MASTER Finish UpdatePriceClose-----
2021-06-01 10:02:11,308 [4] INFO  TreasuryShadowSystem.STN.MasterSTN [(null)] - BindGridReport MasterSTN
2021-06-01 10:02:11,340 [4] INFO  TreasuryShadowSystem.STN.MasterSTN [(null)] - MasterSTN ConvertDataTableToListMaster
2021-06-01 10:02:11,340 [4] INFO  TreasuryShadowSystem.STN.MasterSTN [(null)] - 1
2021-06-01 10:02:11,340 [4] INFO  TreasuryShadowSystem.STN.MasterSTN [(null)] - 2
2021-06-01 10:02:11,341 [4] INFO  TreasuryShadowSystem.STN.MasterSTN [(null)] - 3
2021-06-01 10:02:11,341 [4] INFO  TreasuryShadowSystem.STN.MasterSTN [(null)] - 4
2021-06-01 10:02:11,341 [4] INFO  TreasuryShadowSystem.STN.MasterSTN [(null)] - 5
2021-06-01 10:02:11,341 [4] INFO  TreasuryShadowSystem.STN.MasterSTN [(null)] - 6
2021-06-01 10:02:11,341 [4] INFO  TreasuryShadowSystem.STN.MasterSTN [(null)] - 7
2021-06-01 10:02:11,341 [4] INFO  TreasuryShadowSystem.STN.MasterSTN [(null)] - 8
2021-06-01 10:02:11,354 [4] INFO  TreasuryModel.Data.STNMASTER [(null)] - -----STNNAME Start getSTN-----
2021-06-01 10:02:11,399 [4] INFO  TreasuryModel.Data.STNMASTER [(null)] - -----STNNAME Start getSTN-----
2021-06-01 10:02:11,446 [4] INFO  TreasuryModel.Data.STNMASTER [(null)] - -----STNNAME Start getSTN-----
2021-06-01 10:02:11,468 [4] INFO  TreasuryModel.Data.STNMASTER [(null)] - -----STNNAME Start getSTN-----
2021-06-01 10:02:11,522 [4] INFO  TreasuryModel.Data.STNMASTER [(null)] - -----STNNAME Start getSTN-----
2021-06-01 10:02:11,562 [4] INFO  TreasuryModel.Data.STNMASTER [(null)] - -----STNNAME Start getSTN-----
2021-06-01 10:02:11,604 [4] INFO  TreasuryModel.Data.STNMASTER [(null)] - -----STNNAME Start getSTN-----
2021-06-01 10:02:11,642 [4] INFO  TreasuryModel.Data.STNMASTER [(null)] - -----STNNAME Start getSTN-----
2021-06-01 10:02:16,151 [8] INFO  TreasuryShadowSystem.STN.MasterSTN [(null)] - Click Closed Price
2021-06-01 10:02:18,991 [8] INFO  TreasuryShadowSystem.STN.MasterSTN [(null)] - ##dialogpriceclose start
2021-06-01 10:02:18,992 [8] INFO  TreasuryShadowSystem.STN.MasterSTN [(null)] - ##dialogpriceclose end
2021-06-01 10:02:32,370 [8] INFO  TreasuryShadowSystem.STN.MasterSTN [(null)] - Click Closed Price
2021-06-01 10:02:36,802 [8] INFO  TreasuryShadowSystem.STN.MasterSTN [(null)] - ##dialogpriceclose start
2021-06-01 10:02:36,802 [8] INFO  TreasuryShadowSystem.STN.MasterSTN [(null)] - ##dialogpriceclose end
2021-06-01 10:02:46,386 [4] INFO  TreasuryShadowSystem.STN.MasterSTN [(null)] - Click Closed Price
2021-06-01 10:02:48,372 [4] INFO  TreasuryShadowSystem.STN.MasterSTN [(null)] - ##dialogpriceclose start
2021-06-01 10:02:48,373 [4] INFO  TreasuryShadowSystem.STN.MasterSTN [(null)] - ##dialogpriceclose end
2021-06-01 10:04:08,037 [4] INFO  TreasuryShadowSystem.STN.MasterSTN [(null)] - Click Closed Price
2021-06-01 10:04:10,093 [4] INFO  TreasuryShadowSystem.STN.MasterSTN [(null)] - ##dialogpriceclose start
2021-06-01 10:04:10,093 [4] INFO  TreasuryShadowSystem.STN.MasterSTN [(null)] - ##dialogpriceclose end
2021-06-01 10:05:32,184 [4] INFO  TreasuryShadowSystem.STN.MasterSTN [(null)] - Click Closed Price
2021-06-01 10:05:36,093 [4] INFO  TreasuryShadowSystem.STN.MasterSTN [(null)] - ##dialogpriceclose start
2021-06-01 10:05:36,093 [4] INFO  TreasuryShadowSystem.STN.MasterSTN [(null)] - ##dialogpriceclose end
2021-06-01 10:06:03,868 [7] INFO  TreasuryShadowSystem.STN.MasterSTN [(null)] - BindGridReport MasterSTN
2021-06-01 10:06:03,911 [7] INFO  TreasuryShadowSystem.STN.MasterSTN [(null)] - MasterSTN ConvertDataTableToListMaster
2021-06-01 10:06:03,913 [7] INFO  TreasuryShadowSystem.STN.MasterSTN [(null)] - 1
2021-06-01 10:06:03,913 [7] INFO  TreasuryShadowSystem.STN.MasterSTN [(null)] - 2
2021-06-01 10:06:03,914 [7] INFO  TreasuryShadowSystem.STN.MasterSTN [(null)] - 3
2021-06-01 10:06:03,914 [7] INFO  TreasuryShadowSystem.STN.MasterSTN [(null)] - 4
2021-06-01 10:06:03,915 [7] INFO  TreasuryShadowSystem.STN.MasterSTN [(null)] - 5
2021-06-01 10:06:03,915 [7] INFO  TreasuryShadowSystem.STN.MasterSTN [(null)] - 6
2021-06-01 10:06:03,915 [7] INFO  TreasuryShadowSystem.STN.MasterSTN [(null)] - 7
2021-06-01 10:06:03,915 [7] INFO  TreasuryShadowSystem.STN.MasterSTN [(null)] - 8
2021-06-01 10:06:03,916 [7] INFO  TreasuryModel.Data.STNMASTER [(null)] - -----STNNAME Start getSTN-----
2021-06-01 10:06:03,965 [7] INFO  TreasuryModel.Data.STNMASTER [(null)] - -----STNNAME Start getSTN-----
2021-06-01 10:06:04,007 [7] INFO  TreasuryModel.Data.STNMASTER [(null)] - -----STNNAME Start getSTN-----
2021-06-01 10:06:04,048 [7] INFO  TreasuryModel.Data.STNMASTER [(null)] - -----STNNAME Start getSTN-----
2021-06-01 10:06:04,090 [7] INFO  TreasuryModel.Data.STNMASTER [(null)] - -----STNNAME Start getSTN-----
2021-06-01 10:06:04,134 [7] INFO  TreasuryModel.Data.STNMASTER [(null)] - -----STNNAME Start getSTN-----
2021-06-01 10:06:04,189 [7] INFO  TreasuryModel.Data.STNMASTER [(null)] - -----STNNAME Start getSTN-----
2021-06-01 10:06:04,234 [7] INFO  TreasuryModel.Data.STNMASTER [(null)] - -----STNNAME Start getSTN-----
2021-06-01 10:06:25,654 [7] INFO  TreasuryShadowSystem.STN.MasterSTN [(null)] - BindGridReport MasterSTN
2021-06-01 10:06:25,700 [7] INFO  TreasuryShadowSystem.STN.MasterSTN [(null)] - MasterSTN ConvertDataTableToListMaster
2021-06-01 10:06:25,700 [7] INFO  TreasuryShadowSystem.STN.MasterSTN [(null)] - 1
2021-06-01 10:06:25,700 [7] INFO  TreasuryShadowSystem.STN.MasterSTN [(null)] - 2
2021-06-01 10:06:25,700 [7] INFO  TreasuryShadowSystem.STN.MasterSTN [(null)] - 3
2021-06-01 10:06:25,701 [7] INFO  TreasuryShadowSystem.STN.MasterSTN [(null)] - 4
2021-06-01 10:06:25,701 [7] INFO  TreasuryShadowSystem.STN.MasterSTN [(null)] - 5
2021-06-01 10:06:25,701 [7] INFO  TreasuryShadowSystem.STN.MasterSTN [(null)] - 6
2021-06-01 10:06:25,701 [7] INFO  TreasuryShadowSystem.STN.MasterSTN [(null)] - 7
2021-06-01 10:06:25,701 [7] INFO  TreasuryShadowSystem.STN.MasterSTN [(null)] - 8
2021-06-01 10:06:25,701 [7] INFO  TreasuryModel.Data.STNMASTER [(null)] - -----STNNAME Start getSTN-----
2021-06-01 10:06:25,737 [7] INFO  TreasuryModel.Data.STNMASTER [(null)] - -----STNNAME Start getSTN-----
2021-06-01 10:06:25,777 [7] INFO  TreasuryModel.Data.STNMASTER [(null)] - -----STNNAME Start getSTN-----
2021-06-01 10:06:25,814 [7] INFO  TreasuryModel.Data.STNMASTER [(null)] - -----STNNAME Start getSTN-----
2021-06-01 10:06:25,870 [7] INFO  TreasuryModel.Data.STNMASTER [(null)] - -----STNNAME Start getSTN-----
2021-06-01 10:06:25,911 [7] INFO  TreasuryModel.Data.STNMASTER [(null)] - -----STNNAME Start getSTN-----
2021-06-01 10:06:25,951 [7] INFO  TreasuryModel.Data.STNMASTER [(null)] - -----STNNAME Start getSTN-----
2021-06-01 10:06:26,004 [7] INFO  TreasuryModel.Data.STNMASTER [(null)] - -----STNNAME Start getSTN-----
2021-06-01 11:59:21,062 [7] INFO  TreasuryShadowSystem.Model.Model_Tb_Menu_Auth [(null)] - Select p.* From (Select l.* From OPICINF.KKB_TB_MS_LOOKUP l, OPICINF.KKB_TB_MS_MENU_AUTH a Where l.ID=a.MENU_ID And l.ENABLED='1' And a.USERGROUP_ID=(SELECT USERGROUP_ID FROM OPICINF.KKB_TB_MS_USERGROUP WHERE USERGROUP_NAME = 'ITProject') UNION Select * From OPICINF.KKB_TB_MS_LOOKUP WHERE ENABLED='1' AND ID IN (Select DISTINCT GROUPID From OPICINF.KKB_TB_MS_LOOKUP l, OPICINF.KKB_TB_MS_MENU_AUTH a Where l.ID=a.MENU_ID And l.ENABLED='1' And a.USERGROUP_ID=(SELECT USERGROUP_ID FROM OPICINF.KKB_TB_MS_USERGROUP WHERE USERGROUP_NAME = 'ITProject')) ) p Order By p.GroupID, p.SEQ 
2021-06-01 11:59:21,726 [7] INFO  TreasuryShadowSystem.Login [(null)] - Login successfull on :01/06/2021 11:59:21
2021-06-01 11:59:21,843 [7] ERROR TreasuryShadowSystem.Login [(null)] - Thread was being aborted.
2021-06-01 11:59:50,085 [7] INFO  TreasuryShadowSystem.STN.MasterSTN [(null)] - BindGridReport MasterSTN
2021-06-01 11:59:50,366 [7] INFO  TreasuryShadowSystem.STN.MasterSTN [(null)] - MasterSTN ConvertDataTableToListMaster
2021-06-01 11:59:50,374 [7] INFO  TreasuryShadowSystem.STN.MasterSTN [(null)] - 1
2021-06-01 11:59:50,374 [7] INFO  TreasuryShadowSystem.STN.MasterSTN [(null)] - 2
2021-06-01 11:59:50,374 [7] INFO  TreasuryShadowSystem.STN.MasterSTN [(null)] - 3
2021-06-01 11:59:50,374 [7] INFO  TreasuryShadowSystem.STN.MasterSTN [(null)] - 4
2021-06-01 11:59:50,374 [7] INFO  TreasuryShadowSystem.STN.MasterSTN [(null)] - 5
2021-06-01 11:59:50,374 [7] INFO  TreasuryShadowSystem.STN.MasterSTN [(null)] - 6
2021-06-01 11:59:50,374 [7] INFO  TreasuryShadowSystem.STN.MasterSTN [(null)] - 7
2021-06-01 11:59:50,374 [7] INFO  TreasuryShadowSystem.STN.MasterSTN [(null)] - 8
2021-06-01 11:59:50,406 [7] INFO  TreasuryModel.Data.STNMASTER [(null)] - -----STNNAME Start getSTN-----
2021-06-01 11:59:50,484 [7] INFO  TreasuryModel.Data.STNMASTER [(null)] - -----STNNAME Start getSTN-----
2021-06-01 11:59:50,531 [7] INFO  TreasuryModel.Data.STNMASTER [(null)] - -----STNNAME Start getSTN-----
2021-06-01 11:59:50,577 [7] INFO  TreasuryModel.Data.STNMASTER [(null)] - -----STNNAME Start getSTN-----
2021-06-01 11:59:50,632 [7] INFO  TreasuryModel.Data.STNMASTER [(null)] - -----STNNAME Start getSTN-----
2021-06-01 11:59:50,679 [7] INFO  TreasuryModel.Data.STNMASTER [(null)] - -----STNNAME Start getSTN-----
2021-06-01 11:59:50,734 [7] INFO  TreasuryModel.Data.STNMASTER [(null)] - -----STNNAME Start getSTN-----
2021-06-01 11:59:50,773 [7] INFO  TreasuryModel.Data.STNMASTER [(null)] - -----STNNAME Start getSTN-----
2021-06-01 13:26:07,069 [4] INFO  TreasuryShadowSystem.Model.Model_Tb_Menu_Auth [(null)] - Select p.* From (Select l.* From OPICINF.KKB_TB_MS_LOOKUP l, OPICINF.KKB_TB_MS_MENU_AUTH a Where l.ID=a.MENU_ID And l.ENABLED='1' And a.USERGROUP_ID=(SELECT USERGROUP_ID FROM OPICINF.KKB_TB_MS_USERGROUP WHERE USERGROUP_NAME = 'ITProject') UNION Select * From OPICINF.KKB_TB_MS_LOOKUP WHERE ENABLED='1' AND ID IN (Select DISTINCT GROUPID From OPICINF.KKB_TB_MS_LOOKUP l, OPICINF.KKB_TB_MS_MENU_AUTH a Where l.ID=a.MENU_ID And l.ENABLED='1' And a.USERGROUP_ID=(SELECT USERGROUP_ID FROM OPICINF.KKB_TB_MS_USERGROUP WHERE USERGROUP_NAME = 'ITProject')) ) p Order By p.GroupID, p.SEQ 
2021-06-01 13:26:07,588 [4] INFO  TreasuryShadowSystem.Login [(null)] - Login successfull on :01/06/2021 01:26:07
2021-06-01 13:26:07,733 [4] ERROR TreasuryShadowSystem.Login [(null)] - Thread was being aborted.
2021-06-01 13:26:19,692 [9] INFO  TreasuryShadowSystem.STN.MasterSTN [(null)] - BindGridReport MasterSTN
2021-06-01 13:26:19,976 [9] INFO  TreasuryShadowSystem.STN.MasterSTN [(null)] - MasterSTN ConvertDataTableToListMaster
2021-06-01 13:26:19,983 [9] INFO  TreasuryShadowSystem.STN.MasterSTN [(null)] - 1
2021-06-01 13:26:19,983 [9] INFO  TreasuryShadowSystem.STN.MasterSTN [(null)] - 2
2021-06-01 13:26:19,983 [9] INFO  TreasuryShadowSystem.STN.MasterSTN [(null)] - 3
2021-06-01 13:26:19,983 [9] INFO  TreasuryShadowSystem.STN.MasterSTN [(null)] - 4
2021-06-01 13:26:19,983 [9] INFO  TreasuryShadowSystem.STN.MasterSTN [(null)] - 5
2021-06-01 13:26:19,983 [9] INFO  TreasuryShadowSystem.STN.MasterSTN [(null)] - 6
2021-06-01 13:26:19,983 [9] INFO  TreasuryShadowSystem.STN.MasterSTN [(null)] - 7
2021-06-01 13:26:19,983 [9] INFO  TreasuryShadowSystem.STN.MasterSTN [(null)] - 8
2021-06-01 13:26:20,014 [9] INFO  TreasuryModel.Data.STNMASTER [(null)] - -----STNNAME Start getSTN-----
2021-06-01 13:26:20,167 [9] INFO  TreasuryModel.Data.STNMASTER [(null)] - -----STNNAME Start getSTN-----
2021-06-01 13:26:20,244 [9] INFO  TreasuryModel.Data.STNMASTER [(null)] - -----STNNAME Start getSTN-----
2021-06-01 13:26:21,308 [9] INFO  TreasuryModel.Data.STNMASTER [(null)] - -----STNNAME Start getSTN-----
2021-06-01 13:26:21,354 [9] INFO  TreasuryModel.Data.STNMASTER [(null)] - -----STNNAME Start getSTN-----
2021-06-01 13:26:21,415 [9] INFO  TreasuryModel.Data.STNMASTER [(null)] - -----STNNAME Start getSTN-----
2021-06-01 13:26:21,453 [9] INFO  TreasuryModel.Data.STNMASTER [(null)] - -----STNNAME Start getSTN-----
2021-06-01 13:26:21,499 [9] INFO  TreasuryModel.Data.STNMASTER [(null)] - -----STNNAME Start getSTN-----
2021-06-01 13:34:12,485 [11] INFO  TreasuryShadowSystem.STN.MasterSTN [(null)] - BindGridReport MasterSTN
2021-06-01 13:34:12,524 [11] INFO  TreasuryShadowSystem.STN.MasterSTN [(null)] - MasterSTN ConvertDataTableToListMaster
2021-06-01 13:34:12,524 [11] INFO  TreasuryShadowSystem.STN.MasterSTN [(null)] - 1
2021-06-01 13:34:12,524 [11] INFO  TreasuryShadowSystem.STN.MasterSTN [(null)] - 2
2021-06-01 13:34:12,524 [11] INFO  TreasuryShadowSystem.STN.MasterSTN [(null)] - 3
2021-06-01 13:34:12,524 [11] INFO  TreasuryShadowSystem.STN.MasterSTN [(null)] - 4
2021-06-01 13:34:12,524 [11] INFO  TreasuryShadowSystem.STN.MasterSTN [(null)] - 5
2021-06-01 13:34:12,524 [11] INFO  TreasuryShadowSystem.STN.MasterSTN [(null)] - 6
2021-06-01 13:34:12,524 [11] INFO  TreasuryShadowSystem.STN.MasterSTN [(null)] - 7
2021-06-01 13:34:12,524 [11] INFO  TreasuryShadowSystem.STN.MasterSTN [(null)] - 8
2021-06-01 13:34:12,524 [11] INFO  TreasuryModel.Data.STNMASTER [(null)] - -----STNNAME Start getSTN-----
2021-06-01 13:34:12,570 [11] INFO  TreasuryModel.Data.STNMASTER [(null)] - -----STNNAME Start getSTN-----
2021-06-01 13:34:12,616 [11] INFO  TreasuryModel.Data.STNMASTER [(null)] - -----STNNAME Start getSTN-----
2021-06-01 13:34:12,663 [11] INFO  TreasuryModel.Data.STNMASTER [(null)] - -----STNNAME Start getSTN-----
2021-06-01 13:34:12,701 [11] INFO  TreasuryModel.Data.STNMASTER [(null)] - -----STNNAME Start getSTN-----
2021-06-01 13:34:12,740 [11] INFO  TreasuryModel.Data.STNMASTER [(null)] - -----STNNAME Start getSTN-----
2021-06-01 13:34:12,779 [11] INFO  TreasuryModel.Data.STNMASTER [(null)] - -----STNNAME Start getSTN-----
2021-06-01 13:34:12,818 [11] INFO  TreasuryModel.Data.STNMASTER [(null)] - -----STNNAME Start getSTN-----
2021-06-01 13:44:22,461 [11] INFO  TreasuryShadowSystem.STN.MasterSTN [(null)] - BindGridReport MasterSTN
2021-06-01 13:44:22,498 [11] INFO  TreasuryShadowSystem.STN.MasterSTN [(null)] - MasterSTN ConvertDataTableToListMaster
2021-06-01 13:44:22,498 [11] INFO  TreasuryShadowSystem.STN.MasterSTN [(null)] - 1
2021-06-01 13:44:22,498 [11] INFO  TreasuryShadowSystem.STN.MasterSTN [(null)] - 2
2021-06-01 13:44:22,498 [11] INFO  TreasuryShadowSystem.STN.MasterSTN [(null)] - 3
2021-06-01 13:44:22,498 [11] INFO  TreasuryShadowSystem.STN.MasterSTN [(null)] - 4
2021-06-01 13:44:22,498 [11] INFO  TreasuryShadowSystem.STN.MasterSTN [(null)] - 5
2021-06-01 13:44:22,498 [11] INFO  TreasuryShadowSystem.STN.MasterSTN [(null)] - 6
2021-06-01 13:44:22,498 [11] INFO  TreasuryShadowSystem.STN.MasterSTN [(null)] - 7
2021-06-01 13:44:22,498 [11] INFO  TreasuryShadowSystem.STN.MasterSTN [(null)] - 8
2021-06-01 13:44:22,511 [11] INFO  TreasuryModel.Data.STNMASTER [(null)] - -----STNNAME Start getSTN-----
2021-06-01 13:44:22,561 [11] INFO  TreasuryModel.Data.STNMASTER [(null)] - -----STNNAME Start getSTN-----
2021-06-01 13:44:22,593 [11] INFO  TreasuryModel.Data.STNMASTER [(null)] - -----STNNAME Start getSTN-----
2021-06-01 13:44:22,630 [11] INFO  TreasuryModel.Data.STNMASTER [(null)] - -----STNNAME Start getSTN-----
2021-06-01 13:44:22,668 [11] INFO  TreasuryModel.Data.STNMASTER [(null)] - -----STNNAME Start getSTN-----
2021-06-01 13:44:22,706 [11] INFO  TreasuryModel.Data.STNMASTER [(null)] - -----STNNAME Start getSTN-----
2021-06-01 13:44:22,737 [11] INFO  TreasuryModel.Data.STNMASTER [(null)] - -----STNNAME Start getSTN-----
2021-06-01 13:44:22,775 [11] INFO  TreasuryModel.Data.STNMASTER [(null)] - -----STNNAME Start getSTN-----
2021-06-01 13:52:30,538 [12] INFO  TreasuryShadowSystem.STN.MasterSTN [(null)] - BindGridReport MasterSTN
2021-06-01 13:52:31,718 [12] INFO  TreasuryShadowSystem.STN.MasterSTN [(null)] - MasterSTN ConvertDataTableToListMaster
2021-06-01 13:52:31,718 [12] INFO  TreasuryShadowSystem.STN.MasterSTN [(null)] - 1
2021-06-01 13:52:31,718 [12] INFO  TreasuryShadowSystem.STN.MasterSTN [(null)] - 2
2021-06-01 13:52:31,718 [12] INFO  TreasuryShadowSystem.STN.MasterSTN [(null)] - 3
2021-06-01 13:52:31,718 [12] INFO  TreasuryShadowSystem.STN.MasterSTN [(null)] - 4
2021-06-01 13:52:31,718 [12] INFO  TreasuryShadowSystem.STN.MasterSTN [(null)] - 5
2021-06-01 13:52:31,726 [12] INFO  TreasuryShadowSystem.STN.MasterSTN [(null)] - 6
2021-06-01 13:52:31,726 [12] INFO  TreasuryShadowSystem.STN.MasterSTN [(null)] - 7
2021-06-01 13:52:31,726 [12] INFO  TreasuryShadowSystem.STN.MasterSTN [(null)] - 8
2021-06-01 13:52:31,757 [12] INFO  TreasuryModel.Data.STNMASTER [(null)] - -----STNNAME Start getSTN-----
2021-06-01 13:52:31,835 [12] INFO  TreasuryModel.Data.STNMASTER [(null)] - -----STNNAME Start getSTN-----
2021-06-01 13:52:31,913 [12] INFO  TreasuryModel.Data.STNMASTER [(null)] - -----STNNAME Start getSTN-----
2021-06-01 13:52:31,968 [12] INFO  TreasuryModel.Data.STNMASTER [(null)] - -----STNNAME Start getSTN-----
2021-06-01 13:52:32,038 [12] INFO  TreasuryModel.Data.STNMASTER [(null)] - -----STNNAME Start getSTN-----
2021-06-01 13:52:32,116 [12] INFO  TreasuryModel.Data.STNMASTER [(null)] - -----STNNAME Start getSTN-----
2021-06-01 13:52:32,155 [12] INFO  TreasuryModel.Data.STNMASTER [(null)] - -----STNNAME Start getSTN-----
2021-06-01 13:52:32,210 [12] INFO  TreasuryModel.Data.STNMASTER [(null)] - -----STNNAME Start getSTN-----
2021-06-01 14:16:17,959 [10] INFO  TreasuryModel.Data.Customer [(null)] - -----Model_MS_Customer Finish-----
2021-06-01 14:16:40,126 [9] INFO  TreasuryModel.Data.BESeries [(null)] - -----Check Duplicate BE Series Start-----
2021-06-01 14:16:40,126 [9] INFO  TreasuryModel.Data.BESeries [(null)] - SQL Statement : SELECT 1 FROM OPICINF.KKB_TB_BE_SERIES WHERE BE_SERIES_CODE = 'BOWTEST' AND BESERIESID <> 0
2021-06-01 14:16:40,193 [9] INFO  TreasuryModel.Data.BESeries [(null)] - -----Check Duplicate BE Series Finish-----
2021-06-01 14:16:40,368 [9] INFO  TreasuryModel.Data.BESeries [(null)] - -----Validate Holiday Start-----
2021-06-01 14:16:40,368 [9] INFO  TreasuryModel.Data.BESeries [(null)] - SQL Statement : SELECT 1 FROM OPICS.HLDY WHERE CALENDARID = 'THB' AND HOLIDATE = to_date('30/06/2021', 'dd/mm/yyyy')
2021-06-01 14:16:40,452 [9] INFO  TreasuryModel.Data.BESeries [(null)] - -----Validate Holiday Finish-----
2021-06-01 14:16:40,560 [9] INFO  TreasuryModel.Data.BESeries [(null)] - -----Validate Holiday Start-----
2021-06-01 14:16:40,560 [9] INFO  TreasuryModel.Data.BESeries [(null)] - SQL Statement : SELECT 1 FROM OPICS.HLDY WHERE CALENDARID = 'THB' AND HOLIDATE = to_date('30/06/2021', 'dd/mm/yyyy')
2021-06-01 14:16:40,593 [9] INFO  TreasuryModel.Data.BESeries [(null)] - -----Validate Holiday Finish-----
2021-06-01 14:16:54,569 [10] INFO  TreasuryModel.Data.BESeries [(null)] - -----Check Duplicate BE Series Start-----
2021-06-01 14:16:54,569 [10] INFO  TreasuryModel.Data.BESeries [(null)] - SQL Statement : SELECT 1 FROM OPICINF.KKB_TB_BE_SERIES WHERE BE_SERIES_CODE = 'BOWTEST' AND BESERIESID <> 0
2021-06-01 14:16:54,608 [10] INFO  TreasuryModel.Data.BESeries [(null)] - -----Check Duplicate BE Series Finish-----
2021-06-01 14:16:54,827 [10] INFO  TreasuryModel.Data.BESeries [(null)] - -----Validate Holiday Start-----
2021-06-01 14:16:54,827 [10] INFO  TreasuryModel.Data.BESeries [(null)] - SQL Statement : SELECT 1 FROM OPICS.HLDY WHERE CALENDARID = 'THB' AND HOLIDATE = to_date('16/06/2021', 'dd/mm/yyyy')
2021-06-01 14:16:54,881 [10] INFO  TreasuryModel.Data.BESeries [(null)] - -----Validate Holiday Finish-----
2021-06-01 14:16:54,975 [10] INFO  TreasuryModel.Data.BESeries [(null)] - -----Validate Holiday Start-----
2021-06-01 14:16:54,975 [10] INFO  TreasuryModel.Data.BESeries [(null)] - SQL Statement : SELECT 1 FROM OPICS.HLDY WHERE CALENDARID = 'THB' AND HOLIDATE = to_date('30/06/2021', 'dd/mm/yyyy')
2021-06-01 14:16:55,037 [10] INFO  TreasuryModel.Data.BESeries [(null)] - -----Validate Holiday Finish-----
2021-06-01 14:16:55,225 [10] INFO  TreasuryModel.Data.BESeries [(null)] - -----KKB_TB_BE_SERIES Start insert-----
2021-06-01 14:16:55,319 [10] INFO  TreasuryModel.Data.BESeries [(null)] - -----KKTB_TB_DEALFEE Finish-----
2021-06-01 14:17:02,584 [10] INFO  TreasuryModel.Data.BESeries [(null)] - -----BESeriesList-----
2021-06-01 14:17:02,584 [10] INFO  TreasuryModel.Data.BESeries [(null)] - SQL Statement : Select BESERIESID, BE_SERIES_CODE, BE_TOTAL_AMT, BE_SERIES_DEAL_NO, TO_CHAR(BE_ISSUE_DATE,'MM/DD/YYYY HH:MI:SS') as BE_ISSUE_DATE, BE_DIS_RATE, BE_ISSUER_ID, CUST1.NAMEEN as BE_ISSUER_NAME, TO_CHAR(BE_MAT_DATE,'MM/DD/YYYY HH:MI:SS') as BE_MAT_DATE, NVL(BE_AVAL_TYPE, '0') as BE_AVAL_TYPE, NAMEEN as BE_ISSUER_NAME, TARGETACCT as BE_ISSUER_ACCT, TARGETBANK as BE_ISSUER_BANK, BE_TOTAL_AMT - NVL((SELECT SUM(NVL(BE_ALLOT_AMT,0)) FROM OPICINF.KKB_TB_BE_ALLOTMENT WHERE BESERIESID = KKB_TB_BE_SERIES.BESERIESID AND FLAG IS NULL),0) as BE_SERIES_REMAIN, NVL(BE_SERIES_PROCEED,BE_TOTAL_AMT) as BE_SERIES_PROCEED From OPICINF.KKB_TB_BE_SERIES LEFT OUTER JOIN OPICINF.KKB_TB_CUSTOMER CUST1 ON KKB_TB_BE_SERIES.BE_ISSUER_ID = CUST1.CUSTOMERID Where 1=1 ORDER BY BESERIESID DESC
2021-06-01 14:18:39,023 [10] INFO  TreasuryModel.Data.Customer [(null)] - -----Model_MS_Customer Finish-----
2021-06-01 14:18:44,226 [10] INFO  TreasuryModel.Data.BESeries [(null)] - -----Check Duplicate BE Series Start-----
2021-06-01 14:18:44,226 [10] INFO  TreasuryModel.Data.BESeries [(null)] - SQL Statement : SELECT 1 FROM OPICINF.KKB_TB_BE_SERIES WHERE BE_SERIES_CODE = 'bow' AND BESERIESID <> 0
2021-06-01 14:18:44,282 [10] INFO  TreasuryModel.Data.BESeries [(null)] - -----Check Duplicate BE Series Finish-----
2021-06-01 14:18:44,444 [10] INFO  TreasuryModel.Data.BESeries [(null)] - -----Validate Holiday Start-----
2021-06-01 14:18:44,444 [10] INFO  TreasuryModel.Data.BESeries [(null)] - SQL Statement : SELECT 1 FROM OPICS.HLDY WHERE CALENDARID = 'THB' AND HOLIDATE = to_date('01/06/2021', 'dd/mm/yyyy')
2021-06-01 14:18:44,493 [10] INFO  TreasuryModel.Data.BESeries [(null)] - -----Validate Holiday Finish-----
2021-06-01 14:18:44,605 [10] INFO  TreasuryModel.Data.BESeries [(null)] - -----Validate Holiday Start-----
2021-06-01 14:18:44,605 [10] INFO  TreasuryModel.Data.BESeries [(null)] - SQL Statement : SELECT 1 FROM OPICS.HLDY WHERE CALENDARID = 'THB' AND HOLIDATE = to_date('30/06/2021', 'dd/mm/yyyy')
2021-06-01 14:18:44,634 [10] INFO  TreasuryModel.Data.BESeries [(null)] - -----Validate Holiday Finish-----
2021-06-01 14:18:51,511 [10] INFO  TreasuryModel.Data.BESeries [(null)] - -----Check Duplicate BE Series Start-----
2021-06-01 14:18:51,511 [10] INFO  TreasuryModel.Data.BESeries [(null)] - SQL Statement : SELECT 1 FROM OPICINF.KKB_TB_BE_SERIES WHERE BE_SERIES_CODE = 'bow' AND BESERIESID <> 0
2021-06-01 14:18:51,542 [10] INFO  TreasuryModel.Data.BESeries [(null)] - -----Check Duplicate BE Series Finish-----
2021-06-01 14:18:51,766 [10] INFO  TreasuryModel.Data.BESeries [(null)] - -----Validate Holiday Start-----
2021-06-01 14:18:51,766 [10] INFO  TreasuryModel.Data.BESeries [(null)] - SQL Statement : SELECT 1 FROM OPICS.HLDY WHERE CALENDARID = 'THB' AND HOLIDATE = to_date('01/06/2021', 'dd/mm/yyyy')
2021-06-01 14:18:51,797 [10] INFO  TreasuryModel.Data.BESeries [(null)] - -----Validate Holiday Finish-----
2021-06-01 14:18:51,867 [10] INFO  TreasuryModel.Data.BESeries [(null)] - -----Validate Holiday Start-----
2021-06-01 14:18:51,867 [10] INFO  TreasuryModel.Data.BESeries [(null)] - SQL Statement : SELECT 1 FROM OPICS.HLDY WHERE CALENDARID = 'THB' AND HOLIDATE = to_date('30/06/2021', 'dd/mm/yyyy')
2021-06-01 14:18:51,898 [10] INFO  TreasuryModel.Data.BESeries [(null)] - -----Validate Holiday Finish-----
2021-06-01 14:18:52,145 [11] INFO  TreasuryModel.Data.BESeries [(null)] - -----KKB_TB_BE_SERIES Start insert-----
2021-06-01 14:18:52,176 [11] INFO  TreasuryModel.Data.BESeries [(null)] - -----KKTB_TB_DEALFEE Finish-----
2021-06-01 14:18:54,373 [10] INFO  TreasuryModel.Data.BESeries [(null)] - -----BESeriesList-----
2021-06-01 14:18:54,373 [10] INFO  TreasuryModel.Data.BESeries [(null)] - SQL Statement : Select BESERIESID, BE_SERIES_CODE, BE_TOTAL_AMT, BE_SERIES_DEAL_NO, TO_CHAR(BE_ISSUE_DATE,'MM/DD/YYYY HH:MI:SS') as BE_ISSUE_DATE, BE_DIS_RATE, BE_ISSUER_ID, CUST1.NAMEEN as BE_ISSUER_NAME, TO_CHAR(BE_MAT_DATE,'MM/DD/YYYY HH:MI:SS') as BE_MAT_DATE, NVL(BE_AVAL_TYPE, '0') as BE_AVAL_TYPE, NAMEEN as BE_ISSUER_NAME, TARGETACCT as BE_ISSUER_ACCT, TARGETBANK as BE_ISSUER_BANK, BE_TOTAL_AMT - NVL((SELECT SUM(NVL(BE_ALLOT_AMT,0)) FROM OPICINF.KKB_TB_BE_ALLOTMENT WHERE BESERIESID = KKB_TB_BE_SERIES.BESERIESID AND FLAG IS NULL),0) as BE_SERIES_REMAIN, NVL(BE_SERIES_PROCEED,BE_TOTAL_AMT) as BE_SERIES_PROCEED From OPICINF.KKB_TB_BE_SERIES LEFT OUTER JOIN OPICINF.KKB_TB_CUSTOMER CUST1 ON KKB_TB_BE_SERIES.BE_ISSUER_ID = CUST1.CUSTOMERID Where 1=1 ORDER BY BESERIESID DESC
2021-06-01 14:41:44,006 [4] INFO  TreasuryShadowSystem.Model.Model_Tb_Menu_Auth [(null)] - Select p.* From (Select l.* From OPICINF.KKB_TB_MS_LOOKUP l, OPICINF.KKB_TB_MS_MENU_AUTH a Where l.ID=a.MENU_ID And l.ENABLED='1' And a.USERGROUP_ID=(SELECT USERGROUP_ID FROM OPICINF.KKB_TB_MS_USERGROUP WHERE USERGROUP_NAME = 'ITProject') UNION Select * From OPICINF.KKB_TB_MS_LOOKUP WHERE ENABLED='1' AND ID IN (Select DISTINCT GROUPID From OPICINF.KKB_TB_MS_LOOKUP l, OPICINF.KKB_TB_MS_MENU_AUTH a Where l.ID=a.MENU_ID And l.ENABLED='1' And a.USERGROUP_ID=(SELECT USERGROUP_ID FROM OPICINF.KKB_TB_MS_USERGROUP WHERE USERGROUP_NAME = 'ITProject')) ) p Order By p.GroupID, p.SEQ 
2021-06-01 14:41:44,477 [4] INFO  TreasuryShadowSystem.Login [(null)] - Login successfull on :01/06/2021 02:41:44
2021-06-01 14:41:44,597 [4] ERROR TreasuryShadowSystem.Login [(null)] - Thread was being aborted.
2021-06-01 14:42:10,743 [4] INFO  TreasuryModel.Data.Customer [(null)] - -----Model_MS_Customer Finish-----
2021-06-01 14:42:10,942 [12] INFO  TreasuryModel.Data.Customer [(null)] - -----Model_MS_Customer Finish-----
2021-06-01 14:42:16,938 [12] INFO  TreasuryModel.Data.BESeries [(null)] - -----Check Duplicate BE Series Start-----
2021-06-01 14:42:16,938 [12] INFO  TreasuryModel.Data.BESeries [(null)] - SQL Statement : SELECT 1 FROM OPICINF.KKB_TB_BE_SERIES WHERE BE_SERIES_CODE = 'bowja' AND BESERIESID <> 0
2021-06-01 14:42:17,000 [12] INFO  TreasuryModel.Data.BESeries [(null)] - -----Check Duplicate BE Series Finish-----
2021-06-01 14:42:17,152 [12] INFO  TreasuryModel.Data.BESeries [(null)] - -----Validate Holiday Start-----
2021-06-01 14:42:17,152 [12] INFO  TreasuryModel.Data.BESeries [(null)] - SQL Statement : SELECT 1 FROM OPICS.HLDY WHERE CALENDARID = 'THB' AND HOLIDATE = to_date('01/06/2021', 'dd/mm/yyyy')
2021-06-01 14:42:17,200 [12] INFO  TreasuryModel.Data.BESeries [(null)] - -----Validate Holiday Finish-----
2021-06-01 14:42:17,304 [12] INFO  TreasuryModel.Data.BESeries [(null)] - -----Validate Holiday Start-----
2021-06-01 14:42:17,304 [12] INFO  TreasuryModel.Data.BESeries [(null)] - SQL Statement : SELECT 1 FROM OPICS.HLDY WHERE CALENDARID = 'THB' AND HOLIDATE = to_date('08/06/2021', 'dd/mm/yyyy')
2021-06-01 14:42:17,345 [12] INFO  TreasuryModel.Data.BESeries [(null)] - -----Validate Holiday Finish-----
2021-06-01 14:42:22,796 [12] INFO  TreasuryModel.Data.BESeries [(null)] - -----Check Duplicate BE Series Start-----
2021-06-01 14:42:22,796 [12] INFO  TreasuryModel.Data.BESeries [(null)] - SQL Statement : SELECT 1 FROM OPICINF.KKB_TB_BE_SERIES WHERE BE_SERIES_CODE = 'bowja' AND BESERIESID <> 0
2021-06-01 14:42:22,837 [12] INFO  TreasuryModel.Data.BESeries [(null)] - -----Check Duplicate BE Series Finish-----
2021-06-01 14:42:23,134 [12] INFO  TreasuryModel.Data.BESeries [(null)] - -----Validate Holiday Start-----
2021-06-01 14:42:23,134 [12] INFO  TreasuryModel.Data.BESeries [(null)] - SQL Statement : SELECT 1 FROM OPICS.HLDY WHERE CALENDARID = 'THB' AND HOLIDATE = to_date('01/06/2021', 'dd/mm/yyyy')
2021-06-01 14:42:23,161 [12] INFO  TreasuryModel.Data.BESeries [(null)] - -----Validate Holiday Finish-----
2021-06-01 14:42:23,347 [12] INFO  TreasuryModel.Data.BESeries [(null)] - -----Validate Holiday Start-----
2021-06-01 14:42:23,347 [12] INFO  TreasuryModel.Data.BESeries [(null)] - SQL Statement : SELECT 1 FROM OPICS.HLDY WHERE CALENDARID = 'THB' AND HOLIDATE = to_date('08/06/2021', 'dd/mm/yyyy')
2021-06-01 14:42:23,382 [12] INFO  TreasuryModel.Data.BESeries [(null)] - -----Validate Holiday Finish-----
2021-06-01 14:42:23,464 [12] INFO  TreasuryModel.Data.BESeries [(null)] - -----KKB_TB_BE_SERIES Start insert-----
2021-06-01 14:42:23,520 [12] INFO  TreasuryModel.Data.BESeries [(null)] - -----KKTB_TB_DEALFEE Finish-----
2021-06-01 14:42:25,464 [12] INFO  TreasuryModel.Data.BESeries [(null)] - -----BESeriesList-----
2021-06-01 14:42:25,464 [12] INFO  TreasuryModel.Data.BESeries [(null)] - SQL Statement : Select BESERIESID, BE_SERIES_CODE, BE_TOTAL_AMT, BE_SERIES_DEAL_NO, TO_CHAR(BE_ISSUE_DATE,'MM/DD/YYYY HH:MI:SS') as BE_ISSUE_DATE, BE_DIS_RATE, BE_ISSUER_ID, CUST1.NAMEEN as BE_ISSUER_NAME, TO_CHAR(BE_MAT_DATE,'MM/DD/YYYY HH:MI:SS') as BE_MAT_DATE, NVL(BE_AVAL_TYPE, '0') as BE_AVAL_TYPE, NAMEEN as BE_ISSUER_NAME, TARGETACCT as BE_ISSUER_ACCT, TARGETBANK as BE_ISSUER_BANK, BE_TOTAL_AMT - NVL((SELECT SUM(NVL(BE_ALLOT_AMT,0)) FROM OPICINF.KKB_TB_BE_ALLOTMENT WHERE BESERIESID = KKB_TB_BE_SERIES.BESERIESID AND FLAG IS NULL),0) as BE_SERIES_REMAIN, NVL(BE_SERIES_PROCEED,BE_TOTAL_AMT) as BE_SERIES_PROCEED From OPICINF.KKB_TB_BE_SERIES LEFT OUTER JOIN OPICINF.KKB_TB_CUSTOMER CUST1 ON KKB_TB_BE_SERIES.BE_ISSUER_ID = CUST1.CUSTOMERID Where 1=1 ORDER BY BESERIESID DESC
2021-06-01 14:44:41,871 [12] INFO  TreasuryModel.Data.BESeries [(null)] - -----KKB_TB_BE_SERIES Start delete-----
2021-06-01 14:44:42,340 [12] INFO  TreasuryModel.Data.BESeries [(null)] - -----KKB_TB_BE_SERIES Finish-----
2021-06-01 14:44:46,418 [11] INFO  TreasuryModel.Data.BESeries [(null)] - -----BESeriesList-----
2021-06-01 14:44:46,418 [11] INFO  TreasuryModel.Data.BESeries [(null)] - SQL Statement : Select BESERIESID, BE_SERIES_CODE, BE_TOTAL_AMT, BE_SERIES_DEAL_NO, TO_CHAR(BE_ISSUE_DATE,'MM/DD/YYYY HH:MI:SS') as BE_ISSUE_DATE, BE_DIS_RATE, BE_ISSUER_ID, CUST1.NAMEEN as BE_ISSUER_NAME, TO_CHAR(BE_MAT_DATE,'MM/DD/YYYY HH:MI:SS') as BE_MAT_DATE, NVL(BE_AVAL_TYPE, '0') as BE_AVAL_TYPE, NAMEEN as BE_ISSUER_NAME, TARGETACCT as BE_ISSUER_ACCT, TARGETBANK as BE_ISSUER_BANK, BE_TOTAL_AMT - NVL((SELECT SUM(NVL(BE_ALLOT_AMT,0)) FROM OPICINF.KKB_TB_BE_ALLOTMENT WHERE BESERIESID = KKB_TB_BE_SERIES.BESERIESID AND FLAG IS NULL),0) as BE_SERIES_REMAIN, NVL(BE_SERIES_PROCEED,BE_TOTAL_AMT) as BE_SERIES_PROCEED From OPICINF.KKB_TB_BE_SERIES LEFT OUTER JOIN OPICINF.KKB_TB_CUSTOMER CUST1 ON KKB_TB_BE_SERIES.BE_ISSUER_ID = CUST1.CUSTOMERID Where 1=1 ORDER BY BESERIESID DESC
2021-06-01 14:44:52,769 [12] INFO  TreasuryModel.Data.BESeries [(null)] - -----KKB_TB_BE_SERIES Start-----
2021-06-01 14:44:52,769 [12] INFO  TreasuryModel.Data.BESeries [(null)] - SQL Statement : Select BESERIESID, BE_SERIES_CODE, BE_TOTAL_AMT, BE_SERIES_DEAL_NO, TO_CHAR(BE_ISSUE_DATE,'MM/DD/YYYY') as BE_ISSUE_DATE, BE_DIS_RATE, NVL(BE_ISSUER_ID,0) as BE_ISSUER_ID , TO_CHAR(BE_MAT_DATE,'MM/DD/YYYY') as BE_MAT_DATE, NVL(CUST1.CUSTOMERID,0) as CUSTOMERID, NVL(CUST1.NAMEEN,'') as NAMEEN, NVL(CUST1.TARGETACCT,'') as TARGETACCT , NVL(CUST1.TARGETBANK,'') as TARGETBANK From OPICINF.KKB_TB_BE_SERIES SERIES LEFT OUTER JOIN OPICINF.KKB_TB_CUSTOMER CUST1 ON SERIES.BE_ISSUER_ID = CUST1.CUSTOMERID WHERE BESERIESID='8013' 
2021-06-01 14:44:52,847 [12] INFO  TreasuryModel.Data.BESeries [(null)] - -----KKB_TB_BE_SERIES Finish-----
2021-06-01 14:44:59,754 [11] INFO  TreasuryModel.Data.BESeries [(null)] - -----KKB_TB_BE_SERIES Start-----
2021-06-01 14:44:59,754 [11] INFO  TreasuryModel.Data.BESeries [(null)] - SQL Statement : Select BESERIESID, BE_SERIES_CODE, BE_TOTAL_AMT, BE_SERIES_DEAL_NO, TO_CHAR(BE_ISSUE_DATE,'MM/DD/YYYY') as BE_ISSUE_DATE, BE_DIS_RATE, NVL(BE_ISSUER_ID,0) as BE_ISSUER_ID , TO_CHAR(BE_MAT_DATE,'MM/DD/YYYY') as BE_MAT_DATE, NVL(CUST1.CUSTOMERID,0) as CUSTOMERID, NVL(CUST1.NAMEEN,'') as NAMEEN, NVL(CUST1.TARGETACCT,'') as TARGETACCT , NVL(CUST1.TARGETBANK,'') as TARGETBANK From OPICINF.KKB_TB_BE_SERIES SERIES LEFT OUTER JOIN OPICINF.KKB_TB_CUSTOMER CUST1 ON SERIES.BE_ISSUER_ID = CUST1.CUSTOMERID WHERE BESERIESID='8013' 
2021-06-01 14:44:59,785 [11] INFO  TreasuryModel.Data.BESeries [(null)] - -----KKB_TB_BE_SERIES Finish-----
2021-06-01 14:45:11,601 [12] INFO  TreasuryModel.Data.BESeries [(null)] - -----KKB_TB_BE_SERIES Start-----
2021-06-01 14:45:11,601 [12] INFO  TreasuryModel.Data.BESeries [(null)] - SQL Statement : Select BESERIESID, BE_SERIES_CODE, BE_TOTAL_AMT, BE_SERIES_DEAL_NO, TO_CHAR(BE_ISSUE_DATE,'MM/DD/YYYY') as BE_ISSUE_DATE, BE_DIS_RATE, NVL(BE_ISSUER_ID,0) as BE_ISSUER_ID , TO_CHAR(BE_MAT_DATE,'MM/DD/YYYY') as BE_MAT_DATE, NVL(CUST1.CUSTOMERID,0) as CUSTOMERID, NVL(CUST1.NAMEEN,'') as NAMEEN, NVL(CUST1.TARGETACCT,'') as TARGETACCT , NVL(CUST1.TARGETBANK,'') as TARGETBANK From OPICINF.KKB_TB_BE_SERIES SERIES LEFT OUTER JOIN OPICINF.KKB_TB_CUSTOMER CUST1 ON SERIES.BE_ISSUER_ID = CUST1.CUSTOMERID WHERE BESERIESID='8013' 
2021-06-01 14:45:11,630 [12] INFO  TreasuryModel.Data.BESeries [(null)] - -----KKB_TB_BE_SERIES Finish-----
2021-06-01 14:45:16,195 [12] INFO  TreasuryModel.Data.BESeries [(null)] - -----Check Duplicate BE Series Start-----
2021-06-01 14:45:16,195 [12] INFO  TreasuryModel.Data.BESeries [(null)] - SQL Statement : SELECT 1 FROM OPICINF.KKB_TB_BE_SERIES WHERE BE_SERIES_CODE = 'bow2' AND BESERIESID <> 8013
2021-06-01 14:45:16,241 [12] INFO  TreasuryModel.Data.BESeries [(null)] - -----Check Duplicate BE Series Finish-----
2021-06-01 14:45:16,450 [12] INFO  TreasuryModel.Data.BESeries [(null)] - -----Validate Holiday Start-----
2021-06-01 14:45:16,450 [12] INFO  TreasuryModel.Data.BESeries [(null)] - SQL Statement : SELECT 1 FROM OPICS.HLDY WHERE CALENDARID = 'THB' AND HOLIDATE = to_date('01/06/2021', 'dd/mm/yyyy')
2021-06-01 14:45:16,481 [12] INFO  TreasuryModel.Data.BESeries [(null)] - -----Validate Holiday Finish-----
2021-06-01 14:45:16,566 [12] INFO  TreasuryModel.Data.BESeries [(null)] - -----Validate Holiday Start-----
2021-06-01 14:45:16,566 [12] INFO  TreasuryModel.Data.BESeries [(null)] - SQL Statement : SELECT 1 FROM OPICS.HLDY WHERE CALENDARID = 'THB' AND HOLIDATE = to_date('30/06/2021', 'dd/mm/yyyy')
2021-06-01 14:45:16,605 [12] INFO  TreasuryModel.Data.BESeries [(null)] - -----Validate Holiday Finish-----
2021-06-01 14:45:19,644 [12] INFO  TreasuryModel.Data.BESeries [(null)] - -----KKB_TB_DEALFEE Start update-----
2021-06-01 14:45:19,691 [12] INFO  TreasuryModel.Data.BESeries [(null)] - -----KKTB_TB_DEALFEE Finish-----
2021-06-01 14:45:21,447 [11] INFO  TreasuryModel.Data.BESeries [(null)] - -----BESeriesList-----
2021-06-01 14:45:21,447 [11] INFO  TreasuryModel.Data.BESeries [(null)] - SQL Statement : Select BESERIESID, BE_SERIES_CODE, BE_TOTAL_AMT, BE_SERIES_DEAL_NO, TO_CHAR(BE_ISSUE_DATE,'MM/DD/YYYY HH:MI:SS') as BE_ISSUE_DATE, BE_DIS_RATE, BE_ISSUER_ID, CUST1.NAMEEN as BE_ISSUER_NAME, TO_CHAR(BE_MAT_DATE,'MM/DD/YYYY HH:MI:SS') as BE_MAT_DATE, NVL(BE_AVAL_TYPE, '0') as BE_AVAL_TYPE, NAMEEN as BE_ISSUER_NAME, TARGETACCT as BE_ISSUER_ACCT, TARGETBANK as BE_ISSUER_BANK, BE_TOTAL_AMT - NVL((SELECT SUM(NVL(BE_ALLOT_AMT,0)) FROM OPICINF.KKB_TB_BE_ALLOTMENT WHERE BESERIESID = KKB_TB_BE_SERIES.BESERIESID AND FLAG IS NULL),0) as BE_SERIES_REMAIN, NVL(BE_SERIES_PROCEED,BE_TOTAL_AMT) as BE_SERIES_PROCEED From OPICINF.KKB_TB_BE_SERIES LEFT OUTER JOIN OPICINF.KKB_TB_CUSTOMER CUST1 ON KKB_TB_BE_SERIES.BE_ISSUER_ID = CUST1.CUSTOMERID Where 1=1 ORDER BY BESERIESID DESC
2021-06-01 14:45:44,019 [11] INFO  TreasuryModel.Data.Customer [(null)] - -----Model_MS_Customer Finish-----
2021-06-01 14:45:52,827 [11] INFO  TreasuryModel.Data.BESeries [(null)] - -----Check Duplicate BE Series Start-----
2021-06-01 14:45:52,827 [11] INFO  TreasuryModel.Data.BESeries [(null)] - SQL Statement : SELECT 1 FROM OPICINF.KKB_TB_BE_SERIES WHERE BE_SERIES_CODE = 'you' AND BESERIESID <> 0
2021-06-01 14:45:52,875 [11] INFO  TreasuryModel.Data.BESeries [(null)] - -----Check Duplicate BE Series Finish-----
2021-06-01 14:45:53,041 [11] INFO  TreasuryModel.Data.BESeries [(null)] - -----Validate Holiday Start-----
2021-06-01 14:45:53,041 [11] INFO  TreasuryModel.Data.BESeries [(null)] - SQL Statement : SELECT 1 FROM OPICS.HLDY WHERE CALENDARID = 'THB' AND HOLIDATE = to_date('01/06/2021', 'dd/mm/yyyy')
2021-06-01 14:45:53,068 [11] INFO  TreasuryModel.Data.BESeries [(null)] - -----Validate Holiday Finish-----
2021-06-01 14:45:53,172 [11] INFO  TreasuryModel.Data.BESeries [(null)] - -----Validate Holiday Start-----
2021-06-01 14:45:53,172 [11] INFO  TreasuryModel.Data.BESeries [(null)] - SQL Statement : SELECT 1 FROM OPICS.HLDY WHERE CALENDARID = 'THB' AND HOLIDATE = to_date('30/06/2021', 'dd/mm/yyyy')
2021-06-01 14:45:53,206 [11] INFO  TreasuryModel.Data.BESeries [(null)] - -----Validate Holiday Finish-----
2021-06-01 14:45:53,364 [11] INFO  TreasuryModel.Data.BESeries [(null)] - -----KKB_TB_BE_SERIES Start insert-----
2021-06-01 14:45:53,392 [11] INFO  TreasuryModel.Data.BESeries [(null)] - -----KKTB_TB_DEALFEE Finish-----
2021-06-01 14:45:55,684 [11] INFO  TreasuryModel.Data.BESeries [(null)] - -----BESeriesList-----
2021-06-01 14:45:55,684 [11] INFO  TreasuryModel.Data.BESeries [(null)] - SQL Statement : Select BESERIESID, BE_SERIES_CODE, BE_TOTAL_AMT, BE_SERIES_DEAL_NO, TO_CHAR(BE_ISSUE_DATE,'MM/DD/YYYY HH:MI:SS') as BE_ISSUE_DATE, BE_DIS_RATE, BE_ISSUER_ID, CUST1.NAMEEN as BE_ISSUER_NAME, TO_CHAR(BE_MAT_DATE,'MM/DD/YYYY HH:MI:SS') as BE_MAT_DATE, NVL(BE_AVAL_TYPE, '0') as BE_AVAL_TYPE, NAMEEN as BE_ISSUER_NAME, TARGETACCT as BE_ISSUER_ACCT, TARGETBANK as BE_ISSUER_BANK, BE_TOTAL_AMT - NVL((SELECT SUM(NVL(BE_ALLOT_AMT,0)) FROM OPICINF.KKB_TB_BE_ALLOTMENT WHERE BESERIESID = KKB_TB_BE_SERIES.BESERIESID AND FLAG IS NULL),0) as BE_SERIES_REMAIN, NVL(BE_SERIES_PROCEED,BE_TOTAL_AMT) as BE_SERIES_PROCEED From OPICINF.KKB_TB_BE_SERIES LEFT OUTER JOIN OPICINF.KKB_TB_CUSTOMER CUST1 ON KKB_TB_BE_SERIES.BE_ISSUER_ID = CUST1.CUSTOMERID Where 1=1 ORDER BY BESERIESID DESC
2021-06-01 14:49:12,549 [11] INFO  TreasuryModel.Data.Customer [(null)] - -----Model_MS_Customer Finish-----
2021-06-01 14:49:18,433 [11] INFO  TreasuryModel.Data.BESeries [(null)] - -----Check Duplicate BE Series Start-----
2021-06-01 14:49:18,433 [11] INFO  TreasuryModel.Data.BESeries [(null)] - SQL Statement : SELECT 1 FROM OPICINF.KKB_TB_BE_SERIES WHERE BE_SERIES_CODE = 'bow4' AND BESERIESID <> 0
2021-06-01 14:49:18,479 [11] INFO  TreasuryModel.Data.BESeries [(null)] - -----Check Duplicate BE Series Finish-----
2021-06-01 14:49:18,688 [11] INFO  TreasuryModel.Data.BESeries [(null)] - -----Validate Holiday Start-----
2021-06-01 14:49:18,688 [11] INFO  TreasuryModel.Data.BESeries [(null)] - SQL Statement : SELECT 1 FROM OPICS.HLDY WHERE CALENDARID = 'THB' AND HOLIDATE = to_date('01/06/2021', 'dd/mm/yyyy')
2021-06-01 14:49:18,719 [11] INFO  TreasuryModel.Data.BESeries [(null)] - -----Validate Holiday Finish-----
2021-06-01 14:49:18,819 [11] INFO  TreasuryModel.Data.BESeries [(null)] - -----Validate Holiday Start-----
2021-06-01 14:49:18,819 [11] INFO  TreasuryModel.Data.BESeries [(null)] - SQL Statement : SELECT 1 FROM OPICS.HLDY WHERE CALENDARID = 'THB' AND HOLIDATE = to_date('30/06/2021', 'dd/mm/yyyy')
2021-06-01 14:49:18,858 [11] INFO  TreasuryModel.Data.BESeries [(null)] - -----Validate Holiday Finish-----
2021-06-01 14:50:00,470 [11] INFO  TreasuryModel.Data.BESeries [(null)] - -----Check Duplicate BE Series Start-----
2021-06-01 14:50:00,470 [11] INFO  TreasuryModel.Data.BESeries [(null)] - SQL Statement : SELECT 1 FROM OPICINF.KKB_TB_BE_SERIES WHERE BE_SERIES_CODE = 'bow4' AND BESERIESID <> 0
2021-06-01 14:50:00,501 [11] INFO  TreasuryModel.Data.BESeries [(null)] - -----Check Duplicate BE Series Finish-----
2021-06-01 14:50:00,727 [11] INFO  TreasuryModel.Data.BESeries [(null)] - -----Validate Holiday Start-----
2021-06-01 14:50:00,727 [11] INFO  TreasuryModel.Data.BESeries [(null)] - SQL Statement : SELECT 1 FROM OPICS.HLDY WHERE CALENDARID = 'THB' AND HOLIDATE = to_date('01/06/2021', 'dd/mm/yyyy')
2021-06-01 14:50:00,759 [11] INFO  TreasuryModel.Data.BESeries [(null)] - -----Validate Holiday Finish-----
2021-06-01 14:50:00,845 [11] INFO  TreasuryModel.Data.BESeries [(null)] - -----Validate Holiday Start-----
2021-06-01 14:50:00,845 [11] INFO  TreasuryModel.Data.BESeries [(null)] - SQL Statement : SELECT 1 FROM OPICS.HLDY WHERE CALENDARID = 'THB' AND HOLIDATE = to_date('30/06/2021', 'dd/mm/yyyy')
2021-06-01 14:50:00,876 [11] INFO  TreasuryModel.Data.BESeries [(null)] - -----Validate Holiday Finish-----
2021-06-01 14:50:01,087 [11] INFO  TreasuryModel.Data.BESeries [(null)] - -----KKB_TB_BE_SERIES Start insert-----
2021-06-01 14:50:01,118 [11] INFO  TreasuryModel.Data.BESeries [(null)] - -----KKTB_TB_DEALFEE Finish-----
2021-06-01 14:50:07,587 [11] INFO  TreasuryModel.Data.BESeries [(null)] - -----BESeriesList-----
2021-06-01 14:50:07,587 [11] INFO  TreasuryModel.Data.BESeries [(null)] - SQL Statement : Select BESERIESID, BE_SERIES_CODE, BE_TOTAL_AMT, BE_SERIES_DEAL_NO, TO_CHAR(BE_ISSUE_DATE,'MM/DD/YYYY HH:MI:SS') as BE_ISSUE_DATE, BE_DIS_RATE, BE_ISSUER_ID, CUST1.NAMEEN as BE_ISSUER_NAME, TO_CHAR(BE_MAT_DATE,'MM/DD/YYYY HH:MI:SS') as BE_MAT_DATE, NVL(BE_AVAL_TYPE, '0') as BE_AVAL_TYPE, NAMEEN as BE_ISSUER_NAME, TARGETACCT as BE_ISSUER_ACCT, TARGETBANK as BE_ISSUER_BANK, BE_TOTAL_AMT - NVL((SELECT SUM(NVL(BE_ALLOT_AMT,0)) FROM OPICINF.KKB_TB_BE_ALLOTMENT WHERE BESERIESID = KKB_TB_BE_SERIES.BESERIESID AND FLAG IS NULL),0) as BE_SERIES_REMAIN, NVL(BE_SERIES_PROCEED,BE_TOTAL_AMT) as BE_SERIES_PROCEED From OPICINF.KKB_TB_BE_SERIES LEFT OUTER JOIN OPICINF.KKB_TB_CUSTOMER CUST1 ON KKB_TB_BE_SERIES.BE_ISSUER_ID = CUST1.CUSTOMERID Where 1=1 ORDER BY BESERIESID DESC
2021-06-01 14:51:39,954 [7] INFO  TreasuryModel.Data.BESeries [(null)] - -----KKB_TB_BE_SERIES Start-----
2021-06-01 14:51:39,954 [7] INFO  TreasuryModel.Data.BESeries [(null)] - SQL Statement : Select BESERIESID, BE_SERIES_CODE, BE_TOTAL_AMT, BE_SERIES_DEAL_NO, TO_CHAR(BE_ISSUE_DATE,'MM/DD/YYYY') as BE_ISSUE_DATE, BE_DIS_RATE, NVL(BE_ISSUER_ID,0) as BE_ISSUER_ID , TO_CHAR(BE_MAT_DATE,'MM/DD/YYYY') as BE_MAT_DATE, NVL(CUST1.CUSTOMERID,0) as CUSTOMERID, NVL(CUST1.NAMEEN,'') as NAMEEN, NVL(CUST1.TARGETACCT,'') as TARGETACCT , NVL(CUST1.TARGETBANK,'') as TARGETBANK From OPICINF.KKB_TB_BE_SERIES SERIES LEFT OUTER JOIN OPICINF.KKB_TB_CUSTOMER CUST1 ON SERIES.BE_ISSUER_ID = CUST1.CUSTOMERID WHERE BESERIESID='8016' 
2021-06-01 14:51:40,001 [7] INFO  TreasuryModel.Data.BESeries [(null)] - -----KKB_TB_BE_SERIES Finish-----
2021-06-01 14:51:41,243 [7] INFO  TreasuryModel.Data.BESeries [(null)] - -----Check Duplicate BE Series Start-----
2021-06-01 14:51:41,251 [7] INFO  TreasuryModel.Data.BESeries [(null)] - SQL Statement : SELECT 1 FROM OPICINF.KKB_TB_BE_SERIES WHERE BE_SERIES_CODE = 'bow4' AND BESERIESID <> 8016
2021-06-01 14:51:41,298 [7] INFO  TreasuryModel.Data.BESeries [(null)] - -----Check Duplicate BE Series Finish-----
2021-06-01 14:51:41,634 [7] INFO  TreasuryModel.Data.BESeries [(null)] - -----Validate Holiday Start-----
2021-06-01 14:51:41,634 [7] INFO  TreasuryModel.Data.BESeries [(null)] - SQL Statement : SELECT 1 FROM OPICS.HLDY WHERE CALENDARID = 'THB' AND HOLIDATE = to_date('01/06/2021', 'dd/mm/yyyy')
2021-06-01 14:51:41,665 [7] INFO  TreasuryModel.Data.BESeries [(null)] - -----Validate Holiday Finish-----
2021-06-01 14:51:41,891 [7] INFO  TreasuryModel.Data.BESeries [(null)] - -----Validate Holiday Start-----
2021-06-01 14:51:41,891 [7] INFO  TreasuryModel.Data.BESeries [(null)] - SQL Statement : SELECT 1 FROM OPICS.HLDY WHERE CALENDARID = 'THB' AND HOLIDATE = to_date('30/06/2021', 'dd/mm/yyyy')
2021-06-01 14:51:41,923 [7] INFO  TreasuryModel.Data.BESeries [(null)] - -----Validate Holiday Finish-----
2021-06-01 14:51:44,954 [7] INFO  TreasuryModel.Data.BESeries [(null)] - -----KKB_TB_DEALFEE Start update-----
2021-06-01 14:51:45,016 [7] INFO  TreasuryModel.Data.BESeries [(null)] - -----KKTB_TB_DEALFEE Finish-----
2021-06-01 14:51:47,344 [7] INFO  TreasuryModel.Data.BESeries [(null)] - -----BESeriesList-----
2021-06-01 14:51:47,344 [7] INFO  TreasuryModel.Data.BESeries [(null)] - SQL Statement : Select BESERIESID, BE_SERIES_CODE, BE_TOTAL_AMT, BE_SERIES_DEAL_NO, TO_CHAR(BE_ISSUE_DATE,'MM/DD/YYYY HH:MI:SS') as BE_ISSUE_DATE, BE_DIS_RATE, BE_ISSUER_ID, CUST1.NAMEEN as BE_ISSUER_NAME, TO_CHAR(BE_MAT_DATE,'MM/DD/YYYY HH:MI:SS') as BE_MAT_DATE, NVL(BE_AVAL_TYPE, '0') as BE_AVAL_TYPE, NAMEEN as BE_ISSUER_NAME, TARGETACCT as BE_ISSUER_ACCT, TARGETBANK as BE_ISSUER_BANK, BE_TOTAL_AMT - NVL((SELECT SUM(NVL(BE_ALLOT_AMT,0)) FROM OPICINF.KKB_TB_BE_ALLOTMENT WHERE BESERIESID = KKB_TB_BE_SERIES.BESERIESID AND FLAG IS NULL),0) as BE_SERIES_REMAIN, NVL(BE_SERIES_PROCEED,BE_TOTAL_AMT) as BE_SERIES_PROCEED From OPICINF.KKB_TB_BE_SERIES LEFT OUTER JOIN OPICINF.KKB_TB_CUSTOMER CUST1 ON KKB_TB_BE_SERIES.BE_ISSUER_ID = CUST1.CUSTOMERID Where 1=1 ORDER BY BESERIESID DESC
2021-06-01 14:52:00,808 [7] INFO  TreasuryModel.Data.BESeries [(null)] - -----KKB_TB_BE_SERIES Start delete-----
2021-06-01 14:52:02,115 [7] INFO  TreasuryModel.Data.BESeries [(null)] - -----KKB_TB_BE_SERIES Finish-----
2021-06-01 14:52:25,089 [6] INFO  TreasuryModel.Data.BESeries [(null)] - -----BESeriesList-----
2021-06-01 14:52:25,089 [6] INFO  TreasuryModel.Data.BESeries [(null)] - SQL Statement : Select BESERIESID, BE_SERIES_CODE, BE_TOTAL_AMT, BE_SERIES_DEAL_NO, TO_CHAR(BE_ISSUE_DATE,'MM/DD/YYYY HH:MI:SS') as BE_ISSUE_DATE, BE_DIS_RATE, BE_ISSUER_ID, CUST1.NAMEEN as BE_ISSUER_NAME, TO_CHAR(BE_MAT_DATE,'MM/DD/YYYY HH:MI:SS') as BE_MAT_DATE, NVL(BE_AVAL_TYPE, '0') as BE_AVAL_TYPE, NAMEEN as BE_ISSUER_NAME, TARGETACCT as BE_ISSUER_ACCT, TARGETBANK as BE_ISSUER_BANK, BE_TOTAL_AMT - NVL((SELECT SUM(NVL(BE_ALLOT_AMT,0)) FROM OPICINF.KKB_TB_BE_ALLOTMENT WHERE BESERIESID = KKB_TB_BE_SERIES.BESERIESID AND FLAG IS NULL),0) as BE_SERIES_REMAIN, NVL(BE_SERIES_PROCEED,BE_TOTAL_AMT) as BE_SERIES_PROCEED From OPICINF.KKB_TB_BE_SERIES LEFT OUTER JOIN OPICINF.KKB_TB_CUSTOMER CUST1 ON KKB_TB_BE_SERIES.BE_ISSUER_ID = CUST1.CUSTOMERID Where 1=1 ORDER BY BESERIESID DESC
2021-06-01 14:52:38,464 [7] INFO  TreasuryModel.Data.BESeries [(null)] - -----KKB_TB_BE_SERIES Start delete-----
2021-06-01 14:52:38,542 [7] INFO  TreasuryModel.Data.BESeries [(null)] - -----KKB_TB_BE_SERIES Finish-----
2021-06-01 14:52:43,901 [6] INFO  TreasuryModel.Data.BESeries [(null)] - -----BESeriesList-----
2021-06-01 14:52:43,901 [6] INFO  TreasuryModel.Data.BESeries [(null)] - SQL Statement : Select BESERIESID, BE_SERIES_CODE, BE_TOTAL_AMT, BE_SERIES_DEAL_NO, TO_CHAR(BE_ISSUE_DATE,'MM/DD/YYYY HH:MI:SS') as BE_ISSUE_DATE, BE_DIS_RATE, BE_ISSUER_ID, CUST1.NAMEEN as BE_ISSUER_NAME, TO_CHAR(BE_MAT_DATE,'MM/DD/YYYY HH:MI:SS') as BE_MAT_DATE, NVL(BE_AVAL_TYPE, '0') as BE_AVAL_TYPE, NAMEEN as BE_ISSUER_NAME, TARGETACCT as BE_ISSUER_ACCT, TARGETBANK as BE_ISSUER_BANK, BE_TOTAL_AMT - NVL((SELECT SUM(NVL(BE_ALLOT_AMT,0)) FROM OPICINF.KKB_TB_BE_ALLOTMENT WHERE BESERIESID = KKB_TB_BE_SERIES.BESERIESID AND FLAG IS NULL),0) as BE_SERIES_REMAIN, NVL(BE_SERIES_PROCEED,BE_TOTAL_AMT) as BE_SERIES_PROCEED From OPICINF.KKB_TB_BE_SERIES LEFT OUTER JOIN OPICINF.KKB_TB_CUSTOMER CUST1 ON KKB_TB_BE_SERIES.BE_ISSUER_ID = CUST1.CUSTOMERID Where 1=1 ORDER BY BESERIESID DESC
2021-06-01 14:53:34,204 [6] INFO  TreasuryModel.Data.BESeries [(null)] - -----KKB_TB_BE_SERIES Start delete-----
2021-06-01 14:53:34,289 [6] INFO  TreasuryModel.Data.BESeries [(null)] - -----KKB_TB_BE_SERIES Finish-----
2021-06-01 14:53:36,518 [6] INFO  TreasuryModel.Data.BESeries [(null)] - -----BESeriesList-----
2021-06-01 14:53:36,518 [6] INFO  TreasuryModel.Data.BESeries [(null)] - SQL Statement : Select BESERIESID, BE_SERIES_CODE, BE_TOTAL_AMT, BE_SERIES_DEAL_NO, TO_CHAR(BE_ISSUE_DATE,'MM/DD/YYYY HH:MI:SS') as BE_ISSUE_DATE, BE_DIS_RATE, BE_ISSUER_ID, CUST1.NAMEEN as BE_ISSUER_NAME, TO_CHAR(BE_MAT_DATE,'MM/DD/YYYY HH:MI:SS') as BE_MAT_DATE, NVL(BE_AVAL_TYPE, '0') as BE_AVAL_TYPE, NAMEEN as BE_ISSUER_NAME, TARGETACCT as BE_ISSUER_ACCT, TARGETBANK as BE_ISSUER_BANK, BE_TOTAL_AMT - NVL((SELECT SUM(NVL(BE_ALLOT_AMT,0)) FROM OPICINF.KKB_TB_BE_ALLOTMENT WHERE BESERIESID = KKB_TB_BE_SERIES.BESERIESID AND FLAG IS NULL),0) as BE_SERIES_REMAIN, NVL(BE_SERIES_PROCEED,BE_TOTAL_AMT) as BE_SERIES_PROCEED From OPICINF.KKB_TB_BE_SERIES LEFT OUTER JOIN OPICINF.KKB_TB_CUSTOMER CUST1 ON KKB_TB_BE_SERIES.BE_ISSUER_ID = CUST1.CUSTOMERID Where 1=1 ORDER BY BESERIESID DESC
2021-06-01 14:53:53,479 [4] INFO  TreasuryShadowSystem.STN.MasterSTN [(null)] - BindGridReport MasterSTN
2021-06-01 14:53:53,541 [4] INFO  TreasuryShadowSystem.STN.MasterSTN [(null)] - MasterSTN ConvertDataTableToListMaster
2021-06-01 14:53:53,549 [4] INFO  TreasuryShadowSystem.STN.MasterSTN [(null)] - 1
2021-06-01 14:53:53,557 [4] INFO  TreasuryShadowSystem.STN.MasterSTN [(null)] - 2
2021-06-01 14:53:53,557 [4] INFO  TreasuryShadowSystem.STN.MasterSTN [(null)] - 3
2021-06-01 14:53:53,557 [4] INFO  TreasuryShadowSystem.STN.MasterSTN [(null)] - 4
2021-06-01 14:53:53,557 [4] INFO  TreasuryShadowSystem.STN.MasterSTN [(null)] - 5
2021-06-01 14:53:53,557 [4] INFO  TreasuryShadowSystem.STN.MasterSTN [(null)] - 6
2021-06-01 14:53:53,557 [4] INFO  TreasuryShadowSystem.STN.MasterSTN [(null)] - 7
2021-06-01 14:53:53,565 [4] INFO  TreasuryShadowSystem.STN.MasterSTN [(null)] - 8
2021-06-01 14:53:53,588 [4] INFO  TreasuryModel.Data.STNMASTER [(null)] - -----STNNAME Start getSTN-----
2021-06-01 14:53:53,659 [4] INFO  TreasuryModel.Data.STNMASTER [(null)] - -----STNNAME Start getSTN-----
2021-06-01 14:53:53,713 [4] INFO  TreasuryModel.Data.STNMASTER [(null)] - -----STNNAME Start getSTN-----
2021-06-01 14:53:53,768 [4] INFO  TreasuryModel.Data.STNMASTER [(null)] - -----STNNAME Start getSTN-----
2021-06-01 14:53:53,807 [4] INFO  TreasuryModel.Data.STNMASTER [(null)] - -----STNNAME Start getSTN-----
2021-06-01 14:53:53,862 [4] INFO  TreasuryModel.Data.STNMASTER [(null)] - -----STNNAME Start getSTN-----
2021-06-01 14:53:53,909 [4] INFO  TreasuryModel.Data.STNMASTER [(null)] - -----STNNAME Start getSTN-----
2021-06-01 14:53:53,956 [4] INFO  TreasuryModel.Data.STNMASTER [(null)] - -----STNNAME Start getSTN-----
2021-06-01 15:04:36,920 [9] INFO  TreasuryShadowSystem.Model.Model_Tb_Menu_Auth [(null)] - Select p.* From (Select l.* From OPICINF.KKB_TB_MS_LOOKUP l, OPICINF.KKB_TB_MS_MENU_AUTH a Where l.ID=a.MENU_ID And l.ENABLED='1' And a.USERGROUP_ID=(SELECT USERGROUP_ID FROM OPICINF.KKB_TB_MS_USERGROUP WHERE USERGROUP_NAME = 'ITProject') UNION Select * From OPICINF.KKB_TB_MS_LOOKUP WHERE ENABLED='1' AND ID IN (Select DISTINCT GROUPID From OPICINF.KKB_TB_MS_LOOKUP l, OPICINF.KKB_TB_MS_MENU_AUTH a Where l.ID=a.MENU_ID And l.ENABLED='1' And a.USERGROUP_ID=(SELECT USERGROUP_ID FROM OPICINF.KKB_TB_MS_USERGROUP WHERE USERGROUP_NAME = 'ITProject')) ) p Order By p.GroupID, p.SEQ 
2021-06-01 15:04:37,154 [9] INFO  TreasuryShadowSystem.Login [(null)] - Login successfull on :01/06/2021 03:04:37
2021-06-01 15:04:37,271 [9] ERROR TreasuryShadowSystem.Login [(null)] - Thread was being aborted.
2021-06-01 15:04:44,092 [9] INFO  TreasuryShadowSystem.STN.MasterSTN [(null)] - BindGridReport MasterSTN
2021-06-01 15:04:44,334 [9] INFO  TreasuryShadowSystem.STN.MasterSTN [(null)] - MasterSTN ConvertDataTableToListMaster
2021-06-01 15:04:44,342 [9] INFO  TreasuryShadowSystem.STN.MasterSTN [(null)] - 1
2021-06-01 15:04:44,342 [9] INFO  TreasuryShadowSystem.STN.MasterSTN [(null)] - 2
2021-06-01 15:04:44,342 [9] INFO  TreasuryShadowSystem.STN.MasterSTN [(null)] - 3
2021-06-01 15:04:44,342 [9] INFO  TreasuryShadowSystem.STN.MasterSTN [(null)] - 4
2021-06-01 15:04:44,350 [9] INFO  TreasuryShadowSystem.STN.MasterSTN [(null)] - 5
2021-06-01 15:04:44,350 [9] INFO  TreasuryShadowSystem.STN.MasterSTN [(null)] - 6
2021-06-01 15:04:44,350 [9] INFO  TreasuryShadowSystem.STN.MasterSTN [(null)] - 7
2021-06-01 15:04:44,350 [9] INFO  TreasuryShadowSystem.STN.MasterSTN [(null)] - 8
2021-06-01 15:04:44,365 [9] INFO  TreasuryModel.Data.STNMASTER [(null)] - -----STNNAME Start getSTN-----
2021-06-01 15:04:44,428 [9] INFO  TreasuryModel.Data.STNMASTER [(null)] - -----STNNAME Start getSTN-----
2021-06-01 15:04:44,475 [9] INFO  TreasuryModel.Data.STNMASTER [(null)] - -----STNNAME Start getSTN-----
2021-06-01 15:04:44,521 [9] INFO  TreasuryModel.Data.STNMASTER [(null)] - -----STNNAME Start getSTN-----
2021-06-01 15:04:44,568 [9] INFO  TreasuryModel.Data.STNMASTER [(null)] - -----STNNAME Start getSTN-----
2021-06-01 15:04:44,607 [9] INFO  TreasuryModel.Data.STNMASTER [(null)] - -----STNNAME Start getSTN-----
2021-06-01 15:04:44,654 [9] INFO  TreasuryModel.Data.STNMASTER [(null)] - -----STNNAME Start getSTN-----
2021-06-01 15:04:44,693 [9] INFO  TreasuryModel.Data.STNMASTER [(null)] - -----STNNAME Start getSTN-----
2021-06-01 16:51:18,241 [4] INFO  TreasuryShadowSystem.Model.Model_Tb_Menu_Auth [(null)] - Select p.* From (Select l.* From OPICINF.KKB_TB_MS_LOOKUP l, OPICINF.KKB_TB_MS_MENU_AUTH a Where l.ID=a.MENU_ID And l.ENABLED='1' And a.USERGROUP_ID=(SELECT USERGROUP_ID FROM OPICINF.KKB_TB_MS_USERGROUP WHERE USERGROUP_NAME = 'ITProject') UNION Select * From OPICINF.KKB_TB_MS_LOOKUP WHERE ENABLED='1' AND ID IN (Select DISTINCT GROUPID From OPICINF.KKB_TB_MS_LOOKUP l, OPICINF.KKB_TB_MS_MENU_AUTH a Where l.ID=a.MENU_ID And l.ENABLED='1' And a.USERGROUP_ID=(SELECT USERGROUP_ID FROM OPICINF.KKB_TB_MS_USERGROUP WHERE USERGROUP_NAME = 'ITProject')) ) p Order By p.GroupID, p.SEQ 
2021-06-01 16:51:18,496 [4] INFO  TreasuryShadowSystem.Login [(null)] - Login successfull on :01/06/2021 04:51:18
2021-06-01 16:51:18,641 [4] ERROR TreasuryShadowSystem.Login [(null)] - Thread was being aborted.
2021-06-01 16:51:27,493 [11] INFO  TreasuryShadowSystem.STN.MasterSTN [(null)] - BindGridReport MasterSTN
2021-06-01 16:51:27,730 [11] INFO  TreasuryShadowSystem.STN.MasterSTN [(null)] - MasterSTN ConvertDataTableToListMaster
2021-06-01 16:51:27,738 [11] INFO  TreasuryShadowSystem.STN.MasterSTN [(null)] - 1
2021-06-01 16:51:27,738 [11] INFO  TreasuryShadowSystem.STN.MasterSTN [(null)] - 2
2021-06-01 16:51:27,746 [11] INFO  TreasuryShadowSystem.STN.MasterSTN [(null)] - 3
2021-06-01 16:51:27,746 [11] INFO  TreasuryShadowSystem.STN.MasterSTN [(null)] - 4
2021-06-01 16:51:27,746 [11] INFO  TreasuryShadowSystem.STN.MasterSTN [(null)] - 5
2021-06-01 16:51:27,746 [11] INFO  TreasuryShadowSystem.STN.MasterSTN [(null)] - 6
2021-06-01 16:51:27,746 [11] INFO  TreasuryShadowSystem.STN.MasterSTN [(null)] - 7
2021-06-01 16:51:27,746 [11] INFO  TreasuryShadowSystem.STN.MasterSTN [(null)] - 8
2021-06-01 16:51:27,769 [11] INFO  TreasuryModel.Data.STNMASTER [(null)] - -----STNNAME Start getSTN-----
2021-06-01 16:51:27,853 [11] INFO  TreasuryModel.Data.STNMASTER [(null)] - -----STNNAME Start getSTN-----
2021-06-01 16:51:27,922 [11] INFO  TreasuryModel.Data.STNMASTER [(null)] - -----STNNAME Start getSTN-----
2021-06-01 16:51:28,994 [11] INFO  TreasuryModel.Data.STNMASTER [(null)] - -----STNNAME Start getSTN-----
2021-06-01 16:51:29,040 [11] INFO  TreasuryModel.Data.STNMASTER [(null)] - -----STNNAME Start getSTN-----
2021-06-01 16:51:29,093 [11] INFO  TreasuryModel.Data.STNMASTER [(null)] - -----STNNAME Start getSTN-----
2021-06-01 16:51:29,178 [11] INFO  TreasuryModel.Data.STNMASTER [(null)] - -----STNNAME Start getSTN-----
2021-06-01 16:51:29,247 [11] INFO  TreasuryModel.Data.STNMASTER [(null)] - -----STNNAME Start getSTN-----
2021-06-01 16:53:19,208 [4] INFO  TreasuryShadowSystem.STN.MasterSTN [(null)] - BindGridReport MasterSTN
2021-06-01 16:53:19,325 [4] INFO  TreasuryShadowSystem.STN.MasterSTN [(null)] - MasterSTN ConvertDataTableToListMaster
2021-06-01 16:53:19,325 [4] INFO  TreasuryShadowSystem.STN.MasterSTN [(null)] - 1
2021-06-01 16:53:19,325 [4] INFO  TreasuryShadowSystem.STN.MasterSTN [(null)] - 2
2021-06-01 16:53:19,325 [4] INFO  TreasuryShadowSystem.STN.MasterSTN [(null)] - 3
2021-06-01 16:53:19,325 [4] INFO  TreasuryShadowSystem.STN.MasterSTN [(null)] - 4
2021-06-01 16:53:19,325 [4] INFO  TreasuryShadowSystem.STN.MasterSTN [(null)] - 5
2021-06-01 16:53:19,325 [4] INFO  TreasuryShadowSystem.STN.MasterSTN [(null)] - 6
2021-06-01 16:53:19,325 [4] INFO  TreasuryShadowSystem.STN.MasterSTN [(null)] - 7
2021-06-01 16:53:19,325 [4] INFO  TreasuryShadowSystem.STN.MasterSTN [(null)] - 8
2021-06-01 16:53:19,349 [4] INFO  TreasuryModel.Data.STNMASTER [(null)] - -----STNNAME Start getSTN-----
2021-06-01 16:53:19,466 [4] INFO  TreasuryModel.Data.STNMASTER [(null)] - -----STNNAME Start getSTN-----
2021-06-01 16:53:20,606 [4] INFO  TreasuryModel.Data.STNMASTER [(null)] - -----STNNAME Start getSTN-----
2021-06-01 16:53:20,669 [4] INFO  TreasuryModel.Data.STNMASTER [(null)] - -----STNNAME Start getSTN-----
2021-06-01 16:53:20,716 [4] INFO  TreasuryModel.Data.STNMASTER [(null)] - -----STNNAME Start getSTN-----
2021-06-01 16:53:20,763 [4] INFO  TreasuryModel.Data.STNMASTER [(null)] - -----STNNAME Start getSTN-----
2021-06-01 16:53:20,809 [4] INFO  TreasuryModel.Data.STNMASTER [(null)] - -----STNNAME Start getSTN-----
2021-06-01 16:53:20,856 [4] INFO  TreasuryModel.Data.STNMASTER [(null)] - -----STNNAME Start getSTN-----
2021-06-01 17:16:07,862 [7] INFO  TreasuryShadowSystem.Model.Model_Tb_Menu_Auth [(null)] - Select p.* From (Select l.* From OPICINF.KKB_TB_MS_LOOKUP l, OPICINF.KKB_TB_MS_MENU_AUTH a Where l.ID=a.MENU_ID And l.ENABLED='1' And a.USERGROUP_ID=(SELECT USERGROUP_ID FROM OPICINF.KKB_TB_MS_USERGROUP WHERE USERGROUP_NAME = 'ITProject') UNION Select * From OPICINF.KKB_TB_MS_LOOKUP WHERE ENABLED='1' AND ID IN (Select DISTINCT GROUPID From OPICINF.KKB_TB_MS_LOOKUP l, OPICINF.KKB_TB_MS_MENU_AUTH a Where l.ID=a.MENU_ID And l.ENABLED='1' And a.USERGROUP_ID=(SELECT USERGROUP_ID FROM OPICINF.KKB_TB_MS_USERGROUP WHERE USERGROUP_NAME = 'ITProject')) ) p Order By p.GroupID, p.SEQ 
2021-06-01 17:16:08,453 [7] INFO  TreasuryShadowSystem.Login [(null)] - Login successfull on :01/06/2021 05:16:08
2021-06-01 17:16:08,608 [7] ERROR TreasuryShadowSystem.Login [(null)] - Thread was being aborted.
2021-06-01 17:16:51,207 [7] INFO  TreasuryShadowSystem.STN.MasterSTN [(null)] - BindGridReport MasterSTN
2021-06-01 17:16:51,480 [7] INFO  TreasuryShadowSystem.STN.MasterSTN [(null)] - MasterSTN ConvertDataTableToListMaster
2021-06-01 17:16:51,480 [7] INFO  TreasuryShadowSystem.STN.MasterSTN [(null)] - 1
2021-06-01 17:16:51,488 [7] INFO  TreasuryShadowSystem.STN.MasterSTN [(null)] - 2
2021-06-01 17:16:51,488 [7] INFO  TreasuryShadowSystem.STN.MasterSTN [(null)] - 3
2021-06-01 17:16:51,488 [7] INFO  TreasuryShadowSystem.STN.MasterSTN [(null)] - 4
2021-06-01 17:16:51,488 [7] INFO  TreasuryShadowSystem.STN.MasterSTN [(null)] - 5
2021-06-01 17:16:51,496 [7] INFO  TreasuryShadowSystem.STN.MasterSTN [(null)] - 6
2021-06-01 17:16:51,496 [7] INFO  TreasuryShadowSystem.STN.MasterSTN [(null)] - 7
2021-06-01 17:16:51,496 [7] INFO  TreasuryShadowSystem.STN.MasterSTN [(null)] - 8
2021-06-01 17:16:51,566 [7] INFO  TreasuryModel.Data.STNMASTER [(null)] - -----STNNAME Start getSTN-----
2021-06-01 17:16:51,644 [7] INFO  TreasuryModel.Data.STNMASTER [(null)] - -----STNNAME Start getSTN-----
2021-06-01 17:16:51,715 [7] INFO  TreasuryModel.Data.STNMASTER [(null)] - -----STNNAME Start getSTN-----
2021-06-01 17:16:51,769 [7] INFO  TreasuryModel.Data.STNMASTER [(null)] - -----STNNAME Start getSTN-----
2021-06-01 17:16:51,824 [7] INFO  TreasuryModel.Data.STNMASTER [(null)] - -----STNNAME Start getSTN-----
2021-06-01 17:16:51,871 [7] INFO  TreasuryModel.Data.STNMASTER [(null)] - -----STNNAME Start getSTN-----
2021-06-01 17:16:51,910 [7] INFO  TreasuryModel.Data.STNMASTER [(null)] - -----STNNAME Start getSTN-----
2021-06-01 17:16:51,980 [7] INFO  TreasuryModel.Data.STNMASTER [(null)] - -----STNNAME Start getSTN-----
2021-06-01 17:18:36,393 [7] ERROR TreasuryShadowSystem.Site [(null)] - Thread was being aborted.
2021-06-01 17:18:44,812 [7] INFO  TreasuryShadowSystem.Model.Model_Tb_Menu_Auth [(null)] - Select p.* From (Select l.* From OPICINF.KKB_TB_MS_LOOKUP l, OPICINF.KKB_TB_MS_MENU_AUTH a Where l.ID=a.MENU_ID And l.ENABLED='1' And a.USERGROUP_ID=(SELECT USERGROUP_ID FROM OPICINF.KKB_TB_MS_USERGROUP WHERE USERGROUP_NAME = 'ITProject') UNION Select * From OPICINF.KKB_TB_MS_LOOKUP WHERE ENABLED='1' AND ID IN (Select DISTINCT GROUPID From OPICINF.KKB_TB_MS_LOOKUP l, OPICINF.KKB_TB_MS_MENU_AUTH a Where l.ID=a.MENU_ID And l.ENABLED='1' And a.USERGROUP_ID=(SELECT USERGROUP_ID FROM OPICINF.KKB_TB_MS_USERGROUP WHERE USERGROUP_NAME = 'ITProject')) ) p Order By p.GroupID, p.SEQ 
2021-06-01 17:18:44,946 [7] INFO  TreasuryShadowSystem.Login [(null)] - Login successfull on :01/06/2021 05:18:44
2021-06-01 17:18:45,058 [7] ERROR TreasuryShadowSystem.Login [(null)] - Thread was being aborted.
2021-06-01 17:18:52,223 [4] INFO  TreasuryShadowSystem.STN.MasterSTN [(null)] - BindGridReport MasterSTN
2021-06-01 17:18:52,258 [4] INFO  TreasuryShadowSystem.STN.MasterSTN [(null)] - MasterSTN ConvertDataTableToListMaster
2021-06-01 17:18:52,258 [4] INFO  TreasuryShadowSystem.STN.MasterSTN [(null)] - 1
2021-06-01 17:18:52,258 [4] INFO  TreasuryShadowSystem.STN.MasterSTN [(null)] - 2
2021-06-01 17:18:52,258 [4] INFO  TreasuryShadowSystem.STN.MasterSTN [(null)] - 3
2021-06-01 17:18:52,258 [4] INFO  TreasuryShadowSystem.STN.MasterSTN [(null)] - 4
2021-06-01 17:18:52,258 [4] INFO  TreasuryShadowSystem.STN.MasterSTN [(null)] - 5
2021-06-01 17:18:52,265 [4] INFO  TreasuryShadowSystem.STN.MasterSTN [(null)] - 6
2021-06-01 17:18:52,265 [4] INFO  TreasuryShadowSystem.STN.MasterSTN [(null)] - 7
2021-06-01 17:18:52,265 [4] INFO  TreasuryShadowSystem.STN.MasterSTN [(null)] - 8
2021-06-01 17:18:52,265 [4] INFO  TreasuryModel.Data.STNMASTER [(null)] - -----STNNAME Start getSTN-----
2021-06-01 17:18:52,329 [4] INFO  TreasuryModel.Data.STNMASTER [(null)] - -----STNNAME Start getSTN-----
2021-06-01 17:18:52,371 [4] INFO  TreasuryModel.Data.STNMASTER [(null)] - -----STNNAME Start getSTN-----
2021-06-01 17:18:52,420 [4] INFO  TreasuryModel.Data.STNMASTER [(null)] - -----STNNAME Start getSTN-----
2021-06-01 17:18:52,476 [4] INFO  TreasuryModel.Data.STNMASTER [(null)] - -----STNNAME Start getSTN-----
2021-06-01 17:18:52,518 [4] INFO  TreasuryModel.Data.STNMASTER [(null)] - -----STNNAME Start getSTN-----
2021-06-01 17:18:52,568 [4] INFO  TreasuryModel.Data.STNMASTER [(null)] - -----STNNAME Start getSTN-----
2021-06-01 17:18:52,610 [4] INFO  TreasuryModel.Data.STNMASTER [(null)] - -----STNNAME Start getSTN-----
2021-06-01 17:19:36,940 [4] INFO  TreasuryModel.Data.STNMASTER [(null)] - -----KKB_TB_STN_MASTER Start UpdateKnockout-----
2021-06-01 17:30:18,192 [4] ERROR TreasuryModel.Data.STNMASTER [(null)] - -----UpdateKnockout KKB_TB_STN_MASTER Error-----
2021-06-01 17:30:18,208 [4] ERROR TreasuryModel.Data.STNMASTER [(null)] - ORA-01008: not all variables bound
2021-06-01 17:30:18,216 [4] INFO  TreasuryModel.Data.STNMASTER [(null)] - -----KKB_TB_STN_MASTER Finish UpdateKnockout-----
2021-06-01 17:30:33,177 [10] INFO  TreasuryModel.Data.STNMASTER [(null)] - -----KKB_TB_STN_MASTER Start UpdateKnockout-----
2021-06-01 17:32:41,583 [10] ERROR TreasuryModel.Data.STNMASTER [(null)] - -----UpdateKnockout KKB_TB_STN_MASTER Error-----
2021-06-01 17:32:41,606 [10] ERROR TreasuryModel.Data.STNMASTER [(null)] - ORA-01008: not all variables bound
2021-06-01 17:32:41,606 [10] INFO  TreasuryModel.Data.STNMASTER [(null)] - -----KKB_TB_STN_MASTER Finish UpdateKnockout-----
2021-06-01 17:32:42,271 [10] INFO  TreasuryShadowSystem.STN.MasterSTN [(null)] - BindGridReport MasterSTN
2021-06-01 17:32:42,317 [10] INFO  TreasuryShadowSystem.STN.MasterSTN [(null)] - MasterSTN ConvertDataTableToListMaster
2021-06-01 17:32:42,317 [10] INFO  TreasuryShadowSystem.STN.MasterSTN [(null)] - 1
2021-06-01 17:32:42,317 [10] INFO  TreasuryShadowSystem.STN.MasterSTN [(null)] - 2
2021-06-01 17:32:42,317 [10] INFO  TreasuryShadowSystem.STN.MasterSTN [(null)] - 3
2021-06-01 17:32:42,317 [10] INFO  TreasuryShadowSystem.STN.MasterSTN [(null)] - 4
2021-06-01 17:32:42,317 [10] INFO  TreasuryShadowSystem.STN.MasterSTN [(null)] - 5
2021-06-01 17:32:42,317 [10] INFO  TreasuryShadowSystem.STN.MasterSTN [(null)] - 6
2021-06-01 17:32:42,317 [10] INFO  TreasuryShadowSystem.STN.MasterSTN [(null)] - 7
2021-06-01 17:32:42,317 [10] INFO  TreasuryShadowSystem.STN.MasterSTN [(null)] - 8
2021-06-01 17:32:42,349 [10] INFO  TreasuryModel.Data.STNMASTER [(null)] - -----STNNAME Start getSTN-----
2021-06-01 17:32:42,427 [10] INFO  TreasuryModel.Data.STNMASTER [(null)] - -----STNNAME Start getSTN-----
2021-06-01 17:32:42,474 [10] INFO  TreasuryModel.Data.STNMASTER [(null)] - -----STNNAME Start getSTN-----
2021-06-01 17:32:42,544 [10] INFO  TreasuryModel.Data.STNMASTER [(null)] - -----STNNAME Start getSTN-----
2021-06-01 17:32:42,708 [10] INFO  TreasuryModel.Data.STNMASTER [(null)] - -----STNNAME Start getSTN-----
2021-06-01 17:32:42,755 [10] INFO  TreasuryModel.Data.STNMASTER [(null)] - -----STNNAME Start getSTN-----
2021-06-01 17:32:42,810 [10] INFO  TreasuryModel.Data.STNMASTER [(null)] - -----STNNAME Start getSTN-----
2021-06-01 17:32:42,903 [10] INFO  TreasuryModel.Data.STNMASTER [(null)] - -----STNNAME Start getSTN-----
2021-06-01 17:33:21,575 [10] INFO  TreasuryModel.Data.STNMASTER [(null)] - -----KKB_TB_STN_MASTER Start UpdateKnockout-----
2021-06-01 17:42:26,772 [4] INFO  TreasuryShadowSystem.Model.Model_Tb_Menu_Auth [(null)] - Select p.* From (Select l.* From OPICINF.KKB_TB_MS_LOOKUP l, OPICINF.KKB_TB_MS_MENU_AUTH a Where l.ID=a.MENU_ID And l.ENABLED='1' And a.USERGROUP_ID=(SELECT USERGROUP_ID FROM OPICINF.KKB_TB_MS_USERGROUP WHERE USERGROUP_NAME = 'ITProject') UNION Select * From OPICINF.KKB_TB_MS_LOOKUP WHERE ENABLED='1' AND ID IN (Select DISTINCT GROUPID From OPICINF.KKB_TB_MS_LOOKUP l, OPICINF.KKB_TB_MS_MENU_AUTH a Where l.ID=a.MENU_ID And l.ENABLED='1' And a.USERGROUP_ID=(SELECT USERGROUP_ID FROM OPICINF.KKB_TB_MS_USERGROUP WHERE USERGROUP_NAME = 'ITProject')) ) p Order By p.GroupID, p.SEQ 
2021-06-01 17:42:27,208 [4] INFO  TreasuryShadowSystem.Login [(null)] - Login successfull on :01/06/2021 05:42:27
2021-06-01 17:42:27,369 [4] ERROR TreasuryShadowSystem.Login [(null)] - Thread was being aborted.
2021-06-01 17:42:34,459 [7] INFO  TreasuryShadowSystem.STN.MasterSTN [(null)] - BindGridReport MasterSTN
2021-06-01 17:42:34,712 [7] INFO  TreasuryShadowSystem.STN.MasterSTN [(null)] - MasterSTN ConvertDataTableToListMaster
2021-06-01 17:42:34,719 [7] INFO  TreasuryShadowSystem.STN.MasterSTN [(null)] - 1
2021-06-01 17:42:34,727 [7] INFO  TreasuryShadowSystem.STN.MasterSTN [(null)] - 2
2021-06-01 17:42:34,727 [7] INFO  TreasuryShadowSystem.STN.MasterSTN [(null)] - 3
2021-06-01 17:42:34,727 [7] INFO  TreasuryShadowSystem.STN.MasterSTN [(null)] - 4
2021-06-01 17:42:34,727 [7] INFO  TreasuryShadowSystem.STN.MasterSTN [(null)] - 5
2021-06-01 17:42:34,727 [7] INFO  TreasuryShadowSystem.STN.MasterSTN [(null)] - 6
2021-06-01 17:42:34,727 [7] INFO  TreasuryShadowSystem.STN.MasterSTN [(null)] - 7
2021-06-01 17:42:34,735 [7] INFO  TreasuryShadowSystem.STN.MasterSTN [(null)] - 8
2021-06-01 17:42:34,773 [7] INFO  TreasuryModel.Data.STNMASTER [(null)] - -----STNNAME Start getSTN-----
2021-06-01 17:42:34,850 [7] INFO  TreasuryModel.Data.STNMASTER [(null)] - -----STNNAME Start getSTN-----
2021-06-01 17:42:34,903 [7] INFO  TreasuryModel.Data.STNMASTER [(null)] - -----STNNAME Start getSTN-----
2021-06-01 17:42:34,949 [7] INFO  TreasuryModel.Data.STNMASTER [(null)] - -----STNNAME Start getSTN-----
2021-06-01 17:42:34,987 [7] INFO  TreasuryModel.Data.STNMASTER [(null)] - -----STNNAME Start getSTN-----
2021-06-01 17:42:35,041 [7] INFO  TreasuryModel.Data.STNMASTER [(null)] - -----STNNAME Start getSTN-----
2021-06-01 17:42:35,095 [7] INFO  TreasuryModel.Data.STNMASTER [(null)] - -----STNNAME Start getSTN-----
2021-06-01 17:42:35,141 [7] INFO  TreasuryModel.Data.STNMASTER [(null)] - -----STNNAME Start getSTN-----
2021-06-01 17:43:03,448 [4] INFO  TreasuryModel.Data.STNMASTER [(null)] - -----KKB_TB_STN_MASTER Start UpdateKnockout-----
2021-06-01 17:43:23,137 [4] INFO  TreasuryModel.Data.STNMASTER [(null)] - -----KKB_TB_STN_MASTER Finish UpdateKnockout-----
