2021-09-08 21:21:16,148 [4] INFO  TreasuryShadowSystem.Model.Model_Tb_Menu_Auth [(null)] - Select p.* From (Select l.* From OPICINF.KKB_TB_MS_LOOKUP l, OPICINF.KKB_TB_MS_MENU_AUTH a Where l.ID=a.MENU_ID And l.ENABLED='1' And a.USERGROUP_ID=(SELECT USERGROUP_ID FROM OPICINF.KKB_TB_MS_USERGROUP WHERE USERGROUP_NAME = '?????????') UNION Select * From OPICINF.KKB_TB_MS_LOOKUP WHERE ENABLED='1' AND ID IN (Select DISTINCT GROUPID From OPICINF.KKB_TB_MS_LOOKUP l, OPICINF.KKB_TB_MS_MENU_AUTH a Where l.ID=a.MENU_ID And l.ENABLED='1' And a.USERGROUP_ID=(SELECT USERGROUP_ID FROM OPICINF.KKB_TB_MS_USERGROUP WHERE USERGROUP_NAME = '?????????')) ) p Order By p.GroupID, p.SEQ 
2021-09-08 21:21:16,234 [4] INFO  TreasuryShadowSystem.Login [(null)] - Login successfull on :08/09/2021 09:21:16
2021-09-08 21:21:16,366 [4] ERROR TreasuryShadowSystem.Login [(null)] - Thread was being aborted.
2021-09-08 21:21:31,710 [7] INFO  TreasuryShadowSystem.Model.Model_Tb_Menu_Auth [(null)] - Select p.* From (Select l.* From OPICINF.KKB_TB_MS_LOOKUP l, OPICINF.KKB_TB_MS_MENU_AUTH a Where l.ID=a.MENU_ID And l.ENABLED='1' And a.USERGROUP_ID=(SELECT USERGROUP_ID FROM OPICINF.KKB_TB_MS_USERGROUP WHERE USERGROUP_NAME = 'ITProject') UNION Select * From OPICINF.KKB_TB_MS_LOOKUP WHERE ENABLED='1' AND ID IN (Select DISTINCT GROUPID From OPICINF.KKB_TB_MS_LOOKUP l, OPICINF.KKB_TB_MS_MENU_AUTH a Where l.ID=a.MENU_ID And l.ENABLED='1' And a.USERGROUP_ID=(SELECT USERGROUP_ID FROM OPICINF.KKB_TB_MS_USERGROUP WHERE USERGROUP_NAME = 'ITProject')) ) p Order By p.GroupID, p.SEQ 
2021-09-08 21:21:31,796 [7] INFO  TreasuryShadowSystem.Login [(null)] - Login successfull on :08/09/2021 09:21:31
2021-09-08 21:21:31,906 [7] ERROR TreasuryShadowSystem.Login [(null)] - Thread was being aborted.
2021-09-08 21:21:38,867 [4] INFO  TreasuryShadowSystem.STN.MasterSTN [(null)] - BindGridReport MasterSTN
2021-09-08 21:21:39,999 [4] INFO  TreasuryShadowSystem.STN.MasterSTN [(null)] - MasterSTN ConvertDataTableToListMaster
2021-09-08 21:21:39,999 [4] INFO  TreasuryShadowSystem.STN.MasterSTN [(null)] - 1
2021-09-08 21:21:39,999 [4] INFO  TreasuryShadowSystem.STN.MasterSTN [(null)] - 2
2021-09-08 21:21:39,999 [4] INFO  TreasuryShadowSystem.STN.MasterSTN [(null)] - 3
2021-09-08 21:21:39,999 [4] INFO  TreasuryShadowSystem.STN.MasterSTN [(null)] - 4
2021-09-08 21:21:39,999 [4] INFO  TreasuryShadowSystem.STN.MasterSTN [(null)] - 5
2021-09-08 21:21:39,999 [4] INFO  TreasuryShadowSystem.STN.MasterSTN [(null)] - 6
2021-09-08 21:21:39,999 [4] INFO  TreasuryShadowSystem.STN.MasterSTN [(null)] - 7
2021-09-08 21:21:40,006 [4] INFO  TreasuryShadowSystem.STN.MasterSTN [(null)] - 8
2021-09-08 21:21:40,006 [4] INFO  TreasuryShadowSystem.STN.MasterSTN [(null)] - 9
2021-09-08 21:21:40,013 [4] INFO  TreasuryShadowSystem.STN.MasterSTN [(null)] - 10
2021-09-08 21:21:40,013 [4] INFO  TreasuryShadowSystem.STN.MasterSTN [(null)] - 11
2021-09-08 21:21:40,013 [4] INFO  TreasuryShadowSystem.STN.MasterSTN [(null)] - 12
2021-09-08 21:21:40,013 [4] INFO  TreasuryShadowSystem.STN.MasterSTN [(null)] - 13
2021-09-08 21:21:40,013 [4] INFO  TreasuryShadowSystem.STN.MasterSTN [(null)] - 14
2021-09-08 21:21:40,013 [4] INFO  TreasuryShadowSystem.STN.MasterSTN [(null)] - 15
2021-09-08 21:21:40,013 [4] INFO  TreasuryShadowSystem.STN.MasterSTN [(null)] - 16
2021-09-08 21:21:40,013 [4] INFO  TreasuryShadowSystem.STN.MasterSTN [(null)] - 17
2021-09-08 21:21:40,049 [4] INFO  TreasuryModel.Data.STNMASTER [(null)] - -----STNNAME Start getSTN-----
2021-09-08 21:21:40,098 [4] INFO  TreasuryModel.Data.STNMASTER [(null)] - -----STNNAME Start getSTN-----
2021-09-08 21:21:40,133 [4] INFO  TreasuryModel.Data.STNMASTER [(null)] - -----STNNAME Start getSTN-----
2021-09-08 21:21:40,161 [4] INFO  TreasuryModel.Data.STNMASTER [(null)] - -----STNNAME Start getSTN-----
2021-09-08 21:21:40,189 [4] INFO  TreasuryModel.Data.STNMASTER [(null)] - -----STNNAME Start getSTN-----
2021-09-08 21:21:40,231 [4] INFO  TreasuryModel.Data.STNMASTER [(null)] - -----STNNAME Start getSTN-----
2021-09-08 21:21:40,259 [4] INFO  TreasuryModel.Data.STNMASTER [(null)] - -----STNNAME Start getSTN-----
2021-09-08 21:21:40,309 [4] INFO  TreasuryModel.Data.STNMASTER [(null)] - -----STNNAME Start getSTN-----
2021-09-08 21:21:40,344 [4] INFO  TreasuryModel.Data.STNMASTER [(null)] - -----STNNAME Start getSTN-----
2021-09-08 21:21:40,386 [4] INFO  TreasuryModel.Data.STNMASTER [(null)] - -----STNNAME Start getSTN-----
2021-09-08 21:22:04,857 [12] INFO  TreasuryShadowSystem.STN.MasterSTN [(null)] - Get Report Settlement
2021-09-08 21:22:04,865 [12] INFO  TreasuryShadowSystem.STN.MasterSTN [(null)] - BindGridReport MasterSTN
2021-09-08 21:22:04,912 [12] INFO  TreasuryShadowSystem.STN.MasterSTN [(null)] - MasterSTN ConvertDataTableToListMaster
2021-09-08 21:22:04,912 [12] INFO  TreasuryShadowSystem.STN.MasterSTN [(null)] - 1
2021-09-08 21:22:04,912 [12] INFO  TreasuryShadowSystem.STN.MasterSTN [(null)] - 2
2021-09-08 21:22:04,912 [12] INFO  TreasuryShadowSystem.STN.MasterSTN [(null)] - 3
2021-09-08 21:22:04,912 [12] INFO  TreasuryShadowSystem.STN.MasterSTN [(null)] - 4
2021-09-08 21:22:04,912 [12] INFO  TreasuryShadowSystem.STN.MasterSTN [(null)] - 5
2021-09-08 21:22:04,912 [12] INFO  TreasuryShadowSystem.STN.MasterSTN [(null)] - 6
2021-09-08 21:22:04,912 [12] INFO  TreasuryShadowSystem.STN.MasterSTN [(null)] - 7
2021-09-08 21:22:04,912 [12] INFO  TreasuryShadowSystem.STN.MasterSTN [(null)] - 8
2021-09-08 21:22:04,912 [12] INFO  TreasuryShadowSystem.STN.MasterSTN [(null)] - 9
2021-09-08 21:22:04,912 [12] INFO  TreasuryShadowSystem.STN.MasterSTN [(null)] - 10
2021-09-08 21:22:04,912 [12] INFO  TreasuryShadowSystem.STN.MasterSTN [(null)] - 11
2021-09-08 21:22:04,912 [12] INFO  TreasuryShadowSystem.STN.MasterSTN [(null)] - 12
2021-09-08 21:22:04,920 [12] INFO  TreasuryShadowSystem.STN.MasterSTN [(null)] - 13
2021-09-08 21:22:04,920 [12] INFO  TreasuryShadowSystem.STN.MasterSTN [(null)] - 14
2021-09-08 21:22:04,920 [12] INFO  TreasuryShadowSystem.STN.MasterSTN [(null)] - 15
2021-09-08 21:22:04,920 [12] INFO  TreasuryShadowSystem.STN.MasterSTN [(null)] - 16
2021-09-08 21:22:04,920 [12] INFO  TreasuryShadowSystem.STN.MasterSTN [(null)] - 17
2021-09-08 21:22:04,928 [12] INFO  TreasuryModel.Data.STNMASTER [(null)] - -----STNNAME Start getSTN-----
2021-09-08 21:22:04,967 [12] INFO  TreasuryModel.Data.STNMASTER [(null)] - -----STNNAME Start getSTN-----
2021-09-08 21:22:05,013 [12] INFO  TreasuryModel.Data.STNMASTER [(null)] - -----STNNAME Start getSTN-----
2021-09-08 21:22:05,053 [12] INFO  TreasuryModel.Data.STNMASTER [(null)] - -----STNNAME Start getSTN-----
2021-09-08 21:22:05,115 [12] INFO  TreasuryModel.Data.STNMASTER [(null)] - -----STNNAME Start getSTN-----
2021-09-08 21:22:05,170 [12] INFO  TreasuryModel.Data.STNMASTER [(null)] - -----STNNAME Start getSTN-----
2021-09-08 21:22:05,248 [12] INFO  TreasuryModel.Data.STNMASTER [(null)] - -----STNNAME Start getSTN-----
2021-09-08 21:22:05,310 [12] INFO  TreasuryModel.Data.STNMASTER [(null)] - -----STNNAME Start getSTN-----
2021-09-08 21:22:05,365 [12] INFO  TreasuryModel.Data.STNMASTER [(null)] - -----STNNAME Start getSTN-----
2021-09-08 21:22:05,404 [12] INFO  TreasuryModel.Data.STNMASTER [(null)] - -----STNNAME Start getSTN-----
2021-09-08 21:22:09,435 [4] INFO  KKB.Treasury.TreasuryModel.Model.Model_RPT_SETTLEMENTREPORT [(null)] - -----Model_RPT_SETTLEMENTREPORT Start-----
2021-09-08 21:22:09,443 [4] INFO  KKB.Treasury.TreasuryModel.Model.Model_RPT_SETTLEMENTREPORT [(null)] - Store Procedure : OPICINF.KKB_SP_TSS_STNCONF
2021-09-08 21:22:16,951 [4] INFO  KKB.Treasury.TreasuryModel.Model.Model_RPT_SETTLEMENTREPORT [(null)] - <NewDataSet>
  <TB_STNCONF>
    <STNID>681</STNID>
    <ACTION>New Trade</ACTION>
    <CURR_DATE>03/09/2021</CURR_DATE>
    <ORDER_NO>2021500149</ORDER_NO>
    <ACCT_NO>56003562</ACCT_NO>
    <SYMBOL>KKDUALP21O08X</SYMBOL>
    <KKSYMBOL>KKP21O08X</KKSYMBOL>
    <UNIT>5</UNIT>
    <AMOUNT>4974640</AMOUNT>
    <FIRST_NAME_EN>VIPA</FIRST_NAME_EN>
    <FULLNAME>??? ???? ?????????????</FULLNAME>
    <TAXID>3101403235671</TAXID>
    <CUST_BANK_CODE>KK</CUST_BANK_CODE>
    <CUST_BANK_ACCT>2002122418</CUST_BANK_ACCT>
    <TEL>02-2865303</TEL>
    <EMAIL>vipa_nong61@hotmail.com</EMAIL>
    <FC_NAME>Nuttakitta Leangpongpun</FC_NAME>
    <FC_EMAIL>Nuttakitta.Lean@kkpfg.com</FC_EMAIL>
    <STN_TYPE>DUAL</STN_TYPE>
    <NOTE_SERIES>139/2564</NOTE_SERIES>
    <UNDERLYING1>USDTHB</UNDERLYING1>
    <STRIKE_PRICE1>32.57</STRIKE_PRICE1>
    <STRIKE_PRICE2>0.00</STRIKE_PRICE2>
    <STRIKE_PRICE3>0.00</STRIKE_PRICE3>
    <STRIKE_PRICE4>0.00</STRIKE_PRICE4>
    <STRIKE_PRICE5>0.00</STRIKE_PRICE5>
    <STRIKE_PRICE6>0.00</STRIKE_PRICE6>
    <BARRIER_PRICE1>0.00</BARRIER_PRICE1>
    <BARRIER_PRICE2>0.00</BARRIER_PRICE2>
    <BARRIER_PRICE3>0.00</BARRIER_PRICE3>
    <BARRIER_PRICE4>0.00</BARRIER_PRICE4>
    <BARRIER_PRICE5>0.00</BARRIER_PRICE5>
    <BARRIER_PRICE6>0.00</BARRIER_PRICE6>
    <KI_PRICE>0</KI_PRICE>
    <PROTECT_LEVELP>0</PROTECT_LEVELP>
    <TTM>31</TTM>
    <TRADING_DAY>0</TRADING_DAY>
    <EXERCISE_TYPE>European</EXERCISE_TYPE>
    <PAR_VALUE>1000000</PAR_VALUE>
    <OFFER_PRICEP>99.4928</OFFER_PRICEP>
    <OFFER_PRICE_AMT>4974640</OFFER_PRICE_AMT>
    <INITIAL_PRICEP>100</INITIAL_PRICEP>
    <INITIAL_PRICE_AMT>32.57</INITIAL_PRICE_AMT>
    <STRIKE_PRICE1P>100</STRIKE_PRICE1P>
    <STRIKE_PRICE2P>0</STRIKE_PRICE2P>
    <STRIKE_PRICE3P>0</STRIKE_PRICE3P>
    <STRIKE_PRICE4P>0</STRIKE_PRICE4P>
    <STRIKE_PRICE5P>0</STRIKE_PRICE5P>
    <STRIKE_PRICE6P>0</STRIKE_PRICE6P>
    <BARRIER_PRICE1P>0</BARRIER_PRICE1P>
    <BARRIER_PRICE2P>0</BARRIER_PRICE2P>
    <BARRIER_PRICE3P>0</BARRIER_PRICE3P>
    <BARRIER_PRICE4P>0</BARRIER_PRICE4P>
    <BARRIER_PRICE5P>0</BARRIER_PRICE5P>
    <BARRIER_PRICE6P>0</BARRIER_PRICE6P>
    <KK_PRICEP>0</KK_PRICEP>
    <PR1>0</PR1>
    <PR2>0</PR2>
    <MIN_YIELD1P>0</MIN_YIELD1P>
    <MIN_YIELD2P>0</MIN_YIELD2P>
    <MAX_YIELD1P>6</MAX_YIELD1P>
    <MAX_YIELD2P>0</MAX_YIELD2P>
    <REBATE_AMT>0</REBATE_AMT>
    <REBATEP>0</REBATEP>
    <NOTE_CURR>THB</NOTE_CURR>
    <UNDERLYING_CURR>THB</UNDERLYING_CURR>
    <FX_DELIVERY_AMT>30703.1000</FX_DELIVERY_AMT>
    <SURPLUS_CASH>0.00</SURPLUS_CASH>
    <SUB_BEGIN_DATE>03/09/2021</SUB_BEGIN_DATE>
    <SUB_END_DATE>03/09/2021</SUB_END_DATE>
    <TRADE_DATE>03/09/2021</TRADE_DATE>
    <EFFECTIVE_DATE>07/09/2021</EFFECTIVE_DATE>
    <SETTLE_DATE>07/09/2021</SETTLE_DATE>
    <ISSUE_DATE>07/09/2021</ISSUE_DATE>
    <FIXING_DATE>06/10/2021</FIXING_DATE>
    <MATURITY_DATE>08/10/2021</MATURITY_DATE>
    <SETTLE_PERIOD>2</SETTLE_PERIOD>
    <EXCRATE_TRADEDATE>0</EXCRATE_TRADEDATE>
    <CUST_TYPE>15</CUST_TYPE>
    <PAY_TYPE>P</PAY_TYPE>
    <STN_NAME>??????????????????????? ???????????????????????????????????????????? USDTHB ????????? ?????????????????????? ????? (?????)'</STN_NAME>
    <STN_TYPE_DESC>??????????????????????????????????????? ?????? Dual Currency Note ??????????????????????????</STN_TYPE_DESC>
    <STN_RETURN>??????????????????????????????????????????? ????????????????</STN_RETURN>
    <STN_RULE_REDEEM>??????????????????????????????????????????? ?????????????????????????????????????????????????????? ????????????????????????????????????????????????? ???????????????????????????????????????????????????????????????????????????????? 2 ???? ??????
??????? 1 ?????????????????????? ? ??????????????????????????????????????????????????? Strike Price
?????????????????????????????????????????????????????????????????????????????????????????????

??????? 2 ?????????????????????? ? ???????????????????????????????????????????? Strike Price 
?????????????????????????????????????????????????????????????????????????????????????????????????????????????????????????????????????? ?????????????????</STN_RULE_REDEEM>
    <SETTLE_PRICE1>32.58</SETTLE_PRICE1>
    <SETTLE_PRICE2>0</SETTLE_PRICE2>
    <SETTLE_PRICE3>0</SETTLE_PRICE3>
    <SETTLE_PRICE4>0</SETTLE_PRICE4>
    <SETTLE_PRICE5>0</SETTLE_PRICE5>
    <SETTLE_PRICE6>0</SETTLE_PRICE6>
    <SETTLE_DAYS>0</SETTLE_DAYS>
    <SETTLE_FXRATE>0</SETTLE_FXRATE>
    <STN_SEQ>1/2564</STN_SEQ>
    <STN_SEQDATE>20 ?????? 2564</STN_SEQDATE>
    <BANKNAME>?????????????????????? ????? (?????)</BANKNAME>
  </TB_STNCONF>
</NewDataSet>
2021-09-08 21:22:16,951 [4] INFO  KKB.Treasury.TreasuryModel.Model.Model_RPT_SETTLEMENTREPORT [(null)] - -----Model_RPT_SETTLEMENTREPORT Finish-----
2021-09-08 21:24:37,990 [4] INFO  TreasuryShadowSystem.STN.MasterSTN [(null)] - Get Report Settlement
2021-09-08 21:24:38,006 [4] INFO  TreasuryShadowSystem.STN.MasterSTN [(null)] - BindGridReport MasterSTN
2021-09-08 21:24:38,045 [4] INFO  TreasuryShadowSystem.STN.MasterSTN [(null)] - MasterSTN ConvertDataTableToListMaster
2021-09-08 21:24:38,045 [4] INFO  TreasuryShadowSystem.STN.MasterSTN [(null)] - 1
2021-09-08 21:24:38,045 [4] INFO  TreasuryShadowSystem.STN.MasterSTN [(null)] - 2
2021-09-08 21:24:38,045 [4] INFO  TreasuryShadowSystem.STN.MasterSTN [(null)] - 3
2021-09-08 21:24:38,045 [4] INFO  TreasuryShadowSystem.STN.MasterSTN [(null)] - 4
2021-09-08 21:24:38,045 [4] INFO  TreasuryShadowSystem.STN.MasterSTN [(null)] - 5
2021-09-08 21:24:38,045 [4] INFO  TreasuryShadowSystem.STN.MasterSTN [(null)] - 6
2021-09-08 21:24:38,045 [4] INFO  TreasuryShadowSystem.STN.MasterSTN [(null)] - 7
2021-09-08 21:24:38,068 [4] INFO  TreasuryShadowSystem.STN.MasterSTN [(null)] - 8
2021-09-08 21:24:38,068 [4] INFO  TreasuryShadowSystem.STN.MasterSTN [(null)] - 9
2021-09-08 21:24:38,068 [4] INFO  TreasuryShadowSystem.STN.MasterSTN [(null)] - 10
2021-09-08 21:24:38,068 [4] INFO  TreasuryShadowSystem.STN.MasterSTN [(null)] - 11
2021-09-08 21:24:38,068 [4] INFO  TreasuryShadowSystem.STN.MasterSTN [(null)] - 12
2021-09-08 21:24:38,068 [4] INFO  TreasuryShadowSystem.STN.MasterSTN [(null)] - 13
2021-09-08 21:24:38,068 [4] INFO  TreasuryShadowSystem.STN.MasterSTN [(null)] - 14
2021-09-08 21:24:38,068 [4] INFO  TreasuryShadowSystem.STN.MasterSTN [(null)] - 15
2021-09-08 21:24:38,068 [4] INFO  TreasuryShadowSystem.STN.MasterSTN [(null)] - 16
2021-09-08 21:24:38,068 [4] INFO  TreasuryShadowSystem.STN.MasterSTN [(null)] - 17
2021-09-08 21:24:38,068 [4] INFO  TreasuryModel.Data.STNMASTER [(null)] - -----STNNAME Start getSTN-----
2021-09-08 21:24:38,131 [4] INFO  TreasuryModel.Data.STNMASTER [(null)] - -----STNNAME Start getSTN-----
2021-09-08 21:24:38,185 [4] INFO  TreasuryModel.Data.STNMASTER [(null)] - -----STNNAME Start getSTN-----
2021-09-08 21:24:39,264 [4] INFO  TreasuryModel.Data.STNMASTER [(null)] - -----STNNAME Start getSTN-----
2021-09-08 21:24:39,318 [4] INFO  TreasuryModel.Data.STNMASTER [(null)] - -----STNNAME Start getSTN-----
2021-09-08 21:24:39,373 [4] INFO  TreasuryModel.Data.STNMASTER [(null)] - -----STNNAME Start getSTN-----
2021-09-08 21:24:39,435 [4] INFO  TreasuryModel.Data.STNMASTER [(null)] - -----STNNAME Start getSTN-----
2021-09-08 21:24:39,521 [4] INFO  TreasuryModel.Data.STNMASTER [(null)] - -----STNNAME Start getSTN-----
2021-09-08 21:24:39,662 [4] INFO  TreasuryModel.Data.STNMASTER [(null)] - -----STNNAME Start getSTN-----
2021-09-08 21:24:39,740 [4] INFO  TreasuryModel.Data.STNMASTER [(null)] - -----STNNAME Start getSTN-----
2021-09-08 21:24:41,201 [7] INFO  KKB.Treasury.TreasuryModel.Model.Model_RPT_SETTLEMENTREPORT [(null)] - -----Model_RPT_SETTLEMENTREPORT Start-----
2021-09-08 21:24:41,201 [7] INFO  KKB.Treasury.TreasuryModel.Model.Model_RPT_SETTLEMENTREPORT [(null)] - Store Procedure : OPICINF.KKB_SP_TSS_STNCONF
2021-09-08 21:24:43,139 [7] INFO  KKB.Treasury.TreasuryModel.Model.Model_RPT_SETTLEMENTREPORT [(null)] - <NewDataSet>
  <TB_STNCONF>
    <STNID>682</STNID>
    <ACTION>New Trade</ACTION>
    <CURR_DATE>03/09/2021</CURR_DATE>
    <ORDER_NO>2021500151</ORDER_NO>
    <ACCT_NO>20797832</ACCT_NO>
    <SYMBOL>KKDUALP21O08W</SYMBOL>
    <KKSYMBOL>KKP21O08W</KKSYMBOL>
    <UNIT>10</UNIT>
    <AMOUNT>9949280</AMOUNT>
    <FIRST_NAME_EN>BUNCHA</FIRST_NAME_EN>
    <FULLNAME>??? ????? ??????????</FULLNAME>
    <TAXID>3409900654367</TAXID>
    <CUST_BANK_CODE>KK</CUST_BANK_CODE>
    <CUST_BANK_ACCT>00922620001080</CUST_BANK_ACCT>
    <EMAIL>bunchaasia@gmail.com</EMAIL>
    <FC_NAME>Komson Attavivan</FC_NAME>
    <FC_EMAIL>Komson.Atta@kkpfg.com</FC_EMAIL>
    <STN_TYPE>DUAL</STN_TYPE>
    <NOTE_SERIES>140/2564</NOTE_SERIES>
    <UNDERLYING1>USDTHB</UNDERLYING1>
    <STRIKE_PRICE1>32.63</STRIKE_PRICE1>
    <STRIKE_PRICE2>0.00</STRIKE_PRICE2>
    <STRIKE_PRICE3>0.00</STRIKE_PRICE3>
    <STRIKE_PRICE4>0.00</STRIKE_PRICE4>
    <STRIKE_PRICE5>0.00</STRIKE_PRICE5>
    <STRIKE_PRICE6>0.00</STRIKE_PRICE6>
    <BARRIER_PRICE1>0.00</BARRIER_PRICE1>
    <BARRIER_PRICE2>0.00</BARRIER_PRICE2>
    <BARRIER_PRICE3>0.00</BARRIER_PRICE3>
    <BARRIER_PRICE4>0.00</BARRIER_PRICE4>
    <BARRIER_PRICE5>0.00</BARRIER_PRICE5>
    <BARRIER_PRICE6>0.00</BARRIER_PRICE6>
    <KI_PRICE>0</KI_PRICE>
    <PROTECT_LEVELP>0</PROTECT_LEVELP>
    <TTM>31</TTM>
    <TRADING_DAY>0</TRADING_DAY>
    <EXERCISE_TYPE>European</EXERCISE_TYPE>
    <PAR_VALUE>1000000</PAR_VALUE>
    <OFFER_PRICEP>99.4928</OFFER_PRICEP>
    <OFFER_PRICE_AMT>9949280</OFFER_PRICE_AMT>
    <INITIAL_PRICEP>100</INITIAL_PRICEP>
    <INITIAL_PRICE_AMT>32.63</INITIAL_PRICE_AMT>
    <STRIKE_PRICE1P>100</STRIKE_PRICE1P>
    <STRIKE_PRICE2P>0</STRIKE_PRICE2P>
    <STRIKE_PRICE3P>0</STRIKE_PRICE3P>
    <STRIKE_PRICE4P>0</STRIKE_PRICE4P>
    <STRIKE_PRICE5P>0</STRIKE_PRICE5P>
    <STRIKE_PRICE6P>0</STRIKE_PRICE6P>
    <BARRIER_PRICE1P>0</BARRIER_PRICE1P>
    <BARRIER_PRICE2P>0</BARRIER_PRICE2P>
    <BARRIER_PRICE3P>0</BARRIER_PRICE3P>
    <BARRIER_PRICE4P>0</BARRIER_PRICE4P>
    <BARRIER_PRICE5P>0</BARRIER_PRICE5P>
    <BARRIER_PRICE6P>0</BARRIER_PRICE6P>
    <KK_PRICEP>0</KK_PRICEP>
    <PR1>0</PR1>
    <PR2>0</PR2>
    <MIN_YIELD1P>0</MIN_YIELD1P>
    <MIN_YIELD2P>0</MIN_YIELD2P>
    <MAX_YIELD1P>6</MAX_YIELD1P>
    <MAX_YIELD2P>0</MAX_YIELD2P>
    <REBATE_AMT>0</REBATE_AMT>
    <REBATEP>0</REBATEP>
    <NOTE_CURR>THB</NOTE_CURR>
    <UNDERLYING_CURR>THB</UNDERLYING_CURR>
    <FX_DELIVERY_AMT>30646.6400</FX_DELIVERY_AMT>
    <SURPLUS_CASH>0.00</SURPLUS_CASH>
    <SUB_BEGIN_DATE>03/09/2021</SUB_BEGIN_DATE>
    <SUB_END_DATE>03/09/2021</SUB_END_DATE>
    <TRADE_DATE>03/09/2021</TRADE_DATE>
    <EFFECTIVE_DATE>07/09/2021</EFFECTIVE_DATE>
    <SETTLE_DATE>07/09/2021</SETTLE_DATE>
    <ISSUE_DATE>07/09/2021</ISSUE_DATE>
    <FIXING_DATE>06/10/2021</FIXING_DATE>
    <MATURITY_DATE>08/10/2021</MATURITY_DATE>
    <SETTLE_PERIOD>2</SETTLE_PERIOD>
    <EXCRATE_TRADEDATE>0</EXCRATE_TRADEDATE>
    <CUST_TYPE>15</CUST_TYPE>
    <PAY_TYPE>P</PAY_TYPE>
    <STN_NAME>??????????????????????? ???????????????????????????????????????????? USDTHB ????????? ?????????????????????? ????? (?????)'</STN_NAME>
    <STN_TYPE_DESC>??????????????????????????????????????? ?????? Dual Currency Note ??????????????????????????</STN_TYPE_DESC>
    <STN_RETURN>??????????????????????????????????????????? ????????????????</STN_RETURN>
    <STN_RULE_REDEEM>??????????????????????????????????????????? ?????????????????????????????????????????????????????? ????????????????????????????????????????????????? ???????????????????????????????????????????????????????????????????????????????? 2 ???? ??????
??????? 1 ?????????????????????? ? ??????????????????????????????????????????????????? Strike Price
?????????????????????????????????????????????????????????????????????????????????????????????

??????? 2 ?????????????????????? ? ???????????????????????????????????????????? Strike Price 
?????????????????????????????????????????????????????????????????????????????????????????????????????????????????????????????????????? ?????????????????</STN_RULE_REDEEM>
    <SETTLE_PRICE1>32.60</SETTLE_PRICE1>
    <SETTLE_PRICE2>0</SETTLE_PRICE2>
    <SETTLE_PRICE3>0</SETTLE_PRICE3>
    <SETTLE_PRICE4>0</SETTLE_PRICE4>
    <SETTLE_PRICE5>0</SETTLE_PRICE5>
    <SETTLE_PRICE6>0</SETTLE_PRICE6>
    <SETTLE_DAYS>0</SETTLE_DAYS>
    <SETTLE_FXRATE>0</SETTLE_FXRATE>
    <STN_SEQ>1/2564</STN_SEQ>
    <STN_SEQDATE>20 ?????? 2564</STN_SEQDATE>
    <BANKNAME>?????????????????????? ????? (?????)</BANKNAME>
  </TB_STNCONF>
</NewDataSet>
2021-09-08 21:24:43,139 [7] INFO  KKB.Treasury.TreasuryModel.Model.Model_RPT_SETTLEMENTREPORT [(null)] - -----Model_RPT_SETTLEMENTREPORT Finish-----
2021-09-08 23:02:59,039 [4] INFO  TreasuryShadowSystem.STN.MasterSTN [(null)] - BindGridReport MasterSTN
2021-09-08 23:02:59,203 [4] INFO  TreasuryShadowSystem.STN.MasterSTN [(null)] - MasterSTN ConvertDataTableToListMaster
2021-09-08 23:02:59,328 [4] DEBUG TreasuryShadowSystem.STN.MasterSTN [(null)] - Object reference not set to an instance of an object.
2021-09-08 23:03:00,984 [4] INFO  KKB.Treasury.TreasuryModel.Model.Model_RPT_KNOCKOUTREPORT [(null)] - -----Model_RPT_KNOCKOUTREPORT Start-----
2021-09-08 23:03:00,984 [4] INFO  KKB.Treasury.TreasuryModel.Model.Model_RPT_KNOCKOUTREPORT [(null)] - Store Procedure : OPICINF.KKB_SP_TSS_STNCONF
2021-09-08 23:03:04,984 [4] INFO  KKB.Treasury.TreasuryModel.Model.Model_RPT_KNOCKOUTREPORT [(null)] - <NewDataSet>
  <TB_STNCONF>
    <STNID>684</STNID>
    <ACTION>KO</ACTION>
    <CURR_DATE>26/08/2021</CURR_DATE>
    <ORDER_NO>2021500147</ORDER_NO>
    <ACCT_NO>20815082</ACCT_NO>
    <SYMBOL>KKSFINP22228Z</SYMBOL>
    <KKSYMBOL>KKP22228Z</KKSYMBOL>
    <UNIT>290</UNIT>
    <AMOUNT>290000000</AMOUNT>
    <FIRST_NAME_EN>VILLA MARKET JP CO. LTD.</FIRST_NAME_EN>
    <FULLNAME>???. ?????? ???????? ???? </FULLNAME>
    <TAXID>0105531013646</TAXID>
    <CUST_BANK_CODE>KK</CUST_BANK_CODE>
    <CUST_BANK_ACCT>2002042095</CUST_BANK_ACCT>
    <TEL>02-6621000</TEL>
    <EMAIL>Sopit@villamarket.com</EMAIL>
    <FC_NAME>Isarase Loykulnant</FC_NAME>
    <FC_EMAIL>Isarase.Loyk@kkpfg.com</FC_EMAIL>
    <STN_TYPE>SFIN</STN_TYPE>
    <NOTE_SERIES>130/2564</NOTE_SERIES>
    <UNDERLYING1>CPALL</UNDERLYING1>
    <STRIKE_PRICE1>61.12</STRIKE_PRICE1>
    <STRIKE_PRICE2>0.00</STRIKE_PRICE2>
    <STRIKE_PRICE3>0.00</STRIKE_PRICE3>
    <STRIKE_PRICE4>0.00</STRIKE_PRICE4>
    <STRIKE_PRICE5>0.00</STRIKE_PRICE5>
    <STRIKE_PRICE6>0.00</STRIKE_PRICE6>
    <BARRIER_PRICE1>67.23</BARRIER_PRICE1>
    <BARRIER_PRICE2>0.00</BARRIER_PRICE2>
    <BARRIER_PRICE3>0.00</BARRIER_PRICE3>
    <BARRIER_PRICE4>0.00</BARRIER_PRICE4>
    <BARRIER_PRICE5>0.00</BARRIER_PRICE5>
    <BARRIER_PRICE6>0.00</BARRIER_PRICE6>
    <KI_PRICE>0</KI_PRICE>
    <PROTECT_LEVELP>100</PROTECT_LEVELP>
    <TTM>182</TTM>
    <TRADING_DAY>0</TRADING_DAY>
    <EXERCISE_TYPE>European</EXERCISE_TYPE>
    <PAR_VALUE>1000000</PAR_VALUE>
    <OFFER_PRICEP>100</OFFER_PRICEP>
    <OFFER_PRICE_AMT>290000000</OFFER_PRICE_AMT>
    <INITIAL_PRICEP>100</INITIAL_PRICEP>
    <INITIAL_PRICE_AMT>61.12</INITIAL_PRICE_AMT>
    <STRIKE_PRICE1P>100</STRIKE_PRICE1P>
    <STRIKE_PRICE2P>0</STRIKE_PRICE2P>
    <STRIKE_PRICE3P>0</STRIKE_PRICE3P>
    <STRIKE_PRICE4P>0</STRIKE_PRICE4P>
    <STRIKE_PRICE5P>0</STRIKE_PRICE5P>
    <STRIKE_PRICE6P>0</STRIKE_PRICE6P>
    <BARRIER_PRICE1P>110</BARRIER_PRICE1P>
    <BARRIER_PRICE2P>0</BARRIER_PRICE2P>
    <BARRIER_PRICE3P>0</BARRIER_PRICE3P>
    <BARRIER_PRICE4P>0</BARRIER_PRICE4P>
    <BARRIER_PRICE5P>0</BARRIER_PRICE5P>
    <BARRIER_PRICE6P>0</BARRIER_PRICE6P>
    <KK_PRICEP>0</KK_PRICEP>
    <PR1>2.36</PR1>
    <PR2>0</PR2>
    <MIN_YIELD1P>0.55</MIN_YIELD1P>
    <MIN_YIELD2P>0</MIN_YIELD2P>
    <MAX_YIELD1P>1.02</MAX_YIELD1P>
    <MAX_YIELD2P>0</MAX_YIELD2P>
    <REBATE_AMT>0</REBATE_AMT>
    <REBATEP>0</REBATEP>
    <NOTE_CURR>THB</NOTE_CURR>
    <UNDERLYING_CURR>THB</UNDERLYING_CURR>
    <FX_DELIVERY_AMT>0</FX_DELIVERY_AMT>
    <SURPLUS_CASH>0</SURPLUS_CASH>
    <SUB_BEGIN_DATE>26/08/2021</SUB_BEGIN_DATE>
    <SUB_END_DATE>26/08/2021</SUB_END_DATE>
    <TRADE_DATE>26/08/2021</TRADE_DATE>
    <EFFECTIVE_DATE>30/08/2021</EFFECTIVE_DATE>
    <SETTLE_DATE>30/08/2021</SETTLE_DATE>
    <ISSUE_DATE>30/08/2021</ISSUE_DATE>
    <FIXING_DATE>24/02/2022</FIXING_DATE>
    <MATURITY_DATE>28/02/2022</MATURITY_DATE>
    <SETTLE_PERIOD>2</SETTLE_PERIOD>
    <EXCRATE_TRADEDATE>0</EXCRATE_TRADEDATE>
    <EXCHANGE1>SET</EXCHANGE1>
    <CUST_TYPE>1</CUST_TYPE>
    <PAY_TYPE>C</PAY_TYPE>
    <STN_NAME>??????????????????????? ????????????????????????????????????????????????????????</STN_NAME>
    <STN_TYPE_DESC>??????????????????????????????????????? ?????? Shark-Fin Note ??????????????????????????</STN_TYPE_DESC>
    <STN_RETURN>???????????????????????????????????? ??????????????????????? ????????????? Rebate</STN_RETURN>
    <STN_RULE_REDEEM>??????????????????????????????????????????? ??????????????????????????????????????????????????????????????????????????????? (?????) ?????????????????????????????????????????????? ????????????????????????????????????????????????????????????????????? 2 ???? ??????

??????? 1 ? ????????????????????????????????????????????????????????????????????????????????????????????????????? ?????????????????????????????????????????????????????????? (Barrier Price) ? ?????????????????????????? (????????????? Knock-Out) ?????????????????????????????????????? 
(?) ?????????????? ??????????????? x ??????????????????????? ??? 
(?) ??????????????? ??????????????? x Rebate
(?) ?????????????????????? ??????????????????????? × ???????????????????? × (??????????????????????????????/365)

??????? 2 ????????????????? Knock-Out ?????????????????????????????????????????????? ??????
(2.1) ??????????????????? ? ?????????????????????????????????? ??????? Strike Price ??????????????????????????????????????
(?) ????????????????????????????? x ??????????????????????? ???
(?) ??????????????? [??????????????? x ???????????????????????????? x ((???????????????? ? ?????????????????????????????????? - ????????????) / ????????????????? ? ????????????????)] 
(?) ?????????????????????? ??????????????????????? × ???????????????????? × (??????????????????????????????/365)

(2.2) ??????????????????? ? ?????????????????????????????????? ?????????????????? Strike Price ????????????????????????????????????????????????????????????????????????????????????
(?) ????????????????????????????????????? × ???????????????????????
(?) ?????????????????????? ??????????????????????? × ???????????????????? × (??????????????????????????????/365)</STN_RULE_REDEEM>
    <KO_PRICE1>70</KO_PRICE1>
    <KO_PRICE2>0</KO_PRICE2>
    <KO_PRICE3>0</KO_PRICE3>
    <KO_PRICE4>0</KO_PRICE4>
    <KO_PRICE5>0</KO_PRICE5>
    <KO_PRICE6>0</KO_PRICE6>
    <KO_STOCK_TYPE>0</KO_STOCK_TYPE>
    <KO_DATE>03/09/2021</KO_DATE>
    <KO_FXRATE>0</KO_FXRATE>
    <STN_SEQ>1/2564</STN_SEQ>
    <STN_SEQDATE>20 ?????? 2564</STN_SEQDATE>
    <BANKNAME>?????????????????????? ????? (?????)</BANKNAME>
  </TB_STNCONF>
</NewDataSet>
2021-09-08 23:03:04,984 [4] INFO  KKB.Treasury.TreasuryModel.Model.Model_RPT_KNOCKOUTREPORT [(null)] - -----Model_RPT_KNOCKOUTREPORT Finish-----
