2021-08-07 17:58:58,166 [4] INFO  TreasuryShadowSystem.Model.Model_Tb_Menu_Auth [(null)] - Select p.* From (Select l.* From OPICINF.KKB_TB_MS_LOOKUP l, OPICINF.KKB_TB_MS_MENU_AUTH a Where l.ID=a.MENU_ID And l.ENABLED='1' And a.USERGROUP_ID=(SELECT USERGROUP_ID FROM OPICINF.KKB_TB_MS_USERGROUP WHERE USERGROUP_NAME = 'ITProject') UNION Select * From OPICINF.KKB_TB_MS_LOOKUP WHERE ENABLED='1' AND ID IN (Select DISTINCT GROUPID From OPICINF.KKB_TB_MS_LOOKUP l, OPICINF.KKB_TB_MS_MENU_AUTH a Where l.ID=a.MENU_ID And l.ENABLED='1' And a.USERGROUP_ID=(SELECT USERGROUP_ID FROM OPICINF.KKB_TB_MS_USERGROUP WHERE USERGROUP_NAME = 'ITProject')) ) p Order By p.GroupID, p.SEQ 
2021-08-07 17:58:58,289 [4] INFO  TreasuryShadowSystem.Login [(null)] - Login successfull on :07/08/2021 05:58:58
2021-08-07 17:58:58,405 [4] ERROR TreasuryShadowSystem.Login [(null)] - Thread was being aborted.
2021-08-07 17:59:19,462 [4] INFO  TreasuryShadowSystem.Model.Model_Tb_Menu_Auth [(null)] - Select p.* From (Select l.* From OPICINF.KKB_TB_MS_LOOKUP l, OPICINF.KKB_TB_MS_MENU_AUTH a Where l.ID=a.MENU_ID And l.ENABLED='1' And a.USERGROUP_ID=(SELECT USERGROUP_ID FROM OPICINF.KKB_TB_MS_USERGROUP WHERE USERGROUP_NAME = 'ITProject') UNION Select * From OPICINF.KKB_TB_MS_LOOKUP WHERE ENABLED='1' AND ID IN (Select DISTINCT GROUPID From OPICINF.KKB_TB_MS_LOOKUP l, OPICINF.KKB_TB_MS_MENU_AUTH a Where l.ID=a.MENU_ID And l.ENABLED='1' And a.USERGROUP_ID=(SELECT USERGROUP_ID FROM OPICINF.KKB_TB_MS_USERGROUP WHERE USERGROUP_NAME = 'ITProject')) ) p Order By p.GroupID, p.SEQ 
2021-08-07 17:59:19,495 [4] INFO  TreasuryShadowSystem.Login [(null)] - Login successfull on :07/08/2021 05:59:19
2021-08-07 17:59:19,677 [4] ERROR TreasuryShadowSystem.Login [(null)] - Thread was being aborted.
2021-08-07 17:59:49,248 [4] INFO  TreasuryShadowSystem.Model.Model_Tb_Menu_Auth [(null)] - Select p.* From (Select l.* From OPICINF.KKB_TB_MS_LOOKUP l, OPICINF.KKB_TB_MS_MENU_AUTH a Where l.ID=a.MENU_ID And l.ENABLED='1' And a.USERGROUP_ID=(SELECT USERGROUP_ID FROM OPICINF.KKB_TB_MS_USERGROUP WHERE USERGROUP_NAME = 'TSS_BO_WROTE') UNION Select * From OPICINF.KKB_TB_MS_LOOKUP WHERE ENABLED='1' AND ID IN (Select DISTINCT GROUPID From OPICINF.KKB_TB_MS_LOOKUP l, OPICINF.KKB_TB_MS_MENU_AUTH a Where l.ID=a.MENU_ID And l.ENABLED='1' And a.USERGROUP_ID=(SELECT USERGROUP_ID FROM OPICINF.KKB_TB_MS_USERGROUP WHERE USERGROUP_NAME = 'TSS_BO_WROTE')) ) p Order By p.GroupID, p.SEQ 
2021-08-07 17:59:49,395 [4] INFO  TreasuryShadowSystem.Login [(null)] - Login successfull on :07/08/2021 05:59:49
2021-08-07 17:59:49,513 [4] ERROR TreasuryShadowSystem.Login [(null)] - Thread was being aborted.
2021-08-07 18:00:37,651 [4] INFO  TreasuryShadowSystem.Model.Model_Tb_Menu_Auth [(null)] - Select p.* From (Select l.* From OPICINF.KKB_TB_MS_LOOKUP l, OPICINF.KKB_TB_MS_MENU_AUTH a Where l.ID=a.MENU_ID And l.ENABLED='1' And a.USERGROUP_ID=(SELECT USERGROUP_ID FROM OPICINF.KKB_TB_MS_USERGROUP WHERE USERGROUP_NAME = 'TSS_BO_WRITE') UNION Select * From OPICINF.KKB_TB_MS_LOOKUP WHERE ENABLED='1' AND ID IN (Select DISTINCT GROUPID From OPICINF.KKB_TB_MS_LOOKUP l, OPICINF.KKB_TB_MS_MENU_AUTH a Where l.ID=a.MENU_ID And l.ENABLED='1' And a.USERGROUP_ID=(SELECT USERGROUP_ID FROM OPICINF.KKB_TB_MS_USERGROUP WHERE USERGROUP_NAME = 'TSS_BO_WRITE')) ) p Order By p.GroupID, p.SEQ 
2021-08-07 18:00:37,794 [4] INFO  TreasuryShadowSystem.Login [(null)] - Login successfull on :07/08/2021 06:00:37
2021-08-07 18:00:37,921 [4] ERROR TreasuryShadowSystem.Login [(null)] - Thread was being aborted.
2021-08-07 18:05:32,328 [9] INFO  TreasuryShadowSystem.Model.Model_Tb_Menu_Auth [(null)] - Select p.* From (Select l.* From OPICINF.KKB_TB_MS_LOOKUP l, OPICINF.KKB_TB_MS_MENU_AUTH a Where l.ID=a.MENU_ID And l.ENABLED='1' And a.USERGROUP_ID=(SELECT USERGROUP_ID FROM OPICINF.KKB_TB_MS_USERGROUP WHERE USERGROUP_NAME = 'ITProject') UNION Select * From OPICINF.KKB_TB_MS_LOOKUP WHERE ENABLED='1' AND ID IN (Select DISTINCT GROUPID From OPICINF.KKB_TB_MS_LOOKUP l, OPICINF.KKB_TB_MS_MENU_AUTH a Where l.ID=a.MENU_ID And l.ENABLED='1' And a.USERGROUP_ID=(SELECT USERGROUP_ID FROM OPICINF.KKB_TB_MS_USERGROUP WHERE USERGROUP_NAME = 'ITProject')) ) p Order By p.GroupID, p.SEQ 
2021-08-07 18:05:32,539 [9] INFO  TreasuryShadowSystem.Login [(null)] - Login successfull on :07/08/2021 06:05:32
2021-08-07 18:05:32,664 [9] ERROR TreasuryShadowSystem.Login [(null)] - Thread was being aborted.
2021-08-07 18:05:43,211 [8] INFO  TreasuryShadowSystem.STN.MasterSTN [(null)] - BindGridReport MasterSTN
2021-08-07 18:05:43,469 [8] INFO  TreasuryShadowSystem.STN.MasterSTN [(null)] - MasterSTN ConvertDataTableToListMaster
2021-08-07 18:05:43,492 [8] INFO  TreasuryShadowSystem.STN.MasterSTN [(null)] - 1
2021-08-07 18:05:43,500 [8] INFO  TreasuryShadowSystem.STN.MasterSTN [(null)] - 2
2021-08-07 18:05:43,500 [8] INFO  TreasuryShadowSystem.STN.MasterSTN [(null)] - 3
2021-08-07 18:05:43,500 [8] INFO  TreasuryShadowSystem.STN.MasterSTN [(null)] - 4
2021-08-07 18:05:43,500 [8] INFO  TreasuryShadowSystem.STN.MasterSTN [(null)] - 5
2021-08-07 18:05:43,500 [8] INFO  TreasuryShadowSystem.STN.MasterSTN [(null)] - 6
2021-08-07 18:05:43,500 [8] INFO  TreasuryShadowSystem.STN.MasterSTN [(null)] - 7
2021-08-07 18:05:43,570 [8] INFO  TreasuryModel.Data.STNMASTER [(null)] - -----STNNAME Start getSTN-----
2021-08-07 18:05:43,648 [8] INFO  TreasuryModel.Data.STNMASTER [(null)] - -----STNNAME Start getSTN-----
2021-08-07 18:05:43,703 [8] INFO  TreasuryModel.Data.STNMASTER [(null)] - -----STNNAME Start getSTN-----
2021-08-07 18:05:43,742 [8] INFO  TreasuryModel.Data.STNMASTER [(null)] - -----STNNAME Start getSTN-----
2021-08-07 18:05:43,781 [8] INFO  TreasuryModel.Data.STNMASTER [(null)] - -----STNNAME Start getSTN-----
2021-08-07 18:05:43,820 [8] INFO  TreasuryModel.Data.STNMASTER [(null)] - -----STNNAME Start getSTN-----
2021-08-07 18:05:43,852 [8] INFO  TreasuryModel.Data.STNMASTER [(null)] - -----STNNAME Start getSTN-----
2021-08-07 18:05:59,570 [4] INFO  TreasuryShadowSystem.STN.MasterSTN [(null)] - BindGridReport MasterSTN
2021-08-07 18:05:59,613 [4] INFO  TreasuryShadowSystem.STN.MasterSTN [(null)] - MasterSTN ConvertDataTableToListMaster
2021-08-07 18:05:59,971 [4] INFO  TreasuryShadowSystem.STN.MasterSTN [(null)] - 1
2021-08-07 18:05:59,971 [4] INFO  TreasuryShadowSystem.STN.MasterSTN [(null)] - 2
2021-08-07 18:05:59,971 [4] INFO  TreasuryShadowSystem.STN.MasterSTN [(null)] - 3
2021-08-07 18:05:59,971 [4] INFO  TreasuryShadowSystem.STN.MasterSTN [(null)] - 4
2021-08-07 18:05:59,971 [4] INFO  TreasuryShadowSystem.STN.MasterSTN [(null)] - 5
2021-08-07 18:05:59,971 [4] INFO  TreasuryShadowSystem.STN.MasterSTN [(null)] - 6
2021-08-07 18:05:59,971 [4] INFO  TreasuryShadowSystem.STN.MasterSTN [(null)] - 7
2021-08-07 18:05:59,971 [4] INFO  TreasuryModel.Data.STNMASTER [(null)] - -----STNNAME Start getSTN-----
2021-08-07 18:06:00,006 [4] INFO  TreasuryModel.Data.STNMASTER [(null)] - -----STNNAME Start getSTN-----
2021-08-07 18:06:00,027 [4] INFO  TreasuryModel.Data.STNMASTER [(null)] - -----STNNAME Start getSTN-----
2021-08-07 18:06:00,063 [4] INFO  TreasuryModel.Data.STNMASTER [(null)] - -----STNNAME Start getSTN-----
2021-08-07 18:06:00,091 [4] INFO  TreasuryModel.Data.STNMASTER [(null)] - -----STNNAME Start getSTN-----
2021-08-07 18:06:00,119 [4] INFO  TreasuryModel.Data.STNMASTER [(null)] - -----STNNAME Start getSTN-----
2021-08-07 18:06:00,154 [4] INFO  TreasuryModel.Data.STNMASTER [(null)] - -----STNNAME Start getSTN-----
2021-08-07 18:06:13,386 [11] INFO  KKB.Treasury.TreasuryModel.Model.Model_RPT_CONFIRMREPORT [(null)] - -----Model_RPT_CONFIRMREPORT Start-----
2021-08-07 18:06:13,386 [11] INFO  KKB.Treasury.TreasuryModel.Model.Model_RPT_CONFIRMREPORT [(null)] - Store Procedure : OPICINF.KKB_SP_TSS_STNCONF
2021-08-07 18:06:21,630 [11] INFO  KKB.Treasury.TreasuryModel.Model.Model_RPT_CONFIRMREPORT [(null)] - <NewDataSet>
  <TB_STNCONF>
    <STNID>488</STNID>
    <ACTION>New Trade</ACTION>
    <CURR_DATE>11/06/2021</CURR_DATE>
    <ORDER_NO>2021500082</ORDER_NO>
    <ACCT_NO>20129282</ACCT_NO>
    <SYMBOL>KKDRANP21715T</SYMBOL>
    <KKSYMBOL>KKP21715T</KKSYMBOL>
    <UNIT>5</UNIT>
    <AMOUNT>5000000</AMOUNT>
    <FIRST_NAME_EN>BOONKLEE</FIRST_NAME_EN>
    <FULLNAME>??? ?????? ?????????</FULLNAME>
    <TAXID>3101700703319</TAXID>
    <CUST_BANK_CODE>BBL</CUST_BANK_CODE>
    <CUST_BANK_ACCT>1270723438</CUST_BANK_ACCT>
    <TEL>02-9545551</TEL>
    <EMAIL>boonklee@gmail.com</EMAIL>
    <FC_NAME>Suthana Tanpoonkiat</FC_NAME>
    <FC_EMAIL>Suthana.Tanp@kkpfg.com</FC_EMAIL>
    <STN_TYPE>DRAN</STN_TYPE>
    <NOTE_SERIES>106/2564</NOTE_SERIES>
    <UNDERLYING1>PTTGC</UNDERLYING1>
    <STRIKE_PRICE1>54.15</STRIKE_PRICE1>
    <STRIKE_PRICE2>59.85</STRIKE_PRICE2>
    <STRIKE_PRICE3>0.00</STRIKE_PRICE3>
    <STRIKE_PRICE4>0.00</STRIKE_PRICE4>
    <STRIKE_PRICE5>0.00</STRIKE_PRICE5>
    <STRIKE_PRICE6>0.00</STRIKE_PRICE6>
    <BARRIER_PRICE1>0.00</BARRIER_PRICE1>
    <BARRIER_PRICE2>0.00</BARRIER_PRICE2>
    <BARRIER_PRICE3>0.00</BARRIER_PRICE3>
    <BARRIER_PRICE4>0.00</BARRIER_PRICE4>
    <BARRIER_PRICE5>0.00</BARRIER_PRICE5>
    <BARRIER_PRICE6>0.00</BARRIER_PRICE6>
    <KI_PRICE>0</KI_PRICE>
    <PROTECT_LEVELP>100</PROTECT_LEVELP>
    <TTM>30</TTM>
    <TRADING_DAY>24</TRADING_DAY>
    <EXERCISE_TYPE>European</EXERCISE_TYPE>
    <PAR_VALUE>1000000</PAR_VALUE>
    <OFFER_PRICEP>100</OFFER_PRICEP>
    <OFFER_PRICE_AMT>5000000</OFFER_PRICE_AMT>
    <INITIAL_PRICEP>100</INITIAL_PRICEP>
    <INITIAL_PRICE_AMT>57.00</INITIAL_PRICE_AMT>
    <STRIKE_PRICE1P>95</STRIKE_PRICE1P>
    <STRIKE_PRICE2P>105</STRIKE_PRICE2P>
    <STRIKE_PRICE3P>0</STRIKE_PRICE3P>
    <STRIKE_PRICE4P>0</STRIKE_PRICE4P>
    <STRIKE_PRICE5P>0</STRIKE_PRICE5P>
    <STRIKE_PRICE6P>0</STRIKE_PRICE6P>
    <BARRIER_PRICE1P>0</BARRIER_PRICE1P>
    <BARRIER_PRICE2P>0</BARRIER_PRICE2P>
    <BARRIER_PRICE3P>0</BARRIER_PRICE3P>
    <BARRIER_PRICE4P>0</BARRIER_PRICE4P>
    <BARRIER_PRICE5P>0</BARRIER_PRICE5P>
    <BARRIER_PRICE6P>0</BARRIER_PRICE6P>
    <KK_PRICEP>0</KK_PRICEP>
    <PR1>0</PR1>
    <PR2>0</PR2>
    <MIN_YIELD1P>0</MIN_YIELD1P>
    <MIN_YIELD2P>0</MIN_YIELD2P>
    <MAX_YIELD1P>3</MAX_YIELD1P>
    <MAX_YIELD2P>0</MAX_YIELD2P>
    <REBATE_AMT>0</REBATE_AMT>
    <REBATEP>0.25</REBATEP>
    <NOTE_CURR>THB</NOTE_CURR>
    <UNDERLYING_CURR>THB</UNDERLYING_CURR>
    <FX_DELIVERY_AMT>0</FX_DELIVERY_AMT>
    <SURPLUS_CASH>0</SURPLUS_CASH>
    <SUB_BEGIN_DATE>11/06/2021</SUB_BEGIN_DATE>
    <SUB_END_DATE>11/06/2021</SUB_END_DATE>
    <TRADE_DATE>11/06/2021</TRADE_DATE>
    <EFFECTIVE_DATE>15/06/2021</EFFECTIVE_DATE>
    <SETTLE_DATE>15/06/2021</SETTLE_DATE>
    <ISSUE_DATE>15/06/2021</ISSUE_DATE>
    <FIXING_DATE>13/07/2021</FIXING_DATE>
    <MATURITY_DATE>15/07/2021</MATURITY_DATE>
    <SETTLE_PERIOD>2</SETTLE_PERIOD>
    <EXCRATE_TRADEDATE>0</EXCRATE_TRADEDATE>
    <EXCHANGE1>SET</EXCHANGE1>
    <CUST_TYPE>15</CUST_TYPE>
    <PAY_TYPE>C</PAY_TYPE>
    <STN_NAME>??????????????????????? ?????????????????????????????????????????????????????????????? ?????????????????? ?????(?????) ????????? ?????????????????? ????? (?????)</STN_NAME>
    <STN_TYPE_DESC>??????????????????????????????????????? ?????? Daily Range Accrual Note ??????????????????????????</STN_TYPE_DESC>
    <STN_RETURN>???????????????????????????????????? ???????????????????? ??????????????????????? ????????????????</STN_RETURN>
    <STN_RULE_REDEEM>??????????????????????????????????????????????????????????????????????????????????????????????????????? ?????????????????????????????????????????????????????????????????????????? (?????) ??????????????????????????????????????????????????????????????????????????????????????????????????????????????????????????????????????????????????????????????????????????????????????????????????????????
(?) ??????? = ?????????????????????? x ???????????????????????
(?) ???????? = ?????????????????????? x ???????????????????? (Rebate) x (????????????????????????????????????????????????????????????? / ????????????????????????????????????????????)</STN_RULE_REDEEM>
    <STN_SEQ>1/2564</STN_SEQ>
    <STN_SEQDATE>20 ?????? 2564</STN_SEQDATE>
    <BANKNAME>????????????? ????? (?????)</BANKNAME>
  </TB_STNCONF>
</NewDataSet>
2021-08-07 18:06:21,630 [11] INFO  KKB.Treasury.TreasuryModel.Model.Model_RPT_CONFIRMREPORT [(null)] - -----Model_RPT_CONFIRMREPORT Finish-----
2021-08-07 18:06:28,539 [11] INFO  KKB.Treasury.TreasuryModel.Model.Model_RPT_PRICINGREPORT [(null)] - -----Model_RPT_PRICINGREPORT Start-----
2021-08-07 18:06:28,554 [11] INFO  KKB.Treasury.TreasuryModel.Model.Model_RPT_PRICINGREPORT [(null)] - Store Procedure : OPICINF.KKB_SP_TSS_STNCONF
2021-08-07 18:06:29,375 [11] INFO  KKB.Treasury.TreasuryModel.Model.Model_RPT_PRICINGREPORT [(null)] - <NewDataSet>
  <TB_STNCONF>
    <STNID>488</STNID>
    <ACTION>New Trade</ACTION>
    <CURR_DATE>11/06/2021</CURR_DATE>
    <ORDER_NO>2021500082</ORDER_NO>
    <ACCT_NO>20129282</ACCT_NO>
    <SYMBOL>KKDRANP21715T</SYMBOL>
    <KKSYMBOL>KKP21715T</KKSYMBOL>
    <UNIT>5</UNIT>
    <AMOUNT>5000000</AMOUNT>
    <FIRST_NAME_EN>BOONKLEE</FIRST_NAME_EN>
    <FULLNAME>??? ?????? ?????????</FULLNAME>
    <TAXID>3101700703319</TAXID>
    <CUST_BANK_CODE>BBL</CUST_BANK_CODE>
    <CUST_BANK_ACCT>1270723438</CUST_BANK_ACCT>
    <TEL>02-9545551</TEL>
    <EMAIL>boonklee@gmail.com</EMAIL>
    <FC_NAME>Suthana Tanpoonkiat</FC_NAME>
    <FC_EMAIL>Suthana.Tanp@kkpfg.com</FC_EMAIL>
    <STN_TYPE>DRAN</STN_TYPE>
    <NOTE_SERIES>106/2564</NOTE_SERIES>
    <UNDERLYING1>PTTGC</UNDERLYING1>
    <STRIKE_PRICE1>54.15</STRIKE_PRICE1>
    <STRIKE_PRICE2>59.85</STRIKE_PRICE2>
    <STRIKE_PRICE3>0.00</STRIKE_PRICE3>
    <STRIKE_PRICE4>0.00</STRIKE_PRICE4>
    <STRIKE_PRICE5>0.00</STRIKE_PRICE5>
    <STRIKE_PRICE6>0.00</STRIKE_PRICE6>
    <BARRIER_PRICE1>0.00</BARRIER_PRICE1>
    <BARRIER_PRICE2>0.00</BARRIER_PRICE2>
    <BARRIER_PRICE3>0.00</BARRIER_PRICE3>
    <BARRIER_PRICE4>0.00</BARRIER_PRICE4>
    <BARRIER_PRICE5>0.00</BARRIER_PRICE5>
    <BARRIER_PRICE6>0.00</BARRIER_PRICE6>
    <KI_PRICE>0</KI_PRICE>
    <PROTECT_LEVELP>100</PROTECT_LEVELP>
    <TTM>30</TTM>
    <TRADING_DAY>24</TRADING_DAY>
    <EXERCISE_TYPE>European</EXERCISE_TYPE>
    <PAR_VALUE>1000000</PAR_VALUE>
    <OFFER_PRICEP>100</OFFER_PRICEP>
    <OFFER_PRICE_AMT>5000000</OFFER_PRICE_AMT>
    <INITIAL_PRICEP>100</INITIAL_PRICEP>
    <INITIAL_PRICE_AMT>57.00</INITIAL_PRICE_AMT>
    <STRIKE_PRICE1P>95</STRIKE_PRICE1P>
    <STRIKE_PRICE2P>105</STRIKE_PRICE2P>
    <STRIKE_PRICE3P>0</STRIKE_PRICE3P>
    <STRIKE_PRICE4P>0</STRIKE_PRICE4P>
    <STRIKE_PRICE5P>0</STRIKE_PRICE5P>
    <STRIKE_PRICE6P>0</STRIKE_PRICE6P>
    <BARRIER_PRICE1P>0</BARRIER_PRICE1P>
    <BARRIER_PRICE2P>0</BARRIER_PRICE2P>
    <BARRIER_PRICE3P>0</BARRIER_PRICE3P>
    <BARRIER_PRICE4P>0</BARRIER_PRICE4P>
    <BARRIER_PRICE5P>0</BARRIER_PRICE5P>
    <BARRIER_PRICE6P>0</BARRIER_PRICE6P>
    <KK_PRICEP>0</KK_PRICEP>
    <PR1>0</PR1>
    <PR2>0</PR2>
    <MIN_YIELD1P>0</MIN_YIELD1P>
    <MIN_YIELD2P>0</MIN_YIELD2P>
    <MAX_YIELD1P>3</MAX_YIELD1P>
    <MAX_YIELD2P>0</MAX_YIELD2P>
    <REBATE_AMT>0</REBATE_AMT>
    <REBATEP>0.25</REBATEP>
    <NOTE_CURR>THB</NOTE_CURR>
    <UNDERLYING_CURR>THB</UNDERLYING_CURR>
    <FX_DELIVERY_AMT>0</FX_DELIVERY_AMT>
    <SURPLUS_CASH>0</SURPLUS_CASH>
    <SUB_BEGIN_DATE>11/06/2021</SUB_BEGIN_DATE>
    <SUB_END_DATE>11/06/2021</SUB_END_DATE>
    <TRADE_DATE>11/06/2021</TRADE_DATE>
    <EFFECTIVE_DATE>15/06/2021</EFFECTIVE_DATE>
    <SETTLE_DATE>15/06/2021</SETTLE_DATE>
    <ISSUE_DATE>15/06/2021</ISSUE_DATE>
    <FIXING_DATE>13/07/2021</FIXING_DATE>
    <MATURITY_DATE>15/07/2021</MATURITY_DATE>
    <SETTLE_PERIOD>2</SETTLE_PERIOD>
    <EXCRATE_TRADEDATE>0</EXCRATE_TRADEDATE>
    <EXCHANGE1>SET</EXCHANGE1>
    <CUST_TYPE>15</CUST_TYPE>
    <PAY_TYPE>C</PAY_TYPE>
    <STN_NAME>??????????????????????? ?????????????????????????????????????????????????????????????? ?????????????????? ?????(?????) ????????? ?????????????????? ????? (?????)</STN_NAME>
    <STN_TYPE_DESC>??????????????????????????????????????? ?????? Daily Range Accrual Note ??????????????????????????</STN_TYPE_DESC>
    <STN_RETURN>???????????????????????????????????? ???????????????????? ??????????????????????? ????????????????</STN_RETURN>
    <STN_RULE_REDEEM>??????????????????????????????????????????????????????????????????????????????????????????????????????? ?????????????????????????????????????????????????????????????????????????? (?????) ??????????????????????????????????????????????????????????????????????????????????????????????????????????????????????????????????????????????????????????????????????????????????????????????????????????
(?) ??????? = ?????????????????????? x ???????????????????????
(?) ???????? = ?????????????????????? x ???????????????????? (Rebate) x (????????????????????????????????????????????????????????????? / ????????????????????????????????????????????)</STN_RULE_REDEEM>
    <STN_SEQ>1/2564</STN_SEQ>
    <STN_SEQDATE>20 ?????? 2564</STN_SEQDATE>
    <BANKNAME>????????????? ????? (?????)</BANKNAME>
  </TB_STNCONF>
</NewDataSet>
2021-08-07 18:06:29,375 [11] INFO  KKB.Treasury.TreasuryModel.Model.Model_RPT_PRICINGREPORT [(null)] - -----Model_RPT_PRICINGREPORT Finish-----
2021-08-07 18:16:53,197 [4] INFO  TreasuryShadowSystem.Model.Model_Tb_Menu_Auth [(null)] - Select p.* From (Select l.* From OPICINF.KKB_TB_MS_LOOKUP l, OPICINF.KKB_TB_MS_MENU_AUTH a Where l.ID=a.MENU_ID And l.ENABLED='1' And a.USERGROUP_ID=(SELECT USERGROUP_ID FROM OPICINF.KKB_TB_MS_USERGROUP WHERE USERGROUP_NAME = 'ITPROJECT') UNION Select * From OPICINF.KKB_TB_MS_LOOKUP WHERE ENABLED='1' AND ID IN (Select DISTINCT GROUPID From OPICINF.KKB_TB_MS_LOOKUP l, OPICINF.KKB_TB_MS_MENU_AUTH a Where l.ID=a.MENU_ID And l.ENABLED='1' And a.USERGROUP_ID=(SELECT USERGROUP_ID FROM OPICINF.KKB_TB_MS_USERGROUP WHERE USERGROUP_NAME = 'ITPROJECT')) ) p Order By p.GroupID, p.SEQ 
2021-08-07 18:16:53,298 [4] INFO  TreasuryShadowSystem.Login [(null)] - Login successfull on :07/08/2021 06:16:53
2021-08-07 18:16:53,421 [4] ERROR TreasuryShadowSystem.Login [(null)] - Thread was being aborted.
2021-08-07 18:17:17,086 [10] INFO  TreasuryShadowSystem.Model.Model_Tb_Menu_Auth [(null)] - Select p.* From (Select l.* From OPICINF.KKB_TB_MS_LOOKUP l, OPICINF.KKB_TB_MS_MENU_AUTH a Where l.ID=a.MENU_ID And l.ENABLED='1' And a.USERGROUP_ID=(SELECT USERGROUP_ID FROM OPICINF.KKB_TB_MS_USERGROUP WHERE USERGROUP_NAME = 'ITProject') UNION Select * From OPICINF.KKB_TB_MS_LOOKUP WHERE ENABLED='1' AND ID IN (Select DISTINCT GROUPID From OPICINF.KKB_TB_MS_LOOKUP l, OPICINF.KKB_TB_MS_MENU_AUTH a Where l.ID=a.MENU_ID And l.ENABLED='1' And a.USERGROUP_ID=(SELECT USERGROUP_ID FROM OPICINF.KKB_TB_MS_USERGROUP WHERE USERGROUP_NAME = 'ITProject')) ) p Order By p.GroupID, p.SEQ 
2021-08-07 18:17:17,212 [10] INFO  TreasuryShadowSystem.Login [(null)] - Login successfull on :07/08/2021 06:17:17
2021-08-07 18:17:17,338 [10] ERROR TreasuryShadowSystem.Login [(null)] - Thread was being aborted.
2021-08-07 18:17:25,833 [10] INFO  TreasuryShadowSystem.STN.MasterSTN [(null)] - BindGridReport MasterSTN
2021-08-07 18:17:26,060 [10] INFO  TreasuryShadowSystem.STN.MasterSTN [(null)] - MasterSTN ConvertDataTableToListMaster
2021-08-07 18:17:26,060 [10] INFO  TreasuryShadowSystem.STN.MasterSTN [(null)] - 1
2021-08-07 18:17:26,068 [10] INFO  TreasuryShadowSystem.STN.MasterSTN [(null)] - 2
2021-08-07 18:17:26,068 [10] INFO  TreasuryShadowSystem.STN.MasterSTN [(null)] - 3
2021-08-07 18:17:26,068 [10] INFO  TreasuryShadowSystem.STN.MasterSTN [(null)] - 4
2021-08-07 18:17:26,068 [10] INFO  TreasuryShadowSystem.STN.MasterSTN [(null)] - 5
2021-08-07 18:17:26,068 [10] INFO  TreasuryShadowSystem.STN.MasterSTN [(null)] - 6
2021-08-07 18:17:26,068 [10] INFO  TreasuryShadowSystem.STN.MasterSTN [(null)] - 7
2021-08-07 18:17:26,121 [10] INFO  TreasuryModel.Data.STNMASTER [(null)] - -----STNNAME Start getSTN-----
2021-08-07 18:17:26,197 [10] INFO  TreasuryModel.Data.STNMASTER [(null)] - -----STNNAME Start getSTN-----
2021-08-07 18:17:26,234 [10] INFO  TreasuryModel.Data.STNMASTER [(null)] - -----STNNAME Start getSTN-----
2021-08-07 18:17:26,257 [10] INFO  TreasuryModel.Data.STNMASTER [(null)] - -----STNNAME Start getSTN-----
2021-08-07 18:17:26,295 [10] INFO  TreasuryModel.Data.STNMASTER [(null)] - -----STNNAME Start getSTN-----
2021-08-07 18:17:26,318 [10] INFO  TreasuryModel.Data.STNMASTER [(null)] - -----STNNAME Start getSTN-----
2021-08-07 18:17:26,348 [10] INFO  TreasuryModel.Data.STNMASTER [(null)] - -----STNNAME Start getSTN-----
2021-08-07 18:17:31,298 [10] INFO  TreasuryShadowSystem.STN.MasterSTN [(null)] - BindGridReport MasterSTN
2021-08-07 18:17:31,336 [10] INFO  TreasuryShadowSystem.STN.MasterSTN [(null)] - MasterSTN ConvertDataTableToListMaster
2021-08-07 18:17:31,336 [10] INFO  TreasuryShadowSystem.STN.MasterSTN [(null)] - 1
2021-08-07 18:17:31,336 [10] INFO  TreasuryShadowSystem.STN.MasterSTN [(null)] - 2
2021-08-07 18:17:31,336 [10] INFO  TreasuryShadowSystem.STN.MasterSTN [(null)] - 3
2021-08-07 18:17:31,336 [10] INFO  TreasuryShadowSystem.STN.MasterSTN [(null)] - 4
2021-08-07 18:17:31,336 [10] INFO  TreasuryShadowSystem.STN.MasterSTN [(null)] - 5
2021-08-07 18:17:31,336 [10] INFO  TreasuryShadowSystem.STN.MasterSTN [(null)] - 6
2021-08-07 18:17:31,344 [10] INFO  TreasuryShadowSystem.STN.MasterSTN [(null)] - 7
2021-08-07 18:17:31,344 [10] INFO  TreasuryModel.Data.STNMASTER [(null)] - -----STNNAME Start getSTN-----
2021-08-07 18:17:31,367 [10] INFO  TreasuryModel.Data.STNMASTER [(null)] - -----STNNAME Start getSTN-----
2021-08-07 18:17:31,389 [10] INFO  TreasuryModel.Data.STNMASTER [(null)] - -----STNNAME Start getSTN-----
2021-08-07 18:17:31,412 [10] INFO  TreasuryModel.Data.STNMASTER [(null)] - -----STNNAME Start getSTN-----
2021-08-07 18:17:31,435 [10] INFO  TreasuryModel.Data.STNMASTER [(null)] - -----STNNAME Start getSTN-----
2021-08-07 18:17:31,458 [10] INFO  TreasuryModel.Data.STNMASTER [(null)] - -----STNNAME Start getSTN-----
2021-08-07 18:17:31,488 [10] INFO  TreasuryModel.Data.STNMASTER [(null)] - -----STNNAME Start getSTN-----
2021-08-07 18:17:36,339 [10] INFO  KKB.Treasury.TreasuryModel.Model.Model_RPT_CONFIRMREPORT [(null)] - -----Model_RPT_CONFIRMREPORT Start-----
2021-08-07 18:17:36,339 [10] INFO  KKB.Treasury.TreasuryModel.Model.Model_RPT_CONFIRMREPORT [(null)] - Store Procedure : OPICINF.KKB_SP_TSS_STNCONF
2021-08-07 18:17:41,231 [10] INFO  KKB.Treasury.TreasuryModel.Model.Model_RPT_CONFIRMREPORT [(null)] - <NewDataSet>
  <TB_STNCONF>
    <STNID>488</STNID>
    <ACTION>New Trade</ACTION>
    <CURR_DATE>11/06/2021</CURR_DATE>
    <ORDER_NO>2021500082</ORDER_NO>
    <ACCT_NO>20129282</ACCT_NO>
    <SYMBOL>KKDRANP21715T</SYMBOL>
    <KKSYMBOL>KKP21715T</KKSYMBOL>
    <UNIT>5</UNIT>
    <AMOUNT>5000000</AMOUNT>
    <FIRST_NAME_EN>BOONKLEE</FIRST_NAME_EN>
    <FULLNAME>??? ?????? ?????????</FULLNAME>
    <TAXID>3101700703319</TAXID>
    <CUST_BANK_CODE>BBL</CUST_BANK_CODE>
    <CUST_BANK_ACCT>1270723438</CUST_BANK_ACCT>
    <TEL>02-9545551</TEL>
    <EMAIL>boonklee@gmail.com</EMAIL>
    <FC_NAME>Suthana Tanpoonkiat</FC_NAME>
    <FC_EMAIL>Suthana.Tanp@kkpfg.com</FC_EMAIL>
    <STN_TYPE>DRAN</STN_TYPE>
    <NOTE_SERIES>106/2564</NOTE_SERIES>
    <UNDERLYING1>PTTGC</UNDERLYING1>
    <STRIKE_PRICE1>54.15</STRIKE_PRICE1>
    <STRIKE_PRICE2>59.85</STRIKE_PRICE2>
    <STRIKE_PRICE3>0.00</STRIKE_PRICE3>
    <STRIKE_PRICE4>0.00</STRIKE_PRICE4>
    <STRIKE_PRICE5>0.00</STRIKE_PRICE5>
    <STRIKE_PRICE6>0.00</STRIKE_PRICE6>
    <BARRIER_PRICE1>0.00</BARRIER_PRICE1>
    <BARRIER_PRICE2>0.00</BARRIER_PRICE2>
    <BARRIER_PRICE3>0.00</BARRIER_PRICE3>
    <BARRIER_PRICE4>0.00</BARRIER_PRICE4>
    <BARRIER_PRICE5>0.00</BARRIER_PRICE5>
    <BARRIER_PRICE6>0.00</BARRIER_PRICE6>
    <KI_PRICE>0</KI_PRICE>
    <PROTECT_LEVELP>100</PROTECT_LEVELP>
    <TTM>30</TTM>
    <TRADING_DAY>24</TRADING_DAY>
    <EXERCISE_TYPE>European</EXERCISE_TYPE>
    <PAR_VALUE>1000000</PAR_VALUE>
    <OFFER_PRICEP>100</OFFER_PRICEP>
    <OFFER_PRICE_AMT>5000000</OFFER_PRICE_AMT>
    <INITIAL_PRICEP>100</INITIAL_PRICEP>
    <INITIAL_PRICE_AMT>57.00</INITIAL_PRICE_AMT>
    <STRIKE_PRICE1P>95</STRIKE_PRICE1P>
    <STRIKE_PRICE2P>105</STRIKE_PRICE2P>
    <STRIKE_PRICE3P>0</STRIKE_PRICE3P>
    <STRIKE_PRICE4P>0</STRIKE_PRICE4P>
    <STRIKE_PRICE5P>0</STRIKE_PRICE5P>
    <STRIKE_PRICE6P>0</STRIKE_PRICE6P>
    <BARRIER_PRICE1P>0</BARRIER_PRICE1P>
    <BARRIER_PRICE2P>0</BARRIER_PRICE2P>
    <BARRIER_PRICE3P>0</BARRIER_PRICE3P>
    <BARRIER_PRICE4P>0</BARRIER_PRICE4P>
    <BARRIER_PRICE5P>0</BARRIER_PRICE5P>
    <BARRIER_PRICE6P>0</BARRIER_PRICE6P>
    <KK_PRICEP>0</KK_PRICEP>
    <PR1>0</PR1>
    <PR2>0</PR2>
    <MIN_YIELD1P>0</MIN_YIELD1P>
    <MIN_YIELD2P>0</MIN_YIELD2P>
    <MAX_YIELD1P>3</MAX_YIELD1P>
    <MAX_YIELD2P>0</MAX_YIELD2P>
    <REBATE_AMT>0</REBATE_AMT>
    <REBATEP>0.25</REBATEP>
    <NOTE_CURR>THB</NOTE_CURR>
    <UNDERLYING_CURR>THB</UNDERLYING_CURR>
    <FX_DELIVERY_AMT>0</FX_DELIVERY_AMT>
    <SURPLUS_CASH>0</SURPLUS_CASH>
    <SUB_BEGIN_DATE>11/06/2021</SUB_BEGIN_DATE>
    <SUB_END_DATE>11/06/2021</SUB_END_DATE>
    <TRADE_DATE>11/06/2021</TRADE_DATE>
    <EFFECTIVE_DATE>15/06/2021</EFFECTIVE_DATE>
    <SETTLE_DATE>15/06/2021</SETTLE_DATE>
    <ISSUE_DATE>15/06/2021</ISSUE_DATE>
    <FIXING_DATE>13/07/2021</FIXING_DATE>
    <MATURITY_DATE>15/07/2021</MATURITY_DATE>
    <SETTLE_PERIOD>2</SETTLE_PERIOD>
    <EXCRATE_TRADEDATE>0</EXCRATE_TRADEDATE>
    <EXCHANGE1>SET</EXCHANGE1>
    <CUST_TYPE>15</CUST_TYPE>
    <PAY_TYPE>C</PAY_TYPE>
    <STN_NAME>??????????????????????? ?????????????????????????????????????????????????????????????? ?????????????????? ?????(?????) ????????? ?????????????????? ????? (?????)</STN_NAME>
    <STN_TYPE_DESC>??????????????????????????????????????? ?????? Daily Range Accrual Note ??????????????????????????</STN_TYPE_DESC>
    <STN_RETURN>???????????????????????????????????? ???????????????????? ??????????????????????? ????????????????</STN_RETURN>
    <STN_RULE_REDEEM>??????????????????????????????????????????????????????????????????????????????????????????????????????? ?????????????????????????????????????????????????????????????????????????? (?????) ??????????????????????????????????????????????????????????????????????????????????????????????????????????????????????????????????????????????????????????????????????????????????????????????????????????
(?) ??????? = ?????????????????????? x ???????????????????????
(?) ???????? = ?????????????????????? x ???????????????????? (Rebate) x (????????????????????????????????????????????????????????????? / ????????????????????????????????????????????)</STN_RULE_REDEEM>
    <STN_SEQ>1/2564</STN_SEQ>
    <STN_SEQDATE>20 ?????? 2564</STN_SEQDATE>
    <BANKNAME>????????????? ????? (?????)</BANKNAME>
  </TB_STNCONF>
</NewDataSet>
2021-08-07 18:17:41,245 [10] INFO  KKB.Treasury.TreasuryModel.Model.Model_RPT_CONFIRMREPORT [(null)] - -----Model_RPT_CONFIRMREPORT Finish-----
2021-08-07 18:17:55,727 [10] INFO  KKB.Treasury.TreasuryModel.Model.Model_RPT_PRICINGREPORT [(null)] - -----Model_RPT_PRICINGREPORT Start-----
2021-08-07 18:17:55,752 [10] INFO  KKB.Treasury.TreasuryModel.Model.Model_RPT_PRICINGREPORT [(null)] - Store Procedure : OPICINF.KKB_SP_TSS_STNCONF
2021-08-07 18:17:56,321 [10] INFO  KKB.Treasury.TreasuryModel.Model.Model_RPT_PRICINGREPORT [(null)] - <NewDataSet>
  <TB_STNCONF>
    <STNID>488</STNID>
    <ACTION>New Trade</ACTION>
    <CURR_DATE>11/06/2021</CURR_DATE>
    <ORDER_NO>2021500082</ORDER_NO>
    <ACCT_NO>20129282</ACCT_NO>
    <SYMBOL>KKDRANP21715T</SYMBOL>
    <KKSYMBOL>KKP21715T</KKSYMBOL>
    <UNIT>5</UNIT>
    <AMOUNT>5000000</AMOUNT>
    <FIRST_NAME_EN>BOONKLEE</FIRST_NAME_EN>
    <FULLNAME>??? ?????? ?????????</FULLNAME>
    <TAXID>3101700703319</TAXID>
    <CUST_BANK_CODE>BBL</CUST_BANK_CODE>
    <CUST_BANK_ACCT>1270723438</CUST_BANK_ACCT>
    <TEL>02-9545551</TEL>
    <EMAIL>boonklee@gmail.com</EMAIL>
    <FC_NAME>Suthana Tanpoonkiat</FC_NAME>
    <FC_EMAIL>Suthana.Tanp@kkpfg.com</FC_EMAIL>
    <STN_TYPE>DRAN</STN_TYPE>
    <NOTE_SERIES>106/2564</NOTE_SERIES>
    <UNDERLYING1>PTTGC</UNDERLYING1>
    <STRIKE_PRICE1>54.15</STRIKE_PRICE1>
    <STRIKE_PRICE2>59.85</STRIKE_PRICE2>
    <STRIKE_PRICE3>0.00</STRIKE_PRICE3>
    <STRIKE_PRICE4>0.00</STRIKE_PRICE4>
    <STRIKE_PRICE5>0.00</STRIKE_PRICE5>
    <STRIKE_PRICE6>0.00</STRIKE_PRICE6>
    <BARRIER_PRICE1>0.00</BARRIER_PRICE1>
    <BARRIER_PRICE2>0.00</BARRIER_PRICE2>
    <BARRIER_PRICE3>0.00</BARRIER_PRICE3>
    <BARRIER_PRICE4>0.00</BARRIER_PRICE4>
    <BARRIER_PRICE5>0.00</BARRIER_PRICE5>
    <BARRIER_PRICE6>0.00</BARRIER_PRICE6>
    <KI_PRICE>0</KI_PRICE>
    <PROTECT_LEVELP>100</PROTECT_LEVELP>
    <TTM>30</TTM>
    <TRADING_DAY>24</TRADING_DAY>
    <EXERCISE_TYPE>European</EXERCISE_TYPE>
    <PAR_VALUE>1000000</PAR_VALUE>
    <OFFER_PRICEP>100</OFFER_PRICEP>
    <OFFER_PRICE_AMT>5000000</OFFER_PRICE_AMT>
    <INITIAL_PRICEP>100</INITIAL_PRICEP>
    <INITIAL_PRICE_AMT>57.00</INITIAL_PRICE_AMT>
    <STRIKE_PRICE1P>95</STRIKE_PRICE1P>
    <STRIKE_PRICE2P>105</STRIKE_PRICE2P>
    <STRIKE_PRICE3P>0</STRIKE_PRICE3P>
    <STRIKE_PRICE4P>0</STRIKE_PRICE4P>
    <STRIKE_PRICE5P>0</STRIKE_PRICE5P>
    <STRIKE_PRICE6P>0</STRIKE_PRICE6P>
    <BARRIER_PRICE1P>0</BARRIER_PRICE1P>
    <BARRIER_PRICE2P>0</BARRIER_PRICE2P>
    <BARRIER_PRICE3P>0</BARRIER_PRICE3P>
    <BARRIER_PRICE4P>0</BARRIER_PRICE4P>
    <BARRIER_PRICE5P>0</BARRIER_PRICE5P>
    <BARRIER_PRICE6P>0</BARRIER_PRICE6P>
    <KK_PRICEP>0</KK_PRICEP>
    <PR1>0</PR1>
    <PR2>0</PR2>
    <MIN_YIELD1P>0</MIN_YIELD1P>
    <MIN_YIELD2P>0</MIN_YIELD2P>
    <MAX_YIELD1P>3</MAX_YIELD1P>
    <MAX_YIELD2P>0</MAX_YIELD2P>
    <REBATE_AMT>0</REBATE_AMT>
    <REBATEP>0.25</REBATEP>
    <NOTE_CURR>THB</NOTE_CURR>
    <UNDERLYING_CURR>THB</UNDERLYING_CURR>
    <FX_DELIVERY_AMT>0</FX_DELIVERY_AMT>
    <SURPLUS_CASH>0</SURPLUS_CASH>
    <SUB_BEGIN_DATE>11/06/2021</SUB_BEGIN_DATE>
    <SUB_END_DATE>11/06/2021</SUB_END_DATE>
    <TRADE_DATE>11/06/2021</TRADE_DATE>
    <EFFECTIVE_DATE>15/06/2021</EFFECTIVE_DATE>
    <SETTLE_DATE>15/06/2021</SETTLE_DATE>
    <ISSUE_DATE>15/06/2021</ISSUE_DATE>
    <FIXING_DATE>13/07/2021</FIXING_DATE>
    <MATURITY_DATE>15/07/2021</MATURITY_DATE>
    <SETTLE_PERIOD>2</SETTLE_PERIOD>
    <EXCRATE_TRADEDATE>0</EXCRATE_TRADEDATE>
    <EXCHANGE1>SET</EXCHANGE1>
    <CUST_TYPE>15</CUST_TYPE>
    <PAY_TYPE>C</PAY_TYPE>
    <STN_NAME>??????????????????????? ?????????????????????????????????????????????????????????????? ?????????????????? ?????(?????) ????????? ?????????????????? ????? (?????)</STN_NAME>
    <STN_TYPE_DESC>??????????????????????????????????????? ?????? Daily Range Accrual Note ??????????????????????????</STN_TYPE_DESC>
    <STN_RETURN>???????????????????????????????????? ???????????????????? ??????????????????????? ????????????????</STN_RETURN>
    <STN_RULE_REDEEM>??????????????????????????????????????????????????????????????????????????????????????????????????????? ?????????????????????????????????????????????????????????????????????????? (?????) ??????????????????????????????????????????????????????????????????????????????????????????????????????????????????????????????????????????????????????????????????????????????????????????????????????????
(?) ??????? = ?????????????????????? x ???????????????????????
(?) ???????? = ?????????????????????? x ???????????????????? (Rebate) x (????????????????????????????????????????????????????????????? / ????????????????????????????????????????????)</STN_RULE_REDEEM>
    <STN_SEQ>1/2564</STN_SEQ>
    <STN_SEQDATE>20 ?????? 2564</STN_SEQDATE>
    <BANKNAME>????????????? ????? (?????)</BANKNAME>
  </TB_STNCONF>
</NewDataSet>
2021-08-07 18:17:56,321 [10] INFO  KKB.Treasury.TreasuryModel.Model.Model_RPT_PRICINGREPORT [(null)] - -----Model_RPT_PRICINGREPORT Finish-----
2021-08-07 18:19:27,735 [10] INFO  TreasuryShadowSystem.STN.MasterSTN [(null)] - BindGridReport MasterSTN
2021-08-07 18:19:27,778 [10] INFO  TreasuryShadowSystem.STN.MasterSTN [(null)] - MasterSTN ConvertDataTableToListMaster
2021-08-07 18:19:27,778 [10] INFO  TreasuryShadowSystem.STN.MasterSTN [(null)] - 1
2021-08-07 18:19:27,778 [10] INFO  TreasuryShadowSystem.STN.MasterSTN [(null)] - 2
2021-08-07 18:19:27,778 [10] INFO  TreasuryShadowSystem.STN.MasterSTN [(null)] - 3
2021-08-07 18:19:27,778 [10] INFO  TreasuryShadowSystem.STN.MasterSTN [(null)] - 4
2021-08-07 18:19:27,778 [10] INFO  TreasuryShadowSystem.STN.MasterSTN [(null)] - 5
2021-08-07 18:19:27,778 [10] INFO  TreasuryShadowSystem.STN.MasterSTN [(null)] - 6
2021-08-07 18:19:27,778 [10] INFO  TreasuryShadowSystem.STN.MasterSTN [(null)] - 7
2021-08-07 18:19:27,778 [10] INFO  TreasuryModel.Data.STNMASTER [(null)] - -----STNNAME Start getSTN-----
2021-08-07 18:19:27,835 [10] INFO  TreasuryModel.Data.STNMASTER [(null)] - -----STNNAME Start getSTN-----
2021-08-07 18:19:27,864 [10] INFO  TreasuryModel.Data.STNMASTER [(null)] - -----STNNAME Start getSTN-----
2021-08-07 18:19:27,885 [10] INFO  TreasuryModel.Data.STNMASTER [(null)] - -----STNNAME Start getSTN-----
2021-08-07 18:19:27,914 [10] INFO  TreasuryModel.Data.STNMASTER [(null)] - -----STNNAME Start getSTN-----
2021-08-07 18:19:27,942 [10] INFO  TreasuryModel.Data.STNMASTER [(null)] - -----STNNAME Start getSTN-----
2021-08-07 18:19:27,971 [10] INFO  TreasuryModel.Data.STNMASTER [(null)] - -----STNNAME Start getSTN-----
2021-08-07 18:19:28,499 [4] INFO  KKB.Treasury.TreasuryModel.Model.Model_RPT_PRICINGREPORT [(null)] - -----Model_RPT_PRICINGREPORT Start-----
2021-08-07 18:19:28,499 [4] INFO  KKB.Treasury.TreasuryModel.Model.Model_RPT_PRICINGREPORT [(null)] - Store Procedure : OPICINF.KKB_SP_TSS_STNCONF
2021-08-07 18:19:28,870 [4] INFO  KKB.Treasury.TreasuryModel.Model.Model_RPT_PRICINGREPORT [(null)] - <NewDataSet>
  <TB_STNCONF>
    <STNID>482</STNID>
    <ACTION>New Trade</ACTION>
    <CURR_DATE>11/06/2021</CURR_DATE>
    <ORDER_NO>2021500076</ORDER_NO>
    <ACCT_NO>20829112</ACCT_NO>
    <SYMBOL>KKBODNP21715Z</SYMBOL>
    <KKSYMBOL>KKP21715Z</KKSYMBOL>
    <UNIT>5</UNIT>
    <AMOUNT>5000000</AMOUNT>
    <FIRST_NAME_EN>SOMBATH</FIRST_NAME_EN>
    <FULLNAME>??? ?????? ?????????</FULLNAME>
    <TAXID>3101200761611</TAXID>
    <CUST_BANK_CODE>KK</CUST_BANK_CODE>
    <CUST_BANK_ACCT>00922620014234</CUST_BANK_ACCT>
    <TEL>02-2853265</TEL>
    <EMAIL>siriwan_do@yahoo.com</EMAIL>
    <FC_NAME>Yupaporn Sirichainarumitr</FC_NAME>
    <FC_EMAIL>Yupaporn.Siri@kkpfg.com</FC_EMAIL>
    <STN_TYPE>BODN</STN_TYPE>
    <NOTE_SERIES>100/2564</NOTE_SERIES>
    <UNDERLYING1>PTT</UNDERLYING1>
    <UNDERLYING2>PTTGC</UNDERLYING2>
    <STRIKE_PRICE1>39.00|57.00</STRIKE_PRICE1>
    <STRIKE_PRICE2>0.00|0.00</STRIKE_PRICE2>
    <STRIKE_PRICE3>0.00|0.00</STRIKE_PRICE3>
    <STRIKE_PRICE4>0.00|0.00</STRIKE_PRICE4>
    <STRIKE_PRICE5>0.00|0.00</STRIKE_PRICE5>
    <STRIKE_PRICE6>0.00|0.00</STRIKE_PRICE6>
    <BARRIER_PRICE1>0.00|0.00</BARRIER_PRICE1>
    <BARRIER_PRICE2>0.00|0.00</BARRIER_PRICE2>
    <BARRIER_PRICE3>0.00|0.00</BARRIER_PRICE3>
    <BARRIER_PRICE4>0.00|0.00</BARRIER_PRICE4>
    <BARRIER_PRICE5>0.00|0.00</BARRIER_PRICE5>
    <BARRIER_PRICE6>0.00|0.00</BARRIER_PRICE6>
    <KI_PRICE>0</KI_PRICE>
    <PROTECT_LEVELP>100</PROTECT_LEVELP>
    <TTM>30</TTM>
    <TRADING_DAY>0</TRADING_DAY>
    <EXERCISE_TYPE>European</EXERCISE_TYPE>
    <PAR_VALUE>1000000</PAR_VALUE>
    <OFFER_PRICEP>100</OFFER_PRICEP>
    <OFFER_PRICE_AMT>5000000</OFFER_PRICE_AMT>
    <INITIAL_PRICEP>100</INITIAL_PRICEP>
    <INITIAL_PRICE_AMT>39.00|57.00</INITIAL_PRICE_AMT>
    <STRIKE_PRICE1P>100</STRIKE_PRICE1P>
    <STRIKE_PRICE2P>0</STRIKE_PRICE2P>
    <STRIKE_PRICE3P>0</STRIKE_PRICE3P>
    <STRIKE_PRICE4P>0</STRIKE_PRICE4P>
    <STRIKE_PRICE5P>0</STRIKE_PRICE5P>
    <STRIKE_PRICE6P>0</STRIKE_PRICE6P>
    <BARRIER_PRICE1P>0</BARRIER_PRICE1P>
    <BARRIER_PRICE2P>0</BARRIER_PRICE2P>
    <BARRIER_PRICE3P>0</BARRIER_PRICE3P>
    <BARRIER_PRICE4P>0</BARRIER_PRICE4P>
    <BARRIER_PRICE5P>0</BARRIER_PRICE5P>
    <BARRIER_PRICE6P>0</BARRIER_PRICE6P>
    <KK_PRICEP>0</KK_PRICEP>
    <PR1>0</PR1>
    <PR2>0</PR2>
    <MIN_YIELD1P>0</MIN_YIELD1P>
    <MIN_YIELD2P>0</MIN_YIELD2P>
    <MAX_YIELD1P>3.04</MAX_YIELD1P>
    <MAX_YIELD2P>0</MAX_YIELD2P>
    <REBATE_AMT>0</REBATE_AMT>
    <REBATEP>0.25</REBATEP>
    <NOTE_CURR>THB</NOTE_CURR>
    <UNDERLYING_CURR>THB</UNDERLYING_CURR>
    <FX_DELIVERY_AMT>0</FX_DELIVERY_AMT>
    <SURPLUS_CASH>0</SURPLUS_CASH>
    <SUB_BEGIN_DATE>11/06/2021</SUB_BEGIN_DATE>
    <SUB_END_DATE>11/06/2021</SUB_END_DATE>
    <TRADE_DATE>11/06/2021</TRADE_DATE>
    <EFFECTIVE_DATE>15/06/2021</EFFECTIVE_DATE>
    <SETTLE_DATE>15/06/2021</SETTLE_DATE>
    <ISSUE_DATE>15/06/2021</ISSUE_DATE>
    <FIXING_DATE>13/07/2021</FIXING_DATE>
    <MATURITY_DATE>15/07/2021</MATURITY_DATE>
    <SETTLE_PERIOD>2</SETTLE_PERIOD>
    <EXCRATE_TRADEDATE>0</EXCRATE_TRADEDATE>
    <EXCHANGE1>SET</EXCHANGE1>
    <CUST_TYPE>15</CUST_TYPE>
    <PAY_TYPE>C</PAY_TYPE>
    <STN_NAME>??????????????????????? ???????????????????????????????????????????? KTC, OSP, VGI ????????? ?????????????????????? ????? (?????)</STN_NAME>
    <STN_TYPE_DESC>??????????????????????????????????????? ?????? Bonus Digital Note ??????????????????????????</STN_TYPE_DESC>
    <STN_RETURN>???????????????????????????????????? ??????????????????????? ????????????? ??? Rebate</STN_RETURN>
    <STN_RULE_REDEEM>??????????????????????????????????????????? ??????????????????????????????????????????????????????????????????????????????? (?????) ?????????????????????????????????????????????? ????????????????????????????????????????????????????????????????????? 2 ???? ??????
??????? 1 ??????????????????????? ? ?????????????????????????????????? (Fixing Price) ?????????????????????????????? (Strike Price)
(?) ?????????????? ??????????????????????? × ??????????????????????? 
(?) ??????????????? ??????????????????????? × Min Yield × (??????????/365)
(?) ??????????????? ??????????????????????? × Rebate
??????? 2 ???????????????????????????????????????? ? ?????????????????????????????????? (Fixing Price) ??????????????????? (Strike Price)
(?) ?????????????? ??????????????????????? × ??????????????????????? 
(?) ??????????????? ??????????????????????? × Min Yield × (??????????/365)</STN_RULE_REDEEM>
    <STN_SEQ>1/2564</STN_SEQ>
    <STN_SEQDATE>20 ?????? 2564</STN_SEQDATE>
    <BANKNAME>?????????????????????? ????? (?????)</BANKNAME>
  </TB_STNCONF>
  <TB_STNCONF>
    <STNID>483</STNID>
    <ACTION>New Trade</ACTION>
    <CURR_DATE>11/06/2021</CURR_DATE>
    <ORDER_NO>2021500077</ORDER_NO>
    <ACCT_NO>20565702</ACCT_NO>
    <SYMBOL>KKBODNP21715Z</SYMBOL>
    <KKSYMBOL>KKP21715Z</KKSYMBOL>
    <UNIT>5</UNIT>
    <AMOUNT>5000000</AMOUNT>
    <FIRST_NAME_EN>TEERACHAI CORPORATION CO. LTD.</FIRST_NAME_EN>
    <FULLNAME>???. ?????? ???????????? </FULLNAME>
    <TAXID>0105518009797</TAXID>
    <CUST_BANK_CODE>KK</CUST_BANK_CODE>
    <CUST_BANK_ACCT>2001673692</CUST_BANK_ACCT>
    <TEL>02-4258989</TEL>
    <EMAIL>kruavals@gmail.com,nattaya@teerachai.co.th</EMAIL>
    <FC_NAME>Komson Attavivan</FC_NAME>
    <FC_EMAIL>Komson.Atta@kkpfg.com</FC_EMAIL>
    <STN_TYPE>BODN</STN_TYPE>
    <NOTE_SERIES>100/2564</NOTE_SERIES>
    <UNDERLYING1>PTT</UNDERLYING1>
    <UNDERLYING2>PTTGC</UNDERLYING2>
    <STRIKE_PRICE1>39.00|57.00</STRIKE_PRICE1>
    <STRIKE_PRICE2>0.00|0.00</STRIKE_PRICE2>
    <STRIKE_PRICE3>0.00|0.00</STRIKE_PRICE3>
    <STRIKE_PRICE4>0.00|0.00</STRIKE_PRICE4>
    <STRIKE_PRICE5>0.00|0.00</STRIKE_PRICE5>
    <STRIKE_PRICE6>0.00|0.00</STRIKE_PRICE6>
    <BARRIER_PRICE1>0.00|0.00</BARRIER_PRICE1>
    <BARRIER_PRICE2>0.00|0.00</BARRIER_PRICE2>
    <BARRIER_PRICE3>0.00|0.00</BARRIER_PRICE3>
    <BARRIER_PRICE4>0.00|0.00</BARRIER_PRICE4>
    <BARRIER_PRICE5>0.00|0.00</BARRIER_PRICE5>
    <BARRIER_PRICE6>0.00|0.00</BARRIER_PRICE6>
    <KI_PRICE>0</KI_PRICE>
    <PROTECT_LEVELP>100</PROTECT_LEVELP>
    <TTM>30</TTM>
    <TRADING_DAY>0</TRADING_DAY>
    <EXERCISE_TYPE>European</EXERCISE_TYPE>
    <PAR_VALUE>1000000</PAR_VALUE>
    <OFFER_PRICEP>100</OFFER_PRICEP>
    <OFFER_PRICE_AMT>5000000</OFFER_PRICE_AMT>
    <INITIAL_PRICEP>100</INITIAL_PRICEP>
    <INITIAL_PRICE_AMT>39.00|57.00</INITIAL_PRICE_AMT>
    <STRIKE_PRICE1P>100</STRIKE_PRICE1P>
    <STRIKE_PRICE2P>0</STRIKE_PRICE2P>
    <STRIKE_PRICE3P>0</STRIKE_PRICE3P>
    <STRIKE_PRICE4P>0</STRIKE_PRICE4P>
    <STRIKE_PRICE5P>0</STRIKE_PRICE5P>
    <STRIKE_PRICE6P>0</STRIKE_PRICE6P>
    <BARRIER_PRICE1P>0</BARRIER_PRICE1P>
    <BARRIER_PRICE2P>0</BARRIER_PRICE2P>
    <BARRIER_PRICE3P>0</BARRIER_PRICE3P>
    <BARRIER_PRICE4P>0</BARRIER_PRICE4P>
    <BARRIER_PRICE5P>0</BARRIER_PRICE5P>
    <BARRIER_PRICE6P>0</BARRIER_PRICE6P>
    <KK_PRICEP>0</KK_PRICEP>
    <PR1>0</PR1>
    <PR2>0</PR2>
    <MIN_YIELD1P>0</MIN_YIELD1P>
    <MIN_YIELD2P>0</MIN_YIELD2P>
    <MAX_YIELD1P>3.04</MAX_YIELD1P>
    <MAX_YIELD2P>0</MAX_YIELD2P>
    <REBATE_AMT>0</REBATE_AMT>
    <REBATEP>0.25</REBATEP>
    <NOTE_CURR>THB</NOTE_CURR>
    <UNDERLYING_CURR>THB</UNDERLYING_CURR>
    <FX_DELIVERY_AMT>0</FX_DELIVERY_AMT>
    <SURPLUS_CASH>0</SURPLUS_CASH>
    <SUB_BEGIN_DATE>11/06/2021</SUB_BEGIN_DATE>
    <SUB_END_DATE>11/06/2021</SUB_END_DATE>
    <TRADE_DATE>11/06/2021</TRADE_DATE>
    <EFFECTIVE_DATE>15/06/2021</EFFECTIVE_DATE>
    <SETTLE_DATE>15/06/2021</SETTLE_DATE>
    <ISSUE_DATE>15/06/2021</ISSUE_DATE>
    <FIXING_DATE>13/07/2021</FIXING_DATE>
    <MATURITY_DATE>15/07/2021</MATURITY_DATE>
    <SETTLE_PERIOD>2</SETTLE_PERIOD>
    <EXCRATE_TRADEDATE>0</EXCRATE_TRADEDATE>
    <EXCHANGE1>SET</EXCHANGE1>
    <CUST_TYPE>1</CUST_TYPE>
    <PAY_TYPE>C</PAY_TYPE>
    <STN_NAME>??????????????????????? ???????????????????????????????????????????? KTC, OSP, VGI ????????? ?????????????????????? ????? (?????)</STN_NAME>
    <STN_TYPE_DESC>??????????????????????????????????????? ?????? Bonus Digital Note ??????????????????????????</STN_TYPE_DESC>
    <STN_RETURN>???????????????????????????????????? ??????????????????????? ????????????? ??? Rebate</STN_RETURN>
    <STN_RULE_REDEEM>??????????????????????????????????????????? ??????????????????????????????????????????????????????????????????????????????? (?????) ?????????????????????????????????????????????? ????????????????????????????????????????????????????????????????????? 2 ???? ??????
??????? 1 ??????????????????????? ? ?????????????????????????????????? (Fixing Price) ?????????????????????????????? (Strike Price)
(?) ?????????????? ??????????????????????? × ??????????????????????? 
(?) ??????????????? ??????????????????????? × Min Yield × (??????????/365)
(?) ??????????????? ??????????????????????? × Rebate
??????? 2 ???????????????????????????????????????? ? ?????????????????????????????????? (Fixing Price) ??????????????????? (Strike Price)
(?) ?????????????? ??????????????????????? × ??????????????????????? 
(?) ??????????????? ??????????????????????? × Min Yield × (??????????/365)</STN_RULE_REDEEM>
    <STN_SEQ>1/2564</STN_SEQ>
    <STN_SEQDATE>20 ?????? 2564</STN_SEQDATE>
    <BANKNAME>?????????????????????? ????? (?????)</BANKNAME>
  </TB_STNCONF>
</NewDataSet>
2021-08-07 18:19:29,220 [4] INFO  KKB.Treasury.TreasuryModel.Model.Model_RPT_PRICINGREPORT [(null)] - <NewDataSet>
  <TB_STNCONF>
    <STNID>482</STNID>
    <ACTION>New Trade</ACTION>
    <CURR_DATE>11/06/2021</CURR_DATE>
    <ORDER_NO>2021500076</ORDER_NO>
    <ACCT_NO>20829112</ACCT_NO>
    <SYMBOL>KKBODNP21715Z</SYMBOL>
    <KKSYMBOL>KKP21715Z</KKSYMBOL>
    <UNIT>5</UNIT>
    <AMOUNT>5000000</AMOUNT>
    <FIRST_NAME_EN>SOMBATH</FIRST_NAME_EN>
    <FULLNAME>??? ?????? ?????????</FULLNAME>
    <TAXID>3101200761611</TAXID>
    <CUST_BANK_CODE>KK</CUST_BANK_CODE>
    <CUST_BANK_ACCT>00922620014234</CUST_BANK_ACCT>
    <TEL>02-2853265</TEL>
    <EMAIL>siriwan_do@yahoo.com</EMAIL>
    <FC_NAME>Yupaporn Sirichainarumitr</FC_NAME>
    <FC_EMAIL>Yupaporn.Siri@kkpfg.com</FC_EMAIL>
    <STN_TYPE>BODN</STN_TYPE>
    <NOTE_SERIES>100/2564</NOTE_SERIES>
    <UNDERLYING1>PTT</UNDERLYING1>
    <UNDERLYING2>PTTGC</UNDERLYING2>
    <STRIKE_PRICE1>39.00|57.00</STRIKE_PRICE1>
    <STRIKE_PRICE2>0.00|0.00</STRIKE_PRICE2>
    <STRIKE_PRICE3>0.00|0.00</STRIKE_PRICE3>
    <STRIKE_PRICE4>0.00|0.00</STRIKE_PRICE4>
    <STRIKE_PRICE5>0.00|0.00</STRIKE_PRICE5>
    <STRIKE_PRICE6>0.00|0.00</STRIKE_PRICE6>
    <BARRIER_PRICE1>0.00|0.00</BARRIER_PRICE1>
    <BARRIER_PRICE2>0.00|0.00</BARRIER_PRICE2>
    <BARRIER_PRICE3>0.00|0.00</BARRIER_PRICE3>
    <BARRIER_PRICE4>0.00|0.00</BARRIER_PRICE4>
    <BARRIER_PRICE5>0.00|0.00</BARRIER_PRICE5>
    <BARRIER_PRICE6>0.00|0.00</BARRIER_PRICE6>
    <KI_PRICE>0</KI_PRICE>
    <PROTECT_LEVELP>100</PROTECT_LEVELP>
    <TTM>30</TTM>
    <TRADING_DAY>0</TRADING_DAY>
    <EXERCISE_TYPE>European</EXERCISE_TYPE>
    <PAR_VALUE>1000000</PAR_VALUE>
    <OFFER_PRICEP>100</OFFER_PRICEP>
    <OFFER_PRICE_AMT>5000000</OFFER_PRICE_AMT>
    <INITIAL_PRICEP>100</INITIAL_PRICEP>
    <INITIAL_PRICE_AMT>39.00|57.00</INITIAL_PRICE_AMT>
    <STRIKE_PRICE1P>100</STRIKE_PRICE1P>
    <STRIKE_PRICE2P>0</STRIKE_PRICE2P>
    <STRIKE_PRICE3P>0</STRIKE_PRICE3P>
    <STRIKE_PRICE4P>0</STRIKE_PRICE4P>
    <STRIKE_PRICE5P>0</STRIKE_PRICE5P>
    <STRIKE_PRICE6P>0</STRIKE_PRICE6P>
    <BARRIER_PRICE1P>0</BARRIER_PRICE1P>
    <BARRIER_PRICE2P>0</BARRIER_PRICE2P>
    <BARRIER_PRICE3P>0</BARRIER_PRICE3P>
    <BARRIER_PRICE4P>0</BARRIER_PRICE4P>
    <BARRIER_PRICE5P>0</BARRIER_PRICE5P>
    <BARRIER_PRICE6P>0</BARRIER_PRICE6P>
    <KK_PRICEP>0</KK_PRICEP>
    <PR1>0</PR1>
    <PR2>0</PR2>
    <MIN_YIELD1P>0</MIN_YIELD1P>
    <MIN_YIELD2P>0</MIN_YIELD2P>
    <MAX_YIELD1P>3.04</MAX_YIELD1P>
    <MAX_YIELD2P>0</MAX_YIELD2P>
    <REBATE_AMT>0</REBATE_AMT>
    <REBATEP>0.25</REBATEP>
    <NOTE_CURR>THB</NOTE_CURR>
    <UNDERLYING_CURR>THB</UNDERLYING_CURR>
    <FX_DELIVERY_AMT>0</FX_DELIVERY_AMT>
    <SURPLUS_CASH>0</SURPLUS_CASH>
    <SUB_BEGIN_DATE>11/06/2021</SUB_BEGIN_DATE>
    <SUB_END_DATE>11/06/2021</SUB_END_DATE>
    <TRADE_DATE>11/06/2021</TRADE_DATE>
    <EFFECTIVE_DATE>15/06/2021</EFFECTIVE_DATE>
    <SETTLE_DATE>15/06/2021</SETTLE_DATE>
    <ISSUE_DATE>15/06/2021</ISSUE_DATE>
    <FIXING_DATE>13/07/2021</FIXING_DATE>
    <MATURITY_DATE>15/07/2021</MATURITY_DATE>
    <SETTLE_PERIOD>2</SETTLE_PERIOD>
    <EXCRATE_TRADEDATE>0</EXCRATE_TRADEDATE>
    <EXCHANGE1>SET</EXCHANGE1>
    <CUST_TYPE>15</CUST_TYPE>
    <PAY_TYPE>C</PAY_TYPE>
    <STN_NAME>??????????????????????? ???????????????????????????????????????????? KTC, OSP, VGI ????????? ?????????????????????? ????? (?????)</STN_NAME>
    <STN_TYPE_DESC>??????????????????????????????????????? ?????? Bonus Digital Note ??????????????????????????</STN_TYPE_DESC>
    <STN_RETURN>???????????????????????????????????? ??????????????????????? ????????????? ??? Rebate</STN_RETURN>
    <STN_RULE_REDEEM>??????????????????????????????????????????? ??????????????????????????????????????????????????????????????????????????????? (?????) ?????????????????????????????????????????????? ????????????????????????????????????????????????????????????????????? 2 ???? ??????
??????? 1 ??????????????????????? ? ?????????????????????????????????? (Fixing Price) ?????????????????????????????? (Strike Price)
(?) ?????????????? ??????????????????????? × ??????????????????????? 
(?) ??????????????? ??????????????????????? × Min Yield × (??????????/365)
(?) ??????????????? ??????????????????????? × Rebate
??????? 2 ???????????????????????????????????????? ? ?????????????????????????????????? (Fixing Price) ??????????????????? (Strike Price)
(?) ?????????????? ??????????????????????? × ??????????????????????? 
(?) ??????????????? ??????????????????????? × Min Yield × (??????????/365)</STN_RULE_REDEEM>
    <STN_SEQ>1/2564</STN_SEQ>
    <STN_SEQDATE>20 ?????? 2564</STN_SEQDATE>
    <BANKNAME>?????????????????????? ????? (?????)</BANKNAME>
  </TB_STNCONF>
  <TB_STNCONF>
    <STNID>483</STNID>
    <ACTION>New Trade</ACTION>
    <CURR_DATE>11/06/2021</CURR_DATE>
    <ORDER_NO>2021500077</ORDER_NO>
    <ACCT_NO>20565702</ACCT_NO>
    <SYMBOL>KKBODNP21715Z</SYMBOL>
    <KKSYMBOL>KKP21715Z</KKSYMBOL>
    <UNIT>5</UNIT>
    <AMOUNT>5000000</AMOUNT>
    <FIRST_NAME_EN>TEERACHAI CORPORATION CO. LTD.</FIRST_NAME_EN>
    <FULLNAME>???. ?????? ???????????? </FULLNAME>
    <TAXID>0105518009797</TAXID>
    <CUST_BANK_CODE>KK</CUST_BANK_CODE>
    <CUST_BANK_ACCT>2001673692</CUST_BANK_ACCT>
    <TEL>02-4258989</TEL>
    <EMAIL>kruavals@gmail.com,nattaya@teerachai.co.th</EMAIL>
    <FC_NAME>Komson Attavivan</FC_NAME>
    <FC_EMAIL>Komson.Atta@kkpfg.com</FC_EMAIL>
    <STN_TYPE>BODN</STN_TYPE>
    <NOTE_SERIES>100/2564</NOTE_SERIES>
    <UNDERLYING1>PTT</UNDERLYING1>
    <UNDERLYING2>PTTGC</UNDERLYING2>
    <STRIKE_PRICE1>39.00|57.00</STRIKE_PRICE1>
    <STRIKE_PRICE2>0.00|0.00</STRIKE_PRICE2>
    <STRIKE_PRICE3>0.00|0.00</STRIKE_PRICE3>
    <STRIKE_PRICE4>0.00|0.00</STRIKE_PRICE4>
    <STRIKE_PRICE5>0.00|0.00</STRIKE_PRICE5>
    <STRIKE_PRICE6>0.00|0.00</STRIKE_PRICE6>
    <BARRIER_PRICE1>0.00|0.00</BARRIER_PRICE1>
    <BARRIER_PRICE2>0.00|0.00</BARRIER_PRICE2>
    <BARRIER_PRICE3>0.00|0.00</BARRIER_PRICE3>
    <BARRIER_PRICE4>0.00|0.00</BARRIER_PRICE4>
    <BARRIER_PRICE5>0.00|0.00</BARRIER_PRICE5>
    <BARRIER_PRICE6>0.00|0.00</BARRIER_PRICE6>
    <KI_PRICE>0</KI_PRICE>
    <PROTECT_LEVELP>100</PROTECT_LEVELP>
    <TTM>30</TTM>
    <TRADING_DAY>0</TRADING_DAY>
    <EXERCISE_TYPE>European</EXERCISE_TYPE>
    <PAR_VALUE>1000000</PAR_VALUE>
    <OFFER_PRICEP>100</OFFER_PRICEP>
    <OFFER_PRICE_AMT>5000000</OFFER_PRICE_AMT>
    <INITIAL_PRICEP>100</INITIAL_PRICEP>
    <INITIAL_PRICE_AMT>39.00|57.00</INITIAL_PRICE_AMT>
    <STRIKE_PRICE1P>100</STRIKE_PRICE1P>
    <STRIKE_PRICE2P>0</STRIKE_PRICE2P>
    <STRIKE_PRICE3P>0</STRIKE_PRICE3P>
    <STRIKE_PRICE4P>0</STRIKE_PRICE4P>
    <STRIKE_PRICE5P>0</STRIKE_PRICE5P>
    <STRIKE_PRICE6P>0</STRIKE_PRICE6P>
    <BARRIER_PRICE1P>0</BARRIER_PRICE1P>
    <BARRIER_PRICE2P>0</BARRIER_PRICE2P>
    <BARRIER_PRICE3P>0</BARRIER_PRICE3P>
    <BARRIER_PRICE4P>0</BARRIER_PRICE4P>
    <BARRIER_PRICE5P>0</BARRIER_PRICE5P>
    <BARRIER_PRICE6P>0</BARRIER_PRICE6P>
    <KK_PRICEP>0</KK_PRICEP>
    <PR1>0</PR1>
    <PR2>0</PR2>
    <MIN_YIELD1P>0</MIN_YIELD1P>
    <MIN_YIELD2P>0</MIN_YIELD2P>
    <MAX_YIELD1P>3.04</MAX_YIELD1P>
    <MAX_YIELD2P>0</MAX_YIELD2P>
    <REBATE_AMT>0</REBATE_AMT>
    <REBATEP>0.25</REBATEP>
    <NOTE_CURR>THB</NOTE_CURR>
    <UNDERLYING_CURR>THB</UNDERLYING_CURR>
    <FX_DELIVERY_AMT>0</FX_DELIVERY_AMT>
    <SURPLUS_CASH>0</SURPLUS_CASH>
    <SUB_BEGIN_DATE>11/06/2021</SUB_BEGIN_DATE>
    <SUB_END_DATE>11/06/2021</SUB_END_DATE>
    <TRADE_DATE>11/06/2021</TRADE_DATE>
    <EFFECTIVE_DATE>15/06/2021</EFFECTIVE_DATE>
    <SETTLE_DATE>15/06/2021</SETTLE_DATE>
    <ISSUE_DATE>15/06/2021</ISSUE_DATE>
    <FIXING_DATE>13/07/2021</FIXING_DATE>
    <MATURITY_DATE>15/07/2021</MATURITY_DATE>
    <SETTLE_PERIOD>2</SETTLE_PERIOD>
    <EXCRATE_TRADEDATE>0</EXCRATE_TRADEDATE>
    <EXCHANGE1>SET</EXCHANGE1>
    <CUST_TYPE>1</CUST_TYPE>
    <PAY_TYPE>C</PAY_TYPE>
    <STN_NAME>??????????????????????? ???????????????????????????????????????????? KTC, OSP, VGI ????????? ?????????????????????? ????? (?????)</STN_NAME>
    <STN_TYPE_DESC>??????????????????????????????????????? ?????? Bonus Digital Note ??????????????????????????</STN_TYPE_DESC>
    <STN_RETURN>???????????????????????????????????? ??????????????????????? ????????????? ??? Rebate</STN_RETURN>
    <STN_RULE_REDEEM>??????????????????????????????????????????? ??????????????????????????????????????????????????????????????????????????????? (?????) ?????????????????????????????????????????????? ????????????????????????????????????????????????????????????????????? 2 ???? ??????
??????? 1 ??????????????????????? ? ?????????????????????????????????? (Fixing Price) ?????????????????????????????? (Strike Price)
(?) ?????????????? ??????????????????????? × ??????????????????????? 
(?) ??????????????? ??????????????????????? × Min Yield × (??????????/365)
(?) ??????????????? ??????????????????????? × Rebate
??????? 2 ???????????????????????????????????????? ? ?????????????????????????????????? (Fixing Price) ??????????????????? (Strike Price)
(?) ?????????????? ??????????????????????? × ??????????????????????? 
(?) ??????????????? ??????????????????????? × Min Yield × (??????????/365)</STN_RULE_REDEEM>
    <STN_SEQ>1/2564</STN_SEQ>
    <STN_SEQDATE>20 ?????? 2564</STN_SEQDATE>
    <BANKNAME>?????????????????????? ????? (?????)</BANKNAME>
  </TB_STNCONF>
</NewDataSet>
2021-08-07 18:19:29,220 [4] INFO  KKB.Treasury.TreasuryModel.Model.Model_RPT_PRICINGREPORT [(null)] - -----Model_RPT_PRICINGREPORT Finish-----
2021-08-07 18:19:34,304 [4] INFO  KKB.Treasury.TreasuryModel.Model.Model_RPT_CONFIRMREPORT [(null)] - -----Model_RPT_CONFIRMREPORT Start-----
2021-08-07 18:19:34,319 [4] INFO  KKB.Treasury.TreasuryModel.Model.Model_RPT_CONFIRMREPORT [(null)] - Store Procedure : OPICINF.KKB_SP_TSS_STNCONF
2021-08-07 18:19:35,779 [4] INFO  KKB.Treasury.TreasuryModel.Model.Model_RPT_CONFIRMREPORT [(null)] - <NewDataSet>
  <TB_STNCONF>
    <STNID>482</STNID>
    <ACTION>New Trade</ACTION>
    <CURR_DATE>11/06/2021</CURR_DATE>
    <ORDER_NO>2021500076</ORDER_NO>
    <ACCT_NO>20829112</ACCT_NO>
    <SYMBOL>KKBODNP21715Z</SYMBOL>
    <KKSYMBOL>KKP21715Z</KKSYMBOL>
    <UNIT>5</UNIT>
    <AMOUNT>5000000</AMOUNT>
    <FIRST_NAME_EN>SOMBATH</FIRST_NAME_EN>
    <FULLNAME>??? ?????? ?????????</FULLNAME>
    <TAXID>3101200761611</TAXID>
    <CUST_BANK_CODE>KK</CUST_BANK_CODE>
    <CUST_BANK_ACCT>00922620014234</CUST_BANK_ACCT>
    <TEL>02-2853265</TEL>
    <EMAIL>siriwan_do@yahoo.com</EMAIL>
    <FC_NAME>Yupaporn Sirichainarumitr</FC_NAME>
    <FC_EMAIL>Yupaporn.Siri@kkpfg.com</FC_EMAIL>
    <STN_TYPE>BODN</STN_TYPE>
    <NOTE_SERIES>100/2564</NOTE_SERIES>
    <UNDERLYING1>PTT</UNDERLYING1>
    <UNDERLYING2>PTTGC</UNDERLYING2>
    <STRIKE_PRICE1>39.00|57.00</STRIKE_PRICE1>
    <STRIKE_PRICE2>0.00|0.00</STRIKE_PRICE2>
    <STRIKE_PRICE3>0.00|0.00</STRIKE_PRICE3>
    <STRIKE_PRICE4>0.00|0.00</STRIKE_PRICE4>
    <STRIKE_PRICE5>0.00|0.00</STRIKE_PRICE5>
    <STRIKE_PRICE6>0.00|0.00</STRIKE_PRICE6>
    <BARRIER_PRICE1>0.00|0.00</BARRIER_PRICE1>
    <BARRIER_PRICE2>0.00|0.00</BARRIER_PRICE2>
    <BARRIER_PRICE3>0.00|0.00</BARRIER_PRICE3>
    <BARRIER_PRICE4>0.00|0.00</BARRIER_PRICE4>
    <BARRIER_PRICE5>0.00|0.00</BARRIER_PRICE5>
    <BARRIER_PRICE6>0.00|0.00</BARRIER_PRICE6>
    <KI_PRICE>0</KI_PRICE>
    <PROTECT_LEVELP>100</PROTECT_LEVELP>
    <TTM>30</TTM>
    <TRADING_DAY>0</TRADING_DAY>
    <EXERCISE_TYPE>European</EXERCISE_TYPE>
    <PAR_VALUE>1000000</PAR_VALUE>
    <OFFER_PRICEP>100</OFFER_PRICEP>
    <OFFER_PRICE_AMT>5000000</OFFER_PRICE_AMT>
    <INITIAL_PRICEP>100</INITIAL_PRICEP>
    <INITIAL_PRICE_AMT>39.00|57.00</INITIAL_PRICE_AMT>
    <STRIKE_PRICE1P>100</STRIKE_PRICE1P>
    <STRIKE_PRICE2P>0</STRIKE_PRICE2P>
    <STRIKE_PRICE3P>0</STRIKE_PRICE3P>
    <STRIKE_PRICE4P>0</STRIKE_PRICE4P>
    <STRIKE_PRICE5P>0</STRIKE_PRICE5P>
    <STRIKE_PRICE6P>0</STRIKE_PRICE6P>
    <BARRIER_PRICE1P>0</BARRIER_PRICE1P>
    <BARRIER_PRICE2P>0</BARRIER_PRICE2P>
    <BARRIER_PRICE3P>0</BARRIER_PRICE3P>
    <BARRIER_PRICE4P>0</BARRIER_PRICE4P>
    <BARRIER_PRICE5P>0</BARRIER_PRICE5P>
    <BARRIER_PRICE6P>0</BARRIER_PRICE6P>
    <KK_PRICEP>0</KK_PRICEP>
    <PR1>0</PR1>
    <PR2>0</PR2>
    <MIN_YIELD1P>0</MIN_YIELD1P>
    <MIN_YIELD2P>0</MIN_YIELD2P>
    <MAX_YIELD1P>3.04</MAX_YIELD1P>
    <MAX_YIELD2P>0</MAX_YIELD2P>
    <REBATE_AMT>0</REBATE_AMT>
    <REBATEP>0.25</REBATEP>
    <NOTE_CURR>THB</NOTE_CURR>
    <UNDERLYING_CURR>THB</UNDERLYING_CURR>
    <FX_DELIVERY_AMT>0</FX_DELIVERY_AMT>
    <SURPLUS_CASH>0</SURPLUS_CASH>
    <SUB_BEGIN_DATE>11/06/2021</SUB_BEGIN_DATE>
    <SUB_END_DATE>11/06/2021</SUB_END_DATE>
    <TRADE_DATE>11/06/2021</TRADE_DATE>
    <EFFECTIVE_DATE>15/06/2021</EFFECTIVE_DATE>
    <SETTLE_DATE>15/06/2021</SETTLE_DATE>
    <ISSUE_DATE>15/06/2021</ISSUE_DATE>
    <FIXING_DATE>13/07/2021</FIXING_DATE>
    <MATURITY_DATE>15/07/2021</MATURITY_DATE>
    <SETTLE_PERIOD>2</SETTLE_PERIOD>
    <EXCRATE_TRADEDATE>0</EXCRATE_TRADEDATE>
    <EXCHANGE1>SET</EXCHANGE1>
    <CUST_TYPE>15</CUST_TYPE>
    <PAY_TYPE>C</PAY_TYPE>
    <STN_NAME>??????????????????????? ???????????????????????????????????????????? KTC, OSP, VGI ????????? ?????????????????????? ????? (?????)</STN_NAME>
    <STN_TYPE_DESC>??????????????????????????????????????? ?????? Bonus Digital Note ??????????????????????????</STN_TYPE_DESC>
    <STN_RETURN>???????????????????????????????????? ??????????????????????? ????????????? ??? Rebate</STN_RETURN>
    <STN_RULE_REDEEM>??????????????????????????????????????????? ??????????????????????????????????????????????????????????????????????????????? (?????) ?????????????????????????????????????????????? ????????????????????????????????????????????????????????????????????? 2 ???? ??????
??????? 1 ??????????????????????? ? ?????????????????????????????????? (Fixing Price) ?????????????????????????????? (Strike Price)
(?) ?????????????? ??????????????????????? × ??????????????????????? 
(?) ??????????????? ??????????????????????? × Min Yield × (??????????/365)
(?) ??????????????? ??????????????????????? × Rebate
??????? 2 ???????????????????????????????????????? ? ?????????????????????????????????? (Fixing Price) ??????????????????? (Strike Price)
(?) ?????????????? ??????????????????????? × ??????????????????????? 
(?) ??????????????? ??????????????????????? × Min Yield × (??????????/365)</STN_RULE_REDEEM>
    <STN_SEQ>1/2564</STN_SEQ>
    <STN_SEQDATE>20 ?????? 2564</STN_SEQDATE>
    <BANKNAME>?????????????????????? ????? (?????)</BANKNAME>
  </TB_STNCONF>
  <TB_STNCONF>
    <STNID>483</STNID>
    <ACTION>New Trade</ACTION>
    <CURR_DATE>11/06/2021</CURR_DATE>
    <ORDER_NO>2021500077</ORDER_NO>
    <ACCT_NO>20565702</ACCT_NO>
    <SYMBOL>KKBODNP21715Z</SYMBOL>
    <KKSYMBOL>KKP21715Z</KKSYMBOL>
    <UNIT>5</UNIT>
    <AMOUNT>5000000</AMOUNT>
    <FIRST_NAME_EN>TEERACHAI CORPORATION CO. LTD.</FIRST_NAME_EN>
    <FULLNAME>???. ?????? ???????????? </FULLNAME>
    <TAXID>0105518009797</TAXID>
    <CUST_BANK_CODE>KK</CUST_BANK_CODE>
    <CUST_BANK_ACCT>2001673692</CUST_BANK_ACCT>
    <TEL>02-4258989</TEL>
    <EMAIL>kruavals@gmail.com,nattaya@teerachai.co.th</EMAIL>
    <FC_NAME>Komson Attavivan</FC_NAME>
    <FC_EMAIL>Komson.Atta@kkpfg.com</FC_EMAIL>
    <STN_TYPE>BODN</STN_TYPE>
    <NOTE_SERIES>100/2564</NOTE_SERIES>
    <UNDERLYING1>PTT</UNDERLYING1>
    <UNDERLYING2>PTTGC</UNDERLYING2>
    <STRIKE_PRICE1>39.00|57.00</STRIKE_PRICE1>
    <STRIKE_PRICE2>0.00|0.00</STRIKE_PRICE2>
    <STRIKE_PRICE3>0.00|0.00</STRIKE_PRICE3>
    <STRIKE_PRICE4>0.00|0.00</STRIKE_PRICE4>
    <STRIKE_PRICE5>0.00|0.00</STRIKE_PRICE5>
    <STRIKE_PRICE6>0.00|0.00</STRIKE_PRICE6>
    <BARRIER_PRICE1>0.00|0.00</BARRIER_PRICE1>
    <BARRIER_PRICE2>0.00|0.00</BARRIER_PRICE2>
    <BARRIER_PRICE3>0.00|0.00</BARRIER_PRICE3>
    <BARRIER_PRICE4>0.00|0.00</BARRIER_PRICE4>
    <BARRIER_PRICE5>0.00|0.00</BARRIER_PRICE5>
    <BARRIER_PRICE6>0.00|0.00</BARRIER_PRICE6>
    <KI_PRICE>0</KI_PRICE>
    <PROTECT_LEVELP>100</PROTECT_LEVELP>
    <TTM>30</TTM>
    <TRADING_DAY>0</TRADING_DAY>
    <EXERCISE_TYPE>European</EXERCISE_TYPE>
    <PAR_VALUE>1000000</PAR_VALUE>
    <OFFER_PRICEP>100</OFFER_PRICEP>
    <OFFER_PRICE_AMT>5000000</OFFER_PRICE_AMT>
    <INITIAL_PRICEP>100</INITIAL_PRICEP>
    <INITIAL_PRICE_AMT>39.00|57.00</INITIAL_PRICE_AMT>
    <STRIKE_PRICE1P>100</STRIKE_PRICE1P>
    <STRIKE_PRICE2P>0</STRIKE_PRICE2P>
    <STRIKE_PRICE3P>0</STRIKE_PRICE3P>
    <STRIKE_PRICE4P>0</STRIKE_PRICE4P>
    <STRIKE_PRICE5P>0</STRIKE_PRICE5P>
    <STRIKE_PRICE6P>0</STRIKE_PRICE6P>
    <BARRIER_PRICE1P>0</BARRIER_PRICE1P>
    <BARRIER_PRICE2P>0</BARRIER_PRICE2P>
    <BARRIER_PRICE3P>0</BARRIER_PRICE3P>
    <BARRIER_PRICE4P>0</BARRIER_PRICE4P>
    <BARRIER_PRICE5P>0</BARRIER_PRICE5P>
    <BARRIER_PRICE6P>0</BARRIER_PRICE6P>
    <KK_PRICEP>0</KK_PRICEP>
    <PR1>0</PR1>
    <PR2>0</PR2>
    <MIN_YIELD1P>0</MIN_YIELD1P>
    <MIN_YIELD2P>0</MIN_YIELD2P>
    <MAX_YIELD1P>3.04</MAX_YIELD1P>
    <MAX_YIELD2P>0</MAX_YIELD2P>
    <REBATE_AMT>0</REBATE_AMT>
    <REBATEP>0.25</REBATEP>
    <NOTE_CURR>THB</NOTE_CURR>
    <UNDERLYING_CURR>THB</UNDERLYING_CURR>
    <FX_DELIVERY_AMT>0</FX_DELIVERY_AMT>
    <SURPLUS_CASH>0</SURPLUS_CASH>
    <SUB_BEGIN_DATE>11/06/2021</SUB_BEGIN_DATE>
    <SUB_END_DATE>11/06/2021</SUB_END_DATE>
    <TRADE_DATE>11/06/2021</TRADE_DATE>
    <EFFECTIVE_DATE>15/06/2021</EFFECTIVE_DATE>
    <SETTLE_DATE>15/06/2021</SETTLE_DATE>
    <ISSUE_DATE>15/06/2021</ISSUE_DATE>
    <FIXING_DATE>13/07/2021</FIXING_DATE>
    <MATURITY_DATE>15/07/2021</MATURITY_DATE>
    <SETTLE_PERIOD>2</SETTLE_PERIOD>
    <EXCRATE_TRADEDATE>0</EXCRATE_TRADEDATE>
    <EXCHANGE1>SET</EXCHANGE1>
    <CUST_TYPE>1</CUST_TYPE>
    <PAY_TYPE>C</PAY_TYPE>
    <STN_NAME>??????????????????????? ???????????????????????????????????????????? KTC, OSP, VGI ????????? ?????????????????????? ????? (?????)</STN_NAME>
    <STN_TYPE_DESC>??????????????????????????????????????? ?????? Bonus Digital Note ??????????????????????????</STN_TYPE_DESC>
    <STN_RETURN>???????????????????????????????????? ??????????????????????? ????????????? ??? Rebate</STN_RETURN>
    <STN_RULE_REDEEM>??????????????????????????????????????????? ??????????????????????????????????????????????????????????????????????????????? (?????) ?????????????????????????????????????????????? ????????????????????????????????????????????????????????????????????? 2 ???? ??????
??????? 1 ??????????????????????? ? ?????????????????????????????????? (Fixing Price) ?????????????????????????????? (Strike Price)
(?) ?????????????? ??????????????????????? × ??????????????????????? 
(?) ??????????????? ??????????????????????? × Min Yield × (??????????/365)
(?) ??????????????? ??????????????????????? × Rebate
??????? 2 ???????????????????????????????????????? ? ?????????????????????????????????? (Fixing Price) ??????????????????? (Strike Price)
(?) ?????????????? ??????????????????????? × ??????????????????????? 
(?) ??????????????? ??????????????????????? × Min Yield × (??????????/365)</STN_RULE_REDEEM>
    <STN_SEQ>1/2564</STN_SEQ>
    <STN_SEQDATE>20 ?????? 2564</STN_SEQDATE>
    <BANKNAME>?????????????????????? ????? (?????)</BANKNAME>
  </TB_STNCONF>
</NewDataSet>
2021-08-07 18:19:36,243 [4] INFO  KKB.Treasury.TreasuryModel.Model.Model_RPT_CONFIRMREPORT [(null)] - <NewDataSet>
  <TB_STNCONF>
    <STNID>482</STNID>
    <ACTION>New Trade</ACTION>
    <CURR_DATE>11/06/2021</CURR_DATE>
    <ORDER_NO>2021500076</ORDER_NO>
    <ACCT_NO>20829112</ACCT_NO>
    <SYMBOL>KKBODNP21715Z</SYMBOL>
    <KKSYMBOL>KKP21715Z</KKSYMBOL>
    <UNIT>5</UNIT>
    <AMOUNT>5000000</AMOUNT>
    <FIRST_NAME_EN>SOMBATH</FIRST_NAME_EN>
    <FULLNAME>??? ?????? ?????????</FULLNAME>
    <TAXID>3101200761611</TAXID>
    <CUST_BANK_CODE>KK</CUST_BANK_CODE>
    <CUST_BANK_ACCT>00922620014234</CUST_BANK_ACCT>
    <TEL>02-2853265</TEL>
    <EMAIL>siriwan_do@yahoo.com</EMAIL>
    <FC_NAME>Yupaporn Sirichainarumitr</FC_NAME>
    <FC_EMAIL>Yupaporn.Siri@kkpfg.com</FC_EMAIL>
    <STN_TYPE>BODN</STN_TYPE>
    <NOTE_SERIES>100/2564</NOTE_SERIES>
    <UNDERLYING1>PTT</UNDERLYING1>
    <UNDERLYING2>PTTGC</UNDERLYING2>
    <STRIKE_PRICE1>39.00|57.00</STRIKE_PRICE1>
    <STRIKE_PRICE2>0.00|0.00</STRIKE_PRICE2>
    <STRIKE_PRICE3>0.00|0.00</STRIKE_PRICE3>
    <STRIKE_PRICE4>0.00|0.00</STRIKE_PRICE4>
    <STRIKE_PRICE5>0.00|0.00</STRIKE_PRICE5>
    <STRIKE_PRICE6>0.00|0.00</STRIKE_PRICE6>
    <BARRIER_PRICE1>0.00|0.00</BARRIER_PRICE1>
    <BARRIER_PRICE2>0.00|0.00</BARRIER_PRICE2>
    <BARRIER_PRICE3>0.00|0.00</BARRIER_PRICE3>
    <BARRIER_PRICE4>0.00|0.00</BARRIER_PRICE4>
    <BARRIER_PRICE5>0.00|0.00</BARRIER_PRICE5>
    <BARRIER_PRICE6>0.00|0.00</BARRIER_PRICE6>
    <KI_PRICE>0</KI_PRICE>
    <PROTECT_LEVELP>100</PROTECT_LEVELP>
    <TTM>30</TTM>
    <TRADING_DAY>0</TRADING_DAY>
    <EXERCISE_TYPE>European</EXERCISE_TYPE>
    <PAR_VALUE>1000000</PAR_VALUE>
    <OFFER_PRICEP>100</OFFER_PRICEP>
    <OFFER_PRICE_AMT>5000000</OFFER_PRICE_AMT>
    <INITIAL_PRICEP>100</INITIAL_PRICEP>
    <INITIAL_PRICE_AMT>39.00|57.00</INITIAL_PRICE_AMT>
    <STRIKE_PRICE1P>100</STRIKE_PRICE1P>
    <STRIKE_PRICE2P>0</STRIKE_PRICE2P>
    <STRIKE_PRICE3P>0</STRIKE_PRICE3P>
    <STRIKE_PRICE4P>0</STRIKE_PRICE4P>
    <STRIKE_PRICE5P>0</STRIKE_PRICE5P>
    <STRIKE_PRICE6P>0</STRIKE_PRICE6P>
    <BARRIER_PRICE1P>0</BARRIER_PRICE1P>
    <BARRIER_PRICE2P>0</BARRIER_PRICE2P>
    <BARRIER_PRICE3P>0</BARRIER_PRICE3P>
    <BARRIER_PRICE4P>0</BARRIER_PRICE4P>
    <BARRIER_PRICE5P>0</BARRIER_PRICE5P>
    <BARRIER_PRICE6P>0</BARRIER_PRICE6P>
    <KK_PRICEP>0</KK_PRICEP>
    <PR1>0</PR1>
    <PR2>0</PR2>
    <MIN_YIELD1P>0</MIN_YIELD1P>
    <MIN_YIELD2P>0</MIN_YIELD2P>
    <MAX_YIELD1P>3.04</MAX_YIELD1P>
    <MAX_YIELD2P>0</MAX_YIELD2P>
    <REBATE_AMT>0</REBATE_AMT>
    <REBATEP>0.25</REBATEP>
    <NOTE_CURR>THB</NOTE_CURR>
    <UNDERLYING_CURR>THB</UNDERLYING_CURR>
    <FX_DELIVERY_AMT>0</FX_DELIVERY_AMT>
    <SURPLUS_CASH>0</SURPLUS_CASH>
    <SUB_BEGIN_DATE>11/06/2021</SUB_BEGIN_DATE>
    <SUB_END_DATE>11/06/2021</SUB_END_DATE>
    <TRADE_DATE>11/06/2021</TRADE_DATE>
    <EFFECTIVE_DATE>15/06/2021</EFFECTIVE_DATE>
    <SETTLE_DATE>15/06/2021</SETTLE_DATE>
    <ISSUE_DATE>15/06/2021</ISSUE_DATE>
    <FIXING_DATE>13/07/2021</FIXING_DATE>
    <MATURITY_DATE>15/07/2021</MATURITY_DATE>
    <SETTLE_PERIOD>2</SETTLE_PERIOD>
    <EXCRATE_TRADEDATE>0</EXCRATE_TRADEDATE>
    <EXCHANGE1>SET</EXCHANGE1>
    <CUST_TYPE>15</CUST_TYPE>
    <PAY_TYPE>C</PAY_TYPE>
    <STN_NAME>??????????????????????? ???????????????????????????????????????????? KTC, OSP, VGI ????????? ?????????????????????? ????? (?????)</STN_NAME>
    <STN_TYPE_DESC>??????????????????????????????????????? ?????? Bonus Digital Note ??????????????????????????</STN_TYPE_DESC>
    <STN_RETURN>???????????????????????????????????? ??????????????????????? ????????????? ??? Rebate</STN_RETURN>
    <STN_RULE_REDEEM>??????????????????????????????????????????? ??????????????????????????????????????????????????????????????????????????????? (?????) ?????????????????????????????????????????????? ????????????????????????????????????????????????????????????????????? 2 ???? ??????
??????? 1 ??????????????????????? ? ?????????????????????????????????? (Fixing Price) ?????????????????????????????? (Strike Price)
(?) ?????????????? ??????????????????????? × ??????????????????????? 
(?) ??????????????? ??????????????????????? × Min Yield × (??????????/365)
(?) ??????????????? ??????????????????????? × Rebate
??????? 2 ???????????????????????????????????????? ? ?????????????????????????????????? (Fixing Price) ??????????????????? (Strike Price)
(?) ?????????????? ??????????????????????? × ??????????????????????? 
(?) ??????????????? ??????????????????????? × Min Yield × (??????????/365)</STN_RULE_REDEEM>
    <STN_SEQ>1/2564</STN_SEQ>
    <STN_SEQDATE>20 ?????? 2564</STN_SEQDATE>
    <BANKNAME>?????????????????????? ????? (?????)</BANKNAME>
  </TB_STNCONF>
  <TB_STNCONF>
    <STNID>483</STNID>
    <ACTION>New Trade</ACTION>
    <CURR_DATE>11/06/2021</CURR_DATE>
    <ORDER_NO>2021500077</ORDER_NO>
    <ACCT_NO>20565702</ACCT_NO>
    <SYMBOL>KKBODNP21715Z</SYMBOL>
    <KKSYMBOL>KKP21715Z</KKSYMBOL>
    <UNIT>5</UNIT>
    <AMOUNT>5000000</AMOUNT>
    <FIRST_NAME_EN>TEERACHAI CORPORATION CO. LTD.</FIRST_NAME_EN>
    <FULLNAME>???. ?????? ???????????? </FULLNAME>
    <TAXID>0105518009797</TAXID>
    <CUST_BANK_CODE>KK</CUST_BANK_CODE>
    <CUST_BANK_ACCT>2001673692</CUST_BANK_ACCT>
    <TEL>02-4258989</TEL>
    <EMAIL>kruavals@gmail.com,nattaya@teerachai.co.th</EMAIL>
    <FC_NAME>Komson Attavivan</FC_NAME>
    <FC_EMAIL>Komson.Atta@kkpfg.com</FC_EMAIL>
    <STN_TYPE>BODN</STN_TYPE>
    <NOTE_SERIES>100/2564</NOTE_SERIES>
    <UNDERLYING1>PTT</UNDERLYING1>
    <UNDERLYING2>PTTGC</UNDERLYING2>
    <STRIKE_PRICE1>39.00|57.00</STRIKE_PRICE1>
    <STRIKE_PRICE2>0.00|0.00</STRIKE_PRICE2>
    <STRIKE_PRICE3>0.00|0.00</STRIKE_PRICE3>
    <STRIKE_PRICE4>0.00|0.00</STRIKE_PRICE4>
    <STRIKE_PRICE5>0.00|0.00</STRIKE_PRICE5>
    <STRIKE_PRICE6>0.00|0.00</STRIKE_PRICE6>
    <BARRIER_PRICE1>0.00|0.00</BARRIER_PRICE1>
    <BARRIER_PRICE2>0.00|0.00</BARRIER_PRICE2>
    <BARRIER_PRICE3>0.00|0.00</BARRIER_PRICE3>
    <BARRIER_PRICE4>0.00|0.00</BARRIER_PRICE4>
    <BARRIER_PRICE5>0.00|0.00</BARRIER_PRICE5>
    <BARRIER_PRICE6>0.00|0.00</BARRIER_PRICE6>
    <KI_PRICE>0</KI_PRICE>
    <PROTECT_LEVELP>100</PROTECT_LEVELP>
    <TTM>30</TTM>
    <TRADING_DAY>0</TRADING_DAY>
    <EXERCISE_TYPE>European</EXERCISE_TYPE>
    <PAR_VALUE>1000000</PAR_VALUE>
    <OFFER_PRICEP>100</OFFER_PRICEP>
    <OFFER_PRICE_AMT>5000000</OFFER_PRICE_AMT>
    <INITIAL_PRICEP>100</INITIAL_PRICEP>
    <INITIAL_PRICE_AMT>39.00|57.00</INITIAL_PRICE_AMT>
    <STRIKE_PRICE1P>100</STRIKE_PRICE1P>
    <STRIKE_PRICE2P>0</STRIKE_PRICE2P>
    <STRIKE_PRICE3P>0</STRIKE_PRICE3P>
    <STRIKE_PRICE4P>0</STRIKE_PRICE4P>
    <STRIKE_PRICE5P>0</STRIKE_PRICE5P>
    <STRIKE_PRICE6P>0</STRIKE_PRICE6P>
    <BARRIER_PRICE1P>0</BARRIER_PRICE1P>
    <BARRIER_PRICE2P>0</BARRIER_PRICE2P>
    <BARRIER_PRICE3P>0</BARRIER_PRICE3P>
    <BARRIER_PRICE4P>0</BARRIER_PRICE4P>
    <BARRIER_PRICE5P>0</BARRIER_PRICE5P>
    <BARRIER_PRICE6P>0</BARRIER_PRICE6P>
    <KK_PRICEP>0</KK_PRICEP>
    <PR1>0</PR1>
    <PR2>0</PR2>
    <MIN_YIELD1P>0</MIN_YIELD1P>
    <MIN_YIELD2P>0</MIN_YIELD2P>
    <MAX_YIELD1P>3.04</MAX_YIELD1P>
    <MAX_YIELD2P>0</MAX_YIELD2P>
    <REBATE_AMT>0</REBATE_AMT>
    <REBATEP>0.25</REBATEP>
    <NOTE_CURR>THB</NOTE_CURR>
    <UNDERLYING_CURR>THB</UNDERLYING_CURR>
    <FX_DELIVERY_AMT>0</FX_DELIVERY_AMT>
    <SURPLUS_CASH>0</SURPLUS_CASH>
    <SUB_BEGIN_DATE>11/06/2021</SUB_BEGIN_DATE>
    <SUB_END_DATE>11/06/2021</SUB_END_DATE>
    <TRADE_DATE>11/06/2021</TRADE_DATE>
    <EFFECTIVE_DATE>15/06/2021</EFFECTIVE_DATE>
    <SETTLE_DATE>15/06/2021</SETTLE_DATE>
    <ISSUE_DATE>15/06/2021</ISSUE_DATE>
    <FIXING_DATE>13/07/2021</FIXING_DATE>
    <MATURITY_DATE>15/07/2021</MATURITY_DATE>
    <SETTLE_PERIOD>2</SETTLE_PERIOD>
    <EXCRATE_TRADEDATE>0</EXCRATE_TRADEDATE>
    <EXCHANGE1>SET</EXCHANGE1>
    <CUST_TYPE>1</CUST_TYPE>
    <PAY_TYPE>C</PAY_TYPE>
    <STN_NAME>??????????????????????? ???????????????????????????????????????????? KTC, OSP, VGI ????????? ?????????????????????? ????? (?????)</STN_NAME>
    <STN_TYPE_DESC>??????????????????????????????????????? ?????? Bonus Digital Note ??????????????????????????</STN_TYPE_DESC>
    <STN_RETURN>???????????????????????????????????? ??????????????????????? ????????????? ??? Rebate</STN_RETURN>
    <STN_RULE_REDEEM>??????????????????????????????????????????? ??????????????????????????????????????????????????????????????????????????????? (?????) ?????????????????????????????????????????????? ????????????????????????????????????????????????????????????????????? 2 ???? ??????
??????? 1 ??????????????????????? ? ?????????????????????????????????? (Fixing Price) ?????????????????????????????? (Strike Price)
(?) ?????????????? ??????????????????????? × ??????????????????????? 
(?) ??????????????? ??????????????????????? × Min Yield × (??????????/365)
(?) ??????????????? ??????????????????????? × Rebate
??????? 2 ???????????????????????????????????????? ? ?????????????????????????????????? (Fixing Price) ??????????????????? (Strike Price)
(?) ?????????????? ??????????????????????? × ??????????????????????? 
(?) ??????????????? ??????????????????????? × Min Yield × (??????????/365)</STN_RULE_REDEEM>
    <STN_SEQ>1/2564</STN_SEQ>
    <STN_SEQDATE>20 ?????? 2564</STN_SEQDATE>
    <BANKNAME>?????????????????????? ????? (?????)</BANKNAME>
  </TB_STNCONF>
</NewDataSet>
2021-08-07 18:19:36,243 [4] INFO  KKB.Treasury.TreasuryModel.Model.Model_RPT_CONFIRMREPORT [(null)] - -----Model_RPT_CONFIRMREPORT Finish-----
2021-08-07 18:22:18,412 [4] INFO  TreasuryShadowSystem.STN.MasterSTN [(null)] - BindGridReport MasterSTN
2021-08-07 18:22:18,439 [4] INFO  TreasuryShadowSystem.STN.MasterSTN [(null)] - MasterSTN ConvertDataTableToListMaster
2021-08-07 18:22:18,439 [4] INFO  TreasuryShadowSystem.STN.MasterSTN [(null)] - 1
2021-08-07 18:22:18,439 [4] INFO  TreasuryShadowSystem.STN.MasterSTN [(null)] - 2
2021-08-07 18:22:18,439 [4] INFO  TreasuryShadowSystem.STN.MasterSTN [(null)] - 3
2021-08-07 18:22:18,439 [4] INFO  TreasuryShadowSystem.STN.MasterSTN [(null)] - 4
2021-08-07 18:22:18,439 [4] INFO  TreasuryShadowSystem.STN.MasterSTN [(null)] - 5
2021-08-07 18:22:18,439 [4] INFO  TreasuryShadowSystem.STN.MasterSTN [(null)] - 6
2021-08-07 18:22:18,439 [4] INFO  TreasuryShadowSystem.STN.MasterSTN [(null)] - 7
2021-08-07 18:22:18,439 [4] INFO  TreasuryModel.Data.STNMASTER [(null)] - -----STNNAME Start getSTN-----
2021-08-07 18:22:18,474 [4] INFO  TreasuryModel.Data.STNMASTER [(null)] - -----STNNAME Start getSTN-----
2021-08-07 18:22:18,518 [4] INFO  TreasuryModel.Data.STNMASTER [(null)] - -----STNNAME Start getSTN-----
2021-08-07 18:22:18,545 [4] INFO  TreasuryModel.Data.STNMASTER [(null)] - -----STNNAME Start getSTN-----
2021-08-07 18:22:18,580 [4] INFO  TreasuryModel.Data.STNMASTER [(null)] - -----STNNAME Start getSTN-----
2021-08-07 18:22:18,607 [4] INFO  TreasuryModel.Data.STNMASTER [(null)] - -----STNNAME Start getSTN-----
2021-08-07 18:22:18,651 [4] INFO  TreasuryModel.Data.STNMASTER [(null)] - -----STNNAME Start getSTN-----
2021-08-07 18:22:19,094 [4] INFO  KKB.Treasury.TreasuryModel.Model.Model_RPT_PRICINGREPORT [(null)] - -----Model_RPT_PRICINGREPORT Start-----
2021-08-07 18:22:19,094 [4] INFO  KKB.Treasury.TreasuryModel.Model.Model_RPT_PRICINGREPORT [(null)] - Store Procedure : OPICINF.KKB_SP_TSS_STNCONF
2021-08-07 18:22:19,643 [4] INFO  KKB.Treasury.TreasuryModel.Model.Model_RPT_PRICINGREPORT [(null)] - <NewDataSet>
  <TB_STNCONF>
    <STNID>381</STNID>
    <ACTION>New Trade</ACTION>
    <CURR_DATE>11/06/2021</CURR_DATE>
    <ORDER_NO>2021500083</ORDER_NO>
    <ACCT_NO>2280262</ACCT_NO>
    <SYMBOL>KKSFINP21715V</SYMBOL>
    <KKSYMBOL>KKP21715V</KKSYMBOL>
    <UNIT>5</UNIT>
    <AMOUNT>5000000</AMOUNT>
    <FIRST_NAME_EN>PORANEE</FIRST_NAME_EN>
    <FULLNAME>MRS. PORANEE CHAIKITTISILP</FULLNAME>
    <TAXID>3.1009E+12</TAXID>
    <CUST_BANK_CODE>KBANK</CUST_BANK_CODE>
    <CUST_BANK_ACCT>32166166</CUST_BANK_ACCT>
    <TEL>02-3911985</TEL>
    <EMAIL>pdotchai2@hotmail.com</EMAIL>
    <FC_NAME>Rungsi Sarathulsingh</FC_NAME>
    <FC_EMAIL>Rungsi.Sara@kkpfg.com</FC_EMAIL>
    <STN_TYPE>SFIN</STN_TYPE>
    <NOTE_SERIES>104/2564</NOTE_SERIES>
    <UNDERLYING1>VGK</UNDERLYING1>
    <STRIKE_PRICE1>66</STRIKE_PRICE1>
    <STRIKE_PRICE2>0</STRIKE_PRICE2>
    <STRIKE_PRICE3>0</STRIKE_PRICE3>
    <STRIKE_PRICE4>0</STRIKE_PRICE4>
    <STRIKE_PRICE5>0</STRIKE_PRICE5>
    <STRIKE_PRICE6>0</STRIKE_PRICE6>
    <BARRIER_PRICE1>75.9</BARRIER_PRICE1>
    <BARRIER_PRICE2>0</BARRIER_PRICE2>
    <BARRIER_PRICE3>0</BARRIER_PRICE3>
    <BARRIER_PRICE4>0</BARRIER_PRICE4>
    <BARRIER_PRICE5>0</BARRIER_PRICE5>
    <BARRIER_PRICE6>0</BARRIER_PRICE6>
    <KI_PRICE>0</KI_PRICE>
    <PROTECT_LEVELP>100</PROTECT_LEVELP>
    <TTM>31</TTM>
    <TRADING_DAY>0</TRADING_DAY>
    <EXERCISE_TYPE>European</EXERCISE_TYPE>
    <PAR_VALUE>1000000</PAR_VALUE>
    <OFFER_PRICEP>100</OFFER_PRICEP>
    <OFFER_PRICE_AMT>5000000</OFFER_PRICE_AMT>
    <INITIAL_PRICEP>100</INITIAL_PRICEP>
    <INITIAL_PRICE_AMT>66</INITIAL_PRICE_AMT>
    <STRIKE_PRICE1P>100</STRIKE_PRICE1P>
    <STRIKE_PRICE2P>0</STRIKE_PRICE2P>
    <STRIKE_PRICE3P>0</STRIKE_PRICE3P>
    <STRIKE_PRICE4P>0</STRIKE_PRICE4P>
    <STRIKE_PRICE5P>0</STRIKE_PRICE5P>
    <STRIKE_PRICE6P>0</STRIKE_PRICE6P>
    <BARRIER_PRICE1P>115</BARRIER_PRICE1P>
    <BARRIER_PRICE2P>0</BARRIER_PRICE2P>
    <BARRIER_PRICE3P>0</BARRIER_PRICE3P>
    <BARRIER_PRICE4P>0</BARRIER_PRICE4P>
    <BARRIER_PRICE5P>0</BARRIER_PRICE5P>
    <BARRIER_PRICE6P>0</BARRIER_PRICE6P>
    <KK_PRICEP>0</KK_PRICEP>
    <PR1>50</PR1>
    <PR2>0</PR2>
    <MIN_YIELD1P>0</MIN_YIELD1P>
    <MIN_YIELD2P>0</MIN_YIELD2P>
    <MAX_YIELD1P>5</MAX_YIELD1P>
    <MAX_YIELD2P>0</MAX_YIELD2P>
    <REBATE_AMT>0</REBATE_AMT>
    <REBATEP>0</REBATEP>
    <NOTE_CURR>THB</NOTE_CURR>
    <UNDERLYING_CURR>USD</UNDERLYING_CURR>
    <FX_DELIVERY_AMT>0</FX_DELIVERY_AMT>
    <SURPLUS_CASH>0</SURPLUS_CASH>
    <SUB_BEGIN_DATE>11/06/2021</SUB_BEGIN_DATE>
    <SUB_END_DATE>11/06/2021</SUB_END_DATE>
    <TRADE_DATE>11/06/2021</TRADE_DATE>
    <EFFECTIVE_DATE>11/06/2021</EFFECTIVE_DATE>
    <SETTLE_DATE>11/06/2021</SETTLE_DATE>
    <ISSUE_DATE>14/06/2021</ISSUE_DATE>
    <FIXING_DATE>12/07/2021</FIXING_DATE>
    <MATURITY_DATE>15/07/2021</MATURITY_DATE>
    <SETTLE_PERIOD>3</SETTLE_PERIOD>
    <EXCRATE_TRADEDATE>32</EXCRATE_TRADEDATE>
    <EXCHANGE1>NYSE</EXCHANGE1>
    <CUST_TYPE>15</CUST_TYPE>
    <PAY_TYPE>C</PAY_TYPE>
    <STN_NAME>??????????????????????? ????????????????????????????????????????????????????????</STN_NAME>
    <STN_TYPE_DESC>??????????????????????????????????????? ?????? Shark-Fin Note ??????????????????????????</STN_TYPE_DESC>
    <STN_RETURN>???????????????????????????????????? ??????????????????????? ????????????? Rebate ???????????????????????????????????</STN_RETURN>
    <STN_RULE_REDEEM>??????????????????????????????????????????? ??????????????????????????????????????????????????????????????????????????????? (?????) ?????????????????????????????????????????????? ????????????????????????????????????????????????????????????????????? 2 ???? ??????

??????? 1 ? ????????????????????????????????????????????????????????????????????????????????????????????????????? ?????????????????????????????????????????????????????????? (Barrier Price) ? ?????????????????????????? (????????????? Knock-Out) ?????????????????????????????????????? 
(?) ?????????????? ??????????????? x ??????????????????????? ??? 
(?) ??????????????? ??????????????? x Rebate x (??????????????? ? ?????????????????????????????????? / ??????????????? ? ??????????????)

??????? 2 ????????????????? Knock-Out ?????????????????????????????????????????????? ??????

(2.1) ??????????????????? ? ?????????????????????????????????? ??????? Strike Price ??????????????????????????????????????
(?) ????????????????????????????? x ??????????????????????? ???
(?) ??????????????? [??????????????? x ???????????????????????????? x ((???????????????? ? ?????????????????????????????????? - ????????????) / ????????????????? ? ????????????????) x (??????????????? ? ?????????????????????????????????? / ??????????????? ? ?????????????????????????????????????????????)] 

(2.2) ??????????????????? ? ?????????????????????????????????? ?????????????????? Strike Price ????????????????????????????????????????????????????????????????????????????????????
????????????????????????????? x ???????????????????????</STN_RULE_REDEEM>
    <STN_SEQ>1/2564</STN_SEQ>
    <STN_SEQDATE>20 ?????? 2564</STN_SEQDATE>
    <BANKNAME>?????????????? ????? (?????)</BANKNAME>
  </TB_STNCONF>
</NewDataSet>
2021-08-07 18:22:19,643 [4] INFO  KKB.Treasury.TreasuryModel.Model.Model_RPT_PRICINGREPORT [(null)] - -----Model_RPT_PRICINGREPORT Finish-----
2021-08-07 18:23:05,107 [4] INFO  KKB.Treasury.TreasuryModel.Model.Model_RPT_CONFIRMREPORT [(null)] - -----Model_RPT_CONFIRMREPORT Start-----
2021-08-07 18:23:05,123 [4] INFO  KKB.Treasury.TreasuryModel.Model.Model_RPT_CONFIRMREPORT [(null)] - Store Procedure : OPICINF.KKB_SP_TSS_STNCONF
2021-08-07 18:23:05,529 [4] INFO  KKB.Treasury.TreasuryModel.Model.Model_RPT_CONFIRMREPORT [(null)] - <NewDataSet>
  <TB_STNCONF>
    <STNID>381</STNID>
    <ACTION>New Trade</ACTION>
    <CURR_DATE>11/06/2021</CURR_DATE>
    <ORDER_NO>2021500083</ORDER_NO>
    <ACCT_NO>2280262</ACCT_NO>
    <SYMBOL>KKSFINP21715V</SYMBOL>
    <KKSYMBOL>KKP21715V</KKSYMBOL>
    <UNIT>5</UNIT>
    <AMOUNT>5000000</AMOUNT>
    <FIRST_NAME_EN>PORANEE</FIRST_NAME_EN>
    <FULLNAME>MRS. PORANEE CHAIKITTISILP</FULLNAME>
    <TAXID>3.1009E+12</TAXID>
    <CUST_BANK_CODE>KBANK</CUST_BANK_CODE>
    <CUST_BANK_ACCT>32166166</CUST_BANK_ACCT>
    <TEL>02-3911985</TEL>
    <EMAIL>pdotchai2@hotmail.com</EMAIL>
    <FC_NAME>Rungsi Sarathulsingh</FC_NAME>
    <FC_EMAIL>Rungsi.Sara@kkpfg.com</FC_EMAIL>
    <STN_TYPE>SFIN</STN_TYPE>
    <NOTE_SERIES>104/2564</NOTE_SERIES>
    <UNDERLYING1>VGK</UNDERLYING1>
    <STRIKE_PRICE1>66</STRIKE_PRICE1>
    <STRIKE_PRICE2>0</STRIKE_PRICE2>
    <STRIKE_PRICE3>0</STRIKE_PRICE3>
    <STRIKE_PRICE4>0</STRIKE_PRICE4>
    <STRIKE_PRICE5>0</STRIKE_PRICE5>
    <STRIKE_PRICE6>0</STRIKE_PRICE6>
    <BARRIER_PRICE1>75.9</BARRIER_PRICE1>
    <BARRIER_PRICE2>0</BARRIER_PRICE2>
    <BARRIER_PRICE3>0</BARRIER_PRICE3>
    <BARRIER_PRICE4>0</BARRIER_PRICE4>
    <BARRIER_PRICE5>0</BARRIER_PRICE5>
    <BARRIER_PRICE6>0</BARRIER_PRICE6>
    <KI_PRICE>0</KI_PRICE>
    <PROTECT_LEVELP>100</PROTECT_LEVELP>
    <TTM>31</TTM>
    <TRADING_DAY>0</TRADING_DAY>
    <EXERCISE_TYPE>European</EXERCISE_TYPE>
    <PAR_VALUE>1000000</PAR_VALUE>
    <OFFER_PRICEP>100</OFFER_PRICEP>
    <OFFER_PRICE_AMT>5000000</OFFER_PRICE_AMT>
    <INITIAL_PRICEP>100</INITIAL_PRICEP>
    <INITIAL_PRICE_AMT>66</INITIAL_PRICE_AMT>
    <STRIKE_PRICE1P>100</STRIKE_PRICE1P>
    <STRIKE_PRICE2P>0</STRIKE_PRICE2P>
    <STRIKE_PRICE3P>0</STRIKE_PRICE3P>
    <STRIKE_PRICE4P>0</STRIKE_PRICE4P>
    <STRIKE_PRICE5P>0</STRIKE_PRICE5P>
    <STRIKE_PRICE6P>0</STRIKE_PRICE6P>
    <BARRIER_PRICE1P>115</BARRIER_PRICE1P>
    <BARRIER_PRICE2P>0</BARRIER_PRICE2P>
    <BARRIER_PRICE3P>0</BARRIER_PRICE3P>
    <BARRIER_PRICE4P>0</BARRIER_PRICE4P>
    <BARRIER_PRICE5P>0</BARRIER_PRICE5P>
    <BARRIER_PRICE6P>0</BARRIER_PRICE6P>
    <KK_PRICEP>0</KK_PRICEP>
    <PR1>50</PR1>
    <PR2>0</PR2>
    <MIN_YIELD1P>0</MIN_YIELD1P>
    <MIN_YIELD2P>0</MIN_YIELD2P>
    <MAX_YIELD1P>5</MAX_YIELD1P>
    <MAX_YIELD2P>0</MAX_YIELD2P>
    <REBATE_AMT>0</REBATE_AMT>
    <REBATEP>0</REBATEP>
    <NOTE_CURR>THB</NOTE_CURR>
    <UNDERLYING_CURR>USD</UNDERLYING_CURR>
    <FX_DELIVERY_AMT>0</FX_DELIVERY_AMT>
    <SURPLUS_CASH>0</SURPLUS_CASH>
    <SUB_BEGIN_DATE>11/06/2021</SUB_BEGIN_DATE>
    <SUB_END_DATE>11/06/2021</SUB_END_DATE>
    <TRADE_DATE>11/06/2021</TRADE_DATE>
    <EFFECTIVE_DATE>11/06/2021</EFFECTIVE_DATE>
    <SETTLE_DATE>11/06/2021</SETTLE_DATE>
    <ISSUE_DATE>14/06/2021</ISSUE_DATE>
    <FIXING_DATE>12/07/2021</FIXING_DATE>
    <MATURITY_DATE>15/07/2021</MATURITY_DATE>
    <SETTLE_PERIOD>3</SETTLE_PERIOD>
    <EXCRATE_TRADEDATE>32</EXCRATE_TRADEDATE>
    <EXCHANGE1>NYSE</EXCHANGE1>
    <CUST_TYPE>15</CUST_TYPE>
    <PAY_TYPE>C</PAY_TYPE>
    <STN_NAME>??????????????????????? ????????????????????????????????????????????????????????</STN_NAME>
    <STN_TYPE_DESC>??????????????????????????????????????? ?????? Shark-Fin Note ??????????????????????????</STN_TYPE_DESC>
    <STN_RETURN>???????????????????????????????????? ??????????????????????? ????????????? Rebate ???????????????????????????????????</STN_RETURN>
    <STN_RULE_REDEEM>??????????????????????????????????????????? ??????????????????????????????????????????????????????????????????????????????? (?????) ?????????????????????????????????????????????? ????????????????????????????????????????????????????????????????????? 2 ???? ??????

??????? 1 ? ????????????????????????????????????????????????????????????????????????????????????????????????????? ?????????????????????????????????????????????????????????? (Barrier Price) ? ?????????????????????????? (????????????? Knock-Out) ?????????????????????????????????????? 
(?) ?????????????? ??????????????? x ??????????????????????? ??? 
(?) ??????????????? ??????????????? x Rebate x (??????????????? ? ?????????????????????????????????? / ??????????????? ? ??????????????)

??????? 2 ????????????????? Knock-Out ?????????????????????????????????????????????? ??????

(2.1) ??????????????????? ? ?????????????????????????????????? ??????? Strike Price ??????????????????????????????????????
(?) ????????????????????????????? x ??????????????????????? ???
(?) ??????????????? [??????????????? x ???????????????????????????? x ((???????????????? ? ?????????????????????????????????? - ????????????) / ????????????????? ? ????????????????) x (??????????????? ? ?????????????????????????????????? / ??????????????? ? ?????????????????????????????????????????????)] 

(2.2) ??????????????????? ? ?????????????????????????????????? ?????????????????? Strike Price ????????????????????????????????????????????????????????????????????????????????????
????????????????????????????? x ???????????????????????</STN_RULE_REDEEM>
    <STN_SEQ>1/2564</STN_SEQ>
    <STN_SEQDATE>20 ?????? 2564</STN_SEQDATE>
    <BANKNAME>?????????????? ????? (?????)</BANKNAME>
  </TB_STNCONF>
</NewDataSet>
2021-08-07 18:23:05,545 [4] INFO  KKB.Treasury.TreasuryModel.Model.Model_RPT_CONFIRMREPORT [(null)] - -----Model_RPT_CONFIRMREPORT Finish-----
