2021-03-01 15:15:32,111 [6] ERROR TreasuryJob.ExecuteJob [(null)] - The type initializer for 'Quartz.Impl.StdSchedulerFactory' threw an exception.
2021-03-01 15:16:04,652 [4] INFO  TreasuryShadowSystem.Model.Model_Tb_Menu_Auth [(null)] - Select p.* From (Select l.* From OPICINF.KKB_TB_MS_LOOKUP l, OPICINF.KKB_TB_MS_MENU_AUTH a Where l.ID=a.MENU_ID And l.ENABLED='1' And a.USERGROUP_ID=(SELECT USERGROUP_ID FROM OPICINF.KKB_TB_MS_USERGROUP WHERE USERGROUP_NAME = 'ITProject') UNION Select * From OPICINF.KKB_TB_MS_LOOKUP WHERE ENABLED='1' AND ID IN (Select DISTINCT GROUPID From OPICINF.KKB_TB_MS_LOOKUP l, OPICINF.KKB_TB_MS_MENU_AUTH a Where l.ID=a.MENU_ID And l.ENABLED='1' And a.USERGROUP_ID=(SELECT USERGROUP_ID FROM OPICINF.KKB_TB_MS_USERGROUP WHERE USERGROUP_NAME = 'ITProject')) ) p Order By p.GroupID, p.SEQ 
2021-03-01 15:16:04,703 [4] INFO  TreasuryShadowSystem.Login [(null)] - Login successfull on :01/03/2021 03:16:04
2021-03-01 15:16:04,791 [4] ERROR TreasuryShadowSystem.Login [(null)] - Thread was being aborted.
2021-03-01 15:16:19,491 [9] INFO  TreasuryModel.Master.Model_MS_CUSTOMER [(null)] - sql GetCustomerAllSource : SELECT CASE WHEN CTYPE = 'I' THEN REPLACE(TRIM(NVL(TAXID,CA5)), ' ', '_') ELSE REPLACE(TRIM(CMNE), ' ', '_') END AS CUSTCODE , TRIM(TO_NCHAR(SN)) AS CUSTNAME , 'OPICS' as SOURCE FROM OPICS.CUST WHERE( UPPER(SN) LIKE UPPER(:findCust) OR UPPER(CMNE) LIKE UPPER(:findCust))  UNION SELECT CASE WHEN CUSTOMERTYPE = 'P' THEN REPLACE(TRIM(TAXID), ' ', '_') WHEN CUSTOMERTYPE = 'C' THEN NVL(REPLACE(TRIM(CODE), ' ', '_'), REPLACE(TRIM(TAXID), ' ', '_')) ELSE REPLACE(TRIM(CODE), ' ', '_') END AS CUSTCODE , TRIM(TO_NCHAR(NAMEEN)) AS CUSTNAME,  'OPICINF' AS SOURCE FROM OPICINF.KKB_TB_CUSTOMER WHERE (UPPER(NAMETH) LIKE UPPER(:findCust) OR UPPER(NAMEEN) LIKE UPPER(:findCust) OR UPPER(CODE) LIKE UPPER(:findCust) ) 
2021-03-01 15:16:20,481 [9] INFO  TreasuryModel.Master.Model_MS_CUSTOMER [(null)] - -----Model_MS_Customer Finish-----
2021-03-01 15:16:20,540 [9] INFO  TreasuryModel.Master.Model_MS_WEBPARAM [(null)] - -----Model_MS_WEBPARAM Start-----
2021-03-01 15:16:20,550 [9] INFO  TreasuryModel.Master.Model_MS_WEBPARAM [(null)] - getParamValueList : Start
2021-03-01 15:16:20,568 [9] INFO  TreasuryModel.Master.Model_MS_WEBPARAM [(null)] - -----Model_MS_WEBPARAM Finish-----
2021-03-01 15:16:46,092 [4] INFO  TreasuryShadowSystem.Configuration.Config [(null)] - -----Model_MS_Customer Finish-----
2021-03-01 15:16:46,107 [4] INFO  TreasuryShadowSystem.Configuration.Config [(null)] - -----Model_MS_Customer Finish-----
2021-03-01 15:16:46,124 [4] INFO  TreasuryShadowSystem.Configuration.Config [(null)] - -----Model_MS_Customer Finish-----
2021-03-01 15:20:02,283 [4] INFO  TreasuryModel.Master.Model_MS_CUSTOMER [(null)] - sql GetCustomerAllSource : SELECT CASE WHEN CTYPE = 'I' THEN REPLACE(TRIM(NVL(TAXID,CA5)), ' ', '_') ELSE REPLACE(TRIM(CMNE), ' ', '_') END AS CUSTCODE , TRIM(TO_NCHAR(SN)) AS CUSTNAME , 'OPICS' as SOURCE FROM OPICS.CUST WHERE( UPPER(SN) LIKE UPPER(:findCust) OR UPPER(CMNE) LIKE UPPER(:findCust))  UNION SELECT CASE WHEN CUSTOMERTYPE = 'P' THEN REPLACE(TRIM(TAXID), ' ', '_') WHEN CUSTOMERTYPE = 'C' THEN NVL(REPLACE(TRIM(CODE), ' ', '_'), REPLACE(TRIM(TAXID), ' ', '_')) ELSE REPLACE(TRIM(CODE), ' ', '_') END AS CUSTCODE , TRIM(TO_NCHAR(NAMEEN)) AS CUSTNAME,  'OPICINF' AS SOURCE FROM OPICINF.KKB_TB_CUSTOMER WHERE (UPPER(NAMETH) LIKE UPPER(:findCust) OR UPPER(NAMEEN) LIKE UPPER(:findCust) OR UPPER(CODE) LIKE UPPER(:findCust) ) 
2021-03-01 15:20:03,119 [4] INFO  TreasuryModel.Master.Model_MS_CUSTOMER [(null)] - -----Model_MS_Customer Finish-----
2021-03-01 15:20:04,089 [4] INFO  TreasuryModel.Master.Model_MS_WEBPARAM [(null)] - -----Model_MS_WEBPARAM Start-----
2021-03-01 15:20:04,099 [4] INFO  TreasuryModel.Master.Model_MS_WEBPARAM [(null)] - getParamValueList : Start
2021-03-01 15:20:04,102 [4] INFO  TreasuryModel.Master.Model_MS_WEBPARAM [(null)] - -----Model_MS_WEBPARAM Finish-----
2021-03-01 15:22:21,536 [9] ERROR TreasuryJob.ExecuteJob [(null)] - The type initializer for 'Quartz.Impl.StdSchedulerFactory' threw an exception.
2021-03-01 17:52:56,931 [10] ERROR TreasuryShadowSystem.Site [(null)] - Thread was being aborted.
2021-03-01 17:53:04,340 [6] INFO  TreasuryShadowSystem.Model.Model_Tb_Menu_Auth [(null)] - Select p.* From (Select l.* From OPICINF.KKB_TB_MS_LOOKUP l, OPICINF.KKB_TB_MS_MENU_AUTH a Where l.ID=a.MENU_ID And l.ENABLED='1' And a.USERGROUP_ID=(SELECT USERGROUP_ID FROM OPICINF.KKB_TB_MS_USERGROUP WHERE USERGROUP_NAME = 'ITProject') UNION Select * From OPICINF.KKB_TB_MS_LOOKUP WHERE ENABLED='1' AND ID IN (Select DISTINCT GROUPID From OPICINF.KKB_TB_MS_LOOKUP l, OPICINF.KKB_TB_MS_MENU_AUTH a Where l.ID=a.MENU_ID And l.ENABLED='1' And a.USERGROUP_ID=(SELECT USERGROUP_ID FROM OPICINF.KKB_TB_MS_USERGROUP WHERE USERGROUP_NAME = 'ITProject')) ) p Order By p.GroupID, p.SEQ 
2021-03-01 17:53:04,375 [6] INFO  TreasuryShadowSystem.Login [(null)] - Login successfull on :01/03/2021 05:53:04
2021-03-01 17:53:04,461 [6] ERROR TreasuryShadowSystem.Login [(null)] - Thread was being aborted.
2021-03-01 17:53:14,017 [6] INFO  TreasuryModel.Master.Model_MS_CUSTOMER [(null)] - sql GetCustomerAllSource : SELECT CASE WHEN CTYPE = 'I' THEN REPLACE(TRIM(NVL(TAXID,CA5)), ' ', '_') ELSE REPLACE(TRIM(CMNE), ' ', '_') END AS CUSTCODE , TRIM(TO_NCHAR(SN)) AS CUSTNAME , 'OPICS' as SOURCE FROM OPICS.CUST WHERE( UPPER(SN) LIKE UPPER(:findCust) OR UPPER(CMNE) LIKE UPPER(:findCust))  UNION SELECT CASE WHEN CUSTOMERTYPE = 'P' THEN REPLACE(TRIM(TAXID), ' ', '_') WHEN CUSTOMERTYPE = 'C' THEN NVL(REPLACE(TRIM(CODE), ' ', '_'), REPLACE(TRIM(TAXID), ' ', '_')) ELSE REPLACE(TRIM(CODE), ' ', '_') END AS CUSTCODE , TRIM(TO_NCHAR(NAMEEN)) AS CUSTNAME,  'OPICINF' AS SOURCE FROM OPICINF.KKB_TB_CUSTOMER WHERE (UPPER(NAMETH) LIKE UPPER(:findCust) OR UPPER(NAMEEN) LIKE UPPER(:findCust) OR UPPER(CODE) LIKE UPPER(:findCust) ) 
2021-03-01 17:53:14,914 [6] INFO  TreasuryModel.Master.Model_MS_CUSTOMER [(null)] - -----Model_MS_Customer Finish-----
2021-03-01 17:53:14,969 [6] INFO  TreasuryModel.Master.Model_MS_WEBPARAM [(null)] - -----Model_MS_WEBPARAM Start-----
2021-03-01 17:53:14,969 [6] INFO  TreasuryModel.Master.Model_MS_WEBPARAM [(null)] - getParamValueList : Start
2021-03-01 17:53:14,980 [6] INFO  TreasuryModel.Master.Model_MS_WEBPARAM [(null)] - -----Model_MS_WEBPARAM Finish-----
2021-03-01 17:54:05,418 [6] INFO  TreasuryShadowSystem.Configuration.Config [(null)] - -----Model_MS_Customer Finish-----
2021-03-01 17:54:05,438 [6] INFO  TreasuryShadowSystem.Configuration.Config [(null)] - -----Model_MS_Customer Finish-----
2021-03-01 17:54:05,451 [6] INFO  TreasuryShadowSystem.Configuration.Config [(null)] - -----Model_MS_Customer Finish-----
2021-03-01 17:54:17,042 [6] INFO  TreasuryModel.Master.Model_MS_CUSTOMER [(null)] - sql GetCustomerAllSource : SELECT CASE WHEN CTYPE = 'I' THEN REPLACE(TRIM(NVL(TAXID,CA5)), ' ', '_') ELSE REPLACE(TRIM(CMNE), ' ', '_') END AS CUSTCODE , TRIM(TO_NCHAR(SN)) AS CUSTNAME , 'OPICS' as SOURCE FROM OPICS.CUST WHERE( UPPER(SN) LIKE UPPER(:findCust) OR UPPER(CMNE) LIKE UPPER(:findCust))  UNION SELECT CASE WHEN CUSTOMERTYPE = 'P' THEN REPLACE(TRIM(TAXID), ' ', '_') WHEN CUSTOMERTYPE = 'C' THEN NVL(REPLACE(TRIM(CODE), ' ', '_'), REPLACE(TRIM(TAXID), ' ', '_')) ELSE REPLACE(TRIM(CODE), ' ', '_') END AS CUSTCODE , TRIM(TO_NCHAR(NAMEEN)) AS CUSTNAME,  'OPICINF' AS SOURCE FROM OPICINF.KKB_TB_CUSTOMER WHERE (UPPER(NAMETH) LIKE UPPER(:findCust) OR UPPER(NAMEEN) LIKE UPPER(:findCust) OR UPPER(CODE) LIKE UPPER(:findCust) ) 
2021-03-01 17:54:17,887 [6] INFO  TreasuryModel.Master.Model_MS_CUSTOMER [(null)] - -----Model_MS_Customer Finish-----
2021-03-01 17:54:17,932 [6] INFO  TreasuryModel.Master.Model_MS_WEBPARAM [(null)] - -----Model_MS_WEBPARAM Start-----
2021-03-01 17:54:17,932 [6] INFO  TreasuryModel.Master.Model_MS_WEBPARAM [(null)] - getParamValueList : Start
2021-03-01 17:54:17,936 [6] INFO  TreasuryModel.Master.Model_MS_WEBPARAM [(null)] - -----Model_MS_WEBPARAM Finish-----
2021-03-01 17:54:23,404 [9] ERROR TreasuryJob.ExecuteJob [(null)] - The type initializer for 'Quartz.Impl.StdSchedulerFactory' threw an exception.
