2021-05-19 00:06:44,777 [10] ERROR TreasuryShadowSystem.ALR.ViewTranALR [(null)] - Control 'ctl00_bodyContent_GridData' of type 'GridView' must be placed inside a form tag with runat=server.
2021-05-19 00:12:41,524 [4] INFO  TreasuryShadowSystem.Model.Model_Tb_Menu_Auth [(null)] - Select p.* From (Select l.* From OPICINF.KKB_TB_MS_LOOKUP l, OPICINF.KKB_TB_MS_MENU_AUTH a Where l.ID=a.MENU_ID And l.ENABLED='1' And a.USERGROUP_ID=(SELECT USERGROUP_ID FROM OPICINF.KKB_TB_MS_USERGROUP WHERE USERGROUP_NAME = 'ITProject') UNION Select * From OPICINF.KKB_TB_MS_LOOKUP WHERE ENABLED='1' AND ID IN (Select DISTINCT GROUPID From OPICINF.KKB_TB_MS_LOOKUP l, OPICINF.KKB_TB_MS_MENU_AUTH a Where l.ID=a.MENU_ID And l.ENABLED='1' And a.USERGROUP_ID=(SELECT USERGROUP_ID FROM OPICINF.KKB_TB_MS_USERGROUP WHERE USERGROUP_NAME = 'ITProject')) ) p Order By p.GroupID, p.SEQ 
2021-05-19 00:12:44,745 [4] INFO  TreasuryShadowSystem.Login [(null)] - Login successfull on :19/05/2021 12:12:44
2021-05-19 00:12:44,919 [4] ERROR TreasuryShadowSystem.Login [(null)] - Thread was being aborted.
2021-05-19 00:13:05,881 [4] INFO  TreasuryModel.Data.TransToALR [(null)] - -----Model_TransToALR Start-----
2021-05-19 00:13:05,884 [4] INFO  TreasuryModel.Data.TransToALR [(null)] - getViewTrans =17/05/2021
2021-05-19 00:13:06,235 [4] INFO  TreasuryModel.Data.TransToALR [(null)] - -----Model_TransToALR Finish-----
2021-05-19 00:28:36,040 [4] INFO  TreasuryShadowSystem.Model.Model_Tb_Menu_Auth [(null)] - Select p.* From (Select l.* From OPICINF.KKB_TB_MS_LOOKUP l, OPICINF.KKB_TB_MS_MENU_AUTH a Where l.ID=a.MENU_ID And l.ENABLED='1' And a.USERGROUP_ID=(SELECT USERGROUP_ID FROM OPICINF.KKB_TB_MS_USERGROUP WHERE USERGROUP_NAME = 'ITProject') UNION Select * From OPICINF.KKB_TB_MS_LOOKUP WHERE ENABLED='1' AND ID IN (Select DISTINCT GROUPID From OPICINF.KKB_TB_MS_LOOKUP l, OPICINF.KKB_TB_MS_MENU_AUTH a Where l.ID=a.MENU_ID And l.ENABLED='1' And a.USERGROUP_ID=(SELECT USERGROUP_ID FROM OPICINF.KKB_TB_MS_USERGROUP WHERE USERGROUP_NAME = 'ITProject')) ) p Order By p.GroupID, p.SEQ 
2021-05-19 00:28:37,692 [4] INFO  TreasuryShadowSystem.Login [(null)] - Login successfull on :19/05/2021 12:28:37
2021-05-19 00:28:37,838 [4] ERROR TreasuryShadowSystem.Login [(null)] - Thread was being aborted.
2021-05-19 00:28:59,578 [4] INFO  TreasuryModel.Data.TransToALR [(null)] - -----Model_TransToALR Start-----
2021-05-19 00:28:59,579 [4] INFO  TreasuryModel.Data.TransToALR [(null)] - getViewTrans =17/05/2021
2021-05-19 00:28:59,778 [4] INFO  TreasuryModel.Data.TransToALR [(null)] - -----Model_TransToALR Finish-----
2021-05-19 00:29:08,161 [9] ERROR TreasuryShadowSystem.ALR.ViewTranALR [(null)] - Thread was being aborted.
2021-05-19 00:30:28,190 [9] ERROR TreasuryShadowSystem.ALR.ViewTranALR [(null)] - Thread was being aborted.
2021-05-19 00:30:28,281 [9] ERROR TreasuryShadowSystem.ALR.ViewTranALR [(null)] - Thread was being aborted.
2021-05-19 00:41:17,595 [9] ERROR TreasuryShadowSystem.ALR.ViewTranALR [(null)] - Thread was being aborted.
2021-05-19 00:41:17,700 [9] ERROR TreasuryShadowSystem.ALR.ViewTranALR [(null)] - Thread was being aborted.
2021-05-19 00:42:17,414 [4] ERROR TreasuryShadowSystem.ALR.ViewTranALR [(null)] - Thread was being aborted.
2021-05-19 00:42:17,519 [4] ERROR TreasuryShadowSystem.ALR.ViewTranALR [(null)] - Thread was being aborted.
2021-05-19 00:44:34,329 [10] ERROR TreasuryShadowSystem.ALR.ViewTranALR [(null)] - Thread was being aborted.
2021-05-19 00:44:34,428 [10] ERROR TreasuryShadowSystem.ALR.ViewTranALR [(null)] - Thread was being aborted.
2021-05-19 00:54:39,059 [5] INFO  TreasuryShadowSystem.Model.Model_Tb_Menu_Auth [(null)] - Select p.* From (Select l.* From OPICINF.KKB_TB_MS_LOOKUP l, OPICINF.KKB_TB_MS_MENU_AUTH a Where l.ID=a.MENU_ID And l.ENABLED='1' And a.USERGROUP_ID=(SELECT USERGROUP_ID FROM OPICINF.KKB_TB_MS_USERGROUP WHERE USERGROUP_NAME = 'ITProject') UNION Select * From OPICINF.KKB_TB_MS_LOOKUP WHERE ENABLED='1' AND ID IN (Select DISTINCT GROUPID From OPICINF.KKB_TB_MS_LOOKUP l, OPICINF.KKB_TB_MS_MENU_AUTH a Where l.ID=a.MENU_ID And l.ENABLED='1' And a.USERGROUP_ID=(SELECT USERGROUP_ID FROM OPICINF.KKB_TB_MS_USERGROUP WHERE USERGROUP_NAME = 'ITProject')) ) p Order By p.GroupID, p.SEQ 
2021-05-19 00:54:39,995 [5] INFO  TreasuryShadowSystem.Login [(null)] - Login successfull on :19/05/2021 12:54:39
2021-05-19 00:54:40,107 [5] ERROR TreasuryShadowSystem.Login [(null)] - Thread was being aborted.
2021-05-19 00:55:08,297 [5] INFO  TreasuryModel.Data.TransToALR [(null)] - -----Model_TransToALR Start-----
2021-05-19 00:55:08,298 [5] INFO  TreasuryModel.Data.TransToALR [(null)] - getViewTrans =17/05/2021
2021-05-19 00:55:08,481 [5] INFO  TreasuryModel.Data.TransToALR [(null)] - -----Model_TransToALR Finish-----
2021-05-19 00:58:19,864 [4] INFO  TreasuryModel.Data.TransToALR [(null)] - -----Model_TransToALR Start-----
2021-05-19 00:58:19,865 [4] INFO  TreasuryModel.Data.TransToALR [(null)] - getViewTrans =17/05/2021
2021-05-19 00:58:19,943 [4] INFO  TreasuryModel.Data.TransToALR [(null)] - -----Model_TransToALR Finish-----
2021-05-19 01:02:00,744 [4] INFO  TreasuryShadowSystem.Model.Model_Tb_Menu_Auth [(null)] - Select p.* From (Select l.* From OPICINF.KKB_TB_MS_LOOKUP l, OPICINF.KKB_TB_MS_MENU_AUTH a Where l.ID=a.MENU_ID And l.ENABLED='1' And a.USERGROUP_ID=(SELECT USERGROUP_ID FROM OPICINF.KKB_TB_MS_USERGROUP WHERE USERGROUP_NAME = 'ITProject') UNION Select * From OPICINF.KKB_TB_MS_LOOKUP WHERE ENABLED='1' AND ID IN (Select DISTINCT GROUPID From OPICINF.KKB_TB_MS_LOOKUP l, OPICINF.KKB_TB_MS_MENU_AUTH a Where l.ID=a.MENU_ID And l.ENABLED='1' And a.USERGROUP_ID=(SELECT USERGROUP_ID FROM OPICINF.KKB_TB_MS_USERGROUP WHERE USERGROUP_NAME = 'ITProject')) ) p Order By p.GroupID, p.SEQ 
2021-05-19 01:02:01,311 [4] INFO  TreasuryShadowSystem.Login [(null)] - Login successfull on :19/05/2021 01:02:01
2021-05-19 01:02:01,391 [4] ERROR TreasuryShadowSystem.Login [(null)] - Thread was being aborted.
2021-05-19 01:02:10,531 [9] INFO  TreasuryModel.Data.TransToALR [(null)] - -----Model_TransToALR Start-----
2021-05-19 01:02:10,531 [9] INFO  TreasuryModel.Data.TransToALR [(null)] - getViewTrans =17/05/2021
2021-05-19 01:02:10,598 [9] INFO  TreasuryModel.Data.TransToALR [(null)] - -----Model_TransToALR Finish-----
2021-05-19 01:04:18,521 [4] ERROR TreasuryShadowSystem.ALR.ViewTranALR [(null)] - RegisterForEventValidation can only be called during Render();
2021-05-19 01:08:06,449 [6] INFO  TreasuryShadowSystem.Model.Model_Tb_Menu_Auth [(null)] - Select p.* From (Select l.* From OPICINF.KKB_TB_MS_LOOKUP l, OPICINF.KKB_TB_MS_MENU_AUTH a Where l.ID=a.MENU_ID And l.ENABLED='1' And a.USERGROUP_ID=(SELECT USERGROUP_ID FROM OPICINF.KKB_TB_MS_USERGROUP WHERE USERGROUP_NAME = 'ITProject') UNION Select * From OPICINF.KKB_TB_MS_LOOKUP WHERE ENABLED='1' AND ID IN (Select DISTINCT GROUPID From OPICINF.KKB_TB_MS_LOOKUP l, OPICINF.KKB_TB_MS_MENU_AUTH a Where l.ID=a.MENU_ID And l.ENABLED='1' And a.USERGROUP_ID=(SELECT USERGROUP_ID FROM OPICINF.KKB_TB_MS_USERGROUP WHERE USERGROUP_NAME = 'ITProject')) ) p Order By p.GroupID, p.SEQ 
2021-05-19 01:08:07,419 [6] INFO  TreasuryShadowSystem.Login [(null)] - Login successfull on :19/05/2021 01:08:07
2021-05-19 01:08:07,556 [6] ERROR TreasuryShadowSystem.Login [(null)] - Thread was being aborted.
2021-05-19 01:08:23,082 [4] INFO  TreasuryModel.Data.TransToALR [(null)] - -----Model_TransToALR Start-----
2021-05-19 01:08:23,083 [4] INFO  TreasuryModel.Data.TransToALR [(null)] - getViewTrans =17/05/2021
2021-05-19 01:08:23,303 [4] INFO  TreasuryModel.Data.TransToALR [(null)] - -----Model_TransToALR Finish-----
2021-05-19 01:08:53,262 [6] ERROR TreasuryShadowSystem.ALR.ViewTranALR [(null)] - Thread was being aborted.
2021-05-19 01:08:53,360 [6] ERROR TreasuryShadowSystem.ALR.ViewTranALR [(null)] - Thread was being aborted.
2021-05-19 01:15:30,771 [4] INFO  TreasuryShadowSystem.Model.Model_Tb_Menu_Auth [(null)] - Select p.* From (Select l.* From OPICINF.KKB_TB_MS_LOOKUP l, OPICINF.KKB_TB_MS_MENU_AUTH a Where l.ID=a.MENU_ID And l.ENABLED='1' And a.USERGROUP_ID=(SELECT USERGROUP_ID FROM OPICINF.KKB_TB_MS_USERGROUP WHERE USERGROUP_NAME = 'ITProject') UNION Select * From OPICINF.KKB_TB_MS_LOOKUP WHERE ENABLED='1' AND ID IN (Select DISTINCT GROUPID From OPICINF.KKB_TB_MS_LOOKUP l, OPICINF.KKB_TB_MS_MENU_AUTH a Where l.ID=a.MENU_ID And l.ENABLED='1' And a.USERGROUP_ID=(SELECT USERGROUP_ID FROM OPICINF.KKB_TB_MS_USERGROUP WHERE USERGROUP_NAME = 'ITProject')) ) p Order By p.GroupID, p.SEQ 
2021-05-19 01:15:32,357 [4] INFO  TreasuryShadowSystem.Login [(null)] - Login successfull on :19/05/2021 01:15:32
2021-05-19 01:15:32,453 [4] ERROR TreasuryShadowSystem.Login [(null)] - Thread was being aborted.
2021-05-19 01:15:41,656 [4] INFO  TreasuryModel.Data.TransToALR [(null)] - -----Model_TransToALR Start-----
2021-05-19 01:15:41,658 [4] INFO  TreasuryModel.Data.TransToALR [(null)] - getViewTrans =17/05/2021
2021-05-19 01:15:41,728 [4] INFO  TreasuryModel.Data.TransToALR [(null)] - -----Model_TransToALR Finish-----
2021-05-19 01:16:25,794 [8] ERROR TreasuryShadowSystem.ALR.ViewTranALR [(null)] - Thread was being aborted.
2021-05-19 01:16:25,957 [8] ERROR TreasuryShadowSystem.ALR.ViewTranALR [(null)] - Thread was being aborted.
2021-05-19 01:19:49,708 [7] ERROR TreasuryShadowSystem.ALR.ViewTranALR [(null)] - Thread was being aborted.
2021-05-19 01:19:49,811 [7] ERROR TreasuryShadowSystem.ALR.ViewTranALR [(null)] - Thread was being aborted.
