2021-04-26 02:03:39,326 [4] INFO  TreasuryShadowSystem.Model.Model_Tb_Menu_Auth [(null)] - Select p.* From (Select l.* From OPICINF.KKB_TB_MS_LOOKUP l, OPICINF.KKB_TB_MS_MENU_AUTH a Where l.ID=a.MENU_ID And l.ENABLED='1' And a.USERGROUP_ID=(SELECT USERGROUP_ID FROM OPICINF.KKB_TB_MS_USERGROUP WHERE USERGROUP_NAME = 'ITProject') UNION Select * From OPICINF.KKB_TB_MS_LOOKUP WHERE ENABLED='1' AND ID IN (Select DISTINCT GROUPID From OPICINF.KKB_TB_MS_LOOKUP l, OPICINF.KKB_TB_MS_MENU_AUTH a Where l.ID=a.MENU_ID And l.ENABLED='1' And a.USERGROUP_ID=(SELECT USERGROUP_ID FROM OPICINF.KKB_TB_MS_USERGROUP WHERE USERGROUP_NAME = 'ITProject')) ) p Order By p.GroupID, p.SEQ 
2021-04-26 02:03:39,693 [4] INFO  TreasuryShadowSystem.Login [(null)] - Login successfull on :26/04/2021 02:03:39
2021-04-26 02:03:39,818 [4] ERROR TreasuryShadowSystem.Login [(null)] - Thread was being aborted.
2021-04-26 04:01:17,992 [6] INFO  TreasuryShadowSystem.Model.Model_Tb_Menu_Auth [(null)] - Select p.* From (Select l.* From OPICINF.KKB_TB_MS_LOOKUP l, OPICINF.KKB_TB_MS_MENU_AUTH a Where l.ID=a.MENU_ID And l.ENABLED='1' And a.USERGROUP_ID=(SELECT USERGROUP_ID FROM OPICINF.KKB_TB_MS_USERGROUP WHERE USERGROUP_NAME = 'ITProject') UNION Select * From OPICINF.KKB_TB_MS_LOOKUP WHERE ENABLED='1' AND ID IN (Select DISTINCT GROUPID From OPICINF.KKB_TB_MS_LOOKUP l, OPICINF.KKB_TB_MS_MENU_AUTH a Where l.ID=a.MENU_ID And l.ENABLED='1' And a.USERGROUP_ID=(SELECT USERGROUP_ID FROM OPICINF.KKB_TB_MS_USERGROUP WHERE USERGROUP_NAME = 'ITProject')) ) p Order By p.GroupID, p.SEQ 
2021-04-26 04:01:18,174 [6] INFO  TreasuryShadowSystem.Login [(null)] - Login successfull on :26/04/2021 04:01:18
2021-04-26 04:01:18,261 [6] ERROR TreasuryShadowSystem.Login [(null)] - Thread was being aborted.
2021-04-26 05:07:44,806 [4] INFO  TreasuryShadowSystem.Model.Model_Tb_Menu_Auth [(null)] - Select p.* From (Select l.* From OPICINF.KKB_TB_MS_LOOKUP l, OPICINF.KKB_TB_MS_MENU_AUTH a Where l.ID=a.MENU_ID And l.ENABLED='1' And a.USERGROUP_ID=(SELECT USERGROUP_ID FROM OPICINF.KKB_TB_MS_USERGROUP WHERE USERGROUP_NAME = 'ITProject') UNION Select * From OPICINF.KKB_TB_MS_LOOKUP WHERE ENABLED='1' AND ID IN (Select DISTINCT GROUPID From OPICINF.KKB_TB_MS_LOOKUP l, OPICINF.KKB_TB_MS_MENU_AUTH a Where l.ID=a.MENU_ID And l.ENABLED='1' And a.USERGROUP_ID=(SELECT USERGROUP_ID FROM OPICINF.KKB_TB_MS_USERGROUP WHERE USERGROUP_NAME = 'ITProject')) ) p Order By p.GroupID, p.SEQ 
2021-04-26 05:07:45,035 [4] INFO  TreasuryShadowSystem.Login [(null)] - Login successfull on :26/04/2021 05:07:45
2021-04-26 05:07:45,130 [4] ERROR TreasuryShadowSystem.Login [(null)] - Thread was being aborted.
2021-04-26 05:09:36,862 [4] INFO  KKB.Treasury.TreasuryModel.Model.Model_RPT_SETTLEMENTREPORT [(null)] - -----Model_RPT_SETTLEMENTREPORT Start-----
2021-04-26 05:09:36,862 [4] INFO  KKB.Treasury.TreasuryModel.Model.Model_RPT_SETTLEMENTREPORT [(null)] - Store Procedure : OPICINF.KKB_SP_TSS_STNCONF
2021-04-26 05:09:37,001 [4] ERROR KKB.Treasury.TreasuryCommon.Common.Oracle [(null)] - -----Oracle ExecuteReader Error----
2021-04-26 05:09:37,001 [4] ERROR KKB.Treasury.TreasuryCommon.Common.Oracle [(null)] - ORA-06550: line 1, column 7:
PLS-00306: wrong number or types of arguments in call to 'KKB_SP_TSS_STNCONF'
ORA-06550: line 1, column 7:
PL/SQL: Statement ignored
2021-04-26 05:09:37,002 [4] INFO  KKB.Treasury.TreasuryModel.Model.Model_RPT_SETTLEMENTREPORT [(null)] - -----Model_RPT_SETTLEMENTREPORT Finish-----
2021-04-26 05:11:05,412 [4] INFO  KKB.Treasury.TreasuryModel.Model.Model_RPT_CONFIRMREPORT [(null)] - -----Model_RPT_CONFIRMREPORT Start-----
2021-04-26 05:11:05,412 [4] INFO  KKB.Treasury.TreasuryModel.Model.Model_RPT_CONFIRMREPORT [(null)] - Store Procedure : OPICINF.KKB_SP_TSS_STNCONF
2021-04-26 05:11:05,544 [4] ERROR KKB.Treasury.TreasuryCommon.Common.Oracle [(null)] - -----Oracle ExecuteReader Error----
2021-04-26 05:11:05,554 [4] ERROR KKB.Treasury.TreasuryCommon.Common.Oracle [(null)] - ORA-06550: line 1, column 7:
PLS-00306: wrong number or types of arguments in call to 'KKB_SP_TSS_STNCONF'
ORA-06550: line 1, column 7:
PL/SQL: Statement ignored
2021-04-26 05:11:05,554 [4] INFO  KKB.Treasury.TreasuryModel.Model.Model_RPT_CONFIRMREPORT [(null)] - -----Model_RPT_CONFIRMREPORT Finish-----
2021-04-26 21:12:53,267 [12] INFO  TreasuryShadowSystem.Model.Model_Tb_Menu_Auth [(null)] - Select p.* From (Select l.* From OPICINF.KKB_TB_MS_LOOKUP l, OPICINF.KKB_TB_MS_MENU_AUTH a Where l.ID=a.MENU_ID And l.ENABLED='1' And a.USERGROUP_ID=(SELECT USERGROUP_ID FROM OPICINF.KKB_TB_MS_USERGROUP WHERE USERGROUP_NAME = 'ITProject') UNION Select * From OPICINF.KKB_TB_MS_LOOKUP WHERE ENABLED='1' AND ID IN (Select DISTINCT GROUPID From OPICINF.KKB_TB_MS_LOOKUP l, OPICINF.KKB_TB_MS_MENU_AUTH a Where l.ID=a.MENU_ID And l.ENABLED='1' And a.USERGROUP_ID=(SELECT USERGROUP_ID FROM OPICINF.KKB_TB_MS_USERGROUP WHERE USERGROUP_NAME = 'ITProject')) ) p Order By p.GroupID, p.SEQ 
2021-04-26 21:12:53,548 [12] INFO  TreasuryShadowSystem.Login [(null)] - Login successfull on :26/04/2021 09:12:53
2021-04-26 21:12:53,661 [12] ERROR TreasuryShadowSystem.Login [(null)] - Thread was being aborted.
2021-04-26 21:48:39,975 [12] INFO  KKB.Treasury.TreasuryModel.Model.Model_RPT_CONFIRMREPORT [(null)] - -----Model_RPT_CONFIRMREPORT Start-----
2021-04-26 21:48:40,639 [12] INFO  KKB.Treasury.TreasuryModel.Model.Model_RPT_CONFIRMREPORT [(null)] - Store Procedure : OPICINF.KKB_SP_TSS_STNCONF
2021-04-26 21:48:51,842 [12] ERROR KKB.Treasury.TreasuryCommon.Common.Oracle [(null)] - -----Oracle ExecuteReader Error----
2021-04-26 21:48:51,873 [12] ERROR KKB.Treasury.TreasuryCommon.Common.Oracle [(null)] - ORA-06550: line 1, column 7:
PLS-00306: wrong number or types of arguments in call to 'KKB_SP_TSS_STNCONF'
ORA-06550: line 1, column 7:
PL/SQL: Statement ignored
2021-04-26 21:48:56,084 [12] INFO  KKB.Treasury.TreasuryModel.Model.Model_RPT_CONFIRMREPORT [(null)] - -----Model_RPT_CONFIRMREPORT Finish-----
2021-04-26 21:58:58,651 [12] INFO  KKB.Treasury.TreasuryModel.Model.Model_RPT_CONFIRMREPORT [(null)] - -----Model_RPT_CONFIRMREPORT Start-----
2021-04-26 21:59:04,831 [12] INFO  KKB.Treasury.TreasuryModel.Model.Model_RPT_CONFIRMREPORT [(null)] - Store Procedure : OPICINF.KKB_SP_TSS_STNCONF
2021-04-26 22:00:24,034 [12] ERROR KKB.Treasury.TreasuryCommon.Common.Oracle [(null)] - -----Oracle ExecuteReader Error----
2021-04-26 22:00:24,047 [12] ERROR KKB.Treasury.TreasuryCommon.Common.Oracle [(null)] - ORA-06550: line 1, column 7:
PLS-00306: wrong number or types of arguments in call to 'KKB_SP_TSS_STNCONF'
ORA-06550: line 1, column 7:
PL/SQL: Statement ignored
2021-04-26 22:03:48,550 [12] INFO  KKB.Treasury.TreasuryModel.Model.Model_RPT_CONFIRMREPORT [(null)] - -----Model_RPT_CONFIRMREPORT Finish-----
2021-04-26 22:05:37,520 [12] INFO  KKB.Treasury.TreasuryModel.Model.Model_RPT_CONFIRMREPORT [(null)] - -----Model_RPT_CONFIRMREPORT Start-----
2021-04-26 22:05:38,126 [12] INFO  KKB.Treasury.TreasuryModel.Model.Model_RPT_CONFIRMREPORT [(null)] - Store Procedure : OPICINF.KKB_SP_TSS_STNCONF
2021-04-26 22:07:07,120 [12] INFO  KKB.Treasury.TreasuryModel.Model.Model_RPT_CONFIRMREPORT [(null)] - <NewDataSet>
  <TB_STNCONF>
    <STNID>241</STNID>
    <ACTION>New Trade</ACTION>
    <CURR_DATE>01/04/2021</CURR_DATE>
    <ORDER_NO>2021600012</ORDER_NO>
    <ACCT_NO>78451263</ACCT_NO>
    <SYMBOL>KKBODN21O04Z</SYMBOL>
    <KKSYMBOL>KKP21O04Z</KKSYMBOL>
    <UNIT>5</UNIT>
    <AMOUNT>5000000</AMOUNT>
    <FULLNAME>??? ??????? ??????????</FULLNAME>
    <TAXID>3165874542047</TAXID>
    <CUST_BANK_CODE>KKP</CUST_BANK_CODE>
    <CUST_BANK_ACCT>31587499</CUST_BANK_ACCT>
    <TEL>081-111-1111</TEL>
    <EMAIL>Punlapat@gmail.com</EMAIL>
    <FC_NAME>Kittiporn Sinsukthavorn</FC_NAME>
    <FC_EMAIL>Kittiporn.Sins@kkpfg.com</FC_EMAIL>
    <STN_TYPE>BODN</STN_TYPE>
    <NOTE_SERIES>1/2564</NOTE_SERIES>
    <UNDERLYING1>PTT</UNDERLYING1>
    <UNDERLYING2>LH</UNDERLYING2>
    <UNDERLYING3>CPALL</UNDERLYING3>
    <STRIKE_PRICE1>40</STRIKE_PRICE1>
    <STRIKE_PRICE2>8</STRIKE_PRICE2>
    <STRIKE_PRICE3>69</STRIKE_PRICE3>
    <STRIKE_PRICE4>0</STRIKE_PRICE4>
    <STRIKE_PRICE5>0</STRIKE_PRICE5>
    <STRIKE_PRICE6>0</STRIKE_PRICE6>
    <BARRIER_PRICE1>0</BARRIER_PRICE1>
    <BARRIER_PRICE2>0</BARRIER_PRICE2>
    <BARRIER_PRICE3>0</BARRIER_PRICE3>
    <BARRIER_PRICE4>0</BARRIER_PRICE4>
    <BARRIER_PRICE5>0</BARRIER_PRICE5>
    <BARRIER_PRICE6>0</BARRIER_PRICE6>
    <KI_PRICE>0</KI_PRICE>
    <PROTECT_LEVELP>100</PROTECT_LEVELP>
    <TTM>182</TTM>
    <TRADING_DAY>0</TRADING_DAY>
    <EXERCISE_TYPE>European</EXERCISE_TYPE>
    <PAR_VALUE>1000000</PAR_VALUE>
    <OFFER_PRICEP>100</OFFER_PRICEP>
    <OFFER_PRICE_AMT>5000000</OFFER_PRICE_AMT>
    <INITIAL_PRICEP>100</INITIAL_PRICEP>
    <INITIAL_PRICE_AMT>0</INITIAL_PRICE_AMT>
    <STRIKE_PRICE1P>100</STRIKE_PRICE1P>
    <STRIKE_PRICE2P>100</STRIKE_PRICE2P>
    <STRIKE_PRICE3P>100</STRIKE_PRICE3P>
    <STRIKE_PRICE4P>0</STRIKE_PRICE4P>
    <STRIKE_PRICE5P>0</STRIKE_PRICE5P>
    <STRIKE_PRICE6P>0</STRIKE_PRICE6P>
    <BARRIER_PRICE1P>0</BARRIER_PRICE1P>
    <BARRIER_PRICE2P>0</BARRIER_PRICE2P>
    <BARRIER_PRICE3P>0</BARRIER_PRICE3P>
    <BARRIER_PRICE4P>0</BARRIER_PRICE4P>
    <BARRIER_PRICE5P>0</BARRIER_PRICE5P>
    <BARRIER_PRICE6P>0</BARRIER_PRICE6P>
    <KK_PRICEP>0</KK_PRICEP>
    <PR1>0</PR1>
    <PR2>0</PR2>
    <MIN_YIELD1P>0.25</MIN_YIELD1P>
    <MIN_YIELD2P>0</MIN_YIELD2P>
    <MAX_YIELD1P>1.5</MAX_YIELD1P>
    <MAX_YIELD2P>0</MAX_YIELD2P>
    <REBATE_AMT>0</REBATE_AMT>
    <REBATEP>0.6232</REBATEP>
    <NOTE_CURR>THB</NOTE_CURR>
    <UNDERLYING_CURR>THB</UNDERLYING_CURR>
    <FX_DELIVERY_AMT>0</FX_DELIVERY_AMT>
    <SURPLUS_CASH>0</SURPLUS_CASH>
    <SUB_BEGIN_DATE>01/04/2021</SUB_BEGIN_DATE>
    <SUB_END_DATE>01/04/2021</SUB_END_DATE>
    <TRADE_DATE>01/04/2021</TRADE_DATE>
    <EFFECTIVE_DATE>05/04/2021</EFFECTIVE_DATE>
    <SETTLE_DATE>05/04/2021</SETTLE_DATE>
    <ISSUE_DATE>05/04/2021</ISSUE_DATE>
    <FIXING_DATE>30/09/2021</FIXING_DATE>
    <MATURITY_DATE>04/10/2021</MATURITY_DATE>
    <SETTLE_PERIOD>2</SETTLE_PERIOD>
    <EXCRATE_TRADEDATE>0</EXCRATE_TRADEDATE>
    <EXCHANGE1>SET</EXCHANGE1>
    <CUST_TYPE>1</CUST_TYPE>
    <PAY_TYPE>C</PAY_TYPE>
    <STN_NAME>??????????????????????? ???????????????????????????????????????????? KTC, OSP, VGI ????????? ?????????????????????? ????? (?????)</STN_NAME>
    <STN_TYPE_DESC>??????????????????????????????????????? ?????? Bonus Digital Note ??????????????????????????</STN_TYPE_DESC>
    <STN_RETURN>???????????????????????????????????? ??????????????????????? ????????????? ??? Rebate</STN_RETURN>
    <STN_RULE_REDEEM>??????????????????????????????????????????? ??????????????????????????????????????????????????????????????????????????????? (?????) ?????????????????????????????????????????????? ????????????????????????????????????????????????????????????????????? 2 ???? ??????
??????? 1 ??????????????????????? ? ?????????????????????????????????? (Fixing Price) ?????????????????????????????? (Strike Price)
(?) ?????????????? ??????????????????????? × ??????????????????????? 
(?) ??????????????? ??????????????????????? × Min Yield × (??????????/365)
(?) ??????????????? ??????????????????????? × Rebate
??????? 2 ???????????????????????????????????????? ? ?????????????????????????????????? (Fixing Price) ??????????????????? (Strike Price)
(?) ?????????????? ??????????????????????? × ??????????????????????? 
(?) ??????????????? ??????????????????????? × Min Yield × (??????????/365)</STN_RULE_REDEEM>
  </TB_STNCONF>
  <TB_STNCONF>
    <STNID>242</STNID>
    <ACTION>New Trade</ACTION>
    <CURR_DATE>01/04/2021</CURR_DATE>
    <ORDER_NO>2021600013</ORDER_NO>
    <ACCT_NO>20135498</ACCT_NO>
    <SYMBOL>KKBODN21O04Z</SYMBOL>
    <KKSYMBOL>KKP21O04Z</KKSYMBOL>
    <UNIT>10</UNIT>
    <AMOUNT>10000000</AMOUNT>
    <FULLNAME>??? ???????? ????</FULLNAME>
    <TAXID>3100215478963</TAXID>
    <CUST_BANK_CODE>KKP</CUST_BANK_CODE>
    <CUST_BANK_ACCT>32548741</CUST_BANK_ACCT>
    <TEL>081-111-1112</TEL>
    <EMAIL>Eknarong@gmail.com</EMAIL>
    <FC_NAME>Kittiporn Sinsukthavorn</FC_NAME>
    <FC_EMAIL>Kittiporn.Sins@kkpfg.com</FC_EMAIL>
    <STN_TYPE>BODN</STN_TYPE>
    <NOTE_SERIES>1/2564</NOTE_SERIES>
    <UNDERLYING1>PTT</UNDERLYING1>
    <UNDERLYING2>LH</UNDERLYING2>
    <UNDERLYING3>CPALL</UNDERLYING3>
    <STRIKE_PRICE1>40</STRIKE_PRICE1>
    <STRIKE_PRICE2>8</STRIKE_PRICE2>
    <STRIKE_PRICE3>69</STRIKE_PRICE3>
    <STRIKE_PRICE4>0</STRIKE_PRICE4>
    <STRIKE_PRICE5>0</STRIKE_PRICE5>
    <STRIKE_PRICE6>0</STRIKE_PRICE6>
    <BARRIER_PRICE1>0</BARRIER_PRICE1>
    <BARRIER_PRICE2>0</BARRIER_PRICE2>
    <BARRIER_PRICE3>0</BARRIER_PRICE3>
    <BARRIER_PRICE4>0</BARRIER_PRICE4>
    <BARRIER_PRICE5>0</BARRIER_PRICE5>
    <BARRIER_PRICE6>0</BARRIER_PRICE6>
    <KI_PRICE>0</KI_PRICE>
    <PROTECT_LEVELP>100</PROTECT_LEVELP>
    <TTM>182</TTM>
    <TRADING_DAY>0</TRADING_DAY>
    <EXERCISE_TYPE>European</EXERCISE_TYPE>
    <PAR_VALUE>1000000</PAR_VALUE>
    <OFFER_PRICEP>100</OFFER_PRICEP>
    <OFFER_PRICE_AMT>10000000</OFFER_PRICE_AMT>
    <INITIAL_PRICEP>100</INITIAL_PRICEP>
    <INITIAL_PRICE_AMT>0</INITIAL_PRICE_AMT>
    <STRIKE_PRICE1P>100</STRIKE_PRICE1P>
    <STRIKE_PRICE2P>100</STRIKE_PRICE2P>
    <STRIKE_PRICE3P>100</STRIKE_PRICE3P>
    <STRIKE_PRICE4P>0</STRIKE_PRICE4P>
    <STRIKE_PRICE5P>0</STRIKE_PRICE5P>
    <STRIKE_PRICE6P>0</STRIKE_PRICE6P>
    <BARRIER_PRICE1P>0</BARRIER_PRICE1P>
    <BARRIER_PRICE2P>0</BARRIER_PRICE2P>
    <BARRIER_PRICE3P>0</BARRIER_PRICE3P>
    <BARRIER_PRICE4P>0</BARRIER_PRICE4P>
    <BARRIER_PRICE5P>0</BARRIER_PRICE5P>
    <BARRIER_PRICE6P>0</BARRIER_PRICE6P>
    <KK_PRICEP>0</KK_PRICEP>
    <PR1>0</PR1>
    <PR2>0</PR2>
    <MIN_YIELD1P>0.25</MIN_YIELD1P>
    <MIN_YIELD2P>0</MIN_YIELD2P>
    <MAX_YIELD1P>1.5</MAX_YIELD1P>
    <MAX_YIELD2P>0</MAX_YIELD2P>
    <REBATE_AMT>0</REBATE_AMT>
    <REBATEP>0.6232</REBATEP>
    <NOTE_CURR>THB</NOTE_CURR>
    <UNDERLYING_CURR>THB</UNDERLYING_CURR>
    <FX_DELIVERY_AMT>0</FX_DELIVERY_AMT>
    <SURPLUS_CASH>0</SURPLUS_CASH>
    <SUB_BEGIN_DATE>01/04/2021</SUB_BEGIN_DATE>
    <SUB_END_DATE>01/04/2021</SUB_END_DATE>
    <TRADE_DATE>01/04/2021</TRADE_DATE>
    <EFFECTIVE_DATE>05/04/2021</EFFECTIVE_DATE>
    <SETTLE_DATE>05/04/2021</SETTLE_DATE>
    <ISSUE_DATE>05/04/2021</ISSUE_DATE>
    <FIXING_DATE>30/09/2021</FIXING_DATE>
    <MATURITY_DATE>04/10/2021</MATURITY_DATE>
    <SETTLE_PERIOD>2</SETTLE_PERIOD>
    <EXCRATE_TRADEDATE>0</EXCRATE_TRADEDATE>
    <EXCHANGE1>SET</EXCHANGE1>
    <CUST_TYPE>1</CUST_TYPE>
    <PAY_TYPE>C</PAY_TYPE>
    <STN_NAME>??????????????????????? ???????????????????????????????????????????? KTC, OSP, VGI ????????? ?????????????????????? ????? (?????)</STN_NAME>
    <STN_TYPE_DESC>??????????????????????????????????????? ?????? Bonus Digital Note ??????????????????????????</STN_TYPE_DESC>
    <STN_RETURN>???????????????????????????????????? ??????????????????????? ????????????? ??? Rebate</STN_RETURN>
    <STN_RULE_REDEEM>??????????????????????????????????????????? ??????????????????????????????????????????????????????????????????????????????? (?????) ?????????????????????????????????????????????? ????????????????????????????????????????????????????????????????????? 2 ???? ??????
??????? 1 ??????????????????????? ? ?????????????????????????????????? (Fixing Price) ?????????????????????????????? (Strike Price)
(?) ?????????????? ??????????????????????? × ??????????????????????? 
(?) ??????????????? ??????????????????????? × Min Yield × (??????????/365)
(?) ??????????????? ??????????????????????? × Rebate
??????? 2 ???????????????????????????????????????? ? ?????????????????????????????????? (Fixing Price) ??????????????????? (Strike Price)
(?) ?????????????? ??????????????????????? × ??????????????????????? 
(?) ??????????????? ??????????????????????? × Min Yield × (??????????/365)</STN_RULE_REDEEM>
  </TB_STNCONF>
</NewDataSet>
2021-04-26 22:07:13,671 [12] INFO  KKB.Treasury.TreasuryModel.Model.Model_RPT_CONFIRMREPORT [(null)] - <NewDataSet>
  <TB_STNCONF>
    <STNID>241</STNID>
    <ACTION>New Trade</ACTION>
    <CURR_DATE>01/04/2021</CURR_DATE>
    <ORDER_NO>2021600012</ORDER_NO>
    <ACCT_NO>78451263</ACCT_NO>
    <SYMBOL>KKBODN21O04Z</SYMBOL>
    <KKSYMBOL>KKP21O04Z</KKSYMBOL>
    <UNIT>5</UNIT>
    <AMOUNT>5000000</AMOUNT>
    <FULLNAME>??? ??????? ??????????</FULLNAME>
    <TAXID>3165874542047</TAXID>
    <CUST_BANK_CODE>KKP</CUST_BANK_CODE>
    <CUST_BANK_ACCT>31587499</CUST_BANK_ACCT>
    <TEL>081-111-1111</TEL>
    <EMAIL>Punlapat@gmail.com</EMAIL>
    <FC_NAME>Kittiporn Sinsukthavorn</FC_NAME>
    <FC_EMAIL>Kittiporn.Sins@kkpfg.com</FC_EMAIL>
    <STN_TYPE>BODN</STN_TYPE>
    <NOTE_SERIES>1/2564</NOTE_SERIES>
    <UNDERLYING1>PTT</UNDERLYING1>
    <UNDERLYING2>LH</UNDERLYING2>
    <UNDERLYING3>CPALL</UNDERLYING3>
    <STRIKE_PRICE1>40</STRIKE_PRICE1>
    <STRIKE_PRICE2>8</STRIKE_PRICE2>
    <STRIKE_PRICE3>69</STRIKE_PRICE3>
    <STRIKE_PRICE4>0</STRIKE_PRICE4>
    <STRIKE_PRICE5>0</STRIKE_PRICE5>
    <STRIKE_PRICE6>0</STRIKE_PRICE6>
    <BARRIER_PRICE1>0</BARRIER_PRICE1>
    <BARRIER_PRICE2>0</BARRIER_PRICE2>
    <BARRIER_PRICE3>0</BARRIER_PRICE3>
    <BARRIER_PRICE4>0</BARRIER_PRICE4>
    <BARRIER_PRICE5>0</BARRIER_PRICE5>
    <BARRIER_PRICE6>0</BARRIER_PRICE6>
    <KI_PRICE>0</KI_PRICE>
    <PROTECT_LEVELP>100</PROTECT_LEVELP>
    <TTM>182</TTM>
    <TRADING_DAY>0</TRADING_DAY>
    <EXERCISE_TYPE>European</EXERCISE_TYPE>
    <PAR_VALUE>1000000</PAR_VALUE>
    <OFFER_PRICEP>100</OFFER_PRICEP>
    <OFFER_PRICE_AMT>5000000</OFFER_PRICE_AMT>
    <INITIAL_PRICEP>100</INITIAL_PRICEP>
    <INITIAL_PRICE_AMT>0</INITIAL_PRICE_AMT>
    <STRIKE_PRICE1P>100</STRIKE_PRICE1P>
    <STRIKE_PRICE2P>100</STRIKE_PRICE2P>
    <STRIKE_PRICE3P>100</STRIKE_PRICE3P>
    <STRIKE_PRICE4P>0</STRIKE_PRICE4P>
    <STRIKE_PRICE5P>0</STRIKE_PRICE5P>
    <STRIKE_PRICE6P>0</STRIKE_PRICE6P>
    <BARRIER_PRICE1P>0</BARRIER_PRICE1P>
    <BARRIER_PRICE2P>0</BARRIER_PRICE2P>
    <BARRIER_PRICE3P>0</BARRIER_PRICE3P>
    <BARRIER_PRICE4P>0</BARRIER_PRICE4P>
    <BARRIER_PRICE5P>0</BARRIER_PRICE5P>
    <BARRIER_PRICE6P>0</BARRIER_PRICE6P>
    <KK_PRICEP>0</KK_PRICEP>
    <PR1>0</PR1>
    <PR2>0</PR2>
    <MIN_YIELD1P>0.25</MIN_YIELD1P>
    <MIN_YIELD2P>0</MIN_YIELD2P>
    <MAX_YIELD1P>1.5</MAX_YIELD1P>
    <MAX_YIELD2P>0</MAX_YIELD2P>
    <REBATE_AMT>0</REBATE_AMT>
    <REBATEP>0.6232</REBATEP>
    <NOTE_CURR>THB</NOTE_CURR>
    <UNDERLYING_CURR>THB</UNDERLYING_CURR>
    <FX_DELIVERY_AMT>0</FX_DELIVERY_AMT>
    <SURPLUS_CASH>0</SURPLUS_CASH>
    <SUB_BEGIN_DATE>01/04/2021</SUB_BEGIN_DATE>
    <SUB_END_DATE>01/04/2021</SUB_END_DATE>
    <TRADE_DATE>01/04/2021</TRADE_DATE>
    <EFFECTIVE_DATE>05/04/2021</EFFECTIVE_DATE>
    <SETTLE_DATE>05/04/2021</SETTLE_DATE>
    <ISSUE_DATE>05/04/2021</ISSUE_DATE>
    <FIXING_DATE>30/09/2021</FIXING_DATE>
    <MATURITY_DATE>04/10/2021</MATURITY_DATE>
    <SETTLE_PERIOD>2</SETTLE_PERIOD>
    <EXCRATE_TRADEDATE>0</EXCRATE_TRADEDATE>
    <EXCHANGE1>SET</EXCHANGE1>
    <CUST_TYPE>1</CUST_TYPE>
    <PAY_TYPE>C</PAY_TYPE>
    <STN_NAME>??????????????????????? ???????????????????????????????????????????? KTC, OSP, VGI ????????? ?????????????????????? ????? (?????)</STN_NAME>
    <STN_TYPE_DESC>??????????????????????????????????????? ?????? Bonus Digital Note ??????????????????????????</STN_TYPE_DESC>
    <STN_RETURN>???????????????????????????????????? ??????????????????????? ????????????? ??? Rebate</STN_RETURN>
    <STN_RULE_REDEEM>??????????????????????????????????????????? ??????????????????????????????????????????????????????????????????????????????? (?????) ?????????????????????????????????????????????? ????????????????????????????????????????????????????????????????????? 2 ???? ??????
??????? 1 ??????????????????????? ? ?????????????????????????????????? (Fixing Price) ?????????????????????????????? (Strike Price)
(?) ?????????????? ??????????????????????? × ??????????????????????? 
(?) ??????????????? ??????????????????????? × Min Yield × (??????????/365)
(?) ??????????????? ??????????????????????? × Rebate
??????? 2 ???????????????????????????????????????? ? ?????????????????????????????????? (Fixing Price) ??????????????????? (Strike Price)
(?) ?????????????? ??????????????????????? × ??????????????????????? 
(?) ??????????????? ??????????????????????? × Min Yield × (??????????/365)</STN_RULE_REDEEM>
  </TB_STNCONF>
  <TB_STNCONF>
    <STNID>242</STNID>
    <ACTION>New Trade</ACTION>
    <CURR_DATE>01/04/2021</CURR_DATE>
    <ORDER_NO>2021600013</ORDER_NO>
    <ACCT_NO>20135498</ACCT_NO>
    <SYMBOL>KKBODN21O04Z</SYMBOL>
    <KKSYMBOL>KKP21O04Z</KKSYMBOL>
    <UNIT>10</UNIT>
    <AMOUNT>10000000</AMOUNT>
    <FULLNAME>??? ???????? ????</FULLNAME>
    <TAXID>3100215478963</TAXID>
    <CUST_BANK_CODE>KKP</CUST_BANK_CODE>
    <CUST_BANK_ACCT>32548741</CUST_BANK_ACCT>
    <TEL>081-111-1112</TEL>
    <EMAIL>Eknarong@gmail.com</EMAIL>
    <FC_NAME>Kittiporn Sinsukthavorn</FC_NAME>
    <FC_EMAIL>Kittiporn.Sins@kkpfg.com</FC_EMAIL>
    <STN_TYPE>BODN</STN_TYPE>
    <NOTE_SERIES>1/2564</NOTE_SERIES>
    <UNDERLYING1>PTT</UNDERLYING1>
    <UNDERLYING2>LH</UNDERLYING2>
    <UNDERLYING3>CPALL</UNDERLYING3>
    <STRIKE_PRICE1>40</STRIKE_PRICE1>
    <STRIKE_PRICE2>8</STRIKE_PRICE2>
    <STRIKE_PRICE3>69</STRIKE_PRICE3>
    <STRIKE_PRICE4>0</STRIKE_PRICE4>
    <STRIKE_PRICE5>0</STRIKE_PRICE5>
    <STRIKE_PRICE6>0</STRIKE_PRICE6>
    <BARRIER_PRICE1>0</BARRIER_PRICE1>
    <BARRIER_PRICE2>0</BARRIER_PRICE2>
    <BARRIER_PRICE3>0</BARRIER_PRICE3>
    <BARRIER_PRICE4>0</BARRIER_PRICE4>
    <BARRIER_PRICE5>0</BARRIER_PRICE5>
    <BARRIER_PRICE6>0</BARRIER_PRICE6>
    <KI_PRICE>0</KI_PRICE>
    <PROTECT_LEVELP>100</PROTECT_LEVELP>
    <TTM>182</TTM>
    <TRADING_DAY>0</TRADING_DAY>
    <EXERCISE_TYPE>European</EXERCISE_TYPE>
    <PAR_VALUE>1000000</PAR_VALUE>
    <OFFER_PRICEP>100</OFFER_PRICEP>
    <OFFER_PRICE_AMT>10000000</OFFER_PRICE_AMT>
    <INITIAL_PRICEP>100</INITIAL_PRICEP>
    <INITIAL_PRICE_AMT>0</INITIAL_PRICE_AMT>
    <STRIKE_PRICE1P>100</STRIKE_PRICE1P>
    <STRIKE_PRICE2P>100</STRIKE_PRICE2P>
    <STRIKE_PRICE3P>100</STRIKE_PRICE3P>
    <STRIKE_PRICE4P>0</STRIKE_PRICE4P>
    <STRIKE_PRICE5P>0</STRIKE_PRICE5P>
    <STRIKE_PRICE6P>0</STRIKE_PRICE6P>
    <BARRIER_PRICE1P>0</BARRIER_PRICE1P>
    <BARRIER_PRICE2P>0</BARRIER_PRICE2P>
    <BARRIER_PRICE3P>0</BARRIER_PRICE3P>
    <BARRIER_PRICE4P>0</BARRIER_PRICE4P>
    <BARRIER_PRICE5P>0</BARRIER_PRICE5P>
    <BARRIER_PRICE6P>0</BARRIER_PRICE6P>
    <KK_PRICEP>0</KK_PRICEP>
    <PR1>0</PR1>
    <PR2>0</PR2>
    <MIN_YIELD1P>0.25</MIN_YIELD1P>
    <MIN_YIELD2P>0</MIN_YIELD2P>
    <MAX_YIELD1P>1.5</MAX_YIELD1P>
    <MAX_YIELD2P>0</MAX_YIELD2P>
    <REBATE_AMT>0</REBATE_AMT>
    <REBATEP>0.6232</REBATEP>
    <NOTE_CURR>THB</NOTE_CURR>
    <UNDERLYING_CURR>THB</UNDERLYING_CURR>
    <FX_DELIVERY_AMT>0</FX_DELIVERY_AMT>
    <SURPLUS_CASH>0</SURPLUS_CASH>
    <SUB_BEGIN_DATE>01/04/2021</SUB_BEGIN_DATE>
    <SUB_END_DATE>01/04/2021</SUB_END_DATE>
    <TRADE_DATE>01/04/2021</TRADE_DATE>
    <EFFECTIVE_DATE>05/04/2021</EFFECTIVE_DATE>
    <SETTLE_DATE>05/04/2021</SETTLE_DATE>
    <ISSUE_DATE>05/04/2021</ISSUE_DATE>
    <FIXING_DATE>30/09/2021</FIXING_DATE>
    <MATURITY_DATE>04/10/2021</MATURITY_DATE>
    <SETTLE_PERIOD>2</SETTLE_PERIOD>
    <EXCRATE_TRADEDATE>0</EXCRATE_TRADEDATE>
    <EXCHANGE1>SET</EXCHANGE1>
    <CUST_TYPE>1</CUST_TYPE>
    <PAY_TYPE>C</PAY_TYPE>
    <STN_NAME>??????????????????????? ???????????????????????????????????????????? KTC, OSP, VGI ????????? ?????????????????????? ????? (?????)</STN_NAME>
    <STN_TYPE_DESC>??????????????????????????????????????? ?????? Bonus Digital Note ??????????????????????????</STN_TYPE_DESC>
    <STN_RETURN>???????????????????????????????????? ??????????????????????? ????????????? ??? Rebate</STN_RETURN>
    <STN_RULE_REDEEM>??????????????????????????????????????????? ??????????????????????????????????????????????????????????????????????????????? (?????) ?????????????????????????????????????????????? ????????????????????????????????????????????????????????????????????? 2 ???? ??????
??????? 1 ??????????????????????? ? ?????????????????????????????????? (Fixing Price) ?????????????????????????????? (Strike Price)
(?) ?????????????? ??????????????????????? × ??????????????????????? 
(?) ??????????????? ??????????????????????? × Min Yield × (??????????/365)
(?) ??????????????? ??????????????????????? × Rebate
??????? 2 ???????????????????????????????????????? ? ?????????????????????????????????? (Fixing Price) ??????????????????? (Strike Price)
(?) ?????????????? ??????????????????????? × ??????????????????????? 
(?) ??????????????? ??????????????????????? × Min Yield × (??????????/365)</STN_RULE_REDEEM>
  </TB_STNCONF>
</NewDataSet>
2021-04-26 22:07:17,969 [12] INFO  KKB.Treasury.TreasuryModel.Model.Model_RPT_CONFIRMREPORT [(null)] - -----Model_RPT_CONFIRMREPORT Finish-----
2021-04-26 22:13:43,152 [12] INFO  KKB.Treasury.TreasuryModel.Model.Model_RPT_SETTLEMENTREPORT [(null)] - -----Model_RPT_SETTLEMENTREPORT Start-----
2021-04-26 22:13:43,895 [12] INFO  KKB.Treasury.TreasuryModel.Model.Model_RPT_SETTLEMENTREPORT [(null)] - Store Procedure : OPICINF.KKB_SP_TSS_STNCONF
2021-04-26 22:14:50,137 [12] INFO  KKB.Treasury.TreasuryModel.Model.Model_RPT_SETTLEMENTREPORT [(null)] - <NewDataSet>
  <TB_STNCONF>
    <STNID>245</STNID>
    <ACTION>New Trade</ACTION>
    <CURR_DATE>01/04/2021</CURR_DATE>
    <ORDER_NO>2020600013</ORDER_NO>
    <ACCT_NO>15975347</ACCT_NO>
    <SYMBOL>KKDUAL210504Y</SYMBOL>
    <KKSYMBOL>KKP210504Y</KKSYMBOL>
    <UNIT>10</UNIT>
    <AMOUNT>10000000</AMOUNT>
    <FULLNAME>?????? ?????? ????????</FULLNAME>
    <TAXID>1100547896360</TAXID>
    <CUST_BANK_CODE>KKP</CUST_BANK_CODE>
    <CUST_BANK_ACCT>987654321</CUST_BANK_ACCT>
    <TEL>081-111-1112</TEL>
    <EMAIL>Sarawuth@gmail.com</EMAIL>
    <FC_NAME>Kittiporn Sinsukthavorn</FC_NAME>
    <FC_EMAIL>Kittiporn.Sins@kkpfg.com</FC_EMAIL>
    <STN_TYPE>DUAL</STN_TYPE>
    <NOTE_SERIES>5/2564</NOTE_SERIES>
    <UNDERLYING1>USDTHB</UNDERLYING1>
    <STRIKE_PRICE1>29.94</STRIKE_PRICE1>
    <STRIKE_PRICE2>0</STRIKE_PRICE2>
    <STRIKE_PRICE3>0</STRIKE_PRICE3>
    <STRIKE_PRICE4>0</STRIKE_PRICE4>
    <STRIKE_PRICE5>0</STRIKE_PRICE5>
    <STRIKE_PRICE6>0</STRIKE_PRICE6>
    <BARRIER_PRICE1>0</BARRIER_PRICE1>
    <BARRIER_PRICE2>0</BARRIER_PRICE2>
    <BARRIER_PRICE3>0</BARRIER_PRICE3>
    <BARRIER_PRICE4>0</BARRIER_PRICE4>
    <BARRIER_PRICE5>0</BARRIER_PRICE5>
    <BARRIER_PRICE6>0</BARRIER_PRICE6>
    <KI_PRICE>0</KI_PRICE>
    <PROTECT_LEVELP>0</PROTECT_LEVELP>
    <TTM>29</TTM>
    <TRADING_DAY>0</TRADING_DAY>
    <EXERCISE_TYPE>European</EXERCISE_TYPE>
    <PAR_VALUE>1000000</PAR_VALUE>
    <OFFER_PRICEP>99.4</OFFER_PRICEP>
    <OFFER_PRICE_AMT>9940000</OFFER_PRICE_AMT>
    <INITIAL_PRICEP>100</INITIAL_PRICEP>
    <INITIAL_PRICE_AMT>0</INITIAL_PRICE_AMT>
    <STRIKE_PRICE1P>99.8</STRIKE_PRICE1P>
    <STRIKE_PRICE2P>0</STRIKE_PRICE2P>
    <STRIKE_PRICE3P>0</STRIKE_PRICE3P>
    <STRIKE_PRICE4P>0</STRIKE_PRICE4P>
    <STRIKE_PRICE5P>0</STRIKE_PRICE5P>
    <STRIKE_PRICE6P>0</STRIKE_PRICE6P>
    <BARRIER_PRICE1P>0</BARRIER_PRICE1P>
    <BARRIER_PRICE2P>0</BARRIER_PRICE2P>
    <BARRIER_PRICE3P>0</BARRIER_PRICE3P>
    <BARRIER_PRICE4P>0</BARRIER_PRICE4P>
    <BARRIER_PRICE5P>0</BARRIER_PRICE5P>
    <BARRIER_PRICE6P>0</BARRIER_PRICE6P>
    <KK_PRICEP>0</KK_PRICEP>
    <PR1>0</PR1>
    <PR2>0</PR2>
    <MIN_YIELD1P>0</MIN_YIELD1P>
    <MIN_YIELD2P>0</MIN_YIELD2P>
    <MAX_YIELD1P>10.07</MAX_YIELD1P>
    <MAX_YIELD2P>0</MAX_YIELD2P>
    <REBATE_AMT>0</REBATE_AMT>
    <REBATEP>0</REBATEP>
    <NOTE_CURR>THB</NOTE_CURR>
    <UNDERLYING_CURR>THB</UNDERLYING_CURR>
    <FX_DELIVERY_AMT>167000.67</FX_DELIVERY_AMT>
    <SURPLUS_CASH>0</SURPLUS_CASH>
    <SUB_BEGIN_DATE>01/04/2021</SUB_BEGIN_DATE>
    <SUB_END_DATE>01/04/2021</SUB_END_DATE>
    <TRADE_DATE>01/04/2021</TRADE_DATE>
    <EFFECTIVE_DATE>05/04/2021</EFFECTIVE_DATE>
    <SETTLE_DATE>05/04/2021</SETTLE_DATE>
    <ISSUE_DATE>05/04/2021</ISSUE_DATE>
    <FIXING_DATE>29/04/2021</FIXING_DATE>
    <MATURITY_DATE>04/05/2021</MATURITY_DATE>
    <SETTLE_PERIOD>2</SETTLE_PERIOD>
    <EXCRATE_TRADEDATE>0</EXCRATE_TRADEDATE>
    <CUST_TYPE>1</CUST_TYPE>
    <PAY_TYPE>C</PAY_TYPE>
    <STN_NAME>??????????????????????? ???????????????????????????????????????????? USDTHB ????????? ?????????????????????? ????? (?????)'</STN_NAME>
    <STN_TYPE_DESC>??????????????????????????????????????? ?????? Dual Currency Note ??????????????????????????</STN_TYPE_DESC>
    <STN_RETURN>??????????????????????????????????????????? ????????????????</STN_RETURN>
    <STN_RULE_REDEEM>??????????????????????????????????????????? ?????????????????????????????????????????????????????? ????????????????????????????????????????????????? ???????????????????????????????????????????????????????????????????????????????? 2 ???? ??????
??????? 1 ?????????????????????? ? ??????????????????????????????????????????????????? Strike Price
?????????????????????????????????????????????????????????????????????????????????????????????

??????? 2 ?????????????????????? ? ???????????????????????????????????????????? Strike Price 
?????????????????????????????????????????????????????????????????????????????????????????????????????????????????????????????????????? ?????????????????</STN_RULE_REDEEM>
    <SETTLE_PRICE1>31</SETTLE_PRICE1>
    <SETTLE_PRICE2>0</SETTLE_PRICE2>
    <SETTLE_PRICE3>0</SETTLE_PRICE3>
    <SETTLE_PRICE4>0</SETTLE_PRICE4>
    <SETTLE_PRICE5>0</SETTLE_PRICE5>
    <SETTLE_PRICE6>0</SETTLE_PRICE6>
    <SETTLE_DAYS>12</SETTLE_DAYS>
    <KO_PRICE1>11</KO_PRICE1>
    <KO_PRICE2>0</KO_PRICE2>
    <KO_PRICE3>0</KO_PRICE3>
    <KO_PRICE4>0</KO_PRICE4>
    <KO_PRICE5>0</KO_PRICE5>
    <KO_PRICE6>0</KO_PRICE6>
    <KO_STOCK_TYPE>1</KO_STOCK_TYPE>
    <KO_DATE>2021-04-19T00:00:00+07:00</KO_DATE>
  </TB_STNCONF>
</NewDataSet>
2021-04-26 22:14:55,917 [12] INFO  KKB.Treasury.TreasuryModel.Model.Model_RPT_SETTLEMENTREPORT [(null)] - -----Model_RPT_SETTLEMENTREPORT Finish-----
2021-04-26 22:18:33,884 [14] INFO  KKB.Treasury.TreasuryModel.Model.Model_RPT_PRICINGREPORT [(null)] - -----Model_RPT_PRICINGREPORT Start-----
2021-04-26 22:18:34,138 [14] INFO  KKB.Treasury.TreasuryModel.Model.Model_RPT_PRICINGREPORT [(null)] - Store Procedure : OPICINF.KKB_SP_TSS_STNCONF
2021-04-26 22:18:48,813 [14] INFO  KKB.Treasury.TreasuryModel.Model.Model_RPT_PRICINGREPORT [(null)] - <NewDataSet>
  <TB_STNCONF>
    <STNID>241</STNID>
    <ACTION>New Trade</ACTION>
    <CURR_DATE>01/04/2021</CURR_DATE>
    <ORDER_NO>2021600012</ORDER_NO>
    <ACCT_NO>78451263</ACCT_NO>
    <SYMBOL>KKBODN21O04Z</SYMBOL>
    <KKSYMBOL>KKP21O04Z</KKSYMBOL>
    <UNIT>5</UNIT>
    <AMOUNT>5000000</AMOUNT>
    <FULLNAME>??? ??????? ??????????</FULLNAME>
    <TAXID>3165874542047</TAXID>
    <CUST_BANK_CODE>KKP</CUST_BANK_CODE>
    <CUST_BANK_ACCT>31587499</CUST_BANK_ACCT>
    <TEL>081-111-1111</TEL>
    <EMAIL>Punlapat@gmail.com</EMAIL>
    <FC_NAME>Kittiporn Sinsukthavorn</FC_NAME>
    <FC_EMAIL>Kittiporn.Sins@kkpfg.com</FC_EMAIL>
    <STN_TYPE>BODN</STN_TYPE>
    <NOTE_SERIES>1/2564</NOTE_SERIES>
    <UNDERLYING1>PTT</UNDERLYING1>
    <UNDERLYING2>LH</UNDERLYING2>
    <UNDERLYING3>CPALL</UNDERLYING3>
    <STRIKE_PRICE1>40</STRIKE_PRICE1>
    <STRIKE_PRICE2>8</STRIKE_PRICE2>
    <STRIKE_PRICE3>69</STRIKE_PRICE3>
    <STRIKE_PRICE4>0</STRIKE_PRICE4>
    <STRIKE_PRICE5>0</STRIKE_PRICE5>
    <STRIKE_PRICE6>0</STRIKE_PRICE6>
    <BARRIER_PRICE1>0</BARRIER_PRICE1>
    <BARRIER_PRICE2>0</BARRIER_PRICE2>
    <BARRIER_PRICE3>0</BARRIER_PRICE3>
    <BARRIER_PRICE4>0</BARRIER_PRICE4>
    <BARRIER_PRICE5>0</BARRIER_PRICE5>
    <BARRIER_PRICE6>0</BARRIER_PRICE6>
    <KI_PRICE>0</KI_PRICE>
    <PROTECT_LEVELP>100</PROTECT_LEVELP>
    <TTM>182</TTM>
    <TRADING_DAY>0</TRADING_DAY>
    <EXERCISE_TYPE>European</EXERCISE_TYPE>
    <PAR_VALUE>1000000</PAR_VALUE>
    <OFFER_PRICEP>100</OFFER_PRICEP>
    <OFFER_PRICE_AMT>5000000</OFFER_PRICE_AMT>
    <INITIAL_PRICEP>100</INITIAL_PRICEP>
    <INITIAL_PRICE_AMT>0</INITIAL_PRICE_AMT>
    <STRIKE_PRICE1P>100</STRIKE_PRICE1P>
    <STRIKE_PRICE2P>100</STRIKE_PRICE2P>
    <STRIKE_PRICE3P>100</STRIKE_PRICE3P>
    <STRIKE_PRICE4P>0</STRIKE_PRICE4P>
    <STRIKE_PRICE5P>0</STRIKE_PRICE5P>
    <STRIKE_PRICE6P>0</STRIKE_PRICE6P>
    <BARRIER_PRICE1P>0</BARRIER_PRICE1P>
    <BARRIER_PRICE2P>0</BARRIER_PRICE2P>
    <BARRIER_PRICE3P>0</BARRIER_PRICE3P>
    <BARRIER_PRICE4P>0</BARRIER_PRICE4P>
    <BARRIER_PRICE5P>0</BARRIER_PRICE5P>
    <BARRIER_PRICE6P>0</BARRIER_PRICE6P>
    <KK_PRICEP>0</KK_PRICEP>
    <PR1>0</PR1>
    <PR2>0</PR2>
    <MIN_YIELD1P>0.25</MIN_YIELD1P>
    <MIN_YIELD2P>0</MIN_YIELD2P>
    <MAX_YIELD1P>1.5</MAX_YIELD1P>
    <MAX_YIELD2P>0</MAX_YIELD2P>
    <REBATE_AMT>0</REBATE_AMT>
    <REBATEP>0.6232</REBATEP>
    <NOTE_CURR>THB</NOTE_CURR>
    <UNDERLYING_CURR>THB</UNDERLYING_CURR>
    <FX_DELIVERY_AMT>0</FX_DELIVERY_AMT>
    <SURPLUS_CASH>0</SURPLUS_CASH>
    <SUB_BEGIN_DATE>01/04/2021</SUB_BEGIN_DATE>
    <SUB_END_DATE>01/04/2021</SUB_END_DATE>
    <TRADE_DATE>01/04/2021</TRADE_DATE>
    <EFFECTIVE_DATE>05/04/2021</EFFECTIVE_DATE>
    <SETTLE_DATE>05/04/2021</SETTLE_DATE>
    <ISSUE_DATE>05/04/2021</ISSUE_DATE>
    <FIXING_DATE>30/09/2021</FIXING_DATE>
    <MATURITY_DATE>04/10/2021</MATURITY_DATE>
    <SETTLE_PERIOD>2</SETTLE_PERIOD>
    <EXCRATE_TRADEDATE>0</EXCRATE_TRADEDATE>
    <EXCHANGE1>SET</EXCHANGE1>
    <CUST_TYPE>1</CUST_TYPE>
    <PAY_TYPE>C</PAY_TYPE>
    <STN_NAME>??????????????????????? ???????????????????????????????????????????? KTC, OSP, VGI ????????? ?????????????????????? ????? (?????)</STN_NAME>
    <STN_TYPE_DESC>??????????????????????????????????????? ?????? Bonus Digital Note ??????????????????????????</STN_TYPE_DESC>
    <STN_RETURN>???????????????????????????????????? ??????????????????????? ????????????? ??? Rebate</STN_RETURN>
    <STN_RULE_REDEEM>??????????????????????????????????????????? ??????????????????????????????????????????????????????????????????????????????? (?????) ?????????????????????????????????????????????? ????????????????????????????????????????????????????????????????????? 2 ???? ??????
??????? 1 ??????????????????????? ? ?????????????????????????????????? (Fixing Price) ?????????????????????????????? (Strike Price)
(?) ?????????????? ??????????????????????? × ??????????????????????? 
(?) ??????????????? ??????????????????????? × Min Yield × (??????????/365)
(?) ??????????????? ??????????????????????? × Rebate
??????? 2 ???????????????????????????????????????? ? ?????????????????????????????????? (Fixing Price) ??????????????????? (Strike Price)
(?) ?????????????? ??????????????????????? × ??????????????????????? 
(?) ??????????????? ??????????????????????? × Min Yield × (??????????/365)</STN_RULE_REDEEM>
  </TB_STNCONF>
  <TB_STNCONF>
    <STNID>242</STNID>
    <ACTION>New Trade</ACTION>
    <CURR_DATE>01/04/2021</CURR_DATE>
    <ORDER_NO>2021600013</ORDER_NO>
    <ACCT_NO>20135498</ACCT_NO>
    <SYMBOL>KKBODN21O04Z</SYMBOL>
    <KKSYMBOL>KKP21O04Z</KKSYMBOL>
    <UNIT>10</UNIT>
    <AMOUNT>10000000</AMOUNT>
    <FULLNAME>??? ???????? ????</FULLNAME>
    <TAXID>3100215478963</TAXID>
    <CUST_BANK_CODE>KKP</CUST_BANK_CODE>
    <CUST_BANK_ACCT>32548741</CUST_BANK_ACCT>
    <TEL>081-111-1112</TEL>
    <EMAIL>Eknarong@gmail.com</EMAIL>
    <FC_NAME>Kittiporn Sinsukthavorn</FC_NAME>
    <FC_EMAIL>Kittiporn.Sins@kkpfg.com</FC_EMAIL>
    <STN_TYPE>BODN</STN_TYPE>
    <NOTE_SERIES>1/2564</NOTE_SERIES>
    <UNDERLYING1>PTT</UNDERLYING1>
    <UNDERLYING2>LH</UNDERLYING2>
    <UNDERLYING3>CPALL</UNDERLYING3>
    <STRIKE_PRICE1>40</STRIKE_PRICE1>
    <STRIKE_PRICE2>8</STRIKE_PRICE2>
    <STRIKE_PRICE3>69</STRIKE_PRICE3>
    <STRIKE_PRICE4>0</STRIKE_PRICE4>
    <STRIKE_PRICE5>0</STRIKE_PRICE5>
    <STRIKE_PRICE6>0</STRIKE_PRICE6>
    <BARRIER_PRICE1>0</BARRIER_PRICE1>
    <BARRIER_PRICE2>0</BARRIER_PRICE2>
    <BARRIER_PRICE3>0</BARRIER_PRICE3>
    <BARRIER_PRICE4>0</BARRIER_PRICE4>
    <BARRIER_PRICE5>0</BARRIER_PRICE5>
    <BARRIER_PRICE6>0</BARRIER_PRICE6>
    <KI_PRICE>0</KI_PRICE>
    <PROTECT_LEVELP>100</PROTECT_LEVELP>
    <TTM>182</TTM>
    <TRADING_DAY>0</TRADING_DAY>
    <EXERCISE_TYPE>European</EXERCISE_TYPE>
    <PAR_VALUE>1000000</PAR_VALUE>
    <OFFER_PRICEP>100</OFFER_PRICEP>
    <OFFER_PRICE_AMT>10000000</OFFER_PRICE_AMT>
    <INITIAL_PRICEP>100</INITIAL_PRICEP>
    <INITIAL_PRICE_AMT>0</INITIAL_PRICE_AMT>
    <STRIKE_PRICE1P>100</STRIKE_PRICE1P>
    <STRIKE_PRICE2P>100</STRIKE_PRICE2P>
    <STRIKE_PRICE3P>100</STRIKE_PRICE3P>
    <STRIKE_PRICE4P>0</STRIKE_PRICE4P>
    <STRIKE_PRICE5P>0</STRIKE_PRICE5P>
    <STRIKE_PRICE6P>0</STRIKE_PRICE6P>
    <BARRIER_PRICE1P>0</BARRIER_PRICE1P>
    <BARRIER_PRICE2P>0</BARRIER_PRICE2P>
    <BARRIER_PRICE3P>0</BARRIER_PRICE3P>
    <BARRIER_PRICE4P>0</BARRIER_PRICE4P>
    <BARRIER_PRICE5P>0</BARRIER_PRICE5P>
    <BARRIER_PRICE6P>0</BARRIER_PRICE6P>
    <KK_PRICEP>0</KK_PRICEP>
    <PR1>0</PR1>
    <PR2>0</PR2>
    <MIN_YIELD1P>0.25</MIN_YIELD1P>
    <MIN_YIELD2P>0</MIN_YIELD2P>
    <MAX_YIELD1P>1.5</MAX_YIELD1P>
    <MAX_YIELD2P>0</MAX_YIELD2P>
    <REBATE_AMT>0</REBATE_AMT>
    <REBATEP>0.6232</REBATEP>
    <NOTE_CURR>THB</NOTE_CURR>
    <UNDERLYING_CURR>THB</UNDERLYING_CURR>
    <FX_DELIVERY_AMT>0</FX_DELIVERY_AMT>
    <SURPLUS_CASH>0</SURPLUS_CASH>
    <SUB_BEGIN_DATE>01/04/2021</SUB_BEGIN_DATE>
    <SUB_END_DATE>01/04/2021</SUB_END_DATE>
    <TRADE_DATE>01/04/2021</TRADE_DATE>
    <EFFECTIVE_DATE>05/04/2021</EFFECTIVE_DATE>
    <SETTLE_DATE>05/04/2021</SETTLE_DATE>
    <ISSUE_DATE>05/04/2021</ISSUE_DATE>
    <FIXING_DATE>30/09/2021</FIXING_DATE>
    <MATURITY_DATE>04/10/2021</MATURITY_DATE>
    <SETTLE_PERIOD>2</SETTLE_PERIOD>
    <EXCRATE_TRADEDATE>0</EXCRATE_TRADEDATE>
    <EXCHANGE1>SET</EXCHANGE1>
    <CUST_TYPE>1</CUST_TYPE>
    <PAY_TYPE>C</PAY_TYPE>
    <STN_NAME>??????????????????????? ???????????????????????????????????????????? KTC, OSP, VGI ????????? ?????????????????????? ????? (?????)</STN_NAME>
    <STN_TYPE_DESC>??????????????????????????????????????? ?????? Bonus Digital Note ??????????????????????????</STN_TYPE_DESC>
    <STN_RETURN>???????????????????????????????????? ??????????????????????? ????????????? ??? Rebate</STN_RETURN>
    <STN_RULE_REDEEM>??????????????????????????????????????????? ??????????????????????????????????????????????????????????????????????????????? (?????) ?????????????????????????????????????????????? ????????????????????????????????????????????????????????????????????? 2 ???? ??????
??????? 1 ??????????????????????? ? ?????????????????????????????????? (Fixing Price) ?????????????????????????????? (Strike Price)
(?) ?????????????? ??????????????????????? × ??????????????????????? 
(?) ??????????????? ??????????????????????? × Min Yield × (??????????/365)
(?) ??????????????? ??????????????????????? × Rebate
??????? 2 ???????????????????????????????????????? ? ?????????????????????????????????? (Fixing Price) ??????????????????? (Strike Price)
(?) ?????????????? ??????????????????????? × ??????????????????????? 
(?) ??????????????? ??????????????????????? × Min Yield × (??????????/365)</STN_RULE_REDEEM>
  </TB_STNCONF>
</NewDataSet>
2021-04-26 22:18:49,009 [14] INFO  KKB.Treasury.TreasuryModel.Model.Model_RPT_PRICINGREPORT [(null)] - <NewDataSet>
  <TB_STNCONF>
    <STNID>241</STNID>
    <ACTION>New Trade</ACTION>
    <CURR_DATE>01/04/2021</CURR_DATE>
    <ORDER_NO>2021600012</ORDER_NO>
    <ACCT_NO>78451263</ACCT_NO>
    <SYMBOL>KKBODN21O04Z</SYMBOL>
    <KKSYMBOL>KKP21O04Z</KKSYMBOL>
    <UNIT>5</UNIT>
    <AMOUNT>5000000</AMOUNT>
    <FULLNAME>??? ??????? ??????????</FULLNAME>
    <TAXID>3165874542047</TAXID>
    <CUST_BANK_CODE>KKP</CUST_BANK_CODE>
    <CUST_BANK_ACCT>31587499</CUST_BANK_ACCT>
    <TEL>081-111-1111</TEL>
    <EMAIL>Punlapat@gmail.com</EMAIL>
    <FC_NAME>Kittiporn Sinsukthavorn</FC_NAME>
    <FC_EMAIL>Kittiporn.Sins@kkpfg.com</FC_EMAIL>
    <STN_TYPE>BODN</STN_TYPE>
    <NOTE_SERIES>1/2564</NOTE_SERIES>
    <UNDERLYING1>PTT</UNDERLYING1>
    <UNDERLYING2>LH</UNDERLYING2>
    <UNDERLYING3>CPALL</UNDERLYING3>
    <STRIKE_PRICE1>40</STRIKE_PRICE1>
    <STRIKE_PRICE2>8</STRIKE_PRICE2>
    <STRIKE_PRICE3>69</STRIKE_PRICE3>
    <STRIKE_PRICE4>0</STRIKE_PRICE4>
    <STRIKE_PRICE5>0</STRIKE_PRICE5>
    <STRIKE_PRICE6>0</STRIKE_PRICE6>
    <BARRIER_PRICE1>0</BARRIER_PRICE1>
    <BARRIER_PRICE2>0</BARRIER_PRICE2>
    <BARRIER_PRICE3>0</BARRIER_PRICE3>
    <BARRIER_PRICE4>0</BARRIER_PRICE4>
    <BARRIER_PRICE5>0</BARRIER_PRICE5>
    <BARRIER_PRICE6>0</BARRIER_PRICE6>
    <KI_PRICE>0</KI_PRICE>
    <PROTECT_LEVELP>100</PROTECT_LEVELP>
    <TTM>182</TTM>
    <TRADING_DAY>0</TRADING_DAY>
    <EXERCISE_TYPE>European</EXERCISE_TYPE>
    <PAR_VALUE>1000000</PAR_VALUE>
    <OFFER_PRICEP>100</OFFER_PRICEP>
    <OFFER_PRICE_AMT>5000000</OFFER_PRICE_AMT>
    <INITIAL_PRICEP>100</INITIAL_PRICEP>
    <INITIAL_PRICE_AMT>0</INITIAL_PRICE_AMT>
    <STRIKE_PRICE1P>100</STRIKE_PRICE1P>
    <STRIKE_PRICE2P>100</STRIKE_PRICE2P>
    <STRIKE_PRICE3P>100</STRIKE_PRICE3P>
    <STRIKE_PRICE4P>0</STRIKE_PRICE4P>
    <STRIKE_PRICE5P>0</STRIKE_PRICE5P>
    <STRIKE_PRICE6P>0</STRIKE_PRICE6P>
    <BARRIER_PRICE1P>0</BARRIER_PRICE1P>
    <BARRIER_PRICE2P>0</BARRIER_PRICE2P>
    <BARRIER_PRICE3P>0</BARRIER_PRICE3P>
    <BARRIER_PRICE4P>0</BARRIER_PRICE4P>
    <BARRIER_PRICE5P>0</BARRIER_PRICE5P>
    <BARRIER_PRICE6P>0</BARRIER_PRICE6P>
    <KK_PRICEP>0</KK_PRICEP>
    <PR1>0</PR1>
    <PR2>0</PR2>
    <MIN_YIELD1P>0.25</MIN_YIELD1P>
    <MIN_YIELD2P>0</MIN_YIELD2P>
    <MAX_YIELD1P>1.5</MAX_YIELD1P>
    <MAX_YIELD2P>0</MAX_YIELD2P>
    <REBATE_AMT>0</REBATE_AMT>
    <REBATEP>0.6232</REBATEP>
    <NOTE_CURR>THB</NOTE_CURR>
    <UNDERLYING_CURR>THB</UNDERLYING_CURR>
    <FX_DELIVERY_AMT>0</FX_DELIVERY_AMT>
    <SURPLUS_CASH>0</SURPLUS_CASH>
    <SUB_BEGIN_DATE>01/04/2021</SUB_BEGIN_DATE>
    <SUB_END_DATE>01/04/2021</SUB_END_DATE>
    <TRADE_DATE>01/04/2021</TRADE_DATE>
    <EFFECTIVE_DATE>05/04/2021</EFFECTIVE_DATE>
    <SETTLE_DATE>05/04/2021</SETTLE_DATE>
    <ISSUE_DATE>05/04/2021</ISSUE_DATE>
    <FIXING_DATE>30/09/2021</FIXING_DATE>
    <MATURITY_DATE>04/10/2021</MATURITY_DATE>
    <SETTLE_PERIOD>2</SETTLE_PERIOD>
    <EXCRATE_TRADEDATE>0</EXCRATE_TRADEDATE>
    <EXCHANGE1>SET</EXCHANGE1>
    <CUST_TYPE>1</CUST_TYPE>
    <PAY_TYPE>C</PAY_TYPE>
    <STN_NAME>??????????????????????? ???????????????????????????????????????????? KTC, OSP, VGI ????????? ?????????????????????? ????? (?????)</STN_NAME>
    <STN_TYPE_DESC>??????????????????????????????????????? ?????? Bonus Digital Note ??????????????????????????</STN_TYPE_DESC>
    <STN_RETURN>???????????????????????????????????? ??????????????????????? ????????????? ??? Rebate</STN_RETURN>
    <STN_RULE_REDEEM>??????????????????????????????????????????? ??????????????????????????????????????????????????????????????????????????????? (?????) ?????????????????????????????????????????????? ????????????????????????????????????????????????????????????????????? 2 ???? ??????
??????? 1 ??????????????????????? ? ?????????????????????????????????? (Fixing Price) ?????????????????????????????? (Strike Price)
(?) ?????????????? ??????????????????????? × ??????????????????????? 
(?) ??????????????? ??????????????????????? × Min Yield × (??????????/365)
(?) ??????????????? ??????????????????????? × Rebate
??????? 2 ???????????????????????????????????????? ? ?????????????????????????????????? (Fixing Price) ??????????????????? (Strike Price)
(?) ?????????????? ??????????????????????? × ??????????????????????? 
(?) ??????????????? ??????????????????????? × Min Yield × (??????????/365)</STN_RULE_REDEEM>
  </TB_STNCONF>
  <TB_STNCONF>
    <STNID>242</STNID>
    <ACTION>New Trade</ACTION>
    <CURR_DATE>01/04/2021</CURR_DATE>
    <ORDER_NO>2021600013</ORDER_NO>
    <ACCT_NO>20135498</ACCT_NO>
    <SYMBOL>KKBODN21O04Z</SYMBOL>
    <KKSYMBOL>KKP21O04Z</KKSYMBOL>
    <UNIT>10</UNIT>
    <AMOUNT>10000000</AMOUNT>
    <FULLNAME>??? ???????? ????</FULLNAME>
    <TAXID>3100215478963</TAXID>
    <CUST_BANK_CODE>KKP</CUST_BANK_CODE>
    <CUST_BANK_ACCT>32548741</CUST_BANK_ACCT>
    <TEL>081-111-1112</TEL>
    <EMAIL>Eknarong@gmail.com</EMAIL>
    <FC_NAME>Kittiporn Sinsukthavorn</FC_NAME>
    <FC_EMAIL>Kittiporn.Sins@kkpfg.com</FC_EMAIL>
    <STN_TYPE>BODN</STN_TYPE>
    <NOTE_SERIES>1/2564</NOTE_SERIES>
    <UNDERLYING1>PTT</UNDERLYING1>
    <UNDERLYING2>LH</UNDERLYING2>
    <UNDERLYING3>CPALL</UNDERLYING3>
    <STRIKE_PRICE1>40</STRIKE_PRICE1>
    <STRIKE_PRICE2>8</STRIKE_PRICE2>
    <STRIKE_PRICE3>69</STRIKE_PRICE3>
    <STRIKE_PRICE4>0</STRIKE_PRICE4>
    <STRIKE_PRICE5>0</STRIKE_PRICE5>
    <STRIKE_PRICE6>0</STRIKE_PRICE6>
    <BARRIER_PRICE1>0</BARRIER_PRICE1>
    <BARRIER_PRICE2>0</BARRIER_PRICE2>
    <BARRIER_PRICE3>0</BARRIER_PRICE3>
    <BARRIER_PRICE4>0</BARRIER_PRICE4>
    <BARRIER_PRICE5>0</BARRIER_PRICE5>
    <BARRIER_PRICE6>0</BARRIER_PRICE6>
    <KI_PRICE>0</KI_PRICE>
    <PROTECT_LEVELP>100</PROTECT_LEVELP>
    <TTM>182</TTM>
    <TRADING_DAY>0</TRADING_DAY>
    <EXERCISE_TYPE>European</EXERCISE_TYPE>
    <PAR_VALUE>1000000</PAR_VALUE>
    <OFFER_PRICEP>100</OFFER_PRICEP>
    <OFFER_PRICE_AMT>10000000</OFFER_PRICE_AMT>
    <INITIAL_PRICEP>100</INITIAL_PRICEP>
    <INITIAL_PRICE_AMT>0</INITIAL_PRICE_AMT>
    <STRIKE_PRICE1P>100</STRIKE_PRICE1P>
    <STRIKE_PRICE2P>100</STRIKE_PRICE2P>
    <STRIKE_PRICE3P>100</STRIKE_PRICE3P>
    <STRIKE_PRICE4P>0</STRIKE_PRICE4P>
    <STRIKE_PRICE5P>0</STRIKE_PRICE5P>
    <STRIKE_PRICE6P>0</STRIKE_PRICE6P>
    <BARRIER_PRICE1P>0</BARRIER_PRICE1P>
    <BARRIER_PRICE2P>0</BARRIER_PRICE2P>
    <BARRIER_PRICE3P>0</BARRIER_PRICE3P>
    <BARRIER_PRICE4P>0</BARRIER_PRICE4P>
    <BARRIER_PRICE5P>0</BARRIER_PRICE5P>
    <BARRIER_PRICE6P>0</BARRIER_PRICE6P>
    <KK_PRICEP>0</KK_PRICEP>
    <PR1>0</PR1>
    <PR2>0</PR2>
    <MIN_YIELD1P>0.25</MIN_YIELD1P>
    <MIN_YIELD2P>0</MIN_YIELD2P>
    <MAX_YIELD1P>1.5</MAX_YIELD1P>
    <MAX_YIELD2P>0</MAX_YIELD2P>
    <REBATE_AMT>0</REBATE_AMT>
    <REBATEP>0.6232</REBATEP>
    <NOTE_CURR>THB</NOTE_CURR>
    <UNDERLYING_CURR>THB</UNDERLYING_CURR>
    <FX_DELIVERY_AMT>0</FX_DELIVERY_AMT>
    <SURPLUS_CASH>0</SURPLUS_CASH>
    <SUB_BEGIN_DATE>01/04/2021</SUB_BEGIN_DATE>
    <SUB_END_DATE>01/04/2021</SUB_END_DATE>
    <TRADE_DATE>01/04/2021</TRADE_DATE>
    <EFFECTIVE_DATE>05/04/2021</EFFECTIVE_DATE>
    <SETTLE_DATE>05/04/2021</SETTLE_DATE>
    <ISSUE_DATE>05/04/2021</ISSUE_DATE>
    <FIXING_DATE>30/09/2021</FIXING_DATE>
    <MATURITY_DATE>04/10/2021</MATURITY_DATE>
    <SETTLE_PERIOD>2</SETTLE_PERIOD>
    <EXCRATE_TRADEDATE>0</EXCRATE_TRADEDATE>
    <EXCHANGE1>SET</EXCHANGE1>
    <CUST_TYPE>1</CUST_TYPE>
    <PAY_TYPE>C</PAY_TYPE>
    <STN_NAME>??????????????????????? ???????????????????????????????????????????? KTC, OSP, VGI ????????? ?????????????????????? ????? (?????)</STN_NAME>
    <STN_TYPE_DESC>??????????????????????????????????????? ?????? Bonus Digital Note ??????????????????????????</STN_TYPE_DESC>
    <STN_RETURN>???????????????????????????????????? ??????????????????????? ????????????? ??? Rebate</STN_RETURN>
    <STN_RULE_REDEEM>??????????????????????????????????????????? ??????????????????????????????????????????????????????????????????????????????? (?????) ?????????????????????????????????????????????? ????????????????????????????????????????????????????????????????????? 2 ???? ??????
??????? 1 ??????????????????????? ? ?????????????????????????????????? (Fixing Price) ?????????????????????????????? (Strike Price)
(?) ?????????????? ??????????????????????? × ??????????????????????? 
(?) ??????????????? ??????????????????????? × Min Yield × (??????????/365)
(?) ??????????????? ??????????????????????? × Rebate
??????? 2 ???????????????????????????????????????? ? ?????????????????????????????????? (Fixing Price) ??????????????????? (Strike Price)
(?) ?????????????? ??????????????????????? × ??????????????????????? 
(?) ??????????????? ??????????????????????? × Min Yield × (??????????/365)</STN_RULE_REDEEM>
  </TB_STNCONF>
</NewDataSet>
2021-04-26 22:18:49,067 [14] INFO  KKB.Treasury.TreasuryModel.Model.Model_RPT_PRICINGREPORT [(null)] - -----Model_RPT_PRICINGREPORT Finish-----
2021-04-26 22:49:24,775 [9] INFO  TreasuryShadowSystem.Model.Model_Tb_Menu_Auth [(null)] - Select p.* From (Select l.* From OPICINF.KKB_TB_MS_LOOKUP l, OPICINF.KKB_TB_MS_MENU_AUTH a Where l.ID=a.MENU_ID And l.ENABLED='1' And a.USERGROUP_ID=(SELECT USERGROUP_ID FROM OPICINF.KKB_TB_MS_USERGROUP WHERE USERGROUP_NAME = 'ITProject') UNION Select * From OPICINF.KKB_TB_MS_LOOKUP WHERE ENABLED='1' AND ID IN (Select DISTINCT GROUPID From OPICINF.KKB_TB_MS_LOOKUP l, OPICINF.KKB_TB_MS_MENU_AUTH a Where l.ID=a.MENU_ID And l.ENABLED='1' And a.USERGROUP_ID=(SELECT USERGROUP_ID FROM OPICINF.KKB_TB_MS_USERGROUP WHERE USERGROUP_NAME = 'ITProject')) ) p Order By p.GroupID, p.SEQ 
2021-04-26 22:49:25,083 [9] INFO  TreasuryShadowSystem.Login [(null)] - Login successfull on :26/04/2021 10:49:25
2021-04-26 22:49:25,201 [9] ERROR TreasuryShadowSystem.Login [(null)] - Thread was being aborted.
2021-04-26 23:18:01,179 [4] INFO  TreasuryShadowSystem.Model.Model_Tb_Menu_Auth [(null)] - Select p.* From (Select l.* From OPICINF.KKB_TB_MS_LOOKUP l, OPICINF.KKB_TB_MS_MENU_AUTH a Where l.ID=a.MENU_ID And l.ENABLED='1' And a.USERGROUP_ID=(SELECT USERGROUP_ID FROM OPICINF.KKB_TB_MS_USERGROUP WHERE USERGROUP_NAME = 'ITProject') UNION Select * From OPICINF.KKB_TB_MS_LOOKUP WHERE ENABLED='1' AND ID IN (Select DISTINCT GROUPID From OPICINF.KKB_TB_MS_LOOKUP l, OPICINF.KKB_TB_MS_MENU_AUTH a Where l.ID=a.MENU_ID And l.ENABLED='1' And a.USERGROUP_ID=(SELECT USERGROUP_ID FROM OPICINF.KKB_TB_MS_USERGROUP WHERE USERGROUP_NAME = 'ITProject')) ) p Order By p.GroupID, p.SEQ 
2021-04-26 23:18:01,378 [4] INFO  TreasuryShadowSystem.Login [(null)] - Login successfull on :26/04/2021 11:18:01
2021-04-26 23:18:01,440 [4] ERROR TreasuryShadowSystem.Login [(null)] - Thread was being aborted.
2021-04-26 23:22:13,089 [4] INFO  TreasuryModel.Data.STNMASTER [(null)] - -----KKB_TB_STN_MASTER Start UpdatePriceClose-----
2021-04-26 23:22:50,037 [4] INFO  TreasuryModel.Data.STNMASTER [(null)] - -----KKB_TB_STN_MASTER Finish UpdatePriceClose-----
2021-04-26 23:42:34,029 [4] INFO  KKB.Treasury.TreasuryModel.Model.Model_RPT_SETTLEMENTREPORT [(null)] - -----Model_RPT_SETTLEMENTREPORT Start-----
2021-04-26 23:42:34,040 [4] INFO  KKB.Treasury.TreasuryModel.Model.Model_RPT_SETTLEMENTREPORT [(null)] - Store Procedure : OPICINF.KKB_SP_TSS_STNCONF
2021-04-26 23:42:37,267 [4] INFO  KKB.Treasury.TreasuryModel.Model.Model_RPT_SETTLEMENTREPORT [(null)] - <NewDataSet>
  <TB_STNCONF>
    <STNID>241</STNID>
    <ACTION>New Trade</ACTION>
    <CURR_DATE>01/04/2021</CURR_DATE>
    <ORDER_NO>2021600012</ORDER_NO>
    <ACCT_NO>78451263</ACCT_NO>
    <SYMBOL>KKBODN21O04Z</SYMBOL>
    <KKSYMBOL>KKP21O04Z</KKSYMBOL>
    <UNIT>5</UNIT>
    <AMOUNT>5000000</AMOUNT>
    <FULLNAME>??? ??????? ??????????</FULLNAME>
    <TAXID>3165874542047</TAXID>
    <CUST_BANK_CODE>KKP</CUST_BANK_CODE>
    <CUST_BANK_ACCT>31587499</CUST_BANK_ACCT>
    <TEL>081-111-1111</TEL>
    <EMAIL>Punlapat@gmail.com</EMAIL>
    <FC_NAME>Kittiporn Sinsukthavorn</FC_NAME>
    <FC_EMAIL>Kittiporn.Sins@kkpfg.com</FC_EMAIL>
    <STN_TYPE>BODN</STN_TYPE>
    <NOTE_SERIES>1/2564</NOTE_SERIES>
    <UNDERLYING1>PTT</UNDERLYING1>
    <UNDERLYING2>LH</UNDERLYING2>
    <UNDERLYING3>CPALL</UNDERLYING3>
    <STRIKE_PRICE1>40</STRIKE_PRICE1>
    <STRIKE_PRICE2>8</STRIKE_PRICE2>
    <STRIKE_PRICE3>69</STRIKE_PRICE3>
    <STRIKE_PRICE4>0</STRIKE_PRICE4>
    <STRIKE_PRICE5>0</STRIKE_PRICE5>
    <STRIKE_PRICE6>0</STRIKE_PRICE6>
    <BARRIER_PRICE1>0</BARRIER_PRICE1>
    <BARRIER_PRICE2>0</BARRIER_PRICE2>
    <BARRIER_PRICE3>0</BARRIER_PRICE3>
    <BARRIER_PRICE4>0</BARRIER_PRICE4>
    <BARRIER_PRICE5>0</BARRIER_PRICE5>
    <BARRIER_PRICE6>0</BARRIER_PRICE6>
    <KI_PRICE>0</KI_PRICE>
    <PROTECT_LEVELP>100</PROTECT_LEVELP>
    <TTM>182</TTM>
    <TRADING_DAY>0</TRADING_DAY>
    <EXERCISE_TYPE>European</EXERCISE_TYPE>
    <PAR_VALUE>1000000</PAR_VALUE>
    <OFFER_PRICEP>100</OFFER_PRICEP>
    <OFFER_PRICE_AMT>5000000</OFFER_PRICE_AMT>
    <INITIAL_PRICEP>100</INITIAL_PRICEP>
    <INITIAL_PRICE_AMT>0</INITIAL_PRICE_AMT>
    <STRIKE_PRICE1P>100</STRIKE_PRICE1P>
    <STRIKE_PRICE2P>100</STRIKE_PRICE2P>
    <STRIKE_PRICE3P>100</STRIKE_PRICE3P>
    <STRIKE_PRICE4P>0</STRIKE_PRICE4P>
    <STRIKE_PRICE5P>0</STRIKE_PRICE5P>
    <STRIKE_PRICE6P>0</STRIKE_PRICE6P>
    <BARRIER_PRICE1P>0</BARRIER_PRICE1P>
    <BARRIER_PRICE2P>0</BARRIER_PRICE2P>
    <BARRIER_PRICE3P>0</BARRIER_PRICE3P>
    <BARRIER_PRICE4P>0</BARRIER_PRICE4P>
    <BARRIER_PRICE5P>0</BARRIER_PRICE5P>
    <BARRIER_PRICE6P>0</BARRIER_PRICE6P>
    <KK_PRICEP>0</KK_PRICEP>
    <PR1>0</PR1>
    <PR2>0</PR2>
    <MIN_YIELD1P>0.25</MIN_YIELD1P>
    <MIN_YIELD2P>0</MIN_YIELD2P>
    <MAX_YIELD1P>1.5</MAX_YIELD1P>
    <MAX_YIELD2P>0</MAX_YIELD2P>
    <REBATE_AMT>0</REBATE_AMT>
    <REBATEP>0.6232</REBATEP>
    <NOTE_CURR>THB</NOTE_CURR>
    <UNDERLYING_CURR>THB</UNDERLYING_CURR>
    <FX_DELIVERY_AMT>0</FX_DELIVERY_AMT>
    <SURPLUS_CASH>0</SURPLUS_CASH>
    <SUB_BEGIN_DATE>01/04/2021</SUB_BEGIN_DATE>
    <SUB_END_DATE>01/04/2021</SUB_END_DATE>
    <TRADE_DATE>01/04/2021</TRADE_DATE>
    <EFFECTIVE_DATE>05/04/2021</EFFECTIVE_DATE>
    <SETTLE_DATE>05/04/2021</SETTLE_DATE>
    <ISSUE_DATE>05/04/2021</ISSUE_DATE>
    <FIXING_DATE>30/09/2021</FIXING_DATE>
    <MATURITY_DATE>04/10/2021</MATURITY_DATE>
    <SETTLE_PERIOD>2</SETTLE_PERIOD>
    <EXCRATE_TRADEDATE>0</EXCRATE_TRADEDATE>
    <EXCHANGE1>SET</EXCHANGE1>
    <CUST_TYPE>1</CUST_TYPE>
    <PAY_TYPE>C</PAY_TYPE>
    <STN_NAME>??????????????????????? ???????????????????????????????????????????? KTC, OSP, VGI ????????? ?????????????????????? ????? (?????)</STN_NAME>
    <STN_TYPE_DESC>??????????????????????????????????????? ?????? Bonus Digital Note ??????????????????????????</STN_TYPE_DESC>
    <STN_RETURN>???????????????????????????????????? ??????????????????????? ????????????? ??? Rebate</STN_RETURN>
    <STN_RULE_REDEEM>??????????????????????????????????????????? ??????????????????????????????????????????????????????????????????????????????? (?????) ?????????????????????????????????????????????? ????????????????????????????????????????????????????????????????????? 2 ???? ??????
??????? 1 ??????????????????????? ? ?????????????????????????????????? (Fixing Price) ?????????????????????????????? (Strike Price)
(?) ?????????????? ??????????????????????? × ??????????????????????? 
(?) ??????????????? ??????????????????????? × Min Yield × (??????????/365)
(?) ??????????????? ??????????????????????? × Rebate
??????? 2 ???????????????????????????????????????? ? ?????????????????????????????????? (Fixing Price) ??????????????????? (Strike Price)
(?) ?????????????? ??????????????????????? × ??????????????????????? 
(?) ??????????????? ??????????????????????? × Min Yield × (??????????/365)</STN_RULE_REDEEM>
    <SETTLE_PRICE1>12</SETTLE_PRICE1>
    <SETTLE_PRICE2>13</SETTLE_PRICE2>
    <SETTLE_PRICE3>14</SETTLE_PRICE3>
    <SETTLE_PRICE4>0</SETTLE_PRICE4>
    <SETTLE_PRICE5>0</SETTLE_PRICE5>
    <SETTLE_PRICE6>0</SETTLE_PRICE6>
    <SETTLE_DAYS>100</SETTLE_DAYS>
  </TB_STNCONF>
  <TB_STNCONF>
    <STNID>242</STNID>
    <ACTION>New Trade</ACTION>
    <CURR_DATE>01/04/2021</CURR_DATE>
    <ORDER_NO>2021600013</ORDER_NO>
    <ACCT_NO>20135498</ACCT_NO>
    <SYMBOL>KKBODN21O04Z</SYMBOL>
    <KKSYMBOL>KKP21O04Z</KKSYMBOL>
    <UNIT>10</UNIT>
    <AMOUNT>10000000</AMOUNT>
    <FULLNAME>??? ???????? ????</FULLNAME>
    <TAXID>3100215478963</TAXID>
    <CUST_BANK_CODE>KKP</CUST_BANK_CODE>
    <CUST_BANK_ACCT>32548741</CUST_BANK_ACCT>
    <TEL>081-111-1112</TEL>
    <EMAIL>Eknarong@gmail.com</EMAIL>
    <FC_NAME>Kittiporn Sinsukthavorn</FC_NAME>
    <FC_EMAIL>Kittiporn.Sins@kkpfg.com</FC_EMAIL>
    <STN_TYPE>BODN</STN_TYPE>
    <NOTE_SERIES>1/2564</NOTE_SERIES>
    <UNDERLYING1>PTT</UNDERLYING1>
    <UNDERLYING2>LH</UNDERLYING2>
    <UNDERLYING3>CPALL</UNDERLYING3>
    <STRIKE_PRICE1>40</STRIKE_PRICE1>
    <STRIKE_PRICE2>8</STRIKE_PRICE2>
    <STRIKE_PRICE3>69</STRIKE_PRICE3>
    <STRIKE_PRICE4>0</STRIKE_PRICE4>
    <STRIKE_PRICE5>0</STRIKE_PRICE5>
    <STRIKE_PRICE6>0</STRIKE_PRICE6>
    <BARRIER_PRICE1>0</BARRIER_PRICE1>
    <BARRIER_PRICE2>0</BARRIER_PRICE2>
    <BARRIER_PRICE3>0</BARRIER_PRICE3>
    <BARRIER_PRICE4>0</BARRIER_PRICE4>
    <BARRIER_PRICE5>0</BARRIER_PRICE5>
    <BARRIER_PRICE6>0</BARRIER_PRICE6>
    <KI_PRICE>0</KI_PRICE>
    <PROTECT_LEVELP>100</PROTECT_LEVELP>
    <TTM>182</TTM>
    <TRADING_DAY>0</TRADING_DAY>
    <EXERCISE_TYPE>European</EXERCISE_TYPE>
    <PAR_VALUE>1000000</PAR_VALUE>
    <OFFER_PRICEP>100</OFFER_PRICEP>
    <OFFER_PRICE_AMT>10000000</OFFER_PRICE_AMT>
    <INITIAL_PRICEP>100</INITIAL_PRICEP>
    <INITIAL_PRICE_AMT>0</INITIAL_PRICE_AMT>
    <STRIKE_PRICE1P>100</STRIKE_PRICE1P>
    <STRIKE_PRICE2P>100</STRIKE_PRICE2P>
    <STRIKE_PRICE3P>100</STRIKE_PRICE3P>
    <STRIKE_PRICE4P>0</STRIKE_PRICE4P>
    <STRIKE_PRICE5P>0</STRIKE_PRICE5P>
    <STRIKE_PRICE6P>0</STRIKE_PRICE6P>
    <BARRIER_PRICE1P>0</BARRIER_PRICE1P>
    <BARRIER_PRICE2P>0</BARRIER_PRICE2P>
    <BARRIER_PRICE3P>0</BARRIER_PRICE3P>
    <BARRIER_PRICE4P>0</BARRIER_PRICE4P>
    <BARRIER_PRICE5P>0</BARRIER_PRICE5P>
    <BARRIER_PRICE6P>0</BARRIER_PRICE6P>
    <KK_PRICEP>0</KK_PRICEP>
    <PR1>0</PR1>
    <PR2>0</PR2>
    <MIN_YIELD1P>0.25</MIN_YIELD1P>
    <MIN_YIELD2P>0</MIN_YIELD2P>
    <MAX_YIELD1P>1.5</MAX_YIELD1P>
    <MAX_YIELD2P>0</MAX_YIELD2P>
    <REBATE_AMT>0</REBATE_AMT>
    <REBATEP>0.6232</REBATEP>
    <NOTE_CURR>THB</NOTE_CURR>
    <UNDERLYING_CURR>THB</UNDERLYING_CURR>
    <FX_DELIVERY_AMT>0</FX_DELIVERY_AMT>
    <SURPLUS_CASH>0</SURPLUS_CASH>
    <SUB_BEGIN_DATE>01/04/2021</SUB_BEGIN_DATE>
    <SUB_END_DATE>01/04/2021</SUB_END_DATE>
    <TRADE_DATE>01/04/2021</TRADE_DATE>
    <EFFECTIVE_DATE>05/04/2021</EFFECTIVE_DATE>
    <SETTLE_DATE>05/04/2021</SETTLE_DATE>
    <ISSUE_DATE>05/04/2021</ISSUE_DATE>
    <FIXING_DATE>30/09/2021</FIXING_DATE>
    <MATURITY_DATE>04/10/2021</MATURITY_DATE>
    <SETTLE_PERIOD>2</SETTLE_PERIOD>
    <EXCRATE_TRADEDATE>0</EXCRATE_TRADEDATE>
    <EXCHANGE1>SET</EXCHANGE1>
    <CUST_TYPE>1</CUST_TYPE>
    <PAY_TYPE>C</PAY_TYPE>
    <STN_NAME>??????????????????????? ???????????????????????????????????????????? KTC, OSP, VGI ????????? ?????????????????????? ????? (?????)</STN_NAME>
    <STN_TYPE_DESC>??????????????????????????????????????? ?????? Bonus Digital Note ??????????????????????????</STN_TYPE_DESC>
    <STN_RETURN>???????????????????????????????????? ??????????????????????? ????????????? ??? Rebate</STN_RETURN>
    <STN_RULE_REDEEM>??????????????????????????????????????????? ??????????????????????????????????????????????????????????????????????????????? (?????) ?????????????????????????????????????????????? ????????????????????????????????????????????????????????????????????? 2 ???? ??????
??????? 1 ??????????????????????? ? ?????????????????????????????????? (Fixing Price) ?????????????????????????????? (Strike Price)
(?) ?????????????? ??????????????????????? × ??????????????????????? 
(?) ??????????????? ??????????????????????? × Min Yield × (??????????/365)
(?) ??????????????? ??????????????????????? × Rebate
??????? 2 ???????????????????????????????????????? ? ?????????????????????????????????? (Fixing Price) ??????????????????? (Strike Price)
(?) ?????????????? ??????????????????????? × ??????????????????????? 
(?) ??????????????? ??????????????????????? × Min Yield × (??????????/365)</STN_RULE_REDEEM>
    <SETTLE_PRICE1>12</SETTLE_PRICE1>
    <SETTLE_PRICE2>13</SETTLE_PRICE2>
    <SETTLE_PRICE3>14</SETTLE_PRICE3>
    <SETTLE_PRICE4>0</SETTLE_PRICE4>
    <SETTLE_PRICE5>0</SETTLE_PRICE5>
    <SETTLE_PRICE6>0</SETTLE_PRICE6>
    <SETTLE_DAYS>100</SETTLE_DAYS>
  </TB_STNCONF>
</NewDataSet>
2021-04-26 23:42:38,779 [4] INFO  KKB.Treasury.TreasuryModel.Model.Model_RPT_SETTLEMENTREPORT [(null)] - <NewDataSet>
  <TB_STNCONF>
    <STNID>241</STNID>
    <ACTION>New Trade</ACTION>
    <CURR_DATE>01/04/2021</CURR_DATE>
    <ORDER_NO>2021600012</ORDER_NO>
    <ACCT_NO>78451263</ACCT_NO>
    <SYMBOL>KKBODN21O04Z</SYMBOL>
    <KKSYMBOL>KKP21O04Z</KKSYMBOL>
    <UNIT>5</UNIT>
    <AMOUNT>5000000</AMOUNT>
    <FULLNAME>??? ??????? ??????????</FULLNAME>
    <TAXID>3165874542047</TAXID>
    <CUST_BANK_CODE>KKP</CUST_BANK_CODE>
    <CUST_BANK_ACCT>31587499</CUST_BANK_ACCT>
    <TEL>081-111-1111</TEL>
    <EMAIL>Punlapat@gmail.com</EMAIL>
    <FC_NAME>Kittiporn Sinsukthavorn</FC_NAME>
    <FC_EMAIL>Kittiporn.Sins@kkpfg.com</FC_EMAIL>
    <STN_TYPE>BODN</STN_TYPE>
    <NOTE_SERIES>1/2564</NOTE_SERIES>
    <UNDERLYING1>PTT</UNDERLYING1>
    <UNDERLYING2>LH</UNDERLYING2>
    <UNDERLYING3>CPALL</UNDERLYING3>
    <STRIKE_PRICE1>40</STRIKE_PRICE1>
    <STRIKE_PRICE2>8</STRIKE_PRICE2>
    <STRIKE_PRICE3>69</STRIKE_PRICE3>
    <STRIKE_PRICE4>0</STRIKE_PRICE4>
    <STRIKE_PRICE5>0</STRIKE_PRICE5>
    <STRIKE_PRICE6>0</STRIKE_PRICE6>
    <BARRIER_PRICE1>0</BARRIER_PRICE1>
    <BARRIER_PRICE2>0</BARRIER_PRICE2>
    <BARRIER_PRICE3>0</BARRIER_PRICE3>
    <BARRIER_PRICE4>0</BARRIER_PRICE4>
    <BARRIER_PRICE5>0</BARRIER_PRICE5>
    <BARRIER_PRICE6>0</BARRIER_PRICE6>
    <KI_PRICE>0</KI_PRICE>
    <PROTECT_LEVELP>100</PROTECT_LEVELP>
    <TTM>182</TTM>
    <TRADING_DAY>0</TRADING_DAY>
    <EXERCISE_TYPE>European</EXERCISE_TYPE>
    <PAR_VALUE>1000000</PAR_VALUE>
    <OFFER_PRICEP>100</OFFER_PRICEP>
    <OFFER_PRICE_AMT>5000000</OFFER_PRICE_AMT>
    <INITIAL_PRICEP>100</INITIAL_PRICEP>
    <INITIAL_PRICE_AMT>0</INITIAL_PRICE_AMT>
    <STRIKE_PRICE1P>100</STRIKE_PRICE1P>
    <STRIKE_PRICE2P>100</STRIKE_PRICE2P>
    <STRIKE_PRICE3P>100</STRIKE_PRICE3P>
    <STRIKE_PRICE4P>0</STRIKE_PRICE4P>
    <STRIKE_PRICE5P>0</STRIKE_PRICE5P>
    <STRIKE_PRICE6P>0</STRIKE_PRICE6P>
    <BARRIER_PRICE1P>0</BARRIER_PRICE1P>
    <BARRIER_PRICE2P>0</BARRIER_PRICE2P>
    <BARRIER_PRICE3P>0</BARRIER_PRICE3P>
    <BARRIER_PRICE4P>0</BARRIER_PRICE4P>
    <BARRIER_PRICE5P>0</BARRIER_PRICE5P>
    <BARRIER_PRICE6P>0</BARRIER_PRICE6P>
    <KK_PRICEP>0</KK_PRICEP>
    <PR1>0</PR1>
    <PR2>0</PR2>
    <MIN_YIELD1P>0.25</MIN_YIELD1P>
    <MIN_YIELD2P>0</MIN_YIELD2P>
    <MAX_YIELD1P>1.5</MAX_YIELD1P>
    <MAX_YIELD2P>0</MAX_YIELD2P>
    <REBATE_AMT>0</REBATE_AMT>
    <REBATEP>0.6232</REBATEP>
    <NOTE_CURR>THB</NOTE_CURR>
    <UNDERLYING_CURR>THB</UNDERLYING_CURR>
    <FX_DELIVERY_AMT>0</FX_DELIVERY_AMT>
    <SURPLUS_CASH>0</SURPLUS_CASH>
    <SUB_BEGIN_DATE>01/04/2021</SUB_BEGIN_DATE>
    <SUB_END_DATE>01/04/2021</SUB_END_DATE>
    <TRADE_DATE>01/04/2021</TRADE_DATE>
    <EFFECTIVE_DATE>05/04/2021</EFFECTIVE_DATE>
    <SETTLE_DATE>05/04/2021</SETTLE_DATE>
    <ISSUE_DATE>05/04/2021</ISSUE_DATE>
    <FIXING_DATE>30/09/2021</FIXING_DATE>
    <MATURITY_DATE>04/10/2021</MATURITY_DATE>
    <SETTLE_PERIOD>2</SETTLE_PERIOD>
    <EXCRATE_TRADEDATE>0</EXCRATE_TRADEDATE>
    <EXCHANGE1>SET</EXCHANGE1>
    <CUST_TYPE>1</CUST_TYPE>
    <PAY_TYPE>C</PAY_TYPE>
    <STN_NAME>??????????????????????? ???????????????????????????????????????????? KTC, OSP, VGI ????????? ?????????????????????? ????? (?????)</STN_NAME>
    <STN_TYPE_DESC>??????????????????????????????????????? ?????? Bonus Digital Note ??????????????????????????</STN_TYPE_DESC>
    <STN_RETURN>???????????????????????????????????? ??????????????????????? ????????????? ??? Rebate</STN_RETURN>
    <STN_RULE_REDEEM>??????????????????????????????????????????? ??????????????????????????????????????????????????????????????????????????????? (?????) ?????????????????????????????????????????????? ????????????????????????????????????????????????????????????????????? 2 ???? ??????
??????? 1 ??????????????????????? ? ?????????????????????????????????? (Fixing Price) ?????????????????????????????? (Strike Price)
(?) ?????????????? ??????????????????????? × ??????????????????????? 
(?) ??????????????? ??????????????????????? × Min Yield × (??????????/365)
(?) ??????????????? ??????????????????????? × Rebate
??????? 2 ???????????????????????????????????????? ? ?????????????????????????????????? (Fixing Price) ??????????????????? (Strike Price)
(?) ?????????????? ??????????????????????? × ??????????????????????? 
(?) ??????????????? ??????????????????????? × Min Yield × (??????????/365)</STN_RULE_REDEEM>
    <SETTLE_PRICE1>12</SETTLE_PRICE1>
    <SETTLE_PRICE2>13</SETTLE_PRICE2>
    <SETTLE_PRICE3>14</SETTLE_PRICE3>
    <SETTLE_PRICE4>0</SETTLE_PRICE4>
    <SETTLE_PRICE5>0</SETTLE_PRICE5>
    <SETTLE_PRICE6>0</SETTLE_PRICE6>
    <SETTLE_DAYS>100</SETTLE_DAYS>
  </TB_STNCONF>
  <TB_STNCONF>
    <STNID>242</STNID>
    <ACTION>New Trade</ACTION>
    <CURR_DATE>01/04/2021</CURR_DATE>
    <ORDER_NO>2021600013</ORDER_NO>
    <ACCT_NO>20135498</ACCT_NO>
    <SYMBOL>KKBODN21O04Z</SYMBOL>
    <KKSYMBOL>KKP21O04Z</KKSYMBOL>
    <UNIT>10</UNIT>
    <AMOUNT>10000000</AMOUNT>
    <FULLNAME>??? ???????? ????</FULLNAME>
    <TAXID>3100215478963</TAXID>
    <CUST_BANK_CODE>KKP</CUST_BANK_CODE>
    <CUST_BANK_ACCT>32548741</CUST_BANK_ACCT>
    <TEL>081-111-1112</TEL>
    <EMAIL>Eknarong@gmail.com</EMAIL>
    <FC_NAME>Kittiporn Sinsukthavorn</FC_NAME>
    <FC_EMAIL>Kittiporn.Sins@kkpfg.com</FC_EMAIL>
    <STN_TYPE>BODN</STN_TYPE>
    <NOTE_SERIES>1/2564</NOTE_SERIES>
    <UNDERLYING1>PTT</UNDERLYING1>
    <UNDERLYING2>LH</UNDERLYING2>
    <UNDERLYING3>CPALL</UNDERLYING3>
    <STRIKE_PRICE1>40</STRIKE_PRICE1>
    <STRIKE_PRICE2>8</STRIKE_PRICE2>
    <STRIKE_PRICE3>69</STRIKE_PRICE3>
    <STRIKE_PRICE4>0</STRIKE_PRICE4>
    <STRIKE_PRICE5>0</STRIKE_PRICE5>
    <STRIKE_PRICE6>0</STRIKE_PRICE6>
    <BARRIER_PRICE1>0</BARRIER_PRICE1>
    <BARRIER_PRICE2>0</BARRIER_PRICE2>
    <BARRIER_PRICE3>0</BARRIER_PRICE3>
    <BARRIER_PRICE4>0</BARRIER_PRICE4>
    <BARRIER_PRICE5>0</BARRIER_PRICE5>
    <BARRIER_PRICE6>0</BARRIER_PRICE6>
    <KI_PRICE>0</KI_PRICE>
    <PROTECT_LEVELP>100</PROTECT_LEVELP>
    <TTM>182</TTM>
    <TRADING_DAY>0</TRADING_DAY>
    <EXERCISE_TYPE>European</EXERCISE_TYPE>
    <PAR_VALUE>1000000</PAR_VALUE>
    <OFFER_PRICEP>100</OFFER_PRICEP>
    <OFFER_PRICE_AMT>10000000</OFFER_PRICE_AMT>
    <INITIAL_PRICEP>100</INITIAL_PRICEP>
    <INITIAL_PRICE_AMT>0</INITIAL_PRICE_AMT>
    <STRIKE_PRICE1P>100</STRIKE_PRICE1P>
    <STRIKE_PRICE2P>100</STRIKE_PRICE2P>
    <STRIKE_PRICE3P>100</STRIKE_PRICE3P>
    <STRIKE_PRICE4P>0</STRIKE_PRICE4P>
    <STRIKE_PRICE5P>0</STRIKE_PRICE5P>
    <STRIKE_PRICE6P>0</STRIKE_PRICE6P>
    <BARRIER_PRICE1P>0</BARRIER_PRICE1P>
    <BARRIER_PRICE2P>0</BARRIER_PRICE2P>
    <BARRIER_PRICE3P>0</BARRIER_PRICE3P>
    <BARRIER_PRICE4P>0</BARRIER_PRICE4P>
    <BARRIER_PRICE5P>0</BARRIER_PRICE5P>
    <BARRIER_PRICE6P>0</BARRIER_PRICE6P>
    <KK_PRICEP>0</KK_PRICEP>
    <PR1>0</PR1>
    <PR2>0</PR2>
    <MIN_YIELD1P>0.25</MIN_YIELD1P>
    <MIN_YIELD2P>0</MIN_YIELD2P>
    <MAX_YIELD1P>1.5</MAX_YIELD1P>
    <MAX_YIELD2P>0</MAX_YIELD2P>
    <REBATE_AMT>0</REBATE_AMT>
    <REBATEP>0.6232</REBATEP>
    <NOTE_CURR>THB</NOTE_CURR>
    <UNDERLYING_CURR>THB</UNDERLYING_CURR>
    <FX_DELIVERY_AMT>0</FX_DELIVERY_AMT>
    <SURPLUS_CASH>0</SURPLUS_CASH>
    <SUB_BEGIN_DATE>01/04/2021</SUB_BEGIN_DATE>
    <SUB_END_DATE>01/04/2021</SUB_END_DATE>
    <TRADE_DATE>01/04/2021</TRADE_DATE>
    <EFFECTIVE_DATE>05/04/2021</EFFECTIVE_DATE>
    <SETTLE_DATE>05/04/2021</SETTLE_DATE>
    <ISSUE_DATE>05/04/2021</ISSUE_DATE>
    <FIXING_DATE>30/09/2021</FIXING_DATE>
    <MATURITY_DATE>04/10/2021</MATURITY_DATE>
    <SETTLE_PERIOD>2</SETTLE_PERIOD>
    <EXCRATE_TRADEDATE>0</EXCRATE_TRADEDATE>
    <EXCHANGE1>SET</EXCHANGE1>
    <CUST_TYPE>1</CUST_TYPE>
    <PAY_TYPE>C</PAY_TYPE>
    <STN_NAME>??????????????????????? ???????????????????????????????????????????? KTC, OSP, VGI ????????? ?????????????????????? ????? (?????)</STN_NAME>
    <STN_TYPE_DESC>??????????????????????????????????????? ?????? Bonus Digital Note ??????????????????????????</STN_TYPE_DESC>
    <STN_RETURN>???????????????????????????????????? ??????????????????????? ????????????? ??? Rebate</STN_RETURN>
    <STN_RULE_REDEEM>??????????????????????????????????????????? ??????????????????????????????????????????????????????????????????????????????? (?????) ?????????????????????????????????????????????? ????????????????????????????????????????????????????????????????????? 2 ???? ??????
??????? 1 ??????????????????????? ? ?????????????????????????????????? (Fixing Price) ?????????????????????????????? (Strike Price)
(?) ?????????????? ??????????????????????? × ??????????????????????? 
(?) ??????????????? ??????????????????????? × Min Yield × (??????????/365)
(?) ??????????????? ??????????????????????? × Rebate
??????? 2 ???????????????????????????????????????? ? ?????????????????????????????????? (Fixing Price) ??????????????????? (Strike Price)
(?) ?????????????? ??????????????????????? × ??????????????????????? 
(?) ??????????????? ??????????????????????? × Min Yield × (??????????/365)</STN_RULE_REDEEM>
    <SETTLE_PRICE1>12</SETTLE_PRICE1>
    <SETTLE_PRICE2>13</SETTLE_PRICE2>
    <SETTLE_PRICE3>14</SETTLE_PRICE3>
    <SETTLE_PRICE4>0</SETTLE_PRICE4>
    <SETTLE_PRICE5>0</SETTLE_PRICE5>
    <SETTLE_PRICE6>0</SETTLE_PRICE6>
    <SETTLE_DAYS>100</SETTLE_DAYS>
  </TB_STNCONF>
</NewDataSet>
2021-04-26 23:42:38,789 [4] INFO  KKB.Treasury.TreasuryModel.Model.Model_RPT_SETTLEMENTREPORT [(null)] - -----Model_RPT_SETTLEMENTREPORT Finish-----
