2021-08-03 10:27:45,546 [8] INFO  TreasuryShadowSystem.Model.Model_Tb_Menu_Auth [(null)] - Select p.* From (Select l.* From OPICINF.KKB_TB_MS_LOOKUP l, OPICINF.KKB_TB_MS_MENU_AUTH a Where l.ID=a.MENU_ID And l.ENABLED='1' And a.USERGROUP_ID=(SELECT USERGROUP_ID FROM OPICINF.KKB_TB_MS_USERGROUP WHERE USERGROUP_NAME = 'ITProject') UNION Select * From OPICINF.KKB_TB_MS_LOOKUP WHERE ENABLED='1' AND ID IN (Select DISTINCT GROUPID From OPICINF.KKB_TB_MS_LOOKUP l, OPICINF.KKB_TB_MS_MENU_AUTH a Where l.ID=a.MENU_ID And l.ENABLED='1' And a.USERGROUP_ID=(SELECT USERGROUP_ID FROM OPICINF.KKB_TB_MS_USERGROUP WHERE USERGROUP_NAME = 'ITProject')) ) p Order By p.GroupID, p.SEQ 
2021-08-03 10:27:45,705 [8] INFO  TreasuryShadowSystem.Login [(null)] - Login successfull on :03/08/2021 10:27:45
2021-08-03 10:27:45,817 [8] ERROR TreasuryShadowSystem.Login [(null)] - Thread was being aborted.
2021-08-03 10:29:27,370 [4] INFO  KKB.Treasury.TreasuryModel.Model.Model_RPT_TR096CLOSEBOOK [(null)] - -----Model_RPT_TR096CLOSEBOOK Start-----
2021-08-03 10:29:27,390 [4] INFO  KKB.Treasury.TreasuryModel.Model.Model_RPT_TR096CLOSEBOOK [(null)] - Store Procedure : OPICINF.KKB_SP_TSS_TR096CLOSEBOOK
2021-08-03 10:29:27,391 [4] INFO  KKB.Treasury.TreasuryModel.Model.Model_RPT_TR096CLOSEBOOK [(null)] - Data : Branch=01, Execute Date=201909, Cost=340, Term=STDP
2021-08-03 10:29:33,315 [4] ERROR KKB.Treasury.TreasuryCommon.Common.Oracle [(null)] - -----Oracle ExecuteReader Error----
2021-08-03 10:29:33,334 [4] ERROR KKB.Treasury.TreasuryCommon.Common.Oracle [(null)] - ORA-06550: line 1, column 7:
PLS-00201: identifier 'OPICINF.KKB_SP_TSS_TR096CLOSEBOOK' must be declared
ORA-06550: line 1, column 7:
PL/SQL: Statement ignored
2021-08-03 10:29:33,335 [4] INFO  KKB.Treasury.TreasuryModel.Model.Model_RPT_TR096CLOSEBOOK [(null)] - -----Model_RPT_TR096CLOSEBOOK Finish-----
2021-08-03 10:30:02,679 [4] INFO  KKB.Treasury.TreasuryModel.Model.Model_RPT_TR096CLOSEBOOK [(null)] - -----Model_RPT_TR096CLOSEBOOK Start-----
2021-08-03 10:30:02,696 [4] INFO  KKB.Treasury.TreasuryModel.Model.Model_RPT_TR096CLOSEBOOK [(null)] - Store Procedure : OPICINF.KKB_SP_TSS_TR096CLOSEBOOK
2021-08-03 10:30:02,697 [4] INFO  KKB.Treasury.TreasuryModel.Model.Model_RPT_TR096CLOSEBOOK [(null)] - Data : Branch=01, Execute Date=201912, Cost=340, Term=STDP
2021-08-03 10:30:03,610 [4] ERROR KKB.Treasury.TreasuryCommon.Common.Oracle [(null)] - -----Oracle ExecuteReader Error----
2021-08-03 10:30:03,626 [4] ERROR KKB.Treasury.TreasuryCommon.Common.Oracle [(null)] - ORA-06550: line 1, column 7:
PLS-00201: identifier 'OPICINF.KKB_SP_TSS_TR096CLOSEBOOK' must be declared
ORA-06550: line 1, column 7:
PL/SQL: Statement ignored
2021-08-03 10:30:03,627 [4] INFO  KKB.Treasury.TreasuryModel.Model.Model_RPT_TR096CLOSEBOOK [(null)] - -----Model_RPT_TR096CLOSEBOOK Finish-----
2021-08-03 14:38:47,910 [4] ERROR TreasuryShadowSystem.Site [(null)] - Thread was being aborted.
2021-08-03 14:45:34,533 [14] INFO  TreasuryShadowSystem.Model.Model_Tb_Menu_Auth [(null)] - Select p.* From (Select l.* From OPICINF.KKB_TB_MS_LOOKUP l, OPICINF.KKB_TB_MS_MENU_AUTH a Where l.ID=a.MENU_ID And l.ENABLED='1' And a.USERGROUP_ID=(SELECT USERGROUP_ID FROM OPICINF.KKB_TB_MS_USERGROUP WHERE USERGROUP_NAME = 'ITProject') UNION Select * From OPICINF.KKB_TB_MS_LOOKUP WHERE ENABLED='1' AND ID IN (Select DISTINCT GROUPID From OPICINF.KKB_TB_MS_LOOKUP l, OPICINF.KKB_TB_MS_MENU_AUTH a Where l.ID=a.MENU_ID And l.ENABLED='1' And a.USERGROUP_ID=(SELECT USERGROUP_ID FROM OPICINF.KKB_TB_MS_USERGROUP WHERE USERGROUP_NAME = 'ITProject')) ) p Order By p.GroupID, p.SEQ 
2021-08-03 14:45:34,583 [14] INFO  TreasuryShadowSystem.Login [(null)] - Login successfull on :03/08/2021 02:45:34
2021-08-03 14:45:34,696 [14] ERROR TreasuryShadowSystem.Login [(null)] - Thread was being aborted.
2021-08-03 15:06:58,966 [4] INFO  KKB.Treasury.TreasuryModel.Model.Model_RPT_TR096CLOSEBOOK [(null)] - -----Model_RPT_TR096CLOSEBOOK Start-----
2021-08-03 15:07:01,262 [4] INFO  KKB.Treasury.TreasuryModel.Model.Model_RPT_TR096CLOSEBOOK [(null)] - Store Procedure : OPICINF.KKB_SP_TSS_TR096CLOSEBOOK
2021-08-03 15:07:02,132 [4] INFO  KKB.Treasury.TreasuryModel.Model.Model_RPT_TR096CLOSEBOOK [(null)] - Data : Branch=01, Execute Date=201910, Cost=340, Term=STDP
2021-08-03 15:07:13,678 [4] ERROR KKB.Treasury.TreasuryCommon.Common.Oracle [(null)] - -----Oracle ExecuteReader Error----
2021-08-03 15:07:13,702 [4] ERROR KKB.Treasury.TreasuryCommon.Common.Oracle [(null)] - ORA-06550: line 1, column 7:
PLS-00201: identifier 'OPICINF.KKB_SP_TSS_TR096CLOSEBOOK' must be declared
ORA-06550: line 1, column 7:
PL/SQL: Statement ignored
2021-08-03 15:32:29,153 [7] INFO  TreasuryShadowSystem.Model.Model_Tb_Menu_Auth [(null)] - Select p.* From (Select l.* From OPICINF.KKB_TB_MS_LOOKUP l, OPICINF.KKB_TB_MS_MENU_AUTH a Where l.ID=a.MENU_ID And l.ENABLED='1' And a.USERGROUP_ID=(SELECT USERGROUP_ID FROM OPICINF.KKB_TB_MS_USERGROUP WHERE USERGROUP_NAME = 'TSS_BO_WRITE') UNION Select * From OPICINF.KKB_TB_MS_LOOKUP WHERE ENABLED='1' AND ID IN (Select DISTINCT GROUPID From OPICINF.KKB_TB_MS_LOOKUP l, OPICINF.KKB_TB_MS_MENU_AUTH a Where l.ID=a.MENU_ID And l.ENABLED='1' And a.USERGROUP_ID=(SELECT USERGROUP_ID FROM OPICINF.KKB_TB_MS_USERGROUP WHERE USERGROUP_NAME = 'TSS_BO_WRITE')) ) p Order By p.GroupID, p.SEQ 
2021-08-03 15:32:29,388 [7] INFO  TreasuryShadowSystem.Login [(null)] - Login successfull on :03/08/2021 03:32:29
2021-08-03 15:32:29,518 [7] ERROR TreasuryShadowSystem.Login [(null)] - Thread was being aborted.
2021-08-03 15:33:16,202 [9] INFO  TreasuryShadowSystem.Model.Model_Tb_Menu_Auth [(null)] - Select p.* From (Select l.* From OPICINF.KKB_TB_MS_LOOKUP l, OPICINF.KKB_TB_MS_MENU_AUTH a Where l.ID=a.MENU_ID And l.ENABLED='1' And a.USERGROUP_ID=(SELECT USERGROUP_ID FROM OPICINF.KKB_TB_MS_USERGROUP WHERE USERGROUP_NAME = 'TSS_IDM_WRITE') UNION Select * From OPICINF.KKB_TB_MS_LOOKUP WHERE ENABLED='1' AND ID IN (Select DISTINCT GROUPID From OPICINF.KKB_TB_MS_LOOKUP l, OPICINF.KKB_TB_MS_MENU_AUTH a Where l.ID=a.MENU_ID And l.ENABLED='1' And a.USERGROUP_ID=(SELECT USERGROUP_ID FROM OPICINF.KKB_TB_MS_USERGROUP WHERE USERGROUP_NAME = 'TSS_IDM_WRITE')) ) p Order By p.GroupID, p.SEQ 
2021-08-03 15:33:16,235 [9] INFO  TreasuryShadowSystem.Login [(null)] - Login successfull on :03/08/2021 03:33:16
2021-08-03 15:33:16,366 [9] ERROR TreasuryShadowSystem.Login [(null)] - Thread was being aborted.
2021-08-03 15:47:51,711 [7] INFO  TreasuryShadowSystem.Model.Model_Tb_Menu_Auth [(null)] - Select p.* From (Select l.* From OPICINF.KKB_TB_MS_LOOKUP l, OPICINF.KKB_TB_MS_MENU_AUTH a Where l.ID=a.MENU_ID And l.ENABLED='1' And a.USERGROUP_ID=(SELECT USERGROUP_ID FROM OPICINF.KKB_TB_MS_USERGROUP WHERE USERGROUP_NAME = 'TSS_BO_WRITE') UNION Select * From OPICINF.KKB_TB_MS_LOOKUP WHERE ENABLED='1' AND ID IN (Select DISTINCT GROUPID From OPICINF.KKB_TB_MS_LOOKUP l, OPICINF.KKB_TB_MS_MENU_AUTH a Where l.ID=a.MENU_ID And l.ENABLED='1' And a.USERGROUP_ID=(SELECT USERGROUP_ID FROM OPICINF.KKB_TB_MS_USERGROUP WHERE USERGROUP_NAME = 'TSS_BO_WRITE')) ) p Order By p.GroupID, p.SEQ 
2021-08-03 15:47:52,816 [7] INFO  TreasuryShadowSystem.Login [(null)] - Login successfull on :03/08/2021 03:47:52
2021-08-03 15:47:52,943 [7] ERROR TreasuryShadowSystem.Login [(null)] - Thread was being aborted.
2021-08-03 15:48:28,693 [7] INFO  KKB.Treasury.TreasuryModel.Model.Model_RPT_TR096CLOSEBOOK [(null)] - -----Model_RPT_TR096CLOSEBOOK Start-----
2021-08-03 15:48:29,424 [7] INFO  KKB.Treasury.TreasuryModel.Model.Model_RPT_TR096CLOSEBOOK [(null)] - Store Procedure : OPICINF.KKB_SP_TSS_TR096CLOSEBOOK
2021-08-03 15:48:30,242 [7] INFO  KKB.Treasury.TreasuryModel.Model.Model_RPT_TR096CLOSEBOOK [(null)] - Data : Branch=01, Execute Date=202111, Cost=340, Term=STDP
2021-08-03 16:01:11,962 [7] INFO  KKB.Treasury.TreasuryModel.Model.Model_RPT_TR096CLOSEBOOK [(null)] - Total Records : 3 Record(s)
2021-08-03 16:01:12,666 [7] INFO  KKB.Treasury.TreasuryModel.Model.Model_RPT_TR096CLOSEBOOK [(null)] - <NewDataSet>
  <TB_TR096CLOSEBOOK>
    <PORT>STDP</PORT>
    <INVTYPE>I</INVTYPE>
    <SECID>KKP21D02A           </SECID>
    <TYPE_1>Straight</TYPE_1>
    <TYPE_2>Fixed</TYPE_2>
    <ACCOUNT_TYPE>DBISFX-N  </ACCOUNT_TYPE>
    <TERM>Short</TERM>
    <DEAL_DATE>11/03/2021</DEAL_DATE>
    <VALUE_DATE>11/03/2021</VALUE_DATE>
    <MATURITY_DATE>02/12/2021</MATURITY_DATE>
    <COUPON>  -0.1300000</COUPON>
    <UNITS>15000</UNITS>
    <FACE_VALUE>575516940</FACE_VALUE>
    <COST_VALUE>575516940</COST_VALUE>
    <AI>160025.55459068</AI>
    <MKT_YTM>0.1313</MKT_YTM>
    <MTMVALUE>575512784.76769320</MTMVALUE>
    <UNREALIZED>-4155.23230680</UNREALIZED>
    <PCTUNREALIZEDTOCOST>-0.000722</PCTUNREALIZEDTOCOST>
    <BR>01</BR>
    <BRPROCDATE>04/03/2021</BRPROCDATE>
    <CCY>EUR</CCY>
    <EXCHANGERATE>  38.3677960</EXCHANGERATE>
    <CUSTODIAN>KK   </CUSTODIAN>
    <CUSTODIAN_NAME>ACCTTITLE129818</CUSTODIAN_NAME>
    <CURRENCY_TYPE>FOREIGN</CURRENCY_TYPE>
    <FACE_VALUE_FCY>15000000</FACE_VALUE_FCY>
    <COST_VALUE_FCY>15000000</COST_VALUE_FCY>
    <AI_FCY>4170.83</AI_FCY>
    <MTMVALUE_FCY>14999891.70</MTMVALUE_FCY>
    <EXDIVDATE>02/12/2021</EXDIVDATE>
    <CLOSEDATE>19/11/2021</CLOSEDATE>
  </TB_TR096CLOSEBOOK>
  <TB_TR096CLOSEBOOK>
    <PORT>STDP</PORT>
    <INVTYPE>I</INVTYPE>
    <SECID>KKP21D09A           </SECID>
    <TYPE_1>Straight</TYPE_1>
    <TYPE_2>Fixed</TYPE_2>
    <ACCOUNT_TYPE>DBISFX-N  </ACCOUNT_TYPE>
    <TERM>Short</TERM>
    <DEAL_DATE>17/03/2021</DEAL_DATE>
    <VALUE_DATE>17/03/2021</VALUE_DATE>
    <MATURITY_DATE>09/12/2021</MATURITY_DATE>
    <COUPON>  -0.1300000</COUPON>
    <UNITS>40000</UNITS>
    <FACE_VALUE>1534711840</FACE_VALUE>
    <COST_VALUE>1534711840</COST_VALUE>
    <AI>393483.23394576</AI>
    <MKT_YTM>0.125498</MKT_YTM>
    <MTMVALUE>1534750330.57294720</MTMVALUE>
    <UNREALIZED>38490.57294720</UNREALIZED>
    <PCTUNREALIZEDTOCOST>0.002508</PCTUNREALIZEDTOCOST>
    <BR>01</BR>
    <BRPROCDATE>04/03/2021</BRPROCDATE>
    <CCY>EUR</CCY>
    <EXCHANGERATE>  38.3677960</EXCHANGERATE>
    <CUSTODIAN>KK   </CUSTODIAN>
    <CUSTODIAN_NAME>ACCTTITLE129818</CUSTODIAN_NAME>
    <CURRENCY_TYPE>FOREIGN</CURRENCY_TYPE>
    <FACE_VALUE_FCY>40000000</FACE_VALUE_FCY>
    <COST_VALUE_FCY>40000000</COST_VALUE_FCY>
    <AI_FCY>10255.56</AI_FCY>
    <MTMVALUE_FCY>40001003.20</MTMVALUE_FCY>
    <EXDIVDATE>09/12/2021</EXDIVDATE>
    <CLOSEDATE>26/11/2021</CLOSEDATE>
  </TB_TR096CLOSEBOOK>
  <TB_TR096CLOSEBOOK>
    <PORT>STDP</PORT>
    <INVTYPE>I</INVTYPE>
    <SECID>KKP21D16A           </SECID>
    <TYPE_1>Straight</TYPE_1>
    <TYPE_2>Fixed</TYPE_2>
    <ACCOUNT_TYPE>DBISFX-N  </ACCOUNT_TYPE>
    <TERM>Short</TERM>
    <DEAL_DATE>24/03/2021</DEAL_DATE>
    <VALUE_DATE>24/03/2021</VALUE_DATE>
    <MATURITY_DATE>16/12/2021</MATURITY_DATE>
    <COUPON>  -0.1300000</COUPON>
    <UNITS>40000</UNITS>
    <FACE_VALUE>1534711840</FACE_VALUE>
    <COST_VALUE>1534711840</COST_VALUE>
    <AI>354688.78805424</AI>
    <MKT_YTM>0.140972</MKT_YTM>
    <MTMVALUE>1534613894.69037120</MTMVALUE>
    <UNREALIZED>-97945.30962880</UNREALIZED>
    <PCTUNREALIZEDTOCOST>-0.006382</PCTUNREALIZEDTOCOST>
    <BR>01</BR>
    <BRPROCDATE>04/03/2021</BRPROCDATE>
    <CCY>EUR</CCY>
    <EXCHANGERATE>  38.3677960</EXCHANGERATE>
    <CUSTODIAN>KK   </CUSTODIAN>
    <CUSTODIAN_NAME>ACCTTITLE129818</CUSTODIAN_NAME>
    <CURRENCY_TYPE>FOREIGN</CURRENCY_TYPE>
    <FACE_VALUE_FCY>40000000</FACE_VALUE_FCY>
    <COST_VALUE_FCY>40000000</COST_VALUE_FCY>
    <AI_FCY>9244.44</AI_FCY>
    <MTMVALUE_FCY>39997447.20</MTMVALUE_FCY>
    <EXDIVDATE>16/12/2021</EXDIVDATE>
    <CLOSEDATE>03/12/2021</CLOSEDATE>
  </TB_TR096CLOSEBOOK>
</NewDataSet>
2021-08-03 16:01:17,398 [7] INFO  KKB.Treasury.TreasuryModel.Model.Model_RPT_TR096CLOSEBOOK [(null)] - -----Model_RPT_TR096CLOSEBOOK Finish-----
