2021-05-10 09:41:03,445 [4] INFO  TreasuryShadowSystem.Model.Model_Tb_Menu_Auth [(null)] - Select p.* From (Select l.* From OPICINF.KKB_TB_MS_LOOKUP l, OPICINF.KKB_TB_MS_MENU_AUTH a Where l.ID=a.MENU_ID And l.ENABLED='1' And a.USERGROUP_ID=(SELECT USERGROUP_ID FROM OPICINF.KKB_TB_MS_USERGROUP WHERE USERGROUP_NAME = 'ITProject') UNION Select * From OPICINF.KKB_TB_MS_LOOKUP WHERE ENABLED='1' AND ID IN (Select DISTINCT GROUPID From OPICINF.KKB_TB_MS_LOOKUP l, OPICINF.KKB_TB_MS_MENU_AUTH a Where l.ID=a.MENU_ID And l.ENABLED='1' And a.USERGROUP_ID=(SELECT USERGROUP_ID FROM OPICINF.KKB_TB_MS_USERGROUP WHERE USERGROUP_NAME = 'ITProject')) ) p Order By p.GroupID, p.SEQ 
2021-05-10 09:41:03,824 [4] INFO  TreasuryShadowSystem.Login [(null)] - Login successfull on :10/05/2021 09:41:03
2021-05-10 09:41:03,971 [4] ERROR TreasuryShadowSystem.Login [(null)] - Thread was being aborted.
2021-05-10 10:36:07,928 [7] INFO  TreasuryShadowSystem.Model.Model_Tb_Menu_Auth [(null)] - Select p.* From (Select l.* From OPICINF.KKB_TB_MS_LOOKUP l, OPICINF.KKB_TB_MS_MENU_AUTH a Where l.ID=a.MENU_ID And l.ENABLED='1' And a.USERGROUP_ID=(SELECT USERGROUP_ID FROM OPICINF.KKB_TB_MS_USERGROUP WHERE USERGROUP_NAME = 'ITProject') UNION Select * From OPICINF.KKB_TB_MS_LOOKUP WHERE ENABLED='1' AND ID IN (Select DISTINCT GROUPID From OPICINF.KKB_TB_MS_LOOKUP l, OPICINF.KKB_TB_MS_MENU_AUTH a Where l.ID=a.MENU_ID And l.ENABLED='1' And a.USERGROUP_ID=(SELECT USERGROUP_ID FROM OPICINF.KKB_TB_MS_USERGROUP WHERE USERGROUP_NAME = 'ITProject')) ) p Order By p.GroupID, p.SEQ 
2021-05-10 10:36:08,218 [7] INFO  TreasuryShadowSystem.Login [(null)] - Login successfull on :10/05/2021 10:36:08
2021-05-10 10:36:08,374 [7] ERROR TreasuryShadowSystem.Login [(null)] - Thread was being aborted.
2021-05-10 11:52:45,576 [4] INFO  TreasuryModel.Data.BESeries [(null)] - -----BESeriesList-----
2021-05-10 11:52:45,576 [4] INFO  TreasuryModel.Data.BESeries [(null)] - SQL Statement : Select BESERIESID, BE_SERIES_CODE, BE_TOTAL_AMT, BE_SERIES_DEAL_NO, TO_CHAR(BE_ISSUE_DATE,'MM/DD/YYYY HH:MI:SS') as BE_ISSUE_DATE, BE_DIS_RATE, BE_ISSUER_ID, CUST1.NAMEEN as BE_ISSUER_NAME, TO_CHAR(BE_MAT_DATE,'MM/DD/YYYY HH:MI:SS') as BE_MAT_DATE, NVL(BE_AVAL_TYPE, '0') as BE_AVAL_TYPE, NAMEEN as BE_ISSUER_NAME, TARGETACCT as BE_ISSUER_ACCT, TARGETBANK as BE_ISSUER_BANK, BE_TOTAL_AMT - NVL((SELECT SUM(NVL(BE_ALLOT_AMT,0)) FROM OPICINF.KKB_TB_BE_ALLOTMENT WHERE BESERIESID = KKB_TB_BE_SERIES.BESERIESID AND FLAG IS NULL),0) as BE_SERIES_REMAIN, NVL(BE_SERIES_PROCEED,BE_TOTAL_AMT) as BE_SERIES_PROCEED From OPICINF.KKB_TB_BE_SERIES LEFT OUTER JOIN OPICINF.KKB_TB_CUSTOMER CUST1 ON KKB_TB_BE_SERIES.BE_ISSUER_ID = CUST1.CUSTOMERID Where 1=1 ORDER BY BESERIESID DESC
2021-05-10 11:53:11,071 [11] INFO  TreasuryModel.Data.BESeries [(null)] - -----BESeriesList-----
2021-05-10 11:53:11,071 [11] INFO  TreasuryModel.Data.BESeries [(null)] - SQL Statement : Select BESERIESID, BE_SERIES_CODE, BE_TOTAL_AMT, BE_SERIES_DEAL_NO, TO_CHAR(BE_ISSUE_DATE,'MM/DD/YYYY HH:MI:SS') as BE_ISSUE_DATE, BE_DIS_RATE, BE_ISSUER_ID, CUST1.NAMEEN as BE_ISSUER_NAME, TO_CHAR(BE_MAT_DATE,'MM/DD/YYYY HH:MI:SS') as BE_MAT_DATE, NVL(BE_AVAL_TYPE, '0') as BE_AVAL_TYPE, NAMEEN as BE_ISSUER_NAME, TARGETACCT as BE_ISSUER_ACCT, TARGETBANK as BE_ISSUER_BANK, BE_TOTAL_AMT - NVL((SELECT SUM(NVL(BE_ALLOT_AMT,0)) FROM OPICINF.KKB_TB_BE_ALLOTMENT WHERE BESERIESID = KKB_TB_BE_SERIES.BESERIESID AND FLAG IS NULL),0) as BE_SERIES_REMAIN, NVL(BE_SERIES_PROCEED,BE_TOTAL_AMT) as BE_SERIES_PROCEED From OPICINF.KKB_TB_BE_SERIES LEFT OUTER JOIN OPICINF.KKB_TB_CUSTOMER CUST1 ON KKB_TB_BE_SERIES.BE_ISSUER_ID = CUST1.CUSTOMERID Where 1=1 ORDER BY BESERIESID DESC
2021-05-10 11:53:21,280 [4] INFO  TreasuryModel.Data.BESeries [(null)] - -----BESeriesList-----
2021-05-10 11:53:21,280 [4] INFO  TreasuryModel.Data.BESeries [(null)] - SQL Statement : Select BESERIESID, BE_SERIES_CODE, BE_TOTAL_AMT, BE_SERIES_DEAL_NO, TO_CHAR(BE_ISSUE_DATE,'MM/DD/YYYY HH:MI:SS') as BE_ISSUE_DATE, BE_DIS_RATE, BE_ISSUER_ID, CUST1.NAMEEN as BE_ISSUER_NAME, TO_CHAR(BE_MAT_DATE,'MM/DD/YYYY HH:MI:SS') as BE_MAT_DATE, NVL(BE_AVAL_TYPE, '0') as BE_AVAL_TYPE, NAMEEN as BE_ISSUER_NAME, TARGETACCT as BE_ISSUER_ACCT, TARGETBANK as BE_ISSUER_BANK, BE_TOTAL_AMT - NVL((SELECT SUM(NVL(BE_ALLOT_AMT,0)) FROM OPICINF.KKB_TB_BE_ALLOTMENT WHERE BESERIESID = KKB_TB_BE_SERIES.BESERIESID AND FLAG IS NULL),0) as BE_SERIES_REMAIN, NVL(BE_SERIES_PROCEED,BE_TOTAL_AMT) as BE_SERIES_PROCEED From OPICINF.KKB_TB_BE_SERIES LEFT OUTER JOIN OPICINF.KKB_TB_CUSTOMER CUST1 ON KKB_TB_BE_SERIES.BE_ISSUER_ID = CUST1.CUSTOMERID Where 1=1 ORDER BY BESERIESID DESC
2021-05-10 15:28:56,783 [4] INFO  TreasuryShadowSystem.Model.Model_Tb_Menu_Auth [(null)] - Select p.* From (Select l.* From OPICINF.KKB_TB_MS_LOOKUP l, OPICINF.KKB_TB_MS_MENU_AUTH a Where l.ID=a.MENU_ID And l.ENABLED='1' And a.USERGROUP_ID=(SELECT USERGROUP_ID FROM OPICINF.KKB_TB_MS_USERGROUP WHERE USERGROUP_NAME = 'ITProject') UNION Select * From OPICINF.KKB_TB_MS_LOOKUP WHERE ENABLED='1' AND ID IN (Select DISTINCT GROUPID From OPICINF.KKB_TB_MS_LOOKUP l, OPICINF.KKB_TB_MS_MENU_AUTH a Where l.ID=a.MENU_ID And l.ENABLED='1' And a.USERGROUP_ID=(SELECT USERGROUP_ID FROM OPICINF.KKB_TB_MS_USERGROUP WHERE USERGROUP_NAME = 'ITProject')) ) p Order By p.GroupID, p.SEQ 
2021-05-10 15:29:00,357 [4] INFO  TreasuryShadowSystem.Login [(null)] - Login successfull on :10/05/2021 03:29:00
2021-05-10 15:29:00,481 [4] ERROR TreasuryShadowSystem.Login [(null)] - Thread was being aborted.
2021-05-10 16:14:52,005 [4] INFO  TreasuryShadowSystem.Model.Model_Tb_Menu_Auth [(null)] - Select p.* From (Select l.* From OPICINF.KKB_TB_MS_LOOKUP l, OPICINF.KKB_TB_MS_MENU_AUTH a Where l.ID=a.MENU_ID And l.ENABLED='1' And a.USERGROUP_ID=(SELECT USERGROUP_ID FROM OPICINF.KKB_TB_MS_USERGROUP WHERE USERGROUP_NAME = 'ITProject') UNION Select * From OPICINF.KKB_TB_MS_LOOKUP WHERE ENABLED='1' AND ID IN (Select DISTINCT GROUPID From OPICINF.KKB_TB_MS_LOOKUP l, OPICINF.KKB_TB_MS_MENU_AUTH a Where l.ID=a.MENU_ID And l.ENABLED='1' And a.USERGROUP_ID=(SELECT USERGROUP_ID FROM OPICINF.KKB_TB_MS_USERGROUP WHERE USERGROUP_NAME = 'ITProject')) ) p Order By p.GroupID, p.SEQ 
2021-05-10 16:14:52,717 [4] INFO  TreasuryShadowSystem.Login [(null)] - Login successfull on :10/05/2021 04:14:52
2021-05-10 16:14:52,833 [4] ERROR TreasuryShadowSystem.Login [(null)] - Thread was being aborted.
2021-05-10 19:47:45,860 [9] INFO  TreasuryShadowSystem.Model.Model_Tb_Menu_Auth [(null)] - Select p.* From (Select l.* From OPICINF.KKB_TB_MS_LOOKUP l, OPICINF.KKB_TB_MS_MENU_AUTH a Where l.ID=a.MENU_ID And l.ENABLED='1' And a.USERGROUP_ID=(SELECT USERGROUP_ID FROM OPICINF.KKB_TB_MS_USERGROUP WHERE USERGROUP_NAME = 'ITProject') UNION Select * From OPICINF.KKB_TB_MS_LOOKUP WHERE ENABLED='1' AND ID IN (Select DISTINCT GROUPID From OPICINF.KKB_TB_MS_LOOKUP l, OPICINF.KKB_TB_MS_MENU_AUTH a Where l.ID=a.MENU_ID And l.ENABLED='1' And a.USERGROUP_ID=(SELECT USERGROUP_ID FROM OPICINF.KKB_TB_MS_USERGROUP WHERE USERGROUP_NAME = 'ITProject')) ) p Order By p.GroupID, p.SEQ 
2021-05-10 19:47:46,285 [9] INFO  TreasuryShadowSystem.Login [(null)] - Login successfull on :10/05/2021 07:47:46
2021-05-10 19:47:46,396 [9] ERROR TreasuryShadowSystem.Login [(null)] - Thread was being aborted.
2021-05-10 19:52:21,475 [6] INFO  TreasuryModel.Data.TransToALR [(null)] - -----TB_TRANS_TO_ALR Start delete-----
2021-05-10 19:52:21,674 [6] INFO  TreasuryModel.Data.TransToALR [(null)] - -----TB_TRANS_TO_ALR Finish-----
2021-05-10 20:00:06,386 [4] INFO  TreasuryShadowSystem.Model.Model_Tb_Menu_Auth [(null)] - Select p.* From (Select l.* From OPICINF.KKB_TB_MS_LOOKUP l, OPICINF.KKB_TB_MS_MENU_AUTH a Where l.ID=a.MENU_ID And l.ENABLED='1' And a.USERGROUP_ID=(SELECT USERGROUP_ID FROM OPICINF.KKB_TB_MS_USERGROUP WHERE USERGROUP_NAME = 'ITProject') UNION Select * From OPICINF.KKB_TB_MS_LOOKUP WHERE ENABLED='1' AND ID IN (Select DISTINCT GROUPID From OPICINF.KKB_TB_MS_LOOKUP l, OPICINF.KKB_TB_MS_MENU_AUTH a Where l.ID=a.MENU_ID And l.ENABLED='1' And a.USERGROUP_ID=(SELECT USERGROUP_ID FROM OPICINF.KKB_TB_MS_USERGROUP WHERE USERGROUP_NAME = 'ITProject')) ) p Order By p.GroupID, p.SEQ 
2021-05-10 20:00:07,385 [4] INFO  TreasuryShadowSystem.Login [(null)] - Login successfull on :10/05/2021 08:00:07
2021-05-10 20:00:07,486 [4] ERROR TreasuryShadowSystem.Login [(null)] - Thread was being aborted.
2021-05-10 21:28:44,715 [11] ERROR KKB.Treasury.TreasuryCommon.Common.Oracle [(null)] - -----Oracle Open Connection Error----
2021-05-10 21:28:44,727 [11] ERROR KKB.Treasury.TreasuryCommon.Common.Oracle [(null)] - Connection request timed out
2021-05-10 21:30:56,612 [11] ERROR TreasuryShadowSystem.ALR.UploadTranALR [(null)] - Object reference not set to an instance of an object.
2021-05-10 21:50:58,095 [4] INFO  TreasuryShadowSystem.Model.Model_Tb_Menu_Auth [(null)] - Select p.* From (Select l.* From OPICINF.KKB_TB_MS_LOOKUP l, OPICINF.KKB_TB_MS_MENU_AUTH a Where l.ID=a.MENU_ID And l.ENABLED='1' And a.USERGROUP_ID=(SELECT USERGROUP_ID FROM OPICINF.KKB_TB_MS_USERGROUP WHERE USERGROUP_NAME = 'ITProject') UNION Select * From OPICINF.KKB_TB_MS_LOOKUP WHERE ENABLED='1' AND ID IN (Select DISTINCT GROUPID From OPICINF.KKB_TB_MS_LOOKUP l, OPICINF.KKB_TB_MS_MENU_AUTH a Where l.ID=a.MENU_ID And l.ENABLED='1' And a.USERGROUP_ID=(SELECT USERGROUP_ID FROM OPICINF.KKB_TB_MS_USERGROUP WHERE USERGROUP_NAME = 'ITProject')) ) p Order By p.GroupID, p.SEQ 
2021-05-10 21:50:58,649 [4] INFO  TreasuryShadowSystem.Login [(null)] - Login successfull on :10/05/2021 09:50:58
2021-05-10 21:50:58,735 [4] ERROR TreasuryShadowSystem.Login [(null)] - Thread was being aborted.
2021-05-10 21:57:31,376 [9] INFO  TreasuryShadowSystem.Model.Model_Tb_Menu_Auth [(null)] - Select p.* From (Select l.* From OPICINF.KKB_TB_MS_LOOKUP l, OPICINF.KKB_TB_MS_MENU_AUTH a Where l.ID=a.MENU_ID And l.ENABLED='1' And a.USERGROUP_ID=(SELECT USERGROUP_ID FROM OPICINF.KKB_TB_MS_USERGROUP WHERE USERGROUP_NAME = 'ITProject') UNION Select * From OPICINF.KKB_TB_MS_LOOKUP WHERE ENABLED='1' AND ID IN (Select DISTINCT GROUPID From OPICINF.KKB_TB_MS_LOOKUP l, OPICINF.KKB_TB_MS_MENU_AUTH a Where l.ID=a.MENU_ID And l.ENABLED='1' And a.USERGROUP_ID=(SELECT USERGROUP_ID FROM OPICINF.KKB_TB_MS_USERGROUP WHERE USERGROUP_NAME = 'ITProject')) ) p Order By p.GroupID, p.SEQ 
2021-05-10 21:57:31,798 [9] INFO  TreasuryShadowSystem.Login [(null)] - Login successfull on :10/05/2021 09:57:31
2021-05-10 21:57:31,869 [9] ERROR TreasuryShadowSystem.Login [(null)] - Thread was being aborted.
2021-05-10 22:12:27,827 [4] INFO  TreasuryShadowSystem.Model.Model_Tb_Menu_Auth [(null)] - Select p.* From (Select l.* From OPICINF.KKB_TB_MS_LOOKUP l, OPICINF.KKB_TB_MS_MENU_AUTH a Where l.ID=a.MENU_ID And l.ENABLED='1' And a.USERGROUP_ID=(SELECT USERGROUP_ID FROM OPICINF.KKB_TB_MS_USERGROUP WHERE USERGROUP_NAME = 'ITProject') UNION Select * From OPICINF.KKB_TB_MS_LOOKUP WHERE ENABLED='1' AND ID IN (Select DISTINCT GROUPID From OPICINF.KKB_TB_MS_LOOKUP l, OPICINF.KKB_TB_MS_MENU_AUTH a Where l.ID=a.MENU_ID And l.ENABLED='1' And a.USERGROUP_ID=(SELECT USERGROUP_ID FROM OPICINF.KKB_TB_MS_USERGROUP WHERE USERGROUP_NAME = 'ITProject')) ) p Order By p.GroupID, p.SEQ 
2021-05-10 22:12:28,264 [4] INFO  TreasuryShadowSystem.Login [(null)] - Login successfull on :10/05/2021 10:12:28
2021-05-10 22:12:28,356 [4] ERROR TreasuryShadowSystem.Login [(null)] - Thread was being aborted.
2021-05-10 22:17:40,621 [4] INFO  TreasuryShadowSystem.Model.Model_Tb_Menu_Auth [(null)] - Select p.* From (Select l.* From OPICINF.KKB_TB_MS_LOOKUP l, OPICINF.KKB_TB_MS_MENU_AUTH a Where l.ID=a.MENU_ID And l.ENABLED='1' And a.USERGROUP_ID=(SELECT USERGROUP_ID FROM OPICINF.KKB_TB_MS_USERGROUP WHERE USERGROUP_NAME = 'ITProject') UNION Select * From OPICINF.KKB_TB_MS_LOOKUP WHERE ENABLED='1' AND ID IN (Select DISTINCT GROUPID From OPICINF.KKB_TB_MS_LOOKUP l, OPICINF.KKB_TB_MS_MENU_AUTH a Where l.ID=a.MENU_ID And l.ENABLED='1' And a.USERGROUP_ID=(SELECT USERGROUP_ID FROM OPICINF.KKB_TB_MS_USERGROUP WHERE USERGROUP_NAME = 'ITProject')) ) p Order By p.GroupID, p.SEQ 
2021-05-10 22:17:41,155 [4] INFO  TreasuryShadowSystem.Login [(null)] - Login successfull on :10/05/2021 10:17:41
2021-05-10 22:17:41,250 [4] ERROR TreasuryShadowSystem.Login [(null)] - Thread was being aborted.
2021-05-10 22:20:25,324 [6] INFO  TreasuryModel.Data.TransToALR [(null)] - -----TB_TRANS_TO_ALR Start Update-----
2021-05-10 22:20:25,324 [6] INFO  TreasuryModel.Data.TransToALR [(null)] - SQL Statement : UPDATE OPICINF.TB_TRANS_TO_ALR SET TEAM = :TEAM  , DEALNO = :DEALNO , ID_NO_PART1 = :ID_NO_PART1 , ID_NO_PART2 = :ID_NO_PART2  , SENDER_CUST_TYPE = :SENDER_CUST_TYPE, SENDING_BANK_CODE = :SENDING_BANK_CODE, SENDING_TYPE = :SENDING_TYPE, SENDING_AC_NO = :SENDING_AC_NO  , SENDING_INFO = :SENDING_INFO, RECEIVER_CUST_TYPE = :RECEIVER_CUST_TYPE, RECEIVING_BANK_CODE = :RECEIVING_BANK_CODE, RECEIVING_TYPE = :RECEIVING_TYPE  , RECEIVING_AC_NO = :RECEIVING_AC_NO, RECEIVING_INFO = :RECEIVING_INFO  , TRANSFER_AMOUNT = :TRANSFER_AMOUNT , SETTLE_DATE = :SETTLE_DATE  WHERE TRANSID = :TRANSID 
2021-05-10 22:20:25,716 [6] ERROR TreasuryModel.Data.TransToALR [(null)] - -----Update TB_TRANS_TO_ALR Error-----
2021-05-10 22:20:25,716 [6] ERROR TreasuryModel.Data.TransToALR [(null)] - ORA-01843: not a valid month
2021-05-10 22:20:25,716 [6] INFO  TreasuryModel.Data.TransToALR [(null)] - -----Update TB_TRANS_TO_ALR Finish-----
2021-05-10 22:20:28,842 [6] INFO  TreasuryModel.Data.TransToALR [(null)] - -----TB_TRANS_TO_ALR Start Update-----
2021-05-10 22:20:28,842 [6] INFO  TreasuryModel.Data.TransToALR [(null)] - SQL Statement : UPDATE OPICINF.TB_TRANS_TO_ALR SET TEAM = :TEAM  , DEALNO = :DEALNO , ID_NO_PART1 = :ID_NO_PART1 , ID_NO_PART2 = :ID_NO_PART2  , SENDER_CUST_TYPE = :SENDER_CUST_TYPE, SENDING_BANK_CODE = :SENDING_BANK_CODE, SENDING_TYPE = :SENDING_TYPE, SENDING_AC_NO = :SENDING_AC_NO  , SENDING_INFO = :SENDING_INFO, RECEIVER_CUST_TYPE = :RECEIVER_CUST_TYPE, RECEIVING_BANK_CODE = :RECEIVING_BANK_CODE, RECEIVING_TYPE = :RECEIVING_TYPE  , RECEIVING_AC_NO = :RECEIVING_AC_NO, RECEIVING_INFO = :RECEIVING_INFO  , TRANSFER_AMOUNT = :TRANSFER_AMOUNT , SETTLE_DATE = :SETTLE_DATE  WHERE TRANSID = :TRANSID 
2021-05-10 22:20:29,145 [6] ERROR TreasuryModel.Data.TransToALR [(null)] - -----Update TB_TRANS_TO_ALR Error-----
2021-05-10 22:20:29,145 [6] ERROR TreasuryModel.Data.TransToALR [(null)] - ORA-01843: not a valid month
2021-05-10 22:20:29,145 [6] INFO  TreasuryModel.Data.TransToALR [(null)] - -----Update TB_TRANS_TO_ALR Finish-----
2021-05-10 22:20:32,028 [12] INFO  TreasuryModel.Data.TransToALR [(null)] - -----TB_TRANS_TO_ALR Start Update-----
2021-05-10 22:20:32,029 [12] INFO  TreasuryModel.Data.TransToALR [(null)] - SQL Statement : UPDATE OPICINF.TB_TRANS_TO_ALR SET TEAM = :TEAM  , DEALNO = :DEALNO , ID_NO_PART1 = :ID_NO_PART1 , ID_NO_PART2 = :ID_NO_PART2  , SENDER_CUST_TYPE = :SENDER_CUST_TYPE, SENDING_BANK_CODE = :SENDING_BANK_CODE, SENDING_TYPE = :SENDING_TYPE, SENDING_AC_NO = :SENDING_AC_NO  , SENDING_INFO = :SENDING_INFO, RECEIVER_CUST_TYPE = :RECEIVER_CUST_TYPE, RECEIVING_BANK_CODE = :RECEIVING_BANK_CODE, RECEIVING_TYPE = :RECEIVING_TYPE  , RECEIVING_AC_NO = :RECEIVING_AC_NO, RECEIVING_INFO = :RECEIVING_INFO  , TRANSFER_AMOUNT = :TRANSFER_AMOUNT , SETTLE_DATE = :SETTLE_DATE  WHERE TRANSID = :TRANSID 
2021-05-10 22:20:32,291 [12] ERROR TreasuryModel.Data.TransToALR [(null)] - -----Update TB_TRANS_TO_ALR Error-----
2021-05-10 22:20:32,291 [12] ERROR TreasuryModel.Data.TransToALR [(null)] - ORA-01843: not a valid month
2021-05-10 22:20:32,291 [12] INFO  TreasuryModel.Data.TransToALR [(null)] - -----Update TB_TRANS_TO_ALR Finish-----
2021-05-10 22:20:39,723 [6] INFO  TreasuryModel.Data.TransToALR [(null)] - -----TB_TRANS_TO_ALR Start Update-----
2021-05-10 22:20:39,723 [6] INFO  TreasuryModel.Data.TransToALR [(null)] - SQL Statement : UPDATE OPICINF.TB_TRANS_TO_ALR SET TEAM = :TEAM  , DEALNO = :DEALNO , ID_NO_PART1 = :ID_NO_PART1 , ID_NO_PART2 = :ID_NO_PART2  , SENDER_CUST_TYPE = :SENDER_CUST_TYPE, SENDING_BANK_CODE = :SENDING_BANK_CODE, SENDING_TYPE = :SENDING_TYPE, SENDING_AC_NO = :SENDING_AC_NO  , SENDING_INFO = :SENDING_INFO, RECEIVER_CUST_TYPE = :RECEIVER_CUST_TYPE, RECEIVING_BANK_CODE = :RECEIVING_BANK_CODE, RECEIVING_TYPE = :RECEIVING_TYPE  , RECEIVING_AC_NO = :RECEIVING_AC_NO, RECEIVING_INFO = :RECEIVING_INFO  , TRANSFER_AMOUNT = :TRANSFER_AMOUNT , SETTLE_DATE = :SETTLE_DATE  WHERE TRANSID = :TRANSID 
2021-05-10 22:20:40,050 [6] ERROR TreasuryModel.Data.TransToALR [(null)] - -----Update TB_TRANS_TO_ALR Error-----
2021-05-10 22:20:40,050 [6] ERROR TreasuryModel.Data.TransToALR [(null)] - ORA-01843: not a valid month
2021-05-10 22:20:40,050 [6] INFO  TreasuryModel.Data.TransToALR [(null)] - -----Update TB_TRANS_TO_ALR Finish-----
2021-05-10 22:29:31,591 [6] INFO  TreasuryModel.Data.TransToALR [(null)] - -----TB_TRANS_TO_ALR Start delete-----
2021-05-10 22:29:31,757 [6] INFO  TreasuryModel.Data.TransToALR [(null)] - -----TB_TRANS_TO_ALR Finish-----
2021-05-10 22:51:12,756 [11] INFO  TreasuryModel.Data.TransToALR [(null)] - -----TB_TRANS_TO_ALR Start Update-----
2021-05-10 22:51:12,767 [11] INFO  TreasuryModel.Data.TransToALR [(null)] - SQL Statement : UPDATE OPICINF.TB_TRANS_TO_ALR SET TEAM = :TEAM  , DEALNO = :DEALNO , ID_NO_PART1 = :ID_NO_PART1 , ID_NO_PART2 = :ID_NO_PART2  , SENDER_CUST_TYPE = :SENDER_CUST_TYPE, SENDING_BANK_CODE = :SENDING_BANK_CODE, SENDING_TYPE = :SENDING_TYPE, SENDING_AC_NO = :SENDING_AC_NO  , SENDING_INFO = :SENDING_INFO, RECEIVER_CUST_TYPE = :RECEIVER_CUST_TYPE, RECEIVING_BANK_CODE = :RECEIVING_BANK_CODE, RECEIVING_TYPE = :RECEIVING_TYPE  , RECEIVING_AC_NO = :RECEIVING_AC_NO, RECEIVING_INFO = :RECEIVING_INFO  , TRANSFER_AMOUNT = :TRANSFER_AMOUNT , SETTLE_DATE = :SETTLE_DATE  WHERE TRANSID = :TRANSID 
2021-05-10 22:51:13,446 [11] ERROR TreasuryModel.Data.TransToALR [(null)] - -----Update TB_TRANS_TO_ALR Error-----
2021-05-10 22:51:13,455 [11] ERROR TreasuryModel.Data.TransToALR [(null)] - ORA-01843: not a valid month
2021-05-10 22:51:13,456 [11] INFO  TreasuryModel.Data.TransToALR [(null)] - -----Update TB_TRANS_TO_ALR Finish-----
2021-05-10 22:52:03,950 [11] INFO  TreasuryModel.Data.TransToALR [(null)] - -----TB_TRANS_TO_ALR Start Update-----
2021-05-10 22:52:04,357 [11] INFO  TreasuryModel.Data.TransToALR [(null)] - SQL Statement : UPDATE OPICINF.TB_TRANS_TO_ALR SET TEAM = :TEAM  , DEALNO = :DEALNO , ID_NO_PART1 = :ID_NO_PART1 , ID_NO_PART2 = :ID_NO_PART2  , SENDER_CUST_TYPE = :SENDER_CUST_TYPE, SENDING_BANK_CODE = :SENDING_BANK_CODE, SENDING_TYPE = :SENDING_TYPE, SENDING_AC_NO = :SENDING_AC_NO  , SENDING_INFO = :SENDING_INFO, RECEIVER_CUST_TYPE = :RECEIVER_CUST_TYPE, RECEIVING_BANK_CODE = :RECEIVING_BANK_CODE, RECEIVING_TYPE = :RECEIVING_TYPE  , RECEIVING_AC_NO = :RECEIVING_AC_NO, RECEIVING_INFO = :RECEIVING_INFO  , TRANSFER_AMOUNT = :TRANSFER_AMOUNT , SETTLE_DATE = :SETTLE_DATE  WHERE TRANSID = :TRANSID 
2021-05-10 23:04:03,257 [4] INFO  TreasuryShadowSystem.Model.Model_Tb_Menu_Auth [(null)] - Select p.* From (Select l.* From OPICINF.KKB_TB_MS_LOOKUP l, OPICINF.KKB_TB_MS_MENU_AUTH a Where l.ID=a.MENU_ID And l.ENABLED='1' And a.USERGROUP_ID=(SELECT USERGROUP_ID FROM OPICINF.KKB_TB_MS_USERGROUP WHERE USERGROUP_NAME = 'ITProject') UNION Select * From OPICINF.KKB_TB_MS_LOOKUP WHERE ENABLED='1' AND ID IN (Select DISTINCT GROUPID From OPICINF.KKB_TB_MS_LOOKUP l, OPICINF.KKB_TB_MS_MENU_AUTH a Where l.ID=a.MENU_ID And l.ENABLED='1' And a.USERGROUP_ID=(SELECT USERGROUP_ID FROM OPICINF.KKB_TB_MS_USERGROUP WHERE USERGROUP_NAME = 'ITProject')) ) p Order By p.GroupID, p.SEQ 
2021-05-10 23:04:03,757 [4] INFO  TreasuryShadowSystem.Login [(null)] - Login successfull on :10/05/2021 11:04:03
2021-05-10 23:04:03,840 [4] ERROR TreasuryShadowSystem.Login [(null)] - Thread was being aborted.
2021-05-10 23:08:25,834 [11] INFO  TreasuryModel.Data.TransToALR [(null)] - -----TB_TRANS_TO_ALR Start Update-----
2021-05-10 23:08:25,844 [11] INFO  TreasuryModel.Data.TransToALR [(null)] - SQL Statement : UPDATE OPICINF.TB_TRANS_TO_ALR SET TEAM = :TEAM  , DEALNO = :DEALNO , ID_NO_PART1 = :ID_NO_PART1 , ID_NO_PART2 = :ID_NO_PART2  , SENDER_CUST_TYPE = :SENDER_CUST_TYPE, SENDING_BANK_CODE = :SENDING_BANK_CODE, SENDING_TYPE = :SENDING_TYPE, SENDING_AC_NO = :SENDING_AC_NO  , SENDING_INFO = :SENDING_INFO, RECEIVER_CUST_TYPE = :RECEIVER_CUST_TYPE, RECEIVING_BANK_CODE = :RECEIVING_BANK_CODE, RECEIVING_TYPE = :RECEIVING_TYPE  , RECEIVING_AC_NO = :RECEIVING_AC_NO, RECEIVING_INFO = :RECEIVING_INFO  , TRANSFER_AMOUNT = :TRANSFER_AMOUNT , SETTLE_DATE = :SETTLE_DATE  WHERE TRANSID = :TRANSID 
2021-05-10 23:08:26,263 [11] ERROR TreasuryModel.Data.TransToALR [(null)] - -----Update TB_TRANS_TO_ALR Error-----
2021-05-10 23:08:26,273 [11] ERROR TreasuryModel.Data.TransToALR [(null)] - ORA-01008: not all variables bound
2021-05-10 23:08:26,273 [11] INFO  TreasuryModel.Data.TransToALR [(null)] - -----Update TB_TRANS_TO_ALR Finish-----
2021-05-10 23:08:37,617 [11] INFO  TreasuryModel.Data.TransToALR [(null)] - -----TB_TRANS_TO_ALR Start Update-----
2021-05-10 23:08:39,702 [11] INFO  TreasuryModel.Data.TransToALR [(null)] - SQL Statement : UPDATE OPICINF.TB_TRANS_TO_ALR SET TEAM = :TEAM  , DEALNO = :DEALNO , ID_NO_PART1 = :ID_NO_PART1 , ID_NO_PART2 = :ID_NO_PART2  , SENDER_CUST_TYPE = :SENDER_CUST_TYPE, SENDING_BANK_CODE = :SENDING_BANK_CODE, SENDING_TYPE = :SENDING_TYPE, SENDING_AC_NO = :SENDING_AC_NO  , SENDING_INFO = :SENDING_INFO, RECEIVER_CUST_TYPE = :RECEIVER_CUST_TYPE, RECEIVING_BANK_CODE = :RECEIVING_BANK_CODE, RECEIVING_TYPE = :RECEIVING_TYPE  , RECEIVING_AC_NO = :RECEIVING_AC_NO, RECEIVING_INFO = :RECEIVING_INFO  , TRANSFER_AMOUNT = :TRANSFER_AMOUNT , SETTLE_DATE = :SETTLE_DATE  WHERE TRANSID = :TRANSID 
2021-05-10 23:32:01,852 [9] INFO  TreasuryShadowSystem.Model.Model_Tb_Menu_Auth [(null)] - Select p.* From (Select l.* From OPICINF.KKB_TB_MS_LOOKUP l, OPICINF.KKB_TB_MS_MENU_AUTH a Where l.ID=a.MENU_ID And l.ENABLED='1' And a.USERGROUP_ID=(SELECT USERGROUP_ID FROM OPICINF.KKB_TB_MS_USERGROUP WHERE USERGROUP_NAME = 'ITPeoject') UNION Select * From OPICINF.KKB_TB_MS_LOOKUP WHERE ENABLED='1' AND ID IN (Select DISTINCT GROUPID From OPICINF.KKB_TB_MS_LOOKUP l, OPICINF.KKB_TB_MS_MENU_AUTH a Where l.ID=a.MENU_ID And l.ENABLED='1' And a.USERGROUP_ID=(SELECT USERGROUP_ID FROM OPICINF.KKB_TB_MS_USERGROUP WHERE USERGROUP_NAME = 'ITPeoject')) ) p Order By p.GroupID, p.SEQ 
2021-05-10 23:32:02,099 [9] INFO  TreasuryShadowSystem.Login [(null)] - Login successfull on :10/05/2021 11:32:02
2021-05-10 23:32:02,187 [9] ERROR TreasuryShadowSystem.Login [(null)] - Thread was being aborted.
2021-05-10 23:32:15,397 [11] INFO  TreasuryShadowSystem.Model.Model_Tb_Menu_Auth [(null)] - Select p.* From (Select l.* From OPICINF.KKB_TB_MS_LOOKUP l, OPICINF.KKB_TB_MS_MENU_AUTH a Where l.ID=a.MENU_ID And l.ENABLED='1' And a.USERGROUP_ID=(SELECT USERGROUP_ID FROM OPICINF.KKB_TB_MS_USERGROUP WHERE USERGROUP_NAME = 'ITProject') UNION Select * From OPICINF.KKB_TB_MS_LOOKUP WHERE ENABLED='1' AND ID IN (Select DISTINCT GROUPID From OPICINF.KKB_TB_MS_LOOKUP l, OPICINF.KKB_TB_MS_MENU_AUTH a Where l.ID=a.MENU_ID And l.ENABLED='1' And a.USERGROUP_ID=(SELECT USERGROUP_ID FROM OPICINF.KKB_TB_MS_USERGROUP WHERE USERGROUP_NAME = 'ITProject')) ) p Order By p.GroupID, p.SEQ 
2021-05-10 23:32:15,728 [11] INFO  TreasuryShadowSystem.Login [(null)] - Login successfull on :10/05/2021 11:32:15
2021-05-10 23:32:15,821 [11] ERROR TreasuryShadowSystem.Login [(null)] - Thread was being aborted.
2021-05-10 23:36:18,808 [4] INFO  TreasuryModel.Data.TransToALR [(null)] - -----TB_TRANS_TO_ALR Start Update-----
2021-05-10 23:36:19,341 [4] INFO  TreasuryModel.Data.TransToALR [(null)] - SQL Statement : UPDATE OPICINF.TB_TRANS_TO_ALR SET TEAM = :TEAM  , DEALNO = :DEALNO , ID_NO_PART1 = :ID_NO_PART1 , ID_NO_PART2 = :ID_NO_PART2  , SENDER_CUST_TYPE = :SENDER_CUST_TYPE, SENDING_BANK_CODE = :SENDING_BANK_CODE, SENDING_TYPE = :SENDING_TYPE, SENDING_AC_NO = :SENDING_AC_NO  , SENDING_INFO = :SENDING_INFO, RECEIVER_CUST_TYPE = :RECEIVER_CUST_TYPE, RECEIVING_BANK_CODE = :RECEIVING_BANK_CODE, RECEIVING_TYPE = :RECEIVING_TYPE  , RECEIVING_AC_NO = :RECEIVING_AC_NO, RECEIVING_INFO = :RECEIVING_INFO  , TRANSFER_AMOUNT = :TRANSFER_AMOUNT , SETTLE_DATE = :SETTLE_DATE  WHERE TRANSID = :TRANSID 
