2021-05-28 09:43:08,639 [4] ERROR KKB.Treasury.TreasuryCommon.Common.Oracle [(null)] - -----Oracle Open Connection Error----
2021-05-28 09:43:08,855 [4] ERROR KKB.Treasury.TreasuryCommon.Common.Oracle [(null)] - ORA-12170: TNS:Connect timeout occurred
2021-05-28 09:43:08,973 [4] ERROR KKB.Treasury.TreasuryCommon.Common.Oracle [(null)] - -----Oracle ExecuteReader Error----
2021-05-28 09:43:08,975 [4] ERROR KKB.Treasury.TreasuryCommon.Common.Oracle [(null)] - Connection must be open for this operation
2021-05-28 09:43:30,989 [4] ERROR KKB.Treasury.TreasuryCommon.Common.Oracle [(null)] - -----Oracle Open Connection Error----
2021-05-28 09:43:30,991 [4] ERROR KKB.Treasury.TreasuryCommon.Common.Oracle [(null)] - ORA-12170: TNS:Connect timeout occurred
2021-05-28 09:43:30,994 [4] INFO  TreasuryShadowSystem.Model.Model_Tb_Menu_Auth [(null)] - Select p.* From (Select l.* From OPICINF.KKB_TB_MS_LOOKUP l, OPICINF.KKB_TB_MS_MENU_AUTH a Where l.ID=a.MENU_ID And l.ENABLED='1' And a.USERGROUP_ID=(SELECT USERGROUP_ID FROM OPICINF.KKB_TB_MS_USERGROUP WHERE USERGROUP_NAME = 'ITProject') UNION Select * From OPICINF.KKB_TB_MS_LOOKUP WHERE ENABLED='1' AND ID IN (Select DISTINCT GROUPID From OPICINF.KKB_TB_MS_LOOKUP l, OPICINF.KKB_TB_MS_MENU_AUTH a Where l.ID=a.MENU_ID And l.ENABLED='1' And a.USERGROUP_ID=(SELECT USERGROUP_ID FROM OPICINF.KKB_TB_MS_USERGROUP WHERE USERGROUP_NAME = 'ITProject')) ) p Order By p.GroupID, p.SEQ 
2021-05-28 09:43:31,097 [4] ERROR KKB.Treasury.TreasuryCommon.Common.Oracle [(null)] - -----Oracle ExecuteReader Error----
2021-05-28 09:43:31,097 [4] ERROR KKB.Treasury.TreasuryCommon.Common.Oracle [(null)] - Connection must be open for this operation
2021-05-28 09:43:31,098 [4] INFO  TreasuryShadowSystem.Login [(null)] - Login successfull on :28/05/2021 09:43:31
2021-05-28 09:43:31,194 [4] ERROR TreasuryShadowSystem.Login [(null)] - Thread was being aborted.
2021-05-28 09:43:31,767 [4] ERROR TreasuryShadowSystem.Site [(null)] - Cannot find table 0.
2021-05-28 09:46:23,466 [11] INFO  TreasuryShadowSystem.Model.Model_Tb_Menu_Auth [(null)] - Select p.* From (Select l.* From OPICINF.KKB_TB_MS_LOOKUP l, OPICINF.KKB_TB_MS_MENU_AUTH a Where l.ID=a.MENU_ID And l.ENABLED='1' And a.USERGROUP_ID=(SELECT USERGROUP_ID FROM OPICINF.KKB_TB_MS_USERGROUP WHERE USERGROUP_NAME = 'ITProject') UNION Select * From OPICINF.KKB_TB_MS_LOOKUP WHERE ENABLED='1' AND ID IN (Select DISTINCT GROUPID From OPICINF.KKB_TB_MS_LOOKUP l, OPICINF.KKB_TB_MS_MENU_AUTH a Where l.ID=a.MENU_ID And l.ENABLED='1' And a.USERGROUP_ID=(SELECT USERGROUP_ID FROM OPICINF.KKB_TB_MS_USERGROUP WHERE USERGROUP_NAME = 'ITProject')) ) p Order By p.GroupID, p.SEQ 
2021-05-28 09:46:23,584 [11] INFO  TreasuryShadowSystem.Login [(null)] - Login successfull on :28/05/2021 09:46:23
2021-05-28 09:46:23,677 [11] ERROR TreasuryShadowSystem.Login [(null)] - Thread was being aborted.
2021-05-28 10:37:10,055 [4] INFO  TreasuryShadowSystem.Model.Model_Tb_Menu_Auth [(null)] - Select p.* From (Select l.* From OPICINF.KKB_TB_MS_LOOKUP l, OPICINF.KKB_TB_MS_MENU_AUTH a Where l.ID=a.MENU_ID And l.ENABLED='1' And a.USERGROUP_ID=(SELECT USERGROUP_ID FROM OPICINF.KKB_TB_MS_USERGROUP WHERE USERGROUP_NAME = 'ITProject') UNION Select * From OPICINF.KKB_TB_MS_LOOKUP WHERE ENABLED='1' AND ID IN (Select DISTINCT GROUPID From OPICINF.KKB_TB_MS_LOOKUP l, OPICINF.KKB_TB_MS_MENU_AUTH a Where l.ID=a.MENU_ID And l.ENABLED='1' And a.USERGROUP_ID=(SELECT USERGROUP_ID FROM OPICINF.KKB_TB_MS_USERGROUP WHERE USERGROUP_NAME = 'ITProject')) ) p Order By p.GroupID, p.SEQ 
2021-05-28 10:37:10,336 [4] INFO  TreasuryShadowSystem.Login [(null)] - Login successfull on :28/05/2021 10:37:10
2021-05-28 10:37:10,424 [4] ERROR TreasuryShadowSystem.Login [(null)] - Thread was being aborted.
2021-05-28 10:37:20,120 [9] INFO  TreasuryShadowSystem.STN.MasterSTN [(null)] - BindGridReport MasterSTN
2021-05-28 10:37:20,333 [9] INFO  TreasuryShadowSystem.STN.MasterSTN [(null)] - MasterSTN ConvertDataTableToListMaster
2021-05-28 10:37:20,345 [9] INFO  TreasuryShadowSystem.STN.MasterSTN [(null)] - 1
2021-05-28 10:37:20,346 [9] INFO  TreasuryShadowSystem.STN.MasterSTN [(null)] - 2
2021-05-28 10:37:20,346 [9] INFO  TreasuryShadowSystem.STN.MasterSTN [(null)] - 3
2021-05-28 10:37:20,347 [9] INFO  TreasuryShadowSystem.STN.MasterSTN [(null)] - 4
2021-05-28 10:37:20,347 [9] INFO  TreasuryShadowSystem.STN.MasterSTN [(null)] - 5
2021-05-28 10:37:20,347 [9] INFO  TreasuryShadowSystem.STN.MasterSTN [(null)] - 6
2021-05-28 10:37:20,347 [9] INFO  TreasuryShadowSystem.STN.MasterSTN [(null)] - 7
2021-05-28 10:37:20,348 [9] INFO  TreasuryShadowSystem.STN.MasterSTN [(null)] - 8
2021-05-28 10:37:24,284 [9] INFO  TreasuryModel.Data.STNMASTER [(null)] - -----STNNAME Start getSTN-----
2021-05-28 10:37:24,396 [9] INFO  TreasuryModel.Data.STNMASTER [(null)] - -----STNNAME Start getSTN-----
2021-05-28 10:37:24,435 [9] INFO  TreasuryModel.Data.STNMASTER [(null)] - -----STNNAME Start getSTN-----
2021-05-28 10:37:24,488 [9] INFO  TreasuryModel.Data.STNMASTER [(null)] - -----STNNAME Start getSTN-----
2021-05-28 10:37:24,528 [9] INFO  TreasuryModel.Data.STNMASTER [(null)] - -----STNNAME Start getSTN-----
2021-05-28 10:37:24,567 [9] INFO  TreasuryModel.Data.STNMASTER [(null)] - -----STNNAME Start getSTN-----
2021-05-28 10:37:24,602 [9] INFO  TreasuryModel.Data.STNMASTER [(null)] - -----STNNAME Start getSTN-----
2021-05-28 10:37:24,643 [9] INFO  TreasuryModel.Data.STNMASTER [(null)] - -----STNNAME Start getSTN-----
2021-05-28 11:30:10,877 [10] INFO  TreasuryShadowSystem.STN.MasterSTN [(null)] - BindGridReport MasterSTN
2021-05-28 11:30:11,437 [10] INFO  TreasuryShadowSystem.STN.MasterSTN [(null)] - MasterSTN ConvertDataTableToListMaster
2021-05-28 11:30:11,438 [10] INFO  TreasuryShadowSystem.STN.MasterSTN [(null)] - 1
2021-05-28 11:30:11,439 [10] INFO  TreasuryShadowSystem.STN.MasterSTN [(null)] - 2
2021-05-28 11:30:11,439 [10] INFO  TreasuryShadowSystem.STN.MasterSTN [(null)] - 3
2021-05-28 11:30:11,440 [10] INFO  TreasuryShadowSystem.STN.MasterSTN [(null)] - 4
2021-05-28 11:30:11,440 [10] INFO  TreasuryShadowSystem.STN.MasterSTN [(null)] - 5
2021-05-28 11:30:11,440 [10] INFO  TreasuryShadowSystem.STN.MasterSTN [(null)] - 6
2021-05-28 11:30:11,440 [10] INFO  TreasuryShadowSystem.STN.MasterSTN [(null)] - 7
2021-05-28 11:30:11,440 [10] INFO  TreasuryShadowSystem.STN.MasterSTN [(null)] - 8
2021-05-28 11:30:11,463 [10] INFO  TreasuryModel.Data.STNMASTER [(null)] - -----STNNAME Start getSTN-----
2021-05-28 11:30:11,566 [10] INFO  TreasuryModel.Data.STNMASTER [(null)] - -----STNNAME Start getSTN-----
2021-05-28 11:30:11,619 [10] INFO  TreasuryModel.Data.STNMASTER [(null)] - -----STNNAME Start getSTN-----
2021-05-28 11:30:12,588 [10] INFO  TreasuryModel.Data.STNMASTER [(null)] - -----STNNAME Start getSTN-----
2021-05-28 11:30:12,719 [10] INFO  TreasuryModel.Data.STNMASTER [(null)] - -----STNNAME Start getSTN-----
2021-05-28 11:30:13,745 [10] INFO  TreasuryModel.Data.STNMASTER [(null)] - -----STNNAME Start getSTN-----
2021-05-28 11:30:13,805 [10] INFO  TreasuryModel.Data.STNMASTER [(null)] - -----STNNAME Start getSTN-----
2021-05-28 11:30:14,903 [10] INFO  TreasuryModel.Data.STNMASTER [(null)] - -----STNNAME Start getSTN-----
2021-05-28 11:32:56,542 [10] INFO  TreasuryShadowSystem.STN.MasterSTN [(null)] - BindGridReport MasterSTN
2021-05-28 11:32:56,605 [10] INFO  TreasuryShadowSystem.STN.MasterSTN [(null)] - MasterSTN ConvertDataTableToListMaster
2021-05-28 11:32:56,606 [10] INFO  TreasuryShadowSystem.STN.MasterSTN [(null)] - 1
2021-05-28 11:32:56,607 [10] INFO  TreasuryShadowSystem.STN.MasterSTN [(null)] - 2
2021-05-28 11:32:56,608 [10] INFO  TreasuryShadowSystem.STN.MasterSTN [(null)] - 3
2021-05-28 11:32:56,609 [10] INFO  TreasuryShadowSystem.STN.MasterSTN [(null)] - 4
2021-05-28 11:32:56,611 [10] INFO  TreasuryShadowSystem.STN.MasterSTN [(null)] - 5
2021-05-28 11:32:56,611 [10] INFO  TreasuryShadowSystem.STN.MasterSTN [(null)] - 6
2021-05-28 11:32:56,612 [10] INFO  TreasuryShadowSystem.STN.MasterSTN [(null)] - 7
2021-05-28 11:32:56,613 [10] INFO  TreasuryShadowSystem.STN.MasterSTN [(null)] - 8
2021-05-28 11:32:56,641 [10] INFO  TreasuryModel.Data.STNMASTER [(null)] - -----STNNAME Start getSTN-----
2021-05-28 11:32:56,704 [10] INFO  TreasuryModel.Data.STNMASTER [(null)] - -----STNNAME Start getSTN-----
2021-05-28 11:32:56,741 [10] INFO  TreasuryModel.Data.STNMASTER [(null)] - -----STNNAME Start getSTN-----
2021-05-28 11:32:56,770 [10] INFO  TreasuryModel.Data.STNMASTER [(null)] - -----STNNAME Start getSTN-----
2021-05-28 11:32:56,815 [10] INFO  TreasuryModel.Data.STNMASTER [(null)] - -----STNNAME Start getSTN-----
2021-05-28 11:32:56,858 [10] INFO  TreasuryModel.Data.STNMASTER [(null)] - -----STNNAME Start getSTN-----
2021-05-28 11:32:56,902 [10] INFO  TreasuryModel.Data.STNMASTER [(null)] - -----STNNAME Start getSTN-----
2021-05-28 11:32:56,943 [10] INFO  TreasuryModel.Data.STNMASTER [(null)] - -----STNNAME Start getSTN-----
2021-05-28 11:56:02,181 [11] INFO  TreasuryShadowSystem.STN.MasterSTN [(null)] - BindGridReport MasterSTN
2021-05-28 11:56:02,490 [11] INFO  TreasuryShadowSystem.STN.MasterSTN [(null)] - MasterSTN ConvertDataTableToListMaster
2021-05-28 11:56:02,490 [11] INFO  TreasuryShadowSystem.STN.MasterSTN [(null)] - 1
2021-05-28 11:56:02,491 [11] INFO  TreasuryShadowSystem.STN.MasterSTN [(null)] - 2
2021-05-28 11:56:02,491 [11] INFO  TreasuryShadowSystem.STN.MasterSTN [(null)] - 3
2021-05-28 11:56:02,491 [11] INFO  TreasuryShadowSystem.STN.MasterSTN [(null)] - 4
2021-05-28 11:56:02,492 [11] INFO  TreasuryShadowSystem.STN.MasterSTN [(null)] - 5
2021-05-28 11:56:02,492 [11] INFO  TreasuryShadowSystem.STN.MasterSTN [(null)] - 6
2021-05-28 11:56:02,492 [11] INFO  TreasuryShadowSystem.STN.MasterSTN [(null)] - 7
2021-05-28 11:56:02,492 [11] INFO  TreasuryShadowSystem.STN.MasterSTN [(null)] - 8
2021-05-28 11:56:02,507 [11] INFO  TreasuryModel.Data.STNMASTER [(null)] - -----STNNAME Start getSTN-----
2021-05-28 11:56:02,549 [11] INFO  TreasuryModel.Data.STNMASTER [(null)] - -----STNNAME Start getSTN-----
2021-05-28 11:56:02,768 [11] INFO  TreasuryModel.Data.STNMASTER [(null)] - -----STNNAME Start getSTN-----
2021-05-28 11:56:02,798 [11] INFO  TreasuryModel.Data.STNMASTER [(null)] - -----STNNAME Start getSTN-----
2021-05-28 11:56:02,833 [11] INFO  TreasuryModel.Data.STNMASTER [(null)] - -----STNNAME Start getSTN-----
2021-05-28 11:56:03,065 [11] INFO  TreasuryModel.Data.STNMASTER [(null)] - -----STNNAME Start getSTN-----
2021-05-28 11:56:03,100 [11] INFO  TreasuryModel.Data.STNMASTER [(null)] - -----STNNAME Start getSTN-----
2021-05-28 11:56:03,145 [11] INFO  TreasuryModel.Data.STNMASTER [(null)] - -----STNNAME Start getSTN-----
2021-05-28 11:59:41,225 [4] INFO  TreasuryShadowSystem.STN.MasterSTN [(null)] - -----MasterSTN EditPerson-----
2021-05-28 11:59:41,225 [4] INFO  TreasuryModel.Data.KKBSTN [(null)] - -----KKBSTN Start getSTN-----
2021-05-28 12:07:37,929 [4] INFO  TreasuryShadowSystem.STN.MasterSTN [(null)] - BindGridReport MasterSTN
2021-05-28 12:07:38,067 [4] INFO  TreasuryShadowSystem.STN.MasterSTN [(null)] - MasterSTN ConvertDataTableToListMaster
2021-05-28 12:07:38,163 [4] DEBUG TreasuryShadowSystem.STN.MasterSTN [(null)] - Object reference not set to an instance of an object.
2021-05-28 12:07:47,037 [6] INFO  TreasuryShadowSystem.STN.MasterSTN [(null)] - BindGridReport MasterSTN
2021-05-28 12:07:47,296 [6] INFO  TreasuryShadowSystem.STN.MasterSTN [(null)] - MasterSTN ConvertDataTableToListMaster
2021-05-28 12:07:47,297 [6] INFO  TreasuryShadowSystem.STN.MasterSTN [(null)] - 1
2021-05-28 12:07:47,297 [6] INFO  TreasuryShadowSystem.STN.MasterSTN [(null)] - 2
2021-05-28 12:07:47,298 [6] INFO  TreasuryShadowSystem.STN.MasterSTN [(null)] - 3
2021-05-28 12:07:47,298 [6] INFO  TreasuryShadowSystem.STN.MasterSTN [(null)] - 4
2021-05-28 12:07:47,298 [6] INFO  TreasuryShadowSystem.STN.MasterSTN [(null)] - 5
2021-05-28 12:07:47,299 [6] INFO  TreasuryShadowSystem.STN.MasterSTN [(null)] - 6
2021-05-28 12:07:47,299 [6] INFO  TreasuryShadowSystem.STN.MasterSTN [(null)] - 7
2021-05-28 12:07:47,300 [6] INFO  TreasuryShadowSystem.STN.MasterSTN [(null)] - 8
2021-05-28 12:07:47,314 [6] INFO  TreasuryModel.Data.STNMASTER [(null)] - -----STNNAME Start getSTN-----
2021-05-28 12:07:47,356 [6] INFO  TreasuryModel.Data.STNMASTER [(null)] - -----STNNAME Start getSTN-----
2021-05-28 12:07:47,409 [6] INFO  TreasuryModel.Data.STNMASTER [(null)] - -----STNNAME Start getSTN-----
2021-05-28 12:07:47,448 [6] INFO  TreasuryModel.Data.STNMASTER [(null)] - -----STNNAME Start getSTN-----
2021-05-28 12:07:47,712 [6] INFO  TreasuryModel.Data.STNMASTER [(null)] - -----STNNAME Start getSTN-----
2021-05-28 12:07:47,764 [6] INFO  TreasuryModel.Data.STNMASTER [(null)] - -----STNNAME Start getSTN-----
2021-05-28 12:07:47,871 [6] INFO  TreasuryModel.Data.STNMASTER [(null)] - -----STNNAME Start getSTN-----
2021-05-28 12:07:47,932 [6] INFO  TreasuryModel.Data.STNMASTER [(null)] - -----STNNAME Start getSTN-----
2021-05-28 12:08:00,535 [6] INFO  TreasuryShadowSystem.STN.MasterSTN [(null)] - BindGridReport MasterSTN
2021-05-28 12:08:00,576 [6] INFO  TreasuryShadowSystem.STN.MasterSTN [(null)] - MasterSTN ConvertDataTableToListMaster
2021-05-28 12:08:00,577 [6] INFO  TreasuryShadowSystem.STN.MasterSTN [(null)] - 1
2021-05-28 12:08:00,577 [6] INFO  TreasuryShadowSystem.STN.MasterSTN [(null)] - 2
2021-05-28 12:08:00,577 [6] INFO  TreasuryShadowSystem.STN.MasterSTN [(null)] - 3
2021-05-28 12:08:00,577 [6] INFO  TreasuryShadowSystem.STN.MasterSTN [(null)] - 4
2021-05-28 12:08:00,577 [6] INFO  TreasuryShadowSystem.STN.MasterSTN [(null)] - 5
2021-05-28 12:08:00,577 [6] INFO  TreasuryShadowSystem.STN.MasterSTN [(null)] - 6
2021-05-28 12:08:00,577 [6] INFO  TreasuryShadowSystem.STN.MasterSTN [(null)] - 7
2021-05-28 12:08:00,577 [6] INFO  TreasuryShadowSystem.STN.MasterSTN [(null)] - 8
2021-05-28 12:08:00,578 [6] INFO  TreasuryModel.Data.STNMASTER [(null)] - -----STNNAME Start getSTN-----
2021-05-28 12:08:00,632 [6] INFO  TreasuryModel.Data.STNMASTER [(null)] - -----STNNAME Start getSTN-----
2021-05-28 12:08:00,673 [6] INFO  TreasuryModel.Data.STNMASTER [(null)] - -----STNNAME Start getSTN-----
2021-05-28 12:08:00,707 [6] INFO  TreasuryModel.Data.STNMASTER [(null)] - -----STNNAME Start getSTN-----
2021-05-28 12:08:00,749 [6] INFO  TreasuryModel.Data.STNMASTER [(null)] - -----STNNAME Start getSTN-----
2021-05-28 12:08:00,793 [6] INFO  TreasuryModel.Data.STNMASTER [(null)] - -----STNNAME Start getSTN-----
2021-05-28 12:08:00,828 [6] INFO  TreasuryModel.Data.STNMASTER [(null)] - -----STNNAME Start getSTN-----
2021-05-28 12:08:00,865 [6] INFO  TreasuryModel.Data.STNMASTER [(null)] - -----STNNAME Start getSTN-----
2021-05-28 12:17:17,698 [11] INFO  TreasuryShadowSystem.STN.MasterSTN [(null)] - BindGridReport MasterSTN
2021-05-28 12:17:17,795 [11] INFO  TreasuryShadowSystem.STN.MasterSTN [(null)] - MasterSTN ConvertDataTableToListMaster
2021-05-28 12:17:17,882 [11] DEBUG TreasuryShadowSystem.STN.MasterSTN [(null)] - Object reference not set to an instance of an object.
2021-05-28 12:17:25,376 [11] INFO  TreasuryShadowSystem.STN.MasterSTN [(null)] - BindGridReport MasterSTN
2021-05-28 12:17:25,831 [11] INFO  TreasuryShadowSystem.STN.MasterSTN [(null)] - MasterSTN ConvertDataTableToListMaster
2021-05-28 12:17:25,831 [11] INFO  TreasuryShadowSystem.STN.MasterSTN [(null)] - 1
2021-05-28 12:17:25,832 [11] INFO  TreasuryShadowSystem.STN.MasterSTN [(null)] - 2
2021-05-28 12:17:25,832 [11] INFO  TreasuryShadowSystem.STN.MasterSTN [(null)] - 3
2021-05-28 12:17:25,832 [11] INFO  TreasuryShadowSystem.STN.MasterSTN [(null)] - 4
2021-05-28 12:17:25,832 [11] INFO  TreasuryShadowSystem.STN.MasterSTN [(null)] - 5
2021-05-28 12:17:25,832 [11] INFO  TreasuryShadowSystem.STN.MasterSTN [(null)] - 6
2021-05-28 12:17:25,832 [11] INFO  TreasuryShadowSystem.STN.MasterSTN [(null)] - 7
2021-05-28 12:17:25,832 [11] INFO  TreasuryShadowSystem.STN.MasterSTN [(null)] - 8
2021-05-28 12:17:25,846 [11] INFO  TreasuryModel.Data.STNMASTER [(null)] - -----STNNAME Start getSTN-----
2021-05-28 12:17:25,895 [11] INFO  TreasuryModel.Data.STNMASTER [(null)] - -----STNNAME Start getSTN-----
2021-05-28 12:17:25,952 [11] INFO  TreasuryModel.Data.STNMASTER [(null)] - -----STNNAME Start getSTN-----
2021-05-28 12:17:25,976 [11] INFO  TreasuryModel.Data.STNMASTER [(null)] - -----STNNAME Start getSTN-----
2021-05-28 12:17:26,016 [11] INFO  TreasuryModel.Data.STNMASTER [(null)] - -----STNNAME Start getSTN-----
2021-05-28 12:17:26,054 [11] INFO  TreasuryModel.Data.STNMASTER [(null)] - -----STNNAME Start getSTN-----
2021-05-28 12:17:26,119 [11] INFO  TreasuryModel.Data.STNMASTER [(null)] - -----STNNAME Start getSTN-----
2021-05-28 12:17:26,153 [11] INFO  TreasuryModel.Data.STNMASTER [(null)] - -----STNNAME Start getSTN-----
2021-05-28 14:39:34,367 [4] ERROR TreasuryShadowSystem.Site [(null)] - Thread was being aborted.
2021-05-28 14:39:42,055 [4] INFO  TreasuryShadowSystem.Model.Model_Tb_Menu_Auth [(null)] - Select p.* From (Select l.* From OPICINF.KKB_TB_MS_LOOKUP l, OPICINF.KKB_TB_MS_MENU_AUTH a Where l.ID=a.MENU_ID And l.ENABLED='1' And a.USERGROUP_ID=(SELECT USERGROUP_ID FROM OPICINF.KKB_TB_MS_USERGROUP WHERE USERGROUP_NAME = 'ITProject') UNION Select * From OPICINF.KKB_TB_MS_LOOKUP WHERE ENABLED='1' AND ID IN (Select DISTINCT GROUPID From OPICINF.KKB_TB_MS_LOOKUP l, OPICINF.KKB_TB_MS_MENU_AUTH a Where l.ID=a.MENU_ID And l.ENABLED='1' And a.USERGROUP_ID=(SELECT USERGROUP_ID FROM OPICINF.KKB_TB_MS_USERGROUP WHERE USERGROUP_NAME = 'ITProject')) ) p Order By p.GroupID, p.SEQ 
2021-05-28 14:39:42,144 [4] INFO  TreasuryShadowSystem.Login [(null)] - Login successfull on :28/05/2021 02:39:42
2021-05-28 14:39:42,229 [4] ERROR TreasuryShadowSystem.Login [(null)] - Thread was being aborted.
2021-05-28 14:39:47,289 [9] INFO  TreasuryShadowSystem.STN.MasterSTN [(null)] - BindGridReport MasterSTN
2021-05-28 14:39:48,442 [9] INFO  TreasuryShadowSystem.STN.MasterSTN [(null)] - MasterSTN ConvertDataTableToListMaster
2021-05-28 14:39:48,443 [9] INFO  TreasuryShadowSystem.STN.MasterSTN [(null)] - 1
2021-05-28 14:39:48,443 [9] INFO  TreasuryShadowSystem.STN.MasterSTN [(null)] - 2
2021-05-28 14:39:48,444 [9] INFO  TreasuryShadowSystem.STN.MasterSTN [(null)] - 3
2021-05-28 14:39:48,444 [9] INFO  TreasuryShadowSystem.STN.MasterSTN [(null)] - 4
2021-05-28 14:39:48,444 [9] INFO  TreasuryShadowSystem.STN.MasterSTN [(null)] - 5
2021-05-28 14:39:48,445 [9] INFO  TreasuryShadowSystem.STN.MasterSTN [(null)] - 6
2021-05-28 14:39:48,445 [9] INFO  TreasuryShadowSystem.STN.MasterSTN [(null)] - 7
2021-05-28 14:39:48,445 [9] INFO  TreasuryShadowSystem.STN.MasterSTN [(null)] - 8
2021-05-28 14:39:48,447 [9] INFO  TreasuryModel.Data.STNMASTER [(null)] - -----STNNAME Start getSTN-----
2021-05-28 14:39:48,517 [9] INFO  TreasuryModel.Data.STNMASTER [(null)] - -----STNNAME Start getSTN-----
2021-05-28 14:39:48,583 [9] INFO  TreasuryModel.Data.STNMASTER [(null)] - -----STNNAME Start getSTN-----
2021-05-28 14:39:48,634 [9] INFO  TreasuryModel.Data.STNMASTER [(null)] - -----STNNAME Start getSTN-----
2021-05-28 14:39:49,663 [9] INFO  TreasuryModel.Data.STNMASTER [(null)] - -----STNNAME Start getSTN-----
2021-05-28 14:39:49,705 [9] INFO  TreasuryModel.Data.STNMASTER [(null)] - -----STNNAME Start getSTN-----
2021-05-28 14:39:49,745 [9] INFO  TreasuryModel.Data.STNMASTER [(null)] - -----STNNAME Start getSTN-----
2021-05-28 14:39:49,785 [9] INFO  TreasuryModel.Data.STNMASTER [(null)] - -----STNNAME Start getSTN-----
2021-05-28 14:47:47,722 [6] INFO  TreasuryModel.Data.KKBSTN [(null)] - -----KKB_TB_STN Start UnwindPerson-----
2021-05-28 14:47:47,836 [6] INFO  TreasuryModel.Data.KKBSTN [(null)] - -----KKB_TB_STN Finish UnwindPerson-----
2021-05-28 14:47:56,428 [4] INFO  TreasuryShadowSystem.STN.MasterSTN [(null)] - BindGridReport MasterSTN
2021-05-28 14:47:56,471 [4] INFO  TreasuryShadowSystem.STN.MasterSTN [(null)] - MasterSTN ConvertDataTableToListMaster
2021-05-28 14:47:56,471 [4] INFO  TreasuryShadowSystem.STN.MasterSTN [(null)] - 1
2021-05-28 14:47:56,472 [4] INFO  TreasuryShadowSystem.STN.MasterSTN [(null)] - 2
2021-05-28 14:47:56,473 [4] INFO  TreasuryShadowSystem.STN.MasterSTN [(null)] - 3
2021-05-28 14:47:56,473 [4] INFO  TreasuryShadowSystem.STN.MasterSTN [(null)] - 4
2021-05-28 14:47:56,474 [4] INFO  TreasuryShadowSystem.STN.MasterSTN [(null)] - 5
2021-05-28 14:47:56,474 [4] INFO  TreasuryShadowSystem.STN.MasterSTN [(null)] - 6
2021-05-28 14:47:56,474 [4] INFO  TreasuryShadowSystem.STN.MasterSTN [(null)] - 7
2021-05-28 14:47:56,474 [4] INFO  TreasuryShadowSystem.STN.MasterSTN [(null)] - 8
2021-05-28 14:47:56,480 [4] INFO  TreasuryModel.Data.STNMASTER [(null)] - -----STNNAME Start getSTN-----
2021-05-28 14:47:56,534 [4] INFO  TreasuryModel.Data.STNMASTER [(null)] - -----STNNAME Start getSTN-----
2021-05-28 14:47:56,586 [4] INFO  TreasuryModel.Data.STNMASTER [(null)] - -----STNNAME Start getSTN-----
2021-05-28 14:47:56,637 [4] INFO  TreasuryModel.Data.STNMASTER [(null)] - -----STNNAME Start getSTN-----
2021-05-28 14:47:56,680 [4] INFO  TreasuryModel.Data.STNMASTER [(null)] - -----STNNAME Start getSTN-----
2021-05-28 14:47:56,736 [4] INFO  TreasuryModel.Data.STNMASTER [(null)] - -----STNNAME Start getSTN-----
2021-05-28 14:47:56,791 [4] INFO  TreasuryModel.Data.STNMASTER [(null)] - -----STNNAME Start getSTN-----
2021-05-28 14:47:56,832 [4] INFO  TreasuryModel.Data.STNMASTER [(null)] - -----STNNAME Start getSTN-----
2021-05-28 15:09:15,857 [10] INFO  TreasuryShadowSystem.STN.MasterSTN [(null)] - BindGridReport MasterSTN
2021-05-28 15:09:16,662 [10] INFO  TreasuryShadowSystem.STN.MasterSTN [(null)] - MasterSTN ConvertDataTableToListMaster
2021-05-28 15:09:16,663 [10] INFO  TreasuryShadowSystem.STN.MasterSTN [(null)] - 1
2021-05-28 15:09:16,663 [10] INFO  TreasuryShadowSystem.STN.MasterSTN [(null)] - 2
2021-05-28 15:09:16,663 [10] INFO  TreasuryShadowSystem.STN.MasterSTN [(null)] - 3
2021-05-28 15:09:16,664 [10] INFO  TreasuryShadowSystem.STN.MasterSTN [(null)] - 4
2021-05-28 15:09:16,664 [10] INFO  TreasuryShadowSystem.STN.MasterSTN [(null)] - 5
2021-05-28 15:09:16,664 [10] INFO  TreasuryShadowSystem.STN.MasterSTN [(null)] - 6
2021-05-28 15:09:16,665 [10] INFO  TreasuryShadowSystem.STN.MasterSTN [(null)] - 7
2021-05-28 15:09:16,665 [10] INFO  TreasuryShadowSystem.STN.MasterSTN [(null)] - 8
2021-05-28 15:09:16,666 [10] INFO  TreasuryModel.Data.STNMASTER [(null)] - -----STNNAME Start getSTN-----
2021-05-28 15:09:16,754 [10] INFO  TreasuryModel.Data.STNMASTER [(null)] - -----STNNAME Start getSTN-----
2021-05-28 15:09:16,804 [10] INFO  TreasuryModel.Data.STNMASTER [(null)] - -----STNNAME Start getSTN-----
2021-05-28 15:09:16,850 [10] INFO  TreasuryModel.Data.STNMASTER [(null)] - -----STNNAME Start getSTN-----
2021-05-28 15:09:16,890 [10] INFO  TreasuryModel.Data.STNMASTER [(null)] - -----STNNAME Start getSTN-----
2021-05-28 15:09:16,926 [10] INFO  TreasuryModel.Data.STNMASTER [(null)] - -----STNNAME Start getSTN-----
2021-05-28 15:09:16,981 [10] INFO  TreasuryModel.Data.STNMASTER [(null)] - -----STNNAME Start getSTN-----
2021-05-28 15:09:17,017 [10] INFO  TreasuryModel.Data.STNMASTER [(null)] - -----STNNAME Start getSTN-----
2021-05-28 16:50:46,370 [4] ERROR TreasuryShadowSystem.Login [(null)] - Logon failure: unknown user name or bad password.

2021-05-28 16:52:09,321 [4] ERROR TreasuryShadowSystem.Login [(null)] - Logon failure: unknown user name or bad password.

2021-05-28 16:53:04,830 [4] ERROR TreasuryShadowSystem.Login [(null)] - Logon failure: unknown user name or bad password.

2021-05-28 16:53:26,783 [15] INFO  TreasuryShadowSystem.Model.Model_Tb_Menu_Auth [(null)] - Select p.* From (Select l.* From OPICINF.KKB_TB_MS_LOOKUP l, OPICINF.KKB_TB_MS_MENU_AUTH a Where l.ID=a.MENU_ID And l.ENABLED='1' And a.USERGROUP_ID=(SELECT USERGROUP_ID FROM OPICINF.KKB_TB_MS_USERGROUP WHERE USERGROUP_NAME = 'ITProject') UNION Select * From OPICINF.KKB_TB_MS_LOOKUP WHERE ENABLED='1' AND ID IN (Select DISTINCT GROUPID From OPICINF.KKB_TB_MS_LOOKUP l, OPICINF.KKB_TB_MS_MENU_AUTH a Where l.ID=a.MENU_ID And l.ENABLED='1' And a.USERGROUP_ID=(SELECT USERGROUP_ID FROM OPICINF.KKB_TB_MS_USERGROUP WHERE USERGROUP_NAME = 'ITProject')) ) p Order By p.GroupID, p.SEQ 
2021-05-28 16:53:26,955 [15] INFO  TreasuryShadowSystem.Login [(null)] - Login successfull on :28/05/2021 04:53:26
2021-05-28 16:53:27,045 [15] ERROR TreasuryShadowSystem.Login [(null)] - Thread was being aborted.
2021-05-28 16:54:14,247 [14] INFO  TreasuryShadowSystem.STN.MasterSTN [(null)] - BindGridReport MasterSTN
2021-05-28 16:54:14,519 [14] INFO  TreasuryShadowSystem.STN.MasterSTN [(null)] - MasterSTN ConvertDataTableToListMaster
2021-05-28 16:54:14,521 [14] INFO  TreasuryShadowSystem.STN.MasterSTN [(null)] - 1
2021-05-28 16:54:14,522 [14] INFO  TreasuryShadowSystem.STN.MasterSTN [(null)] - 2
2021-05-28 16:54:14,522 [14] INFO  TreasuryShadowSystem.STN.MasterSTN [(null)] - 3
2021-05-28 16:54:14,522 [14] INFO  TreasuryShadowSystem.STN.MasterSTN [(null)] - 4
2021-05-28 16:54:14,523 [14] INFO  TreasuryShadowSystem.STN.MasterSTN [(null)] - 5
2021-05-28 16:54:14,523 [14] INFO  TreasuryShadowSystem.STN.MasterSTN [(null)] - 6
2021-05-28 16:54:14,523 [14] INFO  TreasuryShadowSystem.STN.MasterSTN [(null)] - 7
2021-05-28 16:54:14,523 [14] INFO  TreasuryShadowSystem.STN.MasterSTN [(null)] - 8
2021-05-28 16:54:14,536 [14] INFO  TreasuryModel.Data.STNMASTER [(null)] - -----STNNAME Start getSTN-----
2021-05-28 16:54:14,686 [14] INFO  TreasuryModel.Data.STNMASTER [(null)] - -----STNNAME Start getSTN-----
2021-05-28 16:54:15,997 [14] INFO  TreasuryModel.Data.STNMASTER [(null)] - -----STNNAME Start getSTN-----
2021-05-28 16:54:17,226 [14] INFO  TreasuryModel.Data.STNMASTER [(null)] - -----STNNAME Start getSTN-----
2021-05-28 16:54:17,300 [14] INFO  TreasuryModel.Data.STNMASTER [(null)] - -----STNNAME Start getSTN-----
2021-05-28 16:54:17,400 [14] INFO  TreasuryModel.Data.STNMASTER [(null)] - -----STNNAME Start getSTN-----
2021-05-28 16:54:17,516 [14] INFO  TreasuryModel.Data.STNMASTER [(null)] - -----STNNAME Start getSTN-----
2021-05-28 16:54:17,559 [14] INFO  TreasuryModel.Data.STNMASTER [(null)] - -----STNNAME Start getSTN-----
2021-05-28 22:45:57,694 [14] ERROR TreasuryShadowSystem.Site [(null)] - Thread was being aborted.
2021-05-28 22:46:06,258 [14] INFO  TreasuryShadowSystem.Model.Model_Tb_Menu_Auth [(null)] - Select p.* From (Select l.* From OPICINF.KKB_TB_MS_LOOKUP l, OPICINF.KKB_TB_MS_MENU_AUTH a Where l.ID=a.MENU_ID And l.ENABLED='1' And a.USERGROUP_ID=(SELECT USERGROUP_ID FROM OPICINF.KKB_TB_MS_USERGROUP WHERE USERGROUP_NAME = 'ITProject') UNION Select * From OPICINF.KKB_TB_MS_LOOKUP WHERE ENABLED='1' AND ID IN (Select DISTINCT GROUPID From OPICINF.KKB_TB_MS_LOOKUP l, OPICINF.KKB_TB_MS_MENU_AUTH a Where l.ID=a.MENU_ID And l.ENABLED='1' And a.USERGROUP_ID=(SELECT USERGROUP_ID FROM OPICINF.KKB_TB_MS_USERGROUP WHERE USERGROUP_NAME = 'ITProject')) ) p Order By p.GroupID, p.SEQ 
2021-05-28 22:46:06,363 [14] INFO  TreasuryShadowSystem.Login [(null)] - Login successfull on :28/05/2021 10:46:06
2021-05-28 22:46:06,483 [14] ERROR TreasuryShadowSystem.Login [(null)] - Thread was being aborted.
2021-05-28 22:46:16,498 [14] INFO  TreasuryShadowSystem.STN.MasterSTN [(null)] - BindGridReport MasterSTN
2021-05-28 22:46:16,560 [14] INFO  TreasuryShadowSystem.STN.MasterSTN [(null)] - MasterSTN ConvertDataTableToListMaster
2021-05-28 22:46:16,560 [14] INFO  TreasuryShadowSystem.STN.MasterSTN [(null)] - 1
2021-05-28 22:46:16,560 [14] INFO  TreasuryShadowSystem.STN.MasterSTN [(null)] - 2
2021-05-28 22:46:16,568 [14] INFO  TreasuryShadowSystem.STN.MasterSTN [(null)] - 3
2021-05-28 22:46:16,568 [14] INFO  TreasuryShadowSystem.STN.MasterSTN [(null)] - 4
2021-05-28 22:46:16,568 [14] INFO  TreasuryShadowSystem.STN.MasterSTN [(null)] - 5
2021-05-28 22:46:16,568 [14] INFO  TreasuryShadowSystem.STN.MasterSTN [(null)] - 6
2021-05-28 22:46:16,568 [14] INFO  TreasuryShadowSystem.STN.MasterSTN [(null)] - 7
2021-05-28 22:46:16,568 [14] INFO  TreasuryShadowSystem.STN.MasterSTN [(null)] - 8
2021-05-28 22:46:16,568 [14] INFO  TreasuryModel.Data.STNMASTER [(null)] - -----STNNAME Start getSTN-----
2021-05-28 22:46:16,622 [14] INFO  TreasuryModel.Data.STNMASTER [(null)] - -----STNNAME Start getSTN-----
2021-05-28 22:46:16,676 [14] INFO  TreasuryModel.Data.STNMASTER [(null)] - -----STNNAME Start getSTN-----
2021-05-28 22:46:16,715 [14] INFO  TreasuryModel.Data.STNMASTER [(null)] - -----STNNAME Start getSTN-----
2021-05-28 22:46:16,761 [14] INFO  TreasuryModel.Data.STNMASTER [(null)] - -----STNNAME Start getSTN-----
2021-05-28 22:46:16,800 [14] INFO  TreasuryModel.Data.STNMASTER [(null)] - -----STNNAME Start getSTN-----
2021-05-28 22:46:16,862 [14] INFO  TreasuryModel.Data.STNMASTER [(null)] - -----STNNAME Start getSTN-----
2021-05-28 22:46:16,900 [14] INFO  TreasuryModel.Data.STNMASTER [(null)] - -----STNNAME Start getSTN-----
2021-05-28 23:15:40,917 [9] INFO  TreasuryShadowSystem.STN.MasterSTN [(null)] - BindGridReport MasterSTN
2021-05-28 23:15:50,219 [9] INFO  TreasuryShadowSystem.STN.MasterSTN [(null)] - MasterSTN ConvertDataTableToListMaster
2021-05-28 23:15:50,220 [9] INFO  TreasuryShadowSystem.STN.MasterSTN [(null)] - 1
2021-05-28 23:15:50,221 [9] INFO  TreasuryShadowSystem.STN.MasterSTN [(null)] - 2
2021-05-28 23:15:50,221 [9] INFO  TreasuryShadowSystem.STN.MasterSTN [(null)] - 3
2021-05-28 23:15:50,222 [9] INFO  TreasuryShadowSystem.STN.MasterSTN [(null)] - 4
2021-05-28 23:15:50,223 [9] INFO  TreasuryShadowSystem.STN.MasterSTN [(null)] - 5
2021-05-28 23:15:50,224 [9] INFO  TreasuryShadowSystem.STN.MasterSTN [(null)] - 6
2021-05-28 23:15:50,225 [9] INFO  TreasuryShadowSystem.STN.MasterSTN [(null)] - 7
2021-05-28 23:15:50,226 [9] INFO  TreasuryShadowSystem.STN.MasterSTN [(null)] - 8
2021-05-28 23:15:50,230 [9] INFO  TreasuryModel.Data.STNMASTER [(null)] - -----STNNAME Start getSTN-----
2021-05-28 23:15:50,303 [9] INFO  TreasuryModel.Data.STNMASTER [(null)] - -----STNNAME Start getSTN-----
2021-05-28 23:15:50,472 [9] INFO  TreasuryModel.Data.STNMASTER [(null)] - -----STNNAME Start getSTN-----
2021-05-28 23:15:50,558 [9] INFO  TreasuryModel.Data.STNMASTER [(null)] - -----STNNAME Start getSTN-----
2021-05-28 23:15:50,649 [9] INFO  TreasuryModel.Data.STNMASTER [(null)] - -----STNNAME Start getSTN-----
2021-05-28 23:15:50,965 [9] INFO  TreasuryModel.Data.STNMASTER [(null)] - -----STNNAME Start getSTN-----
2021-05-28 23:15:51,177 [9] INFO  TreasuryModel.Data.STNMASTER [(null)] - -----STNNAME Start getSTN-----
2021-05-28 23:15:51,295 [9] INFO  TreasuryModel.Data.STNMASTER [(null)] - -----STNNAME Start getSTN-----
2021-05-28 23:15:54,926 [13] INFO  TreasuryShadowSystem.STN.MasterSTN [(null)] - BindGridReport MasterSTN
2021-05-28 23:15:54,985 [13] INFO  TreasuryShadowSystem.STN.MasterSTN [(null)] - MasterSTN ConvertDataTableToListMaster
2021-05-28 23:15:54,985 [13] INFO  TreasuryShadowSystem.STN.MasterSTN [(null)] - 1
2021-05-28 23:15:54,985 [13] INFO  TreasuryShadowSystem.STN.MasterSTN [(null)] - 2
2021-05-28 23:15:54,986 [13] INFO  TreasuryShadowSystem.STN.MasterSTN [(null)] - 3
2021-05-28 23:15:54,986 [13] INFO  TreasuryShadowSystem.STN.MasterSTN [(null)] - 4
2021-05-28 23:15:54,987 [13] INFO  TreasuryShadowSystem.STN.MasterSTN [(null)] - 5
2021-05-28 23:15:54,988 [13] INFO  TreasuryShadowSystem.STN.MasterSTN [(null)] - 6
2021-05-28 23:15:54,988 [13] INFO  TreasuryShadowSystem.STN.MasterSTN [(null)] - 7
2021-05-28 23:15:54,988 [13] INFO  TreasuryShadowSystem.STN.MasterSTN [(null)] - 8
2021-05-28 23:15:54,989 [13] INFO  TreasuryModel.Data.STNMASTER [(null)] - -----STNNAME Start getSTN-----
2021-05-28 23:15:55,033 [13] INFO  TreasuryModel.Data.STNMASTER [(null)] - -----STNNAME Start getSTN-----
2021-05-28 23:15:55,092 [13] INFO  TreasuryModel.Data.STNMASTER [(null)] - -----STNNAME Start getSTN-----
2021-05-28 23:15:55,132 [13] INFO  TreasuryModel.Data.STNMASTER [(null)] - -----STNNAME Start getSTN-----
2021-05-28 23:15:55,214 [13] INFO  TreasuryModel.Data.STNMASTER [(null)] - -----STNNAME Start getSTN-----
2021-05-28 23:15:55,288 [13] INFO  TreasuryModel.Data.STNMASTER [(null)] - -----STNNAME Start getSTN-----
2021-05-28 23:15:55,365 [13] INFO  TreasuryModel.Data.STNMASTER [(null)] - -----STNNAME Start getSTN-----
2021-05-28 23:15:55,424 [13] INFO  TreasuryModel.Data.STNMASTER [(null)] - -----STNNAME Start getSTN-----
2021-05-28 23:49:59,374 [11] INFO  TreasuryShadowSystem.STN.MasterSTN [(null)] - BindGridReport MasterSTN
2021-05-28 23:50:00,685 [11] INFO  TreasuryShadowSystem.STN.MasterSTN [(null)] - MasterSTN ConvertDataTableToListMaster
2021-05-28 23:50:00,685 [11] INFO  TreasuryShadowSystem.STN.MasterSTN [(null)] - 1
2021-05-28 23:50:00,686 [11] INFO  TreasuryShadowSystem.STN.MasterSTN [(null)] - 2
2021-05-28 23:50:00,687 [11] INFO  TreasuryShadowSystem.STN.MasterSTN [(null)] - 3
2021-05-28 23:50:00,687 [11] INFO  TreasuryShadowSystem.STN.MasterSTN [(null)] - 4
2021-05-28 23:50:00,688 [11] INFO  TreasuryShadowSystem.STN.MasterSTN [(null)] - 5
2021-05-28 23:50:00,688 [11] INFO  TreasuryShadowSystem.STN.MasterSTN [(null)] - 6
2021-05-28 23:50:00,689 [11] INFO  TreasuryShadowSystem.STN.MasterSTN [(null)] - 7
2021-05-28 23:50:00,690 [11] INFO  TreasuryShadowSystem.STN.MasterSTN [(null)] - 8
2021-05-28 23:50:00,705 [11] INFO  TreasuryModel.Data.STNMASTER [(null)] - -----STNNAME Start getSTN-----
2021-05-28 23:50:00,855 [11] INFO  TreasuryModel.Data.STNMASTER [(null)] - -----STNNAME Start getSTN-----
2021-05-28 23:50:00,935 [11] INFO  TreasuryModel.Data.STNMASTER [(null)] - -----STNNAME Start getSTN-----
2021-05-28 23:50:01,036 [11] INFO  TreasuryModel.Data.STNMASTER [(null)] - -----STNNAME Start getSTN-----
2021-05-28 23:50:01,079 [11] INFO  TreasuryModel.Data.STNMASTER [(null)] - -----STNNAME Start getSTN-----
2021-05-28 23:50:01,117 [11] INFO  TreasuryModel.Data.STNMASTER [(null)] - -----STNNAME Start getSTN-----
2021-05-28 23:50:01,170 [11] INFO  TreasuryModel.Data.STNMASTER [(null)] - -----STNNAME Start getSTN-----
2021-05-28 23:50:01,230 [11] INFO  TreasuryModel.Data.STNMASTER [(null)] - -----STNNAME Start getSTN-----
2021-05-28 23:50:01,608 [14] INFO  TreasuryShadowSystem.STN.MasterSTN [(null)] - BindGridReport MasterSTN
2021-05-28 23:50:01,640 [14] INFO  TreasuryShadowSystem.STN.MasterSTN [(null)] - MasterSTN ConvertDataTableToListMaster
2021-05-28 23:50:01,640 [14] INFO  TreasuryShadowSystem.STN.MasterSTN [(null)] - 1
2021-05-28 23:50:01,641 [14] INFO  TreasuryShadowSystem.STN.MasterSTN [(null)] - 2
2021-05-28 23:50:01,641 [14] INFO  TreasuryShadowSystem.STN.MasterSTN [(null)] - 3
2021-05-28 23:50:01,641 [14] INFO  TreasuryShadowSystem.STN.MasterSTN [(null)] - 4
2021-05-28 23:50:01,641 [14] INFO  TreasuryShadowSystem.STN.MasterSTN [(null)] - 5
2021-05-28 23:50:01,642 [14] INFO  TreasuryShadowSystem.STN.MasterSTN [(null)] - 6
2021-05-28 23:50:01,642 [14] INFO  TreasuryShadowSystem.STN.MasterSTN [(null)] - 7
2021-05-28 23:50:01,642 [14] INFO  TreasuryShadowSystem.STN.MasterSTN [(null)] - 8
2021-05-28 23:50:01,642 [14] INFO  TreasuryModel.Data.STNMASTER [(null)] - -----STNNAME Start getSTN-----
2021-05-28 23:50:01,675 [14] INFO  TreasuryModel.Data.STNMASTER [(null)] - -----STNNAME Start getSTN-----
2021-05-28 23:50:01,708 [14] INFO  TreasuryModel.Data.STNMASTER [(null)] - -----STNNAME Start getSTN-----
2021-05-28 23:50:01,737 [14] INFO  TreasuryModel.Data.STNMASTER [(null)] - -----STNNAME Start getSTN-----
2021-05-28 23:50:01,765 [14] INFO  TreasuryModel.Data.STNMASTER [(null)] - -----STNNAME Start getSTN-----
2021-05-28 23:50:01,797 [14] INFO  TreasuryModel.Data.STNMASTER [(null)] - -----STNNAME Start getSTN-----
2021-05-28 23:50:01,826 [14] INFO  TreasuryModel.Data.STNMASTER [(null)] - -----STNNAME Start getSTN-----
2021-05-28 23:50:01,855 [14] INFO  TreasuryModel.Data.STNMASTER [(null)] - -----STNNAME Start getSTN-----
