2021-06-03 03:08:26,094 [6] INFO  TreasuryShadowSystem.Model.Model_Tb_Menu_Auth [(null)] - Select p.* From (Select l.* From OPICINF.KKB_TB_MS_LOOKUP l, OPICINF.KKB_TB_MS_MENU_AUTH a Where l.ID=a.MENU_ID And l.ENABLED='1' And a.USERGROUP_ID=(SELECT USERGROUP_ID FROM OPICINF.KKB_TB_MS_USERGROUP WHERE USERGROUP_NAME = 'ITProject') UNION Select * From OPICINF.KKB_TB_MS_LOOKUP WHERE ENABLED='1' AND ID IN (Select DISTINCT GROUPID From OPICINF.KKB_TB_MS_LOOKUP l, OPICINF.KKB_TB_MS_MENU_AUTH a Where l.ID=a.MENU_ID And l.ENABLED='1' And a.USERGROUP_ID=(SELECT USERGROUP_ID FROM OPICINF.KKB_TB_MS_USERGROUP WHERE USERGROUP_NAME = 'ITProject')) ) p Order By p.GroupID, p.SEQ 
2021-06-03 03:08:26,301 [6] INFO  TreasuryShadowSystem.Login [(null)] - Login successfull on :03/06/2021 03:08:26
2021-06-03 03:08:26,404 [6] ERROR TreasuryShadowSystem.Login [(null)] - Thread was being aborted.
2021-06-03 03:08:35,558 [6] INFO  TreasuryShadowSystem.STN.MasterSTN [(null)] - BindGridReport MasterSTN
2021-06-03 03:08:35,759 [6] INFO  TreasuryShadowSystem.STN.MasterSTN [(null)] - MasterSTN ConvertDataTableToListMaster
2021-06-03 03:08:35,761 [6] INFO  TreasuryShadowSystem.STN.MasterSTN [(null)] - 1
2021-06-03 03:08:35,762 [6] INFO  TreasuryShadowSystem.STN.MasterSTN [(null)] - 2
2021-06-03 03:08:35,762 [6] INFO  TreasuryShadowSystem.STN.MasterSTN [(null)] - 3
2021-06-03 03:08:35,763 [6] INFO  TreasuryShadowSystem.STN.MasterSTN [(null)] - 4
2021-06-03 03:08:35,763 [6] INFO  TreasuryShadowSystem.STN.MasterSTN [(null)] - 5
2021-06-03 03:08:35,763 [6] INFO  TreasuryShadowSystem.STN.MasterSTN [(null)] - 6
2021-06-03 03:08:35,763 [6] INFO  TreasuryShadowSystem.STN.MasterSTN [(null)] - 7
2021-06-03 03:08:35,763 [6] INFO  TreasuryShadowSystem.STN.MasterSTN [(null)] - 8
2021-06-03 03:08:35,779 [6] INFO  TreasuryModel.Data.STNMASTER [(null)] - -----STNNAME Start getSTN-----
2021-06-03 03:08:35,845 [6] INFO  TreasuryModel.Data.STNMASTER [(null)] - -----STNNAME Start getSTN-----
2021-06-03 03:08:35,889 [6] INFO  TreasuryModel.Data.STNMASTER [(null)] - -----STNNAME Start getSTN-----
2021-06-03 03:08:35,930 [6] INFO  TreasuryModel.Data.STNMASTER [(null)] - -----STNNAME Start getSTN-----
2021-06-03 03:08:35,978 [6] INFO  TreasuryModel.Data.STNMASTER [(null)] - -----STNNAME Start getSTN-----
2021-06-03 03:08:36,021 [6] INFO  TreasuryModel.Data.STNMASTER [(null)] - -----STNNAME Start getSTN-----
2021-06-03 03:08:36,058 [6] INFO  TreasuryModel.Data.STNMASTER [(null)] - -----STNNAME Start getSTN-----
2021-06-03 03:08:36,087 [6] INFO  TreasuryModel.Data.STNMASTER [(null)] - -----STNNAME Start getSTN-----
2021-06-03 03:10:57,689 [4] ERROR TreasuryShadowSystem.STN.MasterSTN [(null)] - Databinding methods such as Eval(), XPath(), and Bind() can only be used in the context of a databound control.
2021-06-03 03:10:57,855 [6] INFO  TreasuryShadowSystem.STN.MasterSTN [(null)] - Get Report Settlement
2021-06-03 03:11:05,109 [6] ERROR TreasuryShadowSystem.STN.MasterSTN [(null)] - Databinding methods such as Eval(), XPath(), and Bind() can only be used in the context of a databound control.
2021-06-03 03:11:09,431 [6] INFO  TreasuryShadowSystem.STN.MasterSTN [(null)] - Get Report Settlement
2021-06-03 03:11:14,701 [6] ERROR TreasuryShadowSystem.STN.MasterSTN [(null)] - Databinding methods such as Eval(), XPath(), and Bind() can only be used in the context of a databound control.
2021-06-03 03:11:19,283 [6] INFO  TreasuryShadowSystem.STN.MasterSTN [(null)] - Get Report Settlement
2021-06-03 03:15:08,607 [6] ERROR TreasuryShadowSystem.STN.MasterSTN [(null)] - Databinding methods such as Eval(), XPath(), and Bind() can only be used in the context of a databound control.
2021-06-03 03:15:15,627 [6] INFO  TreasuryShadowSystem.STN.MasterSTN [(null)] - BindGridReport MasterSTN
2021-06-03 03:15:15,668 [6] INFO  TreasuryShadowSystem.STN.MasterSTN [(null)] - MasterSTN ConvertDataTableToListMaster
2021-06-03 03:15:15,668 [6] INFO  TreasuryShadowSystem.STN.MasterSTN [(null)] - 1
2021-06-03 03:15:15,669 [6] INFO  TreasuryShadowSystem.STN.MasterSTN [(null)] - 2
2021-06-03 03:15:15,669 [6] INFO  TreasuryShadowSystem.STN.MasterSTN [(null)] - 3
2021-06-03 03:15:15,669 [6] INFO  TreasuryShadowSystem.STN.MasterSTN [(null)] - 4
2021-06-03 03:15:15,669 [6] INFO  TreasuryShadowSystem.STN.MasterSTN [(null)] - 5
2021-06-03 03:15:15,670 [6] INFO  TreasuryShadowSystem.STN.MasterSTN [(null)] - 6
2021-06-03 03:15:15,670 [6] INFO  TreasuryShadowSystem.STN.MasterSTN [(null)] - 7
2021-06-03 03:15:15,670 [6] INFO  TreasuryShadowSystem.STN.MasterSTN [(null)] - 8
2021-06-03 03:15:15,671 [6] INFO  TreasuryModel.Data.STNMASTER [(null)] - -----STNNAME Start getSTN-----
2021-06-03 03:15:15,715 [6] INFO  TreasuryModel.Data.STNMASTER [(null)] - -----STNNAME Start getSTN-----
2021-06-03 03:15:15,755 [6] INFO  TreasuryModel.Data.STNMASTER [(null)] - -----STNNAME Start getSTN-----
2021-06-03 03:15:15,795 [6] INFO  TreasuryModel.Data.STNMASTER [(null)] - -----STNNAME Start getSTN-----
2021-06-03 03:15:15,837 [6] INFO  TreasuryModel.Data.STNMASTER [(null)] - -----STNNAME Start getSTN-----
2021-06-03 03:15:15,901 [6] INFO  TreasuryModel.Data.STNMASTER [(null)] - -----STNNAME Start getSTN-----
2021-06-03 03:15:15,944 [6] INFO  TreasuryModel.Data.STNMASTER [(null)] - -----STNNAME Start getSTN-----
2021-06-03 03:15:15,986 [6] INFO  TreasuryModel.Data.STNMASTER [(null)] - -----STNNAME Start getSTN-----
2021-06-03 03:15:20,291 [4] INFO  TreasuryShadowSystem.STN.MasterSTN [(null)] - Get Report Settlement
2021-06-03 03:32:42,343 [4] INFO  TreasuryShadowSystem.Model.Model_Tb_Menu_Auth [(null)] - Select p.* From (Select l.* From OPICINF.KKB_TB_MS_LOOKUP l, OPICINF.KKB_TB_MS_MENU_AUTH a Where l.ID=a.MENU_ID And l.ENABLED='1' And a.USERGROUP_ID=(SELECT USERGROUP_ID FROM OPICINF.KKB_TB_MS_USERGROUP WHERE USERGROUP_NAME = 'ITProject') UNION Select * From OPICINF.KKB_TB_MS_LOOKUP WHERE ENABLED='1' AND ID IN (Select DISTINCT GROUPID From OPICINF.KKB_TB_MS_LOOKUP l, OPICINF.KKB_TB_MS_MENU_AUTH a Where l.ID=a.MENU_ID And l.ENABLED='1' And a.USERGROUP_ID=(SELECT USERGROUP_ID FROM OPICINF.KKB_TB_MS_USERGROUP WHERE USERGROUP_NAME = 'ITProject')) ) p Order By p.GroupID, p.SEQ 
2021-06-03 03:32:42,676 [4] INFO  TreasuryShadowSystem.Login [(null)] - Login successfull on :03/06/2021 03:32:42
2021-06-03 03:32:42,775 [4] ERROR TreasuryShadowSystem.Login [(null)] - Thread was being aborted.
2021-06-03 03:32:48,167 [10] INFO  TreasuryShadowSystem.STN.MasterSTN [(null)] - BindGridReport MasterSTN
2021-06-03 03:32:48,362 [10] INFO  TreasuryShadowSystem.STN.MasterSTN [(null)] - MasterSTN ConvertDataTableToListMaster
2021-06-03 03:32:48,365 [10] INFO  TreasuryShadowSystem.STN.MasterSTN [(null)] - 1
2021-06-03 03:32:48,366 [10] INFO  TreasuryShadowSystem.STN.MasterSTN [(null)] - 2
2021-06-03 03:32:48,366 [10] INFO  TreasuryShadowSystem.STN.MasterSTN [(null)] - 3
2021-06-03 03:32:48,367 [10] INFO  TreasuryShadowSystem.STN.MasterSTN [(null)] - 4
2021-06-03 03:32:48,367 [10] INFO  TreasuryShadowSystem.STN.MasterSTN [(null)] - 5
2021-06-03 03:32:48,367 [10] INFO  TreasuryShadowSystem.STN.MasterSTN [(null)] - 6
2021-06-03 03:32:48,367 [10] INFO  TreasuryShadowSystem.STN.MasterSTN [(null)] - 7
2021-06-03 03:32:48,367 [10] INFO  TreasuryShadowSystem.STN.MasterSTN [(null)] - 8
2021-06-03 03:32:48,386 [10] INFO  TreasuryModel.Data.STNMASTER [(null)] - -----STNNAME Start getSTN-----
2021-06-03 03:32:48,436 [10] INFO  TreasuryModel.Data.STNMASTER [(null)] - -----STNNAME Start getSTN-----
2021-06-03 03:32:48,476 [10] INFO  TreasuryModel.Data.STNMASTER [(null)] - -----STNNAME Start getSTN-----
2021-06-03 03:32:48,522 [10] INFO  TreasuryModel.Data.STNMASTER [(null)] - -----STNNAME Start getSTN-----
2021-06-03 03:32:48,561 [10] INFO  TreasuryModel.Data.STNMASTER [(null)] - -----STNNAME Start getSTN-----
2021-06-03 03:32:48,601 [10] INFO  TreasuryModel.Data.STNMASTER [(null)] - -----STNNAME Start getSTN-----
2021-06-03 03:32:48,647 [10] INFO  TreasuryModel.Data.STNMASTER [(null)] - -----STNNAME Start getSTN-----
2021-06-03 03:32:48,686 [10] INFO  TreasuryModel.Data.STNMASTER [(null)] - -----STNNAME Start getSTN-----
2021-06-03 03:33:03,804 [10] INFO  TreasuryShadowSystem.STN.MasterSTN [(null)] - BindGridReport MasterSTN
2021-06-03 03:33:03,858 [10] INFO  TreasuryShadowSystem.STN.MasterSTN [(null)] - MasterSTN ConvertDataTableToListMaster
2021-06-03 03:33:03,858 [10] INFO  TreasuryShadowSystem.STN.MasterSTN [(null)] - 1
2021-06-03 03:33:03,858 [10] INFO  TreasuryShadowSystem.STN.MasterSTN [(null)] - 2
2021-06-03 03:33:03,859 [10] INFO  TreasuryShadowSystem.STN.MasterSTN [(null)] - 3
2021-06-03 03:33:03,859 [10] INFO  TreasuryShadowSystem.STN.MasterSTN [(null)] - 4
2021-06-03 03:33:03,859 [10] INFO  TreasuryShadowSystem.STN.MasterSTN [(null)] - 5
2021-06-03 03:33:03,859 [10] INFO  TreasuryShadowSystem.STN.MasterSTN [(null)] - 6
2021-06-03 03:33:03,859 [10] INFO  TreasuryShadowSystem.STN.MasterSTN [(null)] - 7
2021-06-03 03:33:03,859 [10] INFO  TreasuryShadowSystem.STN.MasterSTN [(null)] - 8
2021-06-03 03:33:03,861 [10] INFO  TreasuryModel.Data.STNMASTER [(null)] - -----STNNAME Start getSTN-----
2021-06-03 03:33:03,905 [10] INFO  TreasuryModel.Data.STNMASTER [(null)] - -----STNNAME Start getSTN-----
2021-06-03 03:33:03,953 [10] INFO  TreasuryModel.Data.STNMASTER [(null)] - -----STNNAME Start getSTN-----
2021-06-03 03:33:03,997 [10] INFO  TreasuryModel.Data.STNMASTER [(null)] - -----STNNAME Start getSTN-----
2021-06-03 03:33:04,040 [10] INFO  TreasuryModel.Data.STNMASTER [(null)] - -----STNNAME Start getSTN-----
2021-06-03 03:33:04,086 [10] INFO  TreasuryModel.Data.STNMASTER [(null)] - -----STNNAME Start getSTN-----
2021-06-03 03:33:04,131 [10] INFO  TreasuryModel.Data.STNMASTER [(null)] - -----STNNAME Start getSTN-----
2021-06-03 03:33:04,195 [10] INFO  TreasuryModel.Data.STNMASTER [(null)] - -----STNNAME Start getSTN-----
2021-06-03 03:33:17,345 [4] INFO  KKB.Treasury.TreasuryModel.Model.Model_RPT_KNOCKOUTREPORT [(null)] - -----Model_RPT_KNOCKOUTREPORT Start-----
2021-06-03 03:33:17,356 [4] INFO  KKB.Treasury.TreasuryModel.Model.Model_RPT_KNOCKOUTREPORT [(null)] - Store Procedure : OPICINF.KKB_SP_TSS_STNCONF
2021-06-03 03:33:21,361 [4] INFO  KKB.Treasury.TreasuryModel.Model.Model_RPT_KNOCKOUTREPORT [(null)] - <NewDataSet>
  <TB_STNCONF>
    <STNID>266</STNID>
    <ACTION>KO</ACTION>
    <CURR_DATE>01/04/2021</CURR_DATE>
    <ORDER_NO>2021600017</ORDER_NO>
    <ACCT_NO>56268472</ACCT_NO>
    <SYMBOL>KKSFIN21O04V</SYMBOL>
    <KKSYMBOL>KKP21O04V</KKSYMBOL>
    <UNIT>5</UNIT>
    <AMOUNT>5000000</AMOUNT>
    <FULLNAME>??? ????????? ?????????</FULLNAME>
    <TAXID>1234567891234</TAXID>
    <CUST_BANK_CODE>KKP</CUST_BANK_CODE>
    <CUST_BANK_ACCT>123456789</CUST_BANK_ACCT>
    <TEL>081-111-1111</TEL>
    <EMAIL>Kajornsak.pro@gmail.com</EMAIL>
    <FC_NAME>Kittiporn Sinsukthavorn</FC_NAME>
    <FC_EMAIL>Kittiporn.Sins@kkpfg.com</FC_EMAIL>
    <STN_TYPE>SFIN</STN_TYPE>
    <NOTE_SERIES>5/2564</NOTE_SERIES>
    <UNDERLYING1>GLD</UNDERLYING1>
    <STRIKE_PRICE1>170</STRIKE_PRICE1>
    <STRIKE_PRICE2>0</STRIKE_PRICE2>
    <STRIKE_PRICE3>0</STRIKE_PRICE3>
    <STRIKE_PRICE4>0</STRIKE_PRICE4>
    <STRIKE_PRICE5>0</STRIKE_PRICE5>
    <STRIKE_PRICE6>0</STRIKE_PRICE6>
    <BARRIER_PRICE1>195.5</BARRIER_PRICE1>
    <BARRIER_PRICE2>0</BARRIER_PRICE2>
    <BARRIER_PRICE3>0</BARRIER_PRICE3>
    <BARRIER_PRICE4>0</BARRIER_PRICE4>
    <BARRIER_PRICE5>0</BARRIER_PRICE5>
    <BARRIER_PRICE6>0</BARRIER_PRICE6>
    <KI_PRICE>0</KI_PRICE>
    <PROTECT_LEVELP>0.95000000000000007</PROTECT_LEVELP>
    <TTM>182</TTM>
    <TRADING_DAY>0</TRADING_DAY>
    <EXERCISE_TYPE>European</EXERCISE_TYPE>
    <PAR_VALUE>1000000</PAR_VALUE>
    <OFFER_PRICEP>1</OFFER_PRICEP>
    <OFFER_PRICE_AMT>5000000</OFFER_PRICE_AMT>
    <INITIAL_PRICEP>1</INITIAL_PRICEP>
    <INITIAL_PRICE_AMT>0</INITIAL_PRICE_AMT>
    <STRIKE_PRICE1P>1</STRIKE_PRICE1P>
    <STRIKE_PRICE2P>0</STRIKE_PRICE2P>
    <STRIKE_PRICE3P>0</STRIKE_PRICE3P>
    <STRIKE_PRICE4P>0</STRIKE_PRICE4P>
    <STRIKE_PRICE5P>0</STRIKE_PRICE5P>
    <STRIKE_PRICE6P>0</STRIKE_PRICE6P>
    <BARRIER_PRICE1P>1.1500000000000001</BARRIER_PRICE1P>
    <BARRIER_PRICE2P>0</BARRIER_PRICE2P>
    <BARRIER_PRICE3P>0</BARRIER_PRICE3P>
    <BARRIER_PRICE4P>0</BARRIER_PRICE4P>
    <BARRIER_PRICE5P>0</BARRIER_PRICE5P>
    <BARRIER_PRICE6P>0</BARRIER_PRICE6P>
    <KK_PRICEP>0</KK_PRICEP>
    <PR1>1</PR1>
    <PR2>0</PR2>
    <MIN_YIELD1P>0</MIN_YIELD1P>
    <MIN_YIELD2P>0</MIN_YIELD2P>
    <MAX_YIELD1P>0.36100000000000004</MAX_YIELD1P>
    <MAX_YIELD2P>0</MAX_YIELD2P>
    <REBATE_AMT>0</REBATE_AMT>
    <REBATEP>0.05</REBATEP>
    <NOTE_CURR>THB</NOTE_CURR>
    <UNDERLYING_CURR>USD</UNDERLYING_CURR>
    <FX_DELIVERY_AMT>0</FX_DELIVERY_AMT>
    <SURPLUS_CASH>0</SURPLUS_CASH>
    <SUB_BEGIN_DATE>01/04/2021</SUB_BEGIN_DATE>
    <SUB_END_DATE>01/04/2021</SUB_END_DATE>
    <TRADE_DATE>01/04/2021</TRADE_DATE>
    <EFFECTIVE_DATE>05/04/2021</EFFECTIVE_DATE>
    <SETTLE_DATE>05/04/2021</SETTLE_DATE>
    <ISSUE_DATE>05/04/2021</ISSUE_DATE>
    <FIXING_DATE>30/09/2021</FIXING_DATE>
    <MATURITY_DATE>04/10/2021</MATURITY_DATE>
    <SETTLE_PERIOD>3</SETTLE_PERIOD>
    <EXCRATE_TRADEDATE>31</EXCRATE_TRADEDATE>
    <EXCHANGE1>NYSE</EXCHANGE1>
    <CUST_TYPE>1</CUST_TYPE>
    <PAY_TYPE>C</PAY_TYPE>
    <UNWIND_PRICE>11</UNWIND_PRICE>
    <UNWIND_DEALDATE>04/05/2021</UNWIND_DEALDATE>
    <UNWIND_PAYDATE>04/05/2021</UNWIND_PAYDATE>
    <STN_NAME>??????????????????????? ????????????????????????????????????????????????????????</STN_NAME>
    <STN_TYPE_DESC>??????????????????????????????????????? ?????? Shark-Fin Note ??????????????????????????</STN_TYPE_DESC>
    <STN_RETURN>???????????????????????????????????? ??????????????????????? ????????????? Rebate ???????????????????????????????????</STN_RETURN>
    <STN_RULE_REDEEM>??????????????????????????????????????????? ??????????????????????????????????????????????????????????????????????????????? (?????) ?????????????????????????????????????????????? ????????????????????????????????????????????????????????????????????? 2 ???? ??????

??????? 1 ? ????????????????????????????????????????????????????????????????????????????????????????????????????? ?????????????????????????????????????????????????????????? (Barrier Price) ? ?????????????????????????? (????????????? Knock-Out) ?????????????????????????????????????? 
(?) ?????????????? ??????????????? x ??????????????????????? ??? 
(?) ??????????????? ??????????????? x Rebate x (??????????????? ? ?????????????????????????????????? / ??????????????? ? ??????????????)

??????? 2 ????????????????? Knock-Out ?????????????????????????????????????????????? ??????

(2.1) ??????????????????? ? ?????????????????????????????????? ??????? Strike Price ??????????????????????????????????????
(?) ????????????????????????????? x ??????????????????????? ???
(?) ??????????????? [??????????????? x ???????????????????????????? x ((???????????????? ? ?????????????????????????????????? - ????????????) / ????????????????? ? ????????????????) x (??????????????? ? ?????????????????????????????????? / ??????????????? ? ?????????????????????????????????????????????)] 

(2.2) ??????????????????? ? ?????????????????????????????????? ?????????????????? Strike Price ????????????????????????????????????????????????????????????????????????????????????
????????????????????????????? x ???????????????????????</STN_RULE_REDEEM>
    <SETTLE_PRICE1>187</SETTLE_PRICE1>
    <SETTLE_PRICE2>0</SETTLE_PRICE2>
    <SETTLE_PRICE3>0</SETTLE_PRICE3>
    <SETTLE_PRICE4>0</SETTLE_PRICE4>
    <SETTLE_PRICE5>0</SETTLE_PRICE5>
    <SETTLE_PRICE6>0</SETTLE_PRICE6>
    <SETTLE_DAYS>20</SETTLE_DAYS>
    <KO_PRICE1>181</KO_PRICE1>
    <KO_PRICE2>0</KO_PRICE2>
    <KO_PRICE3>0</KO_PRICE3>
    <KO_PRICE4>0</KO_PRICE4>
    <KO_PRICE5>0</KO_PRICE5>
    <KO_PRICE6>0</KO_PRICE6>
    <KO_STOCK_TYPE>1</KO_STOCK_TYPE>
    <KO_DATE>18/05/2021</KO_DATE>
    <KO_FXRATE>36</KO_FXRATE>
    <SETTLE_FXRATE>35.33</SETTLE_FXRATE>
  </TB_STNCONF>
</NewDataSet>
2021-06-03 03:33:21,362 [4] INFO  KKB.Treasury.TreasuryModel.Model.Model_RPT_KNOCKOUTREPORT [(null)] - -----Model_RPT_KNOCKOUTREPORT Finish-----
2021-06-03 03:33:51,778 [4] INFO  TreasuryShadowSystem.STN.MasterSTN [(null)] - Get Report Settlement
2021-06-03 03:33:51,779 [4] INFO  TreasuryShadowSystem.STN.MasterSTN [(null)] - BindGridReport MasterSTN
2021-06-03 03:33:51,802 [4] INFO  TreasuryShadowSystem.STN.MasterSTN [(null)] - MasterSTN ConvertDataTableToListMaster
2021-06-03 03:33:51,802 [4] INFO  TreasuryShadowSystem.STN.MasterSTN [(null)] - 1
2021-06-03 03:33:51,803 [4] INFO  TreasuryShadowSystem.STN.MasterSTN [(null)] - 2
2021-06-03 03:33:51,803 [4] INFO  TreasuryShadowSystem.STN.MasterSTN [(null)] - 3
2021-06-03 03:33:51,803 [4] INFO  TreasuryShadowSystem.STN.MasterSTN [(null)] - 4
2021-06-03 03:33:51,803 [4] INFO  TreasuryShadowSystem.STN.MasterSTN [(null)] - 5
2021-06-03 03:33:51,803 [4] INFO  TreasuryShadowSystem.STN.MasterSTN [(null)] - 6
2021-06-03 03:33:51,804 [4] INFO  TreasuryShadowSystem.STN.MasterSTN [(null)] - 7
2021-06-03 03:33:51,804 [4] INFO  TreasuryShadowSystem.STN.MasterSTN [(null)] - 8
2021-06-03 03:33:51,804 [4] INFO  TreasuryModel.Data.STNMASTER [(null)] - -----STNNAME Start getSTN-----
2021-06-03 03:33:51,848 [4] INFO  TreasuryModel.Data.STNMASTER [(null)] - -----STNNAME Start getSTN-----
2021-06-03 03:33:51,890 [4] INFO  TreasuryModel.Data.STNMASTER [(null)] - -----STNNAME Start getSTN-----
2021-06-03 03:33:51,937 [4] INFO  TreasuryModel.Data.STNMASTER [(null)] - -----STNNAME Start getSTN-----
2021-06-03 03:33:51,979 [4] INFO  TreasuryModel.Data.STNMASTER [(null)] - -----STNNAME Start getSTN-----
2021-06-03 03:33:52,022 [4] INFO  TreasuryModel.Data.STNMASTER [(null)] - -----STNNAME Start getSTN-----
2021-06-03 03:33:52,062 [4] INFO  TreasuryModel.Data.STNMASTER [(null)] - -----STNNAME Start getSTN-----
2021-06-03 03:33:52,105 [4] INFO  TreasuryModel.Data.STNMASTER [(null)] - -----STNNAME Start getSTN-----
2021-06-03 03:33:56,138 [14] INFO  KKB.Treasury.TreasuryModel.Model.Model_RPT_SETTLEMENTREPORT [(null)] - -----Model_RPT_SETTLEMENTREPORT Start-----
2021-06-03 03:33:56,147 [14] INFO  KKB.Treasury.TreasuryModel.Model.Model_RPT_SETTLEMENTREPORT [(null)] - Store Procedure : OPICINF.KKB_SP_TSS_STNCONF
2021-06-03 03:33:56,311 [14] INFO  KKB.Treasury.TreasuryModel.Model.Model_RPT_SETTLEMENTREPORT [(null)] - <NewDataSet>
  <TB_STNCONF>
    <STNID>266</STNID>
    <ACTION>KO</ACTION>
    <CURR_DATE>01/04/2021</CURR_DATE>
    <ORDER_NO>2021600017</ORDER_NO>
    <ACCT_NO>56268472</ACCT_NO>
    <SYMBOL>KKSFIN21O04V</SYMBOL>
    <KKSYMBOL>KKP21O04V</KKSYMBOL>
    <UNIT>5</UNIT>
    <AMOUNT>5000000</AMOUNT>
    <FULLNAME>??? ????????? ?????????</FULLNAME>
    <TAXID>1234567891234</TAXID>
    <CUST_BANK_CODE>KKP</CUST_BANK_CODE>
    <CUST_BANK_ACCT>123456789</CUST_BANK_ACCT>
    <TEL>081-111-1111</TEL>
    <EMAIL>Kajornsak.pro@gmail.com</EMAIL>
    <FC_NAME>Kittiporn Sinsukthavorn</FC_NAME>
    <FC_EMAIL>Kittiporn.Sins@kkpfg.com</FC_EMAIL>
    <STN_TYPE>SFIN</STN_TYPE>
    <NOTE_SERIES>5/2564</NOTE_SERIES>
    <UNDERLYING1>GLD</UNDERLYING1>
    <STRIKE_PRICE1>170</STRIKE_PRICE1>
    <STRIKE_PRICE2>0</STRIKE_PRICE2>
    <STRIKE_PRICE3>0</STRIKE_PRICE3>
    <STRIKE_PRICE4>0</STRIKE_PRICE4>
    <STRIKE_PRICE5>0</STRIKE_PRICE5>
    <STRIKE_PRICE6>0</STRIKE_PRICE6>
    <BARRIER_PRICE1>195.5</BARRIER_PRICE1>
    <BARRIER_PRICE2>0</BARRIER_PRICE2>
    <BARRIER_PRICE3>0</BARRIER_PRICE3>
    <BARRIER_PRICE4>0</BARRIER_PRICE4>
    <BARRIER_PRICE5>0</BARRIER_PRICE5>
    <BARRIER_PRICE6>0</BARRIER_PRICE6>
    <KI_PRICE>0</KI_PRICE>
    <PROTECT_LEVELP>0.95000000000000007</PROTECT_LEVELP>
    <TTM>182</TTM>
    <TRADING_DAY>0</TRADING_DAY>
    <EXERCISE_TYPE>European</EXERCISE_TYPE>
    <PAR_VALUE>1000000</PAR_VALUE>
    <OFFER_PRICEP>1</OFFER_PRICEP>
    <OFFER_PRICE_AMT>5000000</OFFER_PRICE_AMT>
    <INITIAL_PRICEP>1</INITIAL_PRICEP>
    <INITIAL_PRICE_AMT>0</INITIAL_PRICE_AMT>
    <STRIKE_PRICE1P>1</STRIKE_PRICE1P>
    <STRIKE_PRICE2P>0</STRIKE_PRICE2P>
    <STRIKE_PRICE3P>0</STRIKE_PRICE3P>
    <STRIKE_PRICE4P>0</STRIKE_PRICE4P>
    <STRIKE_PRICE5P>0</STRIKE_PRICE5P>
    <STRIKE_PRICE6P>0</STRIKE_PRICE6P>
    <BARRIER_PRICE1P>1.1500000000000001</BARRIER_PRICE1P>
    <BARRIER_PRICE2P>0</BARRIER_PRICE2P>
    <BARRIER_PRICE3P>0</BARRIER_PRICE3P>
    <BARRIER_PRICE4P>0</BARRIER_PRICE4P>
    <BARRIER_PRICE5P>0</BARRIER_PRICE5P>
    <BARRIER_PRICE6P>0</BARRIER_PRICE6P>
    <KK_PRICEP>0</KK_PRICEP>
    <PR1>1</PR1>
    <PR2>0</PR2>
    <MIN_YIELD1P>0</MIN_YIELD1P>
    <MIN_YIELD2P>0</MIN_YIELD2P>
    <MAX_YIELD1P>0.36100000000000004</MAX_YIELD1P>
    <MAX_YIELD2P>0</MAX_YIELD2P>
    <REBATE_AMT>0</REBATE_AMT>
    <REBATEP>0.05</REBATEP>
    <NOTE_CURR>THB</NOTE_CURR>
    <UNDERLYING_CURR>USD</UNDERLYING_CURR>
    <FX_DELIVERY_AMT>0</FX_DELIVERY_AMT>
    <SURPLUS_CASH>0</SURPLUS_CASH>
    <SUB_BEGIN_DATE>01/04/2021</SUB_BEGIN_DATE>
    <SUB_END_DATE>01/04/2021</SUB_END_DATE>
    <TRADE_DATE>01/04/2021</TRADE_DATE>
    <EFFECTIVE_DATE>05/04/2021</EFFECTIVE_DATE>
    <SETTLE_DATE>05/04/2021</SETTLE_DATE>
    <ISSUE_DATE>05/04/2021</ISSUE_DATE>
    <FIXING_DATE>30/09/2021</FIXING_DATE>
    <MATURITY_DATE>04/10/2021</MATURITY_DATE>
    <SETTLE_PERIOD>3</SETTLE_PERIOD>
    <EXCRATE_TRADEDATE>31</EXCRATE_TRADEDATE>
    <EXCHANGE1>NYSE</EXCHANGE1>
    <CUST_TYPE>1</CUST_TYPE>
    <PAY_TYPE>C</PAY_TYPE>
    <UNWIND_PRICE>11</UNWIND_PRICE>
    <UNWIND_DEALDATE>04/05/2021</UNWIND_DEALDATE>
    <UNWIND_PAYDATE>04/05/2021</UNWIND_PAYDATE>
    <STN_NAME>??????????????????????? ????????????????????????????????????????????????????????</STN_NAME>
    <STN_TYPE_DESC>??????????????????????????????????????? ?????? Shark-Fin Note ??????????????????????????</STN_TYPE_DESC>
    <STN_RETURN>???????????????????????????????????? ??????????????????????? ????????????? Rebate ???????????????????????????????????</STN_RETURN>
    <STN_RULE_REDEEM>??????????????????????????????????????????? ??????????????????????????????????????????????????????????????????????????????? (?????) ?????????????????????????????????????????????? ????????????????????????????????????????????????????????????????????? 2 ???? ??????

??????? 1 ? ????????????????????????????????????????????????????????????????????????????????????????????????????? ?????????????????????????????????????????????????????????? (Barrier Price) ? ?????????????????????????? (????????????? Knock-Out) ?????????????????????????????????????? 
(?) ?????????????? ??????????????? x ??????????????????????? ??? 
(?) ??????????????? ??????????????? x Rebate x (??????????????? ? ?????????????????????????????????? / ??????????????? ? ??????????????)

??????? 2 ????????????????? Knock-Out ?????????????????????????????????????????????? ??????

(2.1) ??????????????????? ? ?????????????????????????????????? ??????? Strike Price ??????????????????????????????????????
(?) ????????????????????????????? x ??????????????????????? ???
(?) ??????????????? [??????????????? x ???????????????????????????? x ((???????????????? ? ?????????????????????????????????? - ????????????) / ????????????????? ? ????????????????) x (??????????????? ? ?????????????????????????????????? / ??????????????? ? ?????????????????????????????????????????????)] 

(2.2) ??????????????????? ? ?????????????????????????????????? ?????????????????? Strike Price ????????????????????????????????????????????????????????????????????????????????????
????????????????????????????? x ???????????????????????</STN_RULE_REDEEM>
    <SETTLE_PRICE1>187</SETTLE_PRICE1>
    <SETTLE_PRICE2>0</SETTLE_PRICE2>
    <SETTLE_PRICE3>0</SETTLE_PRICE3>
    <SETTLE_PRICE4>0</SETTLE_PRICE4>
    <SETTLE_PRICE5>0</SETTLE_PRICE5>
    <SETTLE_PRICE6>0</SETTLE_PRICE6>
    <SETTLE_DAYS>20</SETTLE_DAYS>
    <KO_PRICE1>181</KO_PRICE1>
    <KO_PRICE2>0</KO_PRICE2>
    <KO_PRICE3>0</KO_PRICE3>
    <KO_PRICE4>0</KO_PRICE4>
    <KO_PRICE5>0</KO_PRICE5>
    <KO_PRICE6>0</KO_PRICE6>
    <KO_STOCK_TYPE>1</KO_STOCK_TYPE>
    <KO_DATE>18/05/2021</KO_DATE>
    <KO_FXRATE>36</KO_FXRATE>
    <SETTLE_FXRATE>35.33</SETTLE_FXRATE>
  </TB_STNCONF>
</NewDataSet>
2021-06-03 03:33:56,321 [14] INFO  KKB.Treasury.TreasuryModel.Model.Model_RPT_SETTLEMENTREPORT [(null)] - -----Model_RPT_SETTLEMENTREPORT Finish-----
2021-06-03 03:33:56,545 [14] ERROR TreasuryShadowSystem.View.ReportViewer2 [(null)] - Division by zero.Division by zero.Failed to export the report.
Error in File C:\Users\KKBUS\AppData\Local\Temp\temp_09aa385c-7782-4452-8f1f-4b654b4ff8d3 {597C940D-5DB5-48F0-AE6E-44121A6666C4}.rpt:
Error in formula  <rewardstock>. 
'IF isnull({TB_STNCONF.KO_DATE})  or  isnull({TB_STNCONF.KO_PRICE1})           '
Division by zero. : System.Collections.ListDictionaryInternal
2021-06-03 03:34:53,862 [4] INFO  TreasuryShadowSystem.STN.MasterSTN [(null)] - Get Report Settlement
2021-06-03 03:34:53,863 [4] INFO  TreasuryShadowSystem.STN.MasterSTN [(null)] - BindGridReport MasterSTN
2021-06-03 03:34:53,896 [4] INFO  TreasuryShadowSystem.STN.MasterSTN [(null)] - MasterSTN ConvertDataTableToListMaster
2021-06-03 03:34:53,896 [4] INFO  TreasuryShadowSystem.STN.MasterSTN [(null)] - 1
2021-06-03 03:34:53,896 [4] INFO  TreasuryShadowSystem.STN.MasterSTN [(null)] - 2
2021-06-03 03:34:53,896 [4] INFO  TreasuryShadowSystem.STN.MasterSTN [(null)] - 3
2021-06-03 03:34:53,897 [4] INFO  TreasuryShadowSystem.STN.MasterSTN [(null)] - 4
2021-06-03 03:34:53,897 [4] INFO  TreasuryShadowSystem.STN.MasterSTN [(null)] - 5
2021-06-03 03:34:53,897 [4] INFO  TreasuryShadowSystem.STN.MasterSTN [(null)] - 6
2021-06-03 03:34:53,897 [4] INFO  TreasuryShadowSystem.STN.MasterSTN [(null)] - 7
2021-06-03 03:34:53,897 [4] INFO  TreasuryShadowSystem.STN.MasterSTN [(null)] - 8
2021-06-03 03:34:53,897 [4] INFO  TreasuryModel.Data.STNMASTER [(null)] - -----STNNAME Start getSTN-----
2021-06-03 03:34:53,944 [4] INFO  TreasuryModel.Data.STNMASTER [(null)] - -----STNNAME Start getSTN-----
2021-06-03 03:34:53,990 [4] INFO  TreasuryModel.Data.STNMASTER [(null)] - -----STNNAME Start getSTN-----
2021-06-03 03:34:54,033 [4] INFO  TreasuryModel.Data.STNMASTER [(null)] - -----STNNAME Start getSTN-----
2021-06-03 03:34:54,078 [4] INFO  TreasuryModel.Data.STNMASTER [(null)] - -----STNNAME Start getSTN-----
2021-06-03 03:34:54,119 [4] INFO  TreasuryModel.Data.STNMASTER [(null)] - -----STNNAME Start getSTN-----
2021-06-03 03:34:54,161 [4] INFO  TreasuryModel.Data.STNMASTER [(null)] - -----STNNAME Start getSTN-----
2021-06-03 03:34:54,198 [4] INFO  TreasuryModel.Data.STNMASTER [(null)] - -----STNNAME Start getSTN-----
2021-06-03 03:35:06,107 [4] INFO  KKB.Treasury.TreasuryModel.Model.Model_RPT_SETTLEMENTREPORT [(null)] - -----Model_RPT_SETTLEMENTREPORT Start-----
2021-06-03 03:35:06,832 [4] INFO  KKB.Treasury.TreasuryModel.Model.Model_RPT_SETTLEMENTREPORT [(null)] - Store Procedure : OPICINF.KKB_SP_TSS_STNCONF
2021-06-03 03:35:29,243 [4] INFO  KKB.Treasury.TreasuryModel.Model.Model_RPT_SETTLEMENTREPORT [(null)] - <NewDataSet>
  <TB_STNCONF>
    <STNID>266</STNID>
    <ACTION>KO</ACTION>
    <CURR_DATE>01/04/2021</CURR_DATE>
    <ORDER_NO>2021600017</ORDER_NO>
    <ACCT_NO>56268472</ACCT_NO>
    <SYMBOL>KKSFIN21O04V</SYMBOL>
    <KKSYMBOL>KKP21O04V</KKSYMBOL>
    <UNIT>5</UNIT>
    <AMOUNT>5000000</AMOUNT>
    <FULLNAME>??? ????????? ?????????</FULLNAME>
    <TAXID>1234567891234</TAXID>
    <CUST_BANK_CODE>KKP</CUST_BANK_CODE>
    <CUST_BANK_ACCT>123456789</CUST_BANK_ACCT>
    <TEL>081-111-1111</TEL>
    <EMAIL>Kajornsak.pro@gmail.com</EMAIL>
    <FC_NAME>Kittiporn Sinsukthavorn</FC_NAME>
    <FC_EMAIL>Kittiporn.Sins@kkpfg.com</FC_EMAIL>
    <STN_TYPE>SFIN</STN_TYPE>
    <NOTE_SERIES>5/2564</NOTE_SERIES>
    <UNDERLYING1>GLD</UNDERLYING1>
    <STRIKE_PRICE1>170</STRIKE_PRICE1>
    <STRIKE_PRICE2>0</STRIKE_PRICE2>
    <STRIKE_PRICE3>0</STRIKE_PRICE3>
    <STRIKE_PRICE4>0</STRIKE_PRICE4>
    <STRIKE_PRICE5>0</STRIKE_PRICE5>
    <STRIKE_PRICE6>0</STRIKE_PRICE6>
    <BARRIER_PRICE1>195.5</BARRIER_PRICE1>
    <BARRIER_PRICE2>0</BARRIER_PRICE2>
    <BARRIER_PRICE3>0</BARRIER_PRICE3>
    <BARRIER_PRICE4>0</BARRIER_PRICE4>
    <BARRIER_PRICE5>0</BARRIER_PRICE5>
    <BARRIER_PRICE6>0</BARRIER_PRICE6>
    <KI_PRICE>0</KI_PRICE>
    <PROTECT_LEVELP>0.95000000000000007</PROTECT_LEVELP>
    <TTM>182</TTM>
    <TRADING_DAY>0</TRADING_DAY>
    <EXERCISE_TYPE>European</EXERCISE_TYPE>
    <PAR_VALUE>1000000</PAR_VALUE>
    <OFFER_PRICEP>1</OFFER_PRICEP>
    <OFFER_PRICE_AMT>5000000</OFFER_PRICE_AMT>
    <INITIAL_PRICEP>1</INITIAL_PRICEP>
    <INITIAL_PRICE_AMT>0</INITIAL_PRICE_AMT>
    <STRIKE_PRICE1P>1</STRIKE_PRICE1P>
    <STRIKE_PRICE2P>0</STRIKE_PRICE2P>
    <STRIKE_PRICE3P>0</STRIKE_PRICE3P>
    <STRIKE_PRICE4P>0</STRIKE_PRICE4P>
    <STRIKE_PRICE5P>0</STRIKE_PRICE5P>
    <STRIKE_PRICE6P>0</STRIKE_PRICE6P>
    <BARRIER_PRICE1P>1.1500000000000001</BARRIER_PRICE1P>
    <BARRIER_PRICE2P>0</BARRIER_PRICE2P>
    <BARRIER_PRICE3P>0</BARRIER_PRICE3P>
    <BARRIER_PRICE4P>0</BARRIER_PRICE4P>
    <BARRIER_PRICE5P>0</BARRIER_PRICE5P>
    <BARRIER_PRICE6P>0</BARRIER_PRICE6P>
    <KK_PRICEP>0</KK_PRICEP>
    <PR1>1</PR1>
    <PR2>0</PR2>
    <MIN_YIELD1P>0</MIN_YIELD1P>
    <MIN_YIELD2P>0</MIN_YIELD2P>
    <MAX_YIELD1P>0.36100000000000004</MAX_YIELD1P>
    <MAX_YIELD2P>0</MAX_YIELD2P>
    <REBATE_AMT>0</REBATE_AMT>
    <REBATEP>0.05</REBATEP>
    <NOTE_CURR>THB</NOTE_CURR>
    <UNDERLYING_CURR>USD</UNDERLYING_CURR>
    <FX_DELIVERY_AMT>0</FX_DELIVERY_AMT>
    <SURPLUS_CASH>0</SURPLUS_CASH>
    <SUB_BEGIN_DATE>01/04/2021</SUB_BEGIN_DATE>
    <SUB_END_DATE>01/04/2021</SUB_END_DATE>
    <TRADE_DATE>01/04/2021</TRADE_DATE>
    <EFFECTIVE_DATE>05/04/2021</EFFECTIVE_DATE>
    <SETTLE_DATE>05/04/2021</SETTLE_DATE>
    <ISSUE_DATE>05/04/2021</ISSUE_DATE>
    <FIXING_DATE>30/09/2021</FIXING_DATE>
    <MATURITY_DATE>04/10/2021</MATURITY_DATE>
    <SETTLE_PERIOD>3</SETTLE_PERIOD>
    <EXCRATE_TRADEDATE>31</EXCRATE_TRADEDATE>
    <EXCHANGE1>NYSE</EXCHANGE1>
    <CUST_TYPE>1</CUST_TYPE>
    <PAY_TYPE>C</PAY_TYPE>
    <UNWIND_PRICE>11</UNWIND_PRICE>
    <UNWIND_DEALDATE>04/05/2021</UNWIND_DEALDATE>
    <UNWIND_PAYDATE>04/05/2021</UNWIND_PAYDATE>
    <STN_NAME>??????????????????????? ????????????????????????????????????????????????????????</STN_NAME>
    <STN_TYPE_DESC>??????????????????????????????????????? ?????? Shark-Fin Note ??????????????????????????</STN_TYPE_DESC>
    <STN_RETURN>???????????????????????????????????? ??????????????????????? ????????????? Rebate ???????????????????????????????????</STN_RETURN>
    <STN_RULE_REDEEM>??????????????????????????????????????????? ??????????????????????????????????????????????????????????????????????????????? (?????) ?????????????????????????????????????????????? ????????????????????????????????????????????????????????????????????? 2 ???? ??????

??????? 1 ? ????????????????????????????????????????????????????????????????????????????????????????????????????? ?????????????????????????????????????????????????????????? (Barrier Price) ? ?????????????????????????? (????????????? Knock-Out) ?????????????????????????????????????? 
(?) ?????????????? ??????????????? x ??????????????????????? ??? 
(?) ??????????????? ??????????????? x Rebate x (??????????????? ? ?????????????????????????????????? / ??????????????? ? ??????????????)

??????? 2 ????????????????? Knock-Out ?????????????????????????????????????????????? ??????

(2.1) ??????????????????? ? ?????????????????????????????????? ??????? Strike Price ??????????????????????????????????????
(?) ????????????????????????????? x ??????????????????????? ???
(?) ??????????????? [??????????????? x ???????????????????????????? x ((???????????????? ? ?????????????????????????????????? - ????????????) / ????????????????? ? ????????????????) x (??????????????? ? ?????????????????????????????????? / ??????????????? ? ?????????????????????????????????????????????)] 

(2.2) ??????????????????? ? ?????????????????????????????????? ?????????????????? Strike Price ????????????????????????????????????????????????????????????????????????????????????
????????????????????????????? x ???????????????????????</STN_RULE_REDEEM>
    <SETTLE_PRICE1>187</SETTLE_PRICE1>
    <SETTLE_PRICE2>0</SETTLE_PRICE2>
    <SETTLE_PRICE3>0</SETTLE_PRICE3>
    <SETTLE_PRICE4>0</SETTLE_PRICE4>
    <SETTLE_PRICE5>0</SETTLE_PRICE5>
    <SETTLE_PRICE6>0</SETTLE_PRICE6>
    <SETTLE_DAYS>20</SETTLE_DAYS>
    <KO_PRICE1>181</KO_PRICE1>
    <KO_PRICE2>0</KO_PRICE2>
    <KO_PRICE3>0</KO_PRICE3>
    <KO_PRICE4>0</KO_PRICE4>
    <KO_PRICE5>0</KO_PRICE5>
    <KO_PRICE6>0</KO_PRICE6>
    <KO_STOCK_TYPE>1</KO_STOCK_TYPE>
    <KO_DATE>18/05/2021</KO_DATE>
    <KO_FXRATE>36</KO_FXRATE>
    <SETTLE_FXRATE>35.33</SETTLE_FXRATE>
  </TB_STNCONF>
</NewDataSet>
2021-06-03 03:35:38,201 [4] INFO  KKB.Treasury.TreasuryModel.Model.Model_RPT_SETTLEMENTREPORT [(null)] - -----Model_RPT_SETTLEMENTREPORT Finish-----
2021-06-03 03:39:27,793 [4] ERROR TreasuryShadowSystem.View.ReportViewer2 [(null)] - Division by zero.Division by zero.Failed to export the report.
Error in File C:\Users\KKBUS\AppData\Local\Temp\temp_fcfa5572-ae34-4065-abe0-a2d2c4563fa0 {7D773617-EA5E-4008-8603-A25CF8D30A26}.rpt:
Error in formula  <rewardstock>. 
'IF isnull({TB_STNCONF.KO_DATE})  or  isnull({TB_STNCONF.KO_PRICE1})           '
Division by zero. : System.Collections.ListDictionaryInternal
2021-06-03 03:39:28,359 [4] INFO  TreasuryShadowSystem.STN.MasterSTN [(null)] - Click Closed Price
2021-06-03 03:39:32,241 [4] INFO  TreasuryShadowSystem.STN.MasterSTN [(null)] - ##dialogpriceclose start
2021-06-03 03:39:32,241 [4] INFO  TreasuryShadowSystem.STN.MasterSTN [(null)] - ##dialogpriceclose end
2021-06-03 03:41:31,915 [4] INFO  TreasuryShadowSystem.Model.Model_Tb_Menu_Auth [(null)] - Select p.* From (Select l.* From OPICINF.KKB_TB_MS_LOOKUP l, OPICINF.KKB_TB_MS_MENU_AUTH a Where l.ID=a.MENU_ID And l.ENABLED='1' And a.USERGROUP_ID=(SELECT USERGROUP_ID FROM OPICINF.KKB_TB_MS_USERGROUP WHERE USERGROUP_NAME = 'ITProject') UNION Select * From OPICINF.KKB_TB_MS_LOOKUP WHERE ENABLED='1' AND ID IN (Select DISTINCT GROUPID From OPICINF.KKB_TB_MS_LOOKUP l, OPICINF.KKB_TB_MS_MENU_AUTH a Where l.ID=a.MENU_ID And l.ENABLED='1' And a.USERGROUP_ID=(SELECT USERGROUP_ID FROM OPICINF.KKB_TB_MS_USERGROUP WHERE USERGROUP_NAME = 'ITProject')) ) p Order By p.GroupID, p.SEQ 
2021-06-03 03:41:32,017 [4] INFO  TreasuryShadowSystem.Login [(null)] - Login successfull on :03/06/2021 03:41:32
2021-06-03 03:41:32,125 [4] ERROR TreasuryShadowSystem.Login [(null)] - Thread was being aborted.
2021-06-03 03:41:36,548 [4] INFO  TreasuryShadowSystem.STN.MasterSTN [(null)] - BindGridReport MasterSTN
2021-06-03 03:41:36,583 [4] INFO  TreasuryShadowSystem.STN.MasterSTN [(null)] - MasterSTN ConvertDataTableToListMaster
2021-06-03 03:41:36,583 [4] INFO  TreasuryShadowSystem.STN.MasterSTN [(null)] - 1
2021-06-03 03:41:36,584 [4] INFO  TreasuryShadowSystem.STN.MasterSTN [(null)] - 2
2021-06-03 03:41:36,584 [4] INFO  TreasuryShadowSystem.STN.MasterSTN [(null)] - 3
2021-06-03 03:41:36,584 [4] INFO  TreasuryShadowSystem.STN.MasterSTN [(null)] - 4
2021-06-03 03:41:36,584 [4] INFO  TreasuryShadowSystem.STN.MasterSTN [(null)] - 5
2021-06-03 03:41:36,584 [4] INFO  TreasuryShadowSystem.STN.MasterSTN [(null)] - 6
2021-06-03 03:41:36,585 [4] INFO  TreasuryShadowSystem.STN.MasterSTN [(null)] - 7
2021-06-03 03:41:36,585 [4] INFO  TreasuryShadowSystem.STN.MasterSTN [(null)] - 8
2021-06-03 03:41:36,586 [4] INFO  TreasuryModel.Data.STNMASTER [(null)] - -----STNNAME Start getSTN-----
2021-06-03 03:41:36,634 [4] INFO  TreasuryModel.Data.STNMASTER [(null)] - -----STNNAME Start getSTN-----
2021-06-03 03:41:36,697 [4] INFO  TreasuryModel.Data.STNMASTER [(null)] - -----STNNAME Start getSTN-----
2021-06-03 03:41:36,744 [4] INFO  TreasuryModel.Data.STNMASTER [(null)] - -----STNNAME Start getSTN-----
2021-06-03 03:41:36,796 [4] INFO  TreasuryModel.Data.STNMASTER [(null)] - -----STNNAME Start getSTN-----
2021-06-03 03:41:36,833 [4] INFO  TreasuryModel.Data.STNMASTER [(null)] - -----STNNAME Start getSTN-----
2021-06-03 03:41:36,879 [4] INFO  TreasuryModel.Data.STNMASTER [(null)] - -----STNNAME Start getSTN-----
2021-06-03 03:41:36,925 [4] INFO  TreasuryModel.Data.STNMASTER [(null)] - -----STNNAME Start getSTN-----
2021-06-03 03:41:42,437 [4] INFO  TreasuryShadowSystem.STN.MasterSTN [(null)] - Get Report Settlement
2021-06-03 03:41:42,440 [4] INFO  TreasuryShadowSystem.STN.MasterSTN [(null)] - BindGridReport MasterSTN
2021-06-03 03:41:42,495 [4] INFO  TreasuryShadowSystem.STN.MasterSTN [(null)] - MasterSTN ConvertDataTableToListMaster
2021-06-03 03:41:42,496 [4] INFO  TreasuryShadowSystem.STN.MasterSTN [(null)] - 1
2021-06-03 03:41:42,496 [4] INFO  TreasuryShadowSystem.STN.MasterSTN [(null)] - 2
2021-06-03 03:41:42,496 [4] INFO  TreasuryShadowSystem.STN.MasterSTN [(null)] - 3
2021-06-03 03:41:42,496 [4] INFO  TreasuryShadowSystem.STN.MasterSTN [(null)] - 4
2021-06-03 03:41:42,496 [4] INFO  TreasuryShadowSystem.STN.MasterSTN [(null)] - 5
2021-06-03 03:41:42,496 [4] INFO  TreasuryShadowSystem.STN.MasterSTN [(null)] - 6
2021-06-03 03:41:42,496 [4] INFO  TreasuryShadowSystem.STN.MasterSTN [(null)] - 7
2021-06-03 03:41:42,496 [4] INFO  TreasuryShadowSystem.STN.MasterSTN [(null)] - 8
2021-06-03 03:41:42,497 [4] INFO  TreasuryModel.Data.STNMASTER [(null)] - -----STNNAME Start getSTN-----
2021-06-03 03:41:42,554 [4] INFO  TreasuryModel.Data.STNMASTER [(null)] - -----STNNAME Start getSTN-----
2021-06-03 03:41:42,609 [4] INFO  TreasuryModel.Data.STNMASTER [(null)] - -----STNNAME Start getSTN-----
2021-06-03 03:41:42,653 [4] INFO  TreasuryModel.Data.STNMASTER [(null)] - -----STNNAME Start getSTN-----
2021-06-03 03:41:42,704 [4] INFO  TreasuryModel.Data.STNMASTER [(null)] - -----STNNAME Start getSTN-----
2021-06-03 03:41:42,754 [4] INFO  TreasuryModel.Data.STNMASTER [(null)] - -----STNNAME Start getSTN-----
2021-06-03 03:41:42,805 [4] INFO  TreasuryModel.Data.STNMASTER [(null)] - -----STNNAME Start getSTN-----
2021-06-03 03:41:42,855 [4] INFO  TreasuryModel.Data.STNMASTER [(null)] - -----STNNAME Start getSTN-----
2021-06-03 03:41:48,320 [11] INFO  KKB.Treasury.TreasuryModel.Model.Model_RPT_SETTLEMENTREPORT [(null)] - -----Model_RPT_SETTLEMENTREPORT Start-----
2021-06-03 03:41:48,332 [11] INFO  KKB.Treasury.TreasuryModel.Model.Model_RPT_SETTLEMENTREPORT [(null)] - Store Procedure : OPICINF.KKB_SP_TSS_STNCONF
2021-06-03 03:41:49,391 [11] INFO  KKB.Treasury.TreasuryModel.Model.Model_RPT_SETTLEMENTREPORT [(null)] - <NewDataSet>
  <TB_STNCONF>
    <STNID>266</STNID>
    <ACTION>KO</ACTION>
    <CURR_DATE>01/04/2021</CURR_DATE>
    <ORDER_NO>2021600017</ORDER_NO>
    <ACCT_NO>56268472</ACCT_NO>
    <SYMBOL>KKSFIN21O04V</SYMBOL>
    <KKSYMBOL>KKP21O04V</KKSYMBOL>
    <UNIT>5</UNIT>
    <AMOUNT>5000000</AMOUNT>
    <FULLNAME>??? ????????? ?????????</FULLNAME>
    <TAXID>1234567891234</TAXID>
    <CUST_BANK_CODE>KKP</CUST_BANK_CODE>
    <CUST_BANK_ACCT>123456789</CUST_BANK_ACCT>
    <TEL>081-111-1111</TEL>
    <EMAIL>Kajornsak.pro@gmail.com</EMAIL>
    <FC_NAME>Kittiporn Sinsukthavorn</FC_NAME>
    <FC_EMAIL>Kittiporn.Sins@kkpfg.com</FC_EMAIL>
    <STN_TYPE>SFIN</STN_TYPE>
    <NOTE_SERIES>5/2564</NOTE_SERIES>
    <UNDERLYING1>GLD</UNDERLYING1>
    <STRIKE_PRICE1>170</STRIKE_PRICE1>
    <STRIKE_PRICE2>0</STRIKE_PRICE2>
    <STRIKE_PRICE3>0</STRIKE_PRICE3>
    <STRIKE_PRICE4>0</STRIKE_PRICE4>
    <STRIKE_PRICE5>0</STRIKE_PRICE5>
    <STRIKE_PRICE6>0</STRIKE_PRICE6>
    <BARRIER_PRICE1>195.5</BARRIER_PRICE1>
    <BARRIER_PRICE2>0</BARRIER_PRICE2>
    <BARRIER_PRICE3>0</BARRIER_PRICE3>
    <BARRIER_PRICE4>0</BARRIER_PRICE4>
    <BARRIER_PRICE5>0</BARRIER_PRICE5>
    <BARRIER_PRICE6>0</BARRIER_PRICE6>
    <KI_PRICE>0</KI_PRICE>
    <PROTECT_LEVELP>0.95000000000000007</PROTECT_LEVELP>
    <TTM>182</TTM>
    <TRADING_DAY>0</TRADING_DAY>
    <EXERCISE_TYPE>European</EXERCISE_TYPE>
    <PAR_VALUE>1000000</PAR_VALUE>
    <OFFER_PRICEP>1</OFFER_PRICEP>
    <OFFER_PRICE_AMT>5000000</OFFER_PRICE_AMT>
    <INITIAL_PRICEP>1</INITIAL_PRICEP>
    <INITIAL_PRICE_AMT>1</INITIAL_PRICE_AMT>
    <STRIKE_PRICE1P>1</STRIKE_PRICE1P>
    <STRIKE_PRICE2P>0</STRIKE_PRICE2P>
    <STRIKE_PRICE3P>0</STRIKE_PRICE3P>
    <STRIKE_PRICE4P>0</STRIKE_PRICE4P>
    <STRIKE_PRICE5P>0</STRIKE_PRICE5P>
    <STRIKE_PRICE6P>0</STRIKE_PRICE6P>
    <BARRIER_PRICE1P>1.1500000000000001</BARRIER_PRICE1P>
    <BARRIER_PRICE2P>0</BARRIER_PRICE2P>
    <BARRIER_PRICE3P>0</BARRIER_PRICE3P>
    <BARRIER_PRICE4P>0</BARRIER_PRICE4P>
    <BARRIER_PRICE5P>0</BARRIER_PRICE5P>
    <BARRIER_PRICE6P>0</BARRIER_PRICE6P>
    <KK_PRICEP>0</KK_PRICEP>
    <PR1>1</PR1>
    <PR2>0</PR2>
    <MIN_YIELD1P>0</MIN_YIELD1P>
    <MIN_YIELD2P>0</MIN_YIELD2P>
    <MAX_YIELD1P>0.36100000000000004</MAX_YIELD1P>
    <MAX_YIELD2P>0</MAX_YIELD2P>
    <REBATE_AMT>0</REBATE_AMT>
    <REBATEP>0.05</REBATEP>
    <NOTE_CURR>THB</NOTE_CURR>
    <UNDERLYING_CURR>USD</UNDERLYING_CURR>
    <FX_DELIVERY_AMT>0</FX_DELIVERY_AMT>
    <SURPLUS_CASH>0</SURPLUS_CASH>
    <SUB_BEGIN_DATE>01/04/2021</SUB_BEGIN_DATE>
    <SUB_END_DATE>01/04/2021</SUB_END_DATE>
    <TRADE_DATE>01/04/2021</TRADE_DATE>
    <EFFECTIVE_DATE>05/04/2021</EFFECTIVE_DATE>
    <SETTLE_DATE>05/04/2021</SETTLE_DATE>
    <ISSUE_DATE>05/04/2021</ISSUE_DATE>
    <FIXING_DATE>30/09/2021</FIXING_DATE>
    <MATURITY_DATE>04/10/2021</MATURITY_DATE>
    <SETTLE_PERIOD>3</SETTLE_PERIOD>
    <EXCRATE_TRADEDATE>31</EXCRATE_TRADEDATE>
    <EXCHANGE1>NYSE</EXCHANGE1>
    <CUST_TYPE>1</CUST_TYPE>
    <PAY_TYPE>C</PAY_TYPE>
    <UNWIND_PRICE>11</UNWIND_PRICE>
    <UNWIND_DEALDATE>04/05/2021</UNWIND_DEALDATE>
    <UNWIND_PAYDATE>04/05/2021</UNWIND_PAYDATE>
    <STN_NAME>??????????????????????? ????????????????????????????????????????????????????????</STN_NAME>
    <STN_TYPE_DESC>??????????????????????????????????????? ?????? Shark-Fin Note ??????????????????????????</STN_TYPE_DESC>
    <STN_RETURN>???????????????????????????????????? ??????????????????????? ????????????? Rebate ???????????????????????????????????</STN_RETURN>
    <STN_RULE_REDEEM>??????????????????????????????????????????? ??????????????????????????????????????????????????????????????????????????????? (?????) ?????????????????????????????????????????????? ????????????????????????????????????????????????????????????????????? 2 ???? ??????

??????? 1 ? ????????????????????????????????????????????????????????????????????????????????????????????????????? ?????????????????????????????????????????????????????????? (Barrier Price) ? ?????????????????????????? (????????????? Knock-Out) ?????????????????????????????????????? 
(?) ?????????????? ??????????????? x ??????????????????????? ??? 
(?) ??????????????? ??????????????? x Rebate x (??????????????? ? ?????????????????????????????????? / ??????????????? ? ??????????????)

??????? 2 ????????????????? Knock-Out ?????????????????????????????????????????????? ??????

(2.1) ??????????????????? ? ?????????????????????????????????? ??????? Strike Price ??????????????????????????????????????
(?) ????????????????????????????? x ??????????????????????? ???
(?) ??????????????? [??????????????? x ???????????????????????????? x ((???????????????? ? ?????????????????????????????????? - ????????????) / ????????????????? ? ????????????????) x (??????????????? ? ?????????????????????????????????? / ??????????????? ? ?????????????????????????????????????????????)] 

(2.2) ??????????????????? ? ?????????????????????????????????? ?????????????????? Strike Price ????????????????????????????????????????????????????????????????????????????????????
????????????????????????????? x ???????????????????????</STN_RULE_REDEEM>
    <SETTLE_PRICE1>187</SETTLE_PRICE1>
    <SETTLE_PRICE2>0</SETTLE_PRICE2>
    <SETTLE_PRICE3>0</SETTLE_PRICE3>
    <SETTLE_PRICE4>0</SETTLE_PRICE4>
    <SETTLE_PRICE5>0</SETTLE_PRICE5>
    <SETTLE_PRICE6>0</SETTLE_PRICE6>
    <SETTLE_DAYS>20</SETTLE_DAYS>
    <KO_PRICE1>181</KO_PRICE1>
    <KO_PRICE2>0</KO_PRICE2>
    <KO_PRICE3>0</KO_PRICE3>
    <KO_PRICE4>0</KO_PRICE4>
    <KO_PRICE5>0</KO_PRICE5>
    <KO_PRICE6>0</KO_PRICE6>
    <KO_STOCK_TYPE>1</KO_STOCK_TYPE>
    <KO_DATE>18/05/2021</KO_DATE>
    <KO_FXRATE>36</KO_FXRATE>
    <SETTLE_FXRATE>35.33</SETTLE_FXRATE>
  </TB_STNCONF>
</NewDataSet>
2021-06-03 03:41:49,405 [11] INFO  KKB.Treasury.TreasuryModel.Model.Model_RPT_SETTLEMENTREPORT [(null)] - -----Model_RPT_SETTLEMENTREPORT Finish-----
2021-06-03 20:52:42,628 [9] INFO  TreasuryShadowSystem.Model.Model_Tb_Menu_Auth [(null)] - Select p.* From (Select l.* From OPICINF.KKB_TB_MS_LOOKUP l, OPICINF.KKB_TB_MS_MENU_AUTH a Where l.ID=a.MENU_ID And l.ENABLED='1' And a.USERGROUP_ID=(SELECT USERGROUP_ID FROM OPICINF.KKB_TB_MS_USERGROUP WHERE USERGROUP_NAME = 'ITProject') UNION Select * From OPICINF.KKB_TB_MS_LOOKUP WHERE ENABLED='1' AND ID IN (Select DISTINCT GROUPID From OPICINF.KKB_TB_MS_LOOKUP l, OPICINF.KKB_TB_MS_MENU_AUTH a Where l.ID=a.MENU_ID And l.ENABLED='1' And a.USERGROUP_ID=(SELECT USERGROUP_ID FROM OPICINF.KKB_TB_MS_USERGROUP WHERE USERGROUP_NAME = 'ITProject')) ) p Order By p.GroupID, p.SEQ 
2021-06-03 20:52:43,105 [9] INFO  TreasuryShadowSystem.Login [(null)] - Login successfull on :03/06/2021 08:52:43
2021-06-03 20:52:43,219 [9] ERROR TreasuryShadowSystem.Login [(null)] - Thread was being aborted.
2021-06-03 20:52:51,724 [10] INFO  TreasuryShadowSystem.STN.MasterSTN [(null)] - BindGridReport MasterSTN
2021-06-03 20:52:51,974 [10] INFO  TreasuryShadowSystem.STN.MasterSTN [(null)] - MasterSTN ConvertDataTableToListMaster
2021-06-03 20:52:51,990 [10] INFO  TreasuryShadowSystem.STN.MasterSTN [(null)] - 1
2021-06-03 20:52:51,990 [10] INFO  TreasuryShadowSystem.STN.MasterSTN [(null)] - 2
2021-06-03 20:52:51,990 [10] INFO  TreasuryShadowSystem.STN.MasterSTN [(null)] - 3
2021-06-03 20:52:51,990 [10] INFO  TreasuryShadowSystem.STN.MasterSTN [(null)] - 4
2021-06-03 20:52:51,990 [10] INFO  TreasuryShadowSystem.STN.MasterSTN [(null)] - 5
2021-06-03 20:52:51,990 [10] INFO  TreasuryShadowSystem.STN.MasterSTN [(null)] - 6
2021-06-03 20:52:51,990 [10] INFO  TreasuryShadowSystem.STN.MasterSTN [(null)] - 7
2021-06-03 20:52:51,990 [10] INFO  TreasuryShadowSystem.STN.MasterSTN [(null)] - 8
2021-06-03 20:52:52,006 [10] INFO  TreasuryModel.Data.STNMASTER [(null)] - -----STNNAME Start getSTN-----
2021-06-03 20:52:52,084 [10] INFO  TreasuryModel.Data.STNMASTER [(null)] - -----STNNAME Start getSTN-----
2021-06-03 20:52:52,131 [10] INFO  TreasuryModel.Data.STNMASTER [(null)] - -----STNNAME Start getSTN-----
2021-06-03 20:52:52,178 [10] INFO  TreasuryModel.Data.STNMASTER [(null)] - -----STNNAME Start getSTN-----
2021-06-03 20:52:52,224 [10] INFO  TreasuryModel.Data.STNMASTER [(null)] - -----STNNAME Start getSTN-----
2021-06-03 20:52:52,279 [10] INFO  TreasuryModel.Data.STNMASTER [(null)] - -----STNNAME Start getSTN-----
2021-06-03 20:52:52,318 [10] INFO  TreasuryModel.Data.STNMASTER [(null)] - -----STNNAME Start getSTN-----
2021-06-03 20:52:52,365 [10] INFO  TreasuryModel.Data.STNMASTER [(null)] - -----STNNAME Start getSTN-----
2021-06-03 20:53:03,107 [6] INFO  TreasuryShadowSystem.STN.MasterSTN [(null)] - BindGridReport MasterSTN
2021-06-03 20:53:03,170 [6] INFO  TreasuryShadowSystem.STN.MasterSTN [(null)] - MasterSTN ConvertDataTableToListMaster
2021-06-03 20:53:03,170 [6] INFO  TreasuryShadowSystem.STN.MasterSTN [(null)] - 1
2021-06-03 20:53:03,170 [6] INFO  TreasuryShadowSystem.STN.MasterSTN [(null)] - 2
2021-06-03 20:53:03,178 [6] INFO  TreasuryShadowSystem.STN.MasterSTN [(null)] - 3
2021-06-03 20:53:03,178 [6] INFO  TreasuryShadowSystem.STN.MasterSTN [(null)] - 4
2021-06-03 20:53:03,178 [6] INFO  TreasuryShadowSystem.STN.MasterSTN [(null)] - 5
2021-06-03 20:53:03,178 [6] INFO  TreasuryShadowSystem.STN.MasterSTN [(null)] - 6
2021-06-03 20:53:03,178 [6] INFO  TreasuryShadowSystem.STN.MasterSTN [(null)] - 7
2021-06-03 20:53:03,178 [6] INFO  TreasuryShadowSystem.STN.MasterSTN [(null)] - 8
2021-06-03 20:53:03,178 [6] INFO  TreasuryModel.Data.STNMASTER [(null)] - -----STNNAME Start getSTN-----
2021-06-03 20:53:03,232 [6] INFO  TreasuryModel.Data.STNMASTER [(null)] - -----STNNAME Start getSTN-----
2021-06-03 20:53:03,279 [6] INFO  TreasuryModel.Data.STNMASTER [(null)] - -----STNNAME Start getSTN-----
2021-06-03 20:53:03,342 [6] INFO  TreasuryModel.Data.STNMASTER [(null)] - -----STNNAME Start getSTN-----
2021-06-03 20:53:03,404 [6] INFO  TreasuryModel.Data.STNMASTER [(null)] - -----STNNAME Start getSTN-----
2021-06-03 20:53:03,467 [6] INFO  TreasuryModel.Data.STNMASTER [(null)] - -----STNNAME Start getSTN-----
2021-06-03 20:53:03,521 [6] INFO  TreasuryModel.Data.STNMASTER [(null)] - -----STNNAME Start getSTN-----
2021-06-03 20:53:03,576 [6] INFO  TreasuryModel.Data.STNMASTER [(null)] - -----STNNAME Start getSTN-----
2021-06-03 20:53:08,092 [10] INFO  KKB.Treasury.TreasuryModel.Model.Model_RPT_KNOCKOUTREPORT [(null)] - -----Model_RPT_KNOCKOUTREPORT Start-----
2021-06-03 20:53:08,107 [10] INFO  KKB.Treasury.TreasuryModel.Model.Model_RPT_KNOCKOUTREPORT [(null)] - Store Procedure : OPICINF.KKB_SP_TSS_STNCONF
2021-06-03 20:53:12,693 [10] INFO  KKB.Treasury.TreasuryModel.Model.Model_RPT_KNOCKOUTREPORT [(null)] - <NewDataSet>
  <TB_STNCONF>
    <STNID>266</STNID>
    <ACTION>KO</ACTION>
    <CURR_DATE>01/04/2021</CURR_DATE>
    <ORDER_NO>2021600017</ORDER_NO>
    <ACCT_NO>56268472</ACCT_NO>
    <SYMBOL>KKSFIN21O04V</SYMBOL>
    <KKSYMBOL>KKP21O04V</KKSYMBOL>
    <UNIT>5</UNIT>
    <AMOUNT>5000000</AMOUNT>
    <FULLNAME>??? ????????? ?????????</FULLNAME>
    <TAXID>1234567891234</TAXID>
    <CUST_BANK_CODE>KKP</CUST_BANK_CODE>
    <CUST_BANK_ACCT>123456789</CUST_BANK_ACCT>
    <TEL>081-111-1111</TEL>
    <EMAIL>Kajornsak.pro@gmail.com</EMAIL>
    <FC_NAME>Kittiporn Sinsukthavorn</FC_NAME>
    <FC_EMAIL>Kittiporn.Sins@kkpfg.com</FC_EMAIL>
    <STN_TYPE>SFIN</STN_TYPE>
    <NOTE_SERIES>5/2564</NOTE_SERIES>
    <UNDERLYING1>GLD</UNDERLYING1>
    <STRIKE_PRICE1>170</STRIKE_PRICE1>
    <STRIKE_PRICE2>0</STRIKE_PRICE2>
    <STRIKE_PRICE3>0</STRIKE_PRICE3>
    <STRIKE_PRICE4>0</STRIKE_PRICE4>
    <STRIKE_PRICE5>0</STRIKE_PRICE5>
    <STRIKE_PRICE6>0</STRIKE_PRICE6>
    <BARRIER_PRICE1>195.5</BARRIER_PRICE1>
    <BARRIER_PRICE2>0</BARRIER_PRICE2>
    <BARRIER_PRICE3>0</BARRIER_PRICE3>
    <BARRIER_PRICE4>0</BARRIER_PRICE4>
    <BARRIER_PRICE5>0</BARRIER_PRICE5>
    <BARRIER_PRICE6>0</BARRIER_PRICE6>
    <KI_PRICE>0</KI_PRICE>
    <PROTECT_LEVELP>0.95000000000000007</PROTECT_LEVELP>
    <TTM>182</TTM>
    <TRADING_DAY>0</TRADING_DAY>
    <EXERCISE_TYPE>European</EXERCISE_TYPE>
    <PAR_VALUE>1000000</PAR_VALUE>
    <OFFER_PRICEP>1</OFFER_PRICEP>
    <OFFER_PRICE_AMT>5000000</OFFER_PRICE_AMT>
    <INITIAL_PRICEP>1</INITIAL_PRICEP>
    <INITIAL_PRICE_AMT>1</INITIAL_PRICE_AMT>
    <STRIKE_PRICE1P>1</STRIKE_PRICE1P>
    <STRIKE_PRICE2P>0</STRIKE_PRICE2P>
    <STRIKE_PRICE3P>0</STRIKE_PRICE3P>
    <STRIKE_PRICE4P>0</STRIKE_PRICE4P>
    <STRIKE_PRICE5P>0</STRIKE_PRICE5P>
    <STRIKE_PRICE6P>0</STRIKE_PRICE6P>
    <BARRIER_PRICE1P>1.1500000000000001</BARRIER_PRICE1P>
    <BARRIER_PRICE2P>0</BARRIER_PRICE2P>
    <BARRIER_PRICE3P>0</BARRIER_PRICE3P>
    <BARRIER_PRICE4P>0</BARRIER_PRICE4P>
    <BARRIER_PRICE5P>0</BARRIER_PRICE5P>
    <BARRIER_PRICE6P>0</BARRIER_PRICE6P>
    <KK_PRICEP>0</KK_PRICEP>
    <PR1>1</PR1>
    <PR2>0</PR2>
    <MIN_YIELD1P>0</MIN_YIELD1P>
    <MIN_YIELD2P>0</MIN_YIELD2P>
    <MAX_YIELD1P>0.36100000000000004</MAX_YIELD1P>
    <MAX_YIELD2P>0</MAX_YIELD2P>
    <REBATE_AMT>0</REBATE_AMT>
    <REBATEP>0.05</REBATEP>
    <NOTE_CURR>THB</NOTE_CURR>
    <UNDERLYING_CURR>USD</UNDERLYING_CURR>
    <FX_DELIVERY_AMT>0</FX_DELIVERY_AMT>
    <SURPLUS_CASH>0</SURPLUS_CASH>
    <SUB_BEGIN_DATE>01/04/2021</SUB_BEGIN_DATE>
    <SUB_END_DATE>01/04/2021</SUB_END_DATE>
    <TRADE_DATE>01/04/2021</TRADE_DATE>
    <EFFECTIVE_DATE>05/04/2021</EFFECTIVE_DATE>
    <SETTLE_DATE>05/04/2021</SETTLE_DATE>
    <ISSUE_DATE>05/04/2021</ISSUE_DATE>
    <FIXING_DATE>30/09/2021</FIXING_DATE>
    <MATURITY_DATE>04/10/2021</MATURITY_DATE>
    <SETTLE_PERIOD>3</SETTLE_PERIOD>
    <EXCRATE_TRADEDATE>31</EXCRATE_TRADEDATE>
    <EXCHANGE1>NYSE</EXCHANGE1>
    <CUST_TYPE>1</CUST_TYPE>
    <PAY_TYPE>C</PAY_TYPE>
    <UNWIND_PRICE>11</UNWIND_PRICE>
    <UNWIND_DEALDATE>04/05/2021</UNWIND_DEALDATE>
    <UNWIND_PAYDATE>04/05/2021</UNWIND_PAYDATE>
    <STN_NAME>??????????????????????? ????????????????????????????????????????????????????????</STN_NAME>
    <STN_TYPE_DESC>??????????????????????????????????????? ?????? Shark-Fin Note ??????????????????????????</STN_TYPE_DESC>
    <STN_RETURN>???????????????????????????????????? ??????????????????????? ????????????? Rebate ???????????????????????????????????</STN_RETURN>
    <STN_RULE_REDEEM>??????????????????????????????????????????? ??????????????????????????????????????????????????????????????????????????????? (?????) ?????????????????????????????????????????????? ????????????????????????????????????????????????????????????????????? 2 ???? ??????

??????? 1 ? ????????????????????????????????????????????????????????????????????????????????????????????????????? ?????????????????????????????????????????????????????????? (Barrier Price) ? ?????????????????????????? (????????????? Knock-Out) ?????????????????????????????????????? 
(?) ?????????????? ??????????????? x ??????????????????????? ??? 
(?) ??????????????? ??????????????? x Rebate x (??????????????? ? ?????????????????????????????????? / ??????????????? ? ??????????????)

??????? 2 ????????????????? Knock-Out ?????????????????????????????????????????????? ??????

(2.1) ??????????????????? ? ?????????????????????????????????? ??????? Strike Price ??????????????????????????????????????
(?) ????????????????????????????? x ??????????????????????? ???
(?) ??????????????? [??????????????? x ???????????????????????????? x ((???????????????? ? ?????????????????????????????????? - ????????????) / ????????????????? ? ????????????????) x (??????????????? ? ?????????????????????????????????? / ??????????????? ? ?????????????????????????????????????????????)] 

(2.2) ??????????????????? ? ?????????????????????????????????? ?????????????????? Strike Price ????????????????????????????????????????????????????????????????????????????????????
????????????????????????????? x ???????????????????????</STN_RULE_REDEEM>
    <SETTLE_PRICE1>187</SETTLE_PRICE1>
    <SETTLE_PRICE2>0</SETTLE_PRICE2>
    <SETTLE_PRICE3>0</SETTLE_PRICE3>
    <SETTLE_PRICE4>0</SETTLE_PRICE4>
    <SETTLE_PRICE5>0</SETTLE_PRICE5>
    <SETTLE_PRICE6>0</SETTLE_PRICE6>
    <SETTLE_DAYS>20</SETTLE_DAYS>
    <KO_PRICE1>181</KO_PRICE1>
    <KO_PRICE2>0</KO_PRICE2>
    <KO_PRICE3>0</KO_PRICE3>
    <KO_PRICE4>0</KO_PRICE4>
    <KO_PRICE5>0</KO_PRICE5>
    <KO_PRICE6>0</KO_PRICE6>
    <KO_STOCK_TYPE>1</KO_STOCK_TYPE>
    <KO_DATE>18/05/2021</KO_DATE>
    <KO_FXRATE>36</KO_FXRATE>
    <SETTLE_FXRATE>35.33</SETTLE_FXRATE>
  </TB_STNCONF>
</NewDataSet>
2021-06-03 20:53:12,701 [10] INFO  KKB.Treasury.TreasuryModel.Model.Model_RPT_KNOCKOUTREPORT [(null)] - -----Model_RPT_KNOCKOUTREPORT Finish-----
2021-06-03 21:44:19,825 [14] INFO  TreasuryShadowSystem.STN.MasterSTN [(null)] - BindGridReport MasterSTN
2021-06-03 21:44:19,867 [14] INFO  TreasuryShadowSystem.STN.MasterSTN [(null)] - MasterSTN ConvertDataTableToListMaster
2021-06-03 21:44:19,867 [14] INFO  TreasuryShadowSystem.STN.MasterSTN [(null)] - 1
2021-06-03 21:44:19,867 [14] INFO  TreasuryShadowSystem.STN.MasterSTN [(null)] - 2
2021-06-03 21:44:19,867 [14] INFO  TreasuryShadowSystem.STN.MasterSTN [(null)] - 3
2021-06-03 21:44:19,867 [14] INFO  TreasuryShadowSystem.STN.MasterSTN [(null)] - 4
2021-06-03 21:44:19,867 [14] INFO  TreasuryShadowSystem.STN.MasterSTN [(null)] - 5
2021-06-03 21:44:19,867 [14] INFO  TreasuryShadowSystem.STN.MasterSTN [(null)] - 6
2021-06-03 21:44:19,867 [14] INFO  TreasuryShadowSystem.STN.MasterSTN [(null)] - 7
2021-06-03 21:44:19,867 [14] INFO  TreasuryShadowSystem.STN.MasterSTN [(null)] - 8
2021-06-03 21:44:19,867 [14] INFO  TreasuryModel.Data.STNMASTER [(null)] - -----STNNAME Start getSTN-----
2021-06-03 21:44:19,927 [14] INFO  TreasuryModel.Data.STNMASTER [(null)] - -----STNNAME Start getSTN-----
2021-06-03 21:44:19,986 [14] INFO  TreasuryModel.Data.STNMASTER [(null)] - -----STNNAME Start getSTN-----
2021-06-03 21:44:20,037 [14] INFO  TreasuryModel.Data.STNMASTER [(null)] - -----STNNAME Start getSTN-----
2021-06-03 21:44:20,080 [14] INFO  TreasuryModel.Data.STNMASTER [(null)] - -----STNNAME Start getSTN-----
2021-06-03 21:44:20,131 [14] INFO  TreasuryModel.Data.STNMASTER [(null)] - -----STNNAME Start getSTN-----
2021-06-03 21:44:20,182 [14] INFO  TreasuryModel.Data.STNMASTER [(null)] - -----STNNAME Start getSTN-----
2021-06-03 21:44:20,224 [14] INFO  TreasuryModel.Data.STNMASTER [(null)] - -----STNNAME Start getSTN-----
2021-06-03 23:17:52,404 [4] INFO  TreasuryShadowSystem.Model.Model_Tb_Menu_Auth [(null)] - Select p.* From (Select l.* From OPICINF.KKB_TB_MS_LOOKUP l, OPICINF.KKB_TB_MS_MENU_AUTH a Where l.ID=a.MENU_ID And l.ENABLED='1' And a.USERGROUP_ID=(SELECT USERGROUP_ID FROM OPICINF.KKB_TB_MS_USERGROUP WHERE USERGROUP_NAME = 'ITProject') UNION Select * From OPICINF.KKB_TB_MS_LOOKUP WHERE ENABLED='1' AND ID IN (Select DISTINCT GROUPID From OPICINF.KKB_TB_MS_LOOKUP l, OPICINF.KKB_TB_MS_MENU_AUTH a Where l.ID=a.MENU_ID And l.ENABLED='1' And a.USERGROUP_ID=(SELECT USERGROUP_ID FROM OPICINF.KKB_TB_MS_USERGROUP WHERE USERGROUP_NAME = 'ITProject')) ) p Order By p.GroupID, p.SEQ 
2021-06-03 23:17:52,896 [4] INFO  TreasuryShadowSystem.Login [(null)] - Login successfull on :03/06/2021 11:17:52
2021-06-03 23:17:53,036 [4] ERROR TreasuryShadowSystem.Login [(null)] - Thread was being aborted.
2021-06-03 23:17:59,974 [4] INFO  TreasuryShadowSystem.STN.MasterSTN [(null)] - BindGridReport MasterSTN
2021-06-03 23:18:00,216 [4] INFO  TreasuryShadowSystem.STN.MasterSTN [(null)] - MasterSTN ConvertDataTableToListMaster
2021-06-03 23:18:00,216 [4] INFO  TreasuryShadowSystem.STN.MasterSTN [(null)] - 1
2021-06-03 23:18:00,224 [4] INFO  TreasuryShadowSystem.STN.MasterSTN [(null)] - 2
2021-06-03 23:18:00,224 [4] INFO  TreasuryShadowSystem.STN.MasterSTN [(null)] - 3
2021-06-03 23:18:00,224 [4] INFO  TreasuryShadowSystem.STN.MasterSTN [(null)] - 4
2021-06-03 23:18:00,224 [4] INFO  TreasuryShadowSystem.STN.MasterSTN [(null)] - 5
2021-06-03 23:18:00,224 [4] INFO  TreasuryShadowSystem.STN.MasterSTN [(null)] - 6
2021-06-03 23:18:00,224 [4] INFO  TreasuryShadowSystem.STN.MasterSTN [(null)] - 7
2021-06-03 23:18:00,224 [4] INFO  TreasuryShadowSystem.STN.MasterSTN [(null)] - 8
2021-06-03 23:18:00,247 [4] INFO  TreasuryModel.Data.STNMASTER [(null)] - -----STNNAME Start getSTN-----
2021-06-03 23:18:00,372 [4] INFO  TreasuryModel.Data.STNMASTER [(null)] - -----STNNAME Start getSTN-----
2021-06-03 23:18:00,450 [4] INFO  TreasuryModel.Data.STNMASTER [(null)] - -----STNNAME Start getSTN-----
2021-06-03 23:18:00,552 [4] INFO  TreasuryModel.Data.STNMASTER [(null)] - -----STNNAME Start getSTN-----
2021-06-03 23:18:00,677 [4] INFO  TreasuryModel.Data.STNMASTER [(null)] - -----STNNAME Start getSTN-----
2021-06-03 23:18:00,724 [4] INFO  TreasuryModel.Data.STNMASTER [(null)] - -----STNNAME Start getSTN-----
2021-06-03 23:18:00,911 [4] INFO  TreasuryModel.Data.STNMASTER [(null)] - -----STNNAME Start getSTN-----
2021-06-03 23:18:01,044 [4] INFO  TreasuryModel.Data.STNMASTER [(null)] - -----STNNAME Start getSTN-----
2021-06-03 23:18:17,685 [9] INFO  TreasuryModel.Data.STNMASTER [(null)] - -----KKB_TB_STN_MASTER Start Update-----
2021-06-03 23:18:17,708 [9] INFO  TreasuryModel.Data.STNMASTER [(null)] - SQL Statement : UPDATE OPICINF.KKB_TB_STN_MASTER SET KKSYMBOL = :KKSYMBOL,STN_TYPE = :STN_TYPE,SUM_RECORD = :SUM_RECORD,SUM_AMOUNT = :SUM_AMOUNT,UPDATE_DATE = sysdate,UPDATE_BY = :UPDATE_BY,STN_SEQ = :STN_SEQ,STN_SEQDATE = :STN_SEQDATE   WHERE MASSTNID = :MASSTNID 
2021-06-03 23:18:17,802 [9] INFO  TreasuryModel.Data.STNMASTER [(null)] - -----Update KKB_TB_STN_MASTER Finish-----
2021-06-03 23:18:17,830 [9] INFO  TreasuryShadowSystem.STN.MasterSTN [(null)] - BindGridReport MasterSTN
2021-06-03 23:18:17,858 [9] INFO  TreasuryShadowSystem.STN.MasterSTN [(null)] - MasterSTN ConvertDataTableToListMaster
2021-06-03 23:18:17,858 [9] INFO  TreasuryShadowSystem.STN.MasterSTN [(null)] - 1
2021-06-03 23:18:17,858 [9] INFO  TreasuryShadowSystem.STN.MasterSTN [(null)] - 2
2021-06-03 23:18:17,858 [9] INFO  TreasuryShadowSystem.STN.MasterSTN [(null)] - 3
2021-06-03 23:18:17,858 [9] INFO  TreasuryShadowSystem.STN.MasterSTN [(null)] - 4
2021-06-03 23:18:17,858 [9] INFO  TreasuryShadowSystem.STN.MasterSTN [(null)] - 5
2021-06-03 23:18:17,858 [9] INFO  TreasuryShadowSystem.STN.MasterSTN [(null)] - 6
2021-06-03 23:18:17,858 [9] INFO  TreasuryShadowSystem.STN.MasterSTN [(null)] - 7
2021-06-03 23:18:17,858 [9] INFO  TreasuryShadowSystem.STN.MasterSTN [(null)] - 8
2021-06-03 23:18:17,865 [9] INFO  TreasuryModel.Data.STNMASTER [(null)] - -----STNNAME Start getSTN-----
2021-06-03 23:18:17,922 [9] INFO  TreasuryModel.Data.STNMASTER [(null)] - -----STNNAME Start getSTN-----
2021-06-03 23:18:17,971 [9] INFO  TreasuryModel.Data.STNMASTER [(null)] - -----STNNAME Start getSTN-----
2021-06-03 23:18:18,034 [9] INFO  TreasuryModel.Data.STNMASTER [(null)] - -----STNNAME Start getSTN-----
2021-06-03 23:18:18,090 [9] INFO  TreasuryModel.Data.STNMASTER [(null)] - -----STNNAME Start getSTN-----
2021-06-03 23:18:18,189 [9] INFO  TreasuryModel.Data.STNMASTER [(null)] - -----STNNAME Start getSTN-----
2021-06-03 23:18:18,245 [9] INFO  TreasuryModel.Data.STNMASTER [(null)] - -----STNNAME Start getSTN-----
2021-06-03 23:18:18,301 [9] INFO  TreasuryModel.Data.STNMASTER [(null)] - -----STNNAME Start getSTN-----
2021-06-03 23:20:33,809 [4] INFO  TreasuryShadowSystem.STN.MasterSTN [(null)] - BindGridReport MasterSTN
2021-06-03 23:20:33,848 [4] INFO  TreasuryShadowSystem.STN.MasterSTN [(null)] - MasterSTN ConvertDataTableToListMaster
2021-06-03 23:20:33,855 [4] INFO  TreasuryShadowSystem.STN.MasterSTN [(null)] - 1
2021-06-03 23:20:33,855 [4] INFO  TreasuryShadowSystem.STN.MasterSTN [(null)] - 2
2021-06-03 23:20:33,855 [4] INFO  TreasuryShadowSystem.STN.MasterSTN [(null)] - 3
2021-06-03 23:20:33,855 [4] INFO  TreasuryShadowSystem.STN.MasterSTN [(null)] - 4
2021-06-03 23:20:33,855 [4] INFO  TreasuryShadowSystem.STN.MasterSTN [(null)] - 5
2021-06-03 23:20:33,855 [4] INFO  TreasuryShadowSystem.STN.MasterSTN [(null)] - 6
2021-06-03 23:20:33,855 [4] INFO  TreasuryShadowSystem.STN.MasterSTN [(null)] - 7
2021-06-03 23:20:33,855 [4] INFO  TreasuryShadowSystem.STN.MasterSTN [(null)] - 8
2021-06-03 23:20:33,855 [4] INFO  TreasuryShadowSystem.STN.MasterSTN [(null)] - 9
2021-06-03 23:20:33,855 [4] INFO  TreasuryModel.Data.STNMASTER [(null)] - -----STNNAME Start getSTN-----
2021-06-03 23:20:33,933 [4] INFO  TreasuryModel.Data.STNMASTER [(null)] - -----STNNAME Start getSTN-----
2021-06-03 23:20:34,010 [4] INFO  TreasuryModel.Data.STNMASTER [(null)] - -----STNNAME Start getSTN-----
2021-06-03 23:20:34,072 [4] INFO  TreasuryModel.Data.STNMASTER [(null)] - -----STNNAME Start getSTN-----
2021-06-03 23:20:34,126 [4] INFO  TreasuryModel.Data.STNMASTER [(null)] - -----STNNAME Start getSTN-----
2021-06-03 23:20:34,196 [4] INFO  TreasuryModel.Data.STNMASTER [(null)] - -----STNNAME Start getSTN-----
2021-06-03 23:20:34,242 [4] INFO  TreasuryModel.Data.STNMASTER [(null)] - -----STNNAME Start getSTN-----
2021-06-03 23:20:34,296 [4] INFO  TreasuryModel.Data.STNMASTER [(null)] - -----STNNAME Start getSTN-----
2021-06-03 23:20:34,350 [4] INFO  TreasuryModel.Data.STNMASTER [(null)] - -----STNNAME Start getSTN-----
2021-06-03 23:22:37,484 [11] INFO  TreasuryModel.Data.STNMASTER [(null)] - -----KKB_TB_STN_MASTER Start Update-----
2021-06-03 23:22:37,500 [11] INFO  TreasuryModel.Data.STNMASTER [(null)] - SQL Statement : UPDATE OPICINF.KKB_TB_STN_MASTER SET KKSYMBOL = :KKSYMBOL,STN_TYPE = :STN_TYPE,SUM_RECORD = :SUM_RECORD,SUM_AMOUNT = :SUM_AMOUNT,UPDATE_DATE = sysdate,UPDATE_BY = :UPDATE_BY,STN_SEQ = :STN_SEQ,STN_SEQDATE = :STN_SEQDATE   WHERE MASSTNID = :MASSTNID 
2021-06-03 23:22:37,546 [11] INFO  TreasuryModel.Data.STNMASTER [(null)] - -----Update KKB_TB_STN_MASTER Finish-----
2021-06-03 23:22:37,569 [11] INFO  TreasuryShadowSystem.STN.MasterSTN [(null)] - BindGridReport MasterSTN
2021-06-03 23:22:37,600 [11] INFO  TreasuryShadowSystem.STN.MasterSTN [(null)] - MasterSTN ConvertDataTableToListMaster
2021-06-03 23:22:37,600 [11] INFO  TreasuryShadowSystem.STN.MasterSTN [(null)] - 1
2021-06-03 23:22:37,600 [11] INFO  TreasuryShadowSystem.STN.MasterSTN [(null)] - 2
2021-06-03 23:22:37,608 [11] INFO  TreasuryShadowSystem.STN.MasterSTN [(null)] - 3
2021-06-03 23:22:37,608 [11] INFO  TreasuryShadowSystem.STN.MasterSTN [(null)] - 4
2021-06-03 23:22:37,608 [11] INFO  TreasuryShadowSystem.STN.MasterSTN [(null)] - 5
2021-06-03 23:22:37,608 [11] INFO  TreasuryShadowSystem.STN.MasterSTN [(null)] - 6
2021-06-03 23:22:37,608 [11] INFO  TreasuryShadowSystem.STN.MasterSTN [(null)] - 7
2021-06-03 23:22:37,608 [11] INFO  TreasuryShadowSystem.STN.MasterSTN [(null)] - 8
2021-06-03 23:22:37,608 [11] INFO  TreasuryShadowSystem.STN.MasterSTN [(null)] - 9
2021-06-03 23:22:37,608 [11] INFO  TreasuryModel.Data.STNMASTER [(null)] - -----STNNAME Start getSTN-----
2021-06-03 23:22:37,670 [11] INFO  TreasuryModel.Data.STNMASTER [(null)] - -----STNNAME Start getSTN-----
2021-06-03 23:22:37,724 [11] INFO  TreasuryModel.Data.STNMASTER [(null)] - -----STNNAME Start getSTN-----
2021-06-03 23:22:37,778 [11] INFO  TreasuryModel.Data.STNMASTER [(null)] - -----STNNAME Start getSTN-----
2021-06-03 23:22:37,832 [11] INFO  TreasuryModel.Data.STNMASTER [(null)] - -----STNNAME Start getSTN-----
2021-06-03 23:22:37,894 [11] INFO  TreasuryModel.Data.STNMASTER [(null)] - -----STNNAME Start getSTN-----
2021-06-03 23:22:37,948 [11] INFO  TreasuryModel.Data.STNMASTER [(null)] - -----STNNAME Start getSTN-----
2021-06-03 23:22:38,010 [11] INFO  TreasuryModel.Data.STNMASTER [(null)] - -----STNNAME Start getSTN-----
2021-06-03 23:22:38,056 [11] INFO  TreasuryModel.Data.STNMASTER [(null)] - -----STNNAME Start getSTN-----
2021-06-03 23:22:57,655 [13] INFO  TreasuryModel.Data.STNMASTER [(null)] - -----KKB_TB_STN_MASTER Start Update-----
2021-06-03 23:22:57,678 [13] INFO  TreasuryModel.Data.STNMASTER [(null)] - SQL Statement : UPDATE OPICINF.KKB_TB_STN_MASTER SET KKSYMBOL = :KKSYMBOL,STN_TYPE = :STN_TYPE,SUM_RECORD = :SUM_RECORD,SUM_AMOUNT = :SUM_AMOUNT,UPDATE_DATE = sysdate,UPDATE_BY = :UPDATE_BY,STN_SEQ = :STN_SEQ,STN_SEQDATE = :STN_SEQDATE   WHERE MASSTNID = :MASSTNID 
2021-06-03 23:22:57,716 [13] INFO  TreasuryModel.Data.STNMASTER [(null)] - -----Update KKB_TB_STN_MASTER Finish-----
2021-06-03 23:22:57,747 [13] INFO  TreasuryShadowSystem.STN.MasterSTN [(null)] - BindGridReport MasterSTN
2021-06-03 23:22:57,778 [13] INFO  TreasuryShadowSystem.STN.MasterSTN [(null)] - MasterSTN ConvertDataTableToListMaster
2021-06-03 23:22:57,778 [13] INFO  TreasuryShadowSystem.STN.MasterSTN [(null)] - 1
2021-06-03 23:22:57,778 [13] INFO  TreasuryShadowSystem.STN.MasterSTN [(null)] - 2
2021-06-03 23:22:57,778 [13] INFO  TreasuryShadowSystem.STN.MasterSTN [(null)] - 3
2021-06-03 23:22:57,778 [13] INFO  TreasuryShadowSystem.STN.MasterSTN [(null)] - 4
2021-06-03 23:22:57,778 [13] INFO  TreasuryShadowSystem.STN.MasterSTN [(null)] - 5
2021-06-03 23:22:57,778 [13] INFO  TreasuryShadowSystem.STN.MasterSTN [(null)] - 6
2021-06-03 23:22:57,778 [13] INFO  TreasuryShadowSystem.STN.MasterSTN [(null)] - 7
2021-06-03 23:22:57,778 [13] INFO  TreasuryShadowSystem.STN.MasterSTN [(null)] - 8
2021-06-03 23:22:57,778 [13] INFO  TreasuryShadowSystem.STN.MasterSTN [(null)] - 9
2021-06-03 23:22:57,778 [13] INFO  TreasuryModel.Data.STNMASTER [(null)] - -----STNNAME Start getSTN-----
2021-06-03 23:22:57,823 [13] INFO  TreasuryModel.Data.STNMASTER [(null)] - -----STNNAME Start getSTN-----
2021-06-03 23:22:57,869 [13] INFO  TreasuryModel.Data.STNMASTER [(null)] - -----STNNAME Start getSTN-----
2021-06-03 23:22:57,908 [13] INFO  TreasuryModel.Data.STNMASTER [(null)] - -----STNNAME Start getSTN-----
2021-06-03 23:22:58,000 [13] INFO  TreasuryModel.Data.STNMASTER [(null)] - -----STNNAME Start getSTN-----
2021-06-03 23:22:58,046 [13] INFO  TreasuryModel.Data.STNMASTER [(null)] - -----STNNAME Start getSTN-----
2021-06-03 23:22:58,099 [13] INFO  TreasuryModel.Data.STNMASTER [(null)] - -----STNNAME Start getSTN-----
2021-06-03 23:22:58,153 [13] INFO  TreasuryModel.Data.STNMASTER [(null)] - -----STNNAME Start getSTN-----
2021-06-03 23:22:58,206 [13] INFO  TreasuryModel.Data.STNMASTER [(null)] - -----STNNAME Start getSTN-----
2021-06-03 23:23:38,093 [13] INFO  TreasuryShadowSystem.STN.MasterSTN [(null)] - BindGridReport MasterSTN
2021-06-03 23:23:38,152 [13] INFO  TreasuryShadowSystem.STN.MasterSTN [(null)] - MasterSTN ConvertDataTableToListMaster
2021-06-03 23:23:38,152 [13] INFO  TreasuryShadowSystem.STN.MasterSTN [(null)] - 1
2021-06-03 23:23:38,152 [13] INFO  TreasuryShadowSystem.STN.MasterSTN [(null)] - 2
2021-06-03 23:23:38,152 [13] INFO  TreasuryShadowSystem.STN.MasterSTN [(null)] - 3
2021-06-03 23:23:38,161 [13] INFO  TreasuryShadowSystem.STN.MasterSTN [(null)] - 4
2021-06-03 23:23:38,161 [13] INFO  TreasuryShadowSystem.STN.MasterSTN [(null)] - 5
2021-06-03 23:23:38,161 [13] INFO  TreasuryShadowSystem.STN.MasterSTN [(null)] - 6
2021-06-03 23:23:38,161 [13] INFO  TreasuryShadowSystem.STN.MasterSTN [(null)] - 7
2021-06-03 23:23:38,161 [13] INFO  TreasuryShadowSystem.STN.MasterSTN [(null)] - 8
2021-06-03 23:23:38,161 [13] INFO  TreasuryShadowSystem.STN.MasterSTN [(null)] - 9
2021-06-03 23:23:38,161 [13] INFO  TreasuryModel.Data.STNMASTER [(null)] - -----STNNAME Start getSTN-----
2021-06-03 23:23:38,254 [13] INFO  TreasuryModel.Data.STNMASTER [(null)] - -----STNNAME Start getSTN-----
2021-06-03 23:23:38,314 [13] INFO  TreasuryModel.Data.STNMASTER [(null)] - -----STNNAME Start getSTN-----
2021-06-03 23:23:38,373 [13] INFO  TreasuryModel.Data.STNMASTER [(null)] - -----STNNAME Start getSTN-----
2021-06-03 23:23:38,424 [13] INFO  TreasuryModel.Data.STNMASTER [(null)] - -----STNNAME Start getSTN-----
2021-06-03 23:23:38,467 [13] INFO  TreasuryModel.Data.STNMASTER [(null)] - -----STNNAME Start getSTN-----
2021-06-03 23:23:38,518 [13] INFO  TreasuryModel.Data.STNMASTER [(null)] - -----STNNAME Start getSTN-----
2021-06-03 23:23:38,586 [13] INFO  TreasuryModel.Data.STNMASTER [(null)] - -----STNNAME Start getSTN-----
2021-06-03 23:23:38,646 [13] INFO  TreasuryModel.Data.STNMASTER [(null)] - -----STNNAME Start getSTN-----
2021-06-03 23:23:43,129 [10] INFO  KKB.Treasury.TreasuryModel.Model.Model_RPT_KNOCKOUTREPORT [(null)] - -----Model_RPT_KNOCKOUTREPORT Start-----
2021-06-03 23:23:43,146 [10] INFO  KKB.Treasury.TreasuryModel.Model.Model_RPT_KNOCKOUTREPORT [(null)] - Store Procedure : OPICINF.KKB_SP_TSS_STNCONF
2021-06-03 23:23:47,561 [10] INFO  KKB.Treasury.TreasuryModel.Model.Model_RPT_KNOCKOUTREPORT [(null)] - <NewDataSet>
  <TB_STNCONF>
    <STNID>265</STNID>
    <ACTION>KO</ACTION>
    <CURR_DATE>01/04/2021</CURR_DATE>
    <ORDER_NO>2021600016</ORDER_NO>
    <ACCT_NO>15975347</ACCT_NO>
    <SYMBOL>KKDUAL210504W</SYMBOL>
    <KKSYMBOL>KKP21504W</KKSYMBOL>
    <UNIT>10</UNIT>
    <AMOUNT>10000000</AMOUNT>
    <FULLNAME>?????? ?????? ????????</FULLNAME>
    <TAXID>1100547896360</TAXID>
    <CUST_BANK_CODE>KKP</CUST_BANK_CODE>
    <CUST_BANK_ACCT>987654321</CUST_BANK_ACCT>
    <TEL>081-111-1112</TEL>
    <EMAIL>Sarawuth@gmail.com</EMAIL>
    <FC_NAME>Kittiporn Sinsukthavorn</FC_NAME>
    <FC_EMAIL>Kittiporn.Sins@kkpfg.com</FC_EMAIL>
    <STN_TYPE>DUAL</STN_TYPE>
    <NOTE_SERIES>4/2564</NOTE_SERIES>
    <UNDERLYING1>USDTHB</UNDERLYING1>
    <STRIKE_PRICE1>0</STRIKE_PRICE1>
    <STRIKE_PRICE2>0</STRIKE_PRICE2>
    <STRIKE_PRICE3>0</STRIKE_PRICE3>
    <STRIKE_PRICE4>0</STRIKE_PRICE4>
    <STRIKE_PRICE5>0</STRIKE_PRICE5>
    <STRIKE_PRICE6>0</STRIKE_PRICE6>
    <BARRIER_PRICE1>0</BARRIER_PRICE1>
    <BARRIER_PRICE2>0</BARRIER_PRICE2>
    <BARRIER_PRICE3>0</BARRIER_PRICE3>
    <BARRIER_PRICE4>0</BARRIER_PRICE4>
    <BARRIER_PRICE5>0</BARRIER_PRICE5>
    <BARRIER_PRICE6>0</BARRIER_PRICE6>
    <KI_PRICE>0</KI_PRICE>
    <PROTECT_LEVELP>0</PROTECT_LEVELP>
    <TTM>29</TTM>
    <TRADING_DAY>0</TRADING_DAY>
    <EXERCISE_TYPE>European</EXERCISE_TYPE>
    <PAR_VALUE>1000000</PAR_VALUE>
    <OFFER_PRICEP>0.994</OFFER_PRICEP>
    <OFFER_PRICE_AMT>9940000</OFFER_PRICE_AMT>
    <INITIAL_PRICEP>1</INITIAL_PRICEP>
    <INITIAL_PRICE_AMT>0</INITIAL_PRICE_AMT>
    <STRIKE_PRICE1P>0.998</STRIKE_PRICE1P>
    <STRIKE_PRICE2P>0</STRIKE_PRICE2P>
    <STRIKE_PRICE3P>0</STRIKE_PRICE3P>
    <STRIKE_PRICE4P>0</STRIKE_PRICE4P>
    <STRIKE_PRICE5P>0</STRIKE_PRICE5P>
    <STRIKE_PRICE6P>0</STRIKE_PRICE6P>
    <BARRIER_PRICE1P>0</BARRIER_PRICE1P>
    <BARRIER_PRICE2P>0</BARRIER_PRICE2P>
    <BARRIER_PRICE3P>0</BARRIER_PRICE3P>
    <BARRIER_PRICE4P>0</BARRIER_PRICE4P>
    <BARRIER_PRICE5P>0</BARRIER_PRICE5P>
    <BARRIER_PRICE6P>0</BARRIER_PRICE6P>
    <KK_PRICEP>0</KK_PRICEP>
    <PR1>0</PR1>
    <PR2>0</PR2>
    <MIN_YIELD1P>0</MIN_YIELD1P>
    <MIN_YIELD2P>0</MIN_YIELD2P>
    <MAX_YIELD1P>0.10070000000000001</MAX_YIELD1P>
    <MAX_YIELD2P>0</MAX_YIELD2P>
    <REBATE_AMT>0</REBATE_AMT>
    <REBATEP>0</REBATEP>
    <NOTE_CURR>THB</NOTE_CURR>
    <UNDERLYING_CURR>THB</UNDERLYING_CURR>
    <FX_DELIVERY_AMT>167000.67</FX_DELIVERY_AMT>
    <SURPLUS_CASH>0</SURPLUS_CASH>
    <SUB_BEGIN_DATE>01/04/2021</SUB_BEGIN_DATE>
    <SUB_END_DATE>01/04/2021</SUB_END_DATE>
    <TRADE_DATE>01/04/2021</TRADE_DATE>
    <EFFECTIVE_DATE>05/04/2021</EFFECTIVE_DATE>
    <SETTLE_DATE>05/04/2021</SETTLE_DATE>
    <ISSUE_DATE>05/04/2021</ISSUE_DATE>
    <FIXING_DATE>29/04/2021</FIXING_DATE>
    <MATURITY_DATE>04/05/2021</MATURITY_DATE>
    <SETTLE_PERIOD>2</SETTLE_PERIOD>
    <EXCRATE_TRADEDATE>0</EXCRATE_TRADEDATE>
    <CUST_TYPE>1</CUST_TYPE>
    <PAY_TYPE>C</PAY_TYPE>
    <UNWIND_PRICE>1</UNWIND_PRICE>
    <UNWIND_DEALDATE>03/05/2021</UNWIND_DEALDATE>
    <UNWIND_PAYDATE>03/05/2021</UNWIND_PAYDATE>
    <STN_NAME>??????????????????????? ???????????????????????????????????????????? USDTHB ????????? ?????????????????????? ????? (?????)'</STN_NAME>
    <STN_TYPE_DESC>??????????????????????????????????????? ?????? Dual Currency Note ??????????????????????????</STN_TYPE_DESC>
    <STN_RETURN>??????????????????????????????????????????? ????????????????</STN_RETURN>
    <STN_RULE_REDEEM>??????????????????????????????????????????? ?????????????????????????????????????????????????????? ????????????????????????????????????????????????? ???????????????????????????????????????????????????????????????????????????????? 2 ???? ??????
??????? 1 ?????????????????????? ? ??????????????????????????????????????????????????? Strike Price
?????????????????????????????????????????????????????????????????????????????????????????????

??????? 2 ?????????????????????? ? ???????????????????????????????????????????? Strike Price 
?????????????????????????????????????????????????????????????????????????????????????????????????????????????????????????????????????? ?????????????????</STN_RULE_REDEEM>
    <SETTLE_PRICE1>29.94</SETTLE_PRICE1>
    <SETTLE_PRICE2>0</SETTLE_PRICE2>
    <SETTLE_PRICE3>0</SETTLE_PRICE3>
    <SETTLE_PRICE4>0</SETTLE_PRICE4>
    <SETTLE_PRICE5>0</SETTLE_PRICE5>
    <SETTLE_PRICE6>0</SETTLE_PRICE6>
    <SETTLE_DAYS>0</SETTLE_DAYS>
    <KO_PRICE1>11</KO_PRICE1>
    <KO_PRICE2>0</KO_PRICE2>
    <KO_PRICE3>0</KO_PRICE3>
    <KO_PRICE4>0</KO_PRICE4>
    <KO_PRICE5>0</KO_PRICE5>
    <KO_PRICE6>0</KO_PRICE6>
    <KO_STOCK_TYPE>0</KO_STOCK_TYPE>
    <KO_DATE>05/05/2021</KO_DATE>
    <KO_FXRATE>32</KO_FXRATE>
  </TB_STNCONF>
</NewDataSet>
2021-06-03 23:23:47,561 [10] INFO  KKB.Treasury.TreasuryModel.Model.Model_RPT_KNOCKOUTREPORT [(null)] - -----Model_RPT_KNOCKOUTREPORT Finish-----
2021-06-03 23:24:20,902 [13] INFO  TreasuryShadowSystem.STN.MasterSTN [(null)] - BindGridReport MasterSTN
2021-06-03 23:24:20,953 [13] INFO  TreasuryShadowSystem.STN.MasterSTN [(null)] - MasterSTN ConvertDataTableToListMaster
2021-06-03 23:24:20,953 [13] INFO  TreasuryShadowSystem.STN.MasterSTN [(null)] - 1
2021-06-03 23:24:20,953 [13] INFO  TreasuryShadowSystem.STN.MasterSTN [(null)] - 2
2021-06-03 23:24:20,953 [13] INFO  TreasuryShadowSystem.STN.MasterSTN [(null)] - 3
2021-06-03 23:24:20,953 [13] INFO  TreasuryShadowSystem.STN.MasterSTN [(null)] - 4
2021-06-03 23:24:20,953 [13] INFO  TreasuryShadowSystem.STN.MasterSTN [(null)] - 5
2021-06-03 23:24:20,953 [13] INFO  TreasuryShadowSystem.STN.MasterSTN [(null)] - 6
2021-06-03 23:24:20,953 [13] INFO  TreasuryShadowSystem.STN.MasterSTN [(null)] - 7
2021-06-03 23:24:20,962 [13] INFO  TreasuryShadowSystem.STN.MasterSTN [(null)] - 8
2021-06-03 23:24:20,962 [13] INFO  TreasuryShadowSystem.STN.MasterSTN [(null)] - 9
2021-06-03 23:24:20,962 [13] INFO  TreasuryModel.Data.STNMASTER [(null)] - -----STNNAME Start getSTN-----
2021-06-03 23:24:21,038 [13] INFO  TreasuryModel.Data.STNMASTER [(null)] - -----STNNAME Start getSTN-----
2021-06-03 23:24:21,098 [13] INFO  TreasuryModel.Data.STNMASTER [(null)] - -----STNNAME Start getSTN-----
2021-06-03 23:24:21,157 [13] INFO  TreasuryModel.Data.STNMASTER [(null)] - -----STNNAME Start getSTN-----
2021-06-03 23:24:21,293 [13] INFO  TreasuryModel.Data.STNMASTER [(null)] - -----STNNAME Start getSTN-----
2021-06-03 23:24:21,361 [13] INFO  TreasuryModel.Data.STNMASTER [(null)] - -----STNNAME Start getSTN-----
2021-06-03 23:24:21,430 [13] INFO  TreasuryModel.Data.STNMASTER [(null)] - -----STNNAME Start getSTN-----
2021-06-03 23:24:21,506 [13] INFO  TreasuryModel.Data.STNMASTER [(null)] - -----STNNAME Start getSTN-----
2021-06-03 23:24:21,566 [13] INFO  TreasuryModel.Data.STNMASTER [(null)] - -----STNNAME Start getSTN-----
2021-06-03 23:24:24,322 [13] INFO  KKB.Treasury.TreasuryModel.Model.Model_RPT_KNOCKOUTREPORT [(null)] - -----Model_RPT_KNOCKOUTREPORT Start-----
2021-06-03 23:24:24,339 [13] INFO  KKB.Treasury.TreasuryModel.Model.Model_RPT_KNOCKOUTREPORT [(null)] - Store Procedure : OPICINF.KKB_SP_TSS_STNCONF
2021-06-03 23:24:26,179 [13] INFO  KKB.Treasury.TreasuryModel.Model.Model_RPT_KNOCKOUTREPORT [(null)] - <NewDataSet>
  <TB_STNCONF>
    <STNID>266</STNID>
    <ACTION>KO</ACTION>
    <CURR_DATE>01/04/2021</CURR_DATE>
    <ORDER_NO>2021600017</ORDER_NO>
    <ACCT_NO>56268472</ACCT_NO>
    <SYMBOL>KKSFIN21O04V</SYMBOL>
    <KKSYMBOL>KKP21O04V</KKSYMBOL>
    <UNIT>5</UNIT>
    <AMOUNT>5000000</AMOUNT>
    <FULLNAME>??? ????????? ?????????</FULLNAME>
    <TAXID>1234567891234</TAXID>
    <CUST_BANK_CODE>KKP</CUST_BANK_CODE>
    <CUST_BANK_ACCT>123456789</CUST_BANK_ACCT>
    <TEL>081-111-1111</TEL>
    <EMAIL>Kajornsak.pro@gmail.com</EMAIL>
    <FC_NAME>Kittiporn Sinsukthavorn</FC_NAME>
    <FC_EMAIL>Kittiporn.Sins@kkpfg.com</FC_EMAIL>
    <STN_TYPE>SFIN</STN_TYPE>
    <NOTE_SERIES>5/2564</NOTE_SERIES>
    <UNDERLYING1>GLD</UNDERLYING1>
    <STRIKE_PRICE1>170</STRIKE_PRICE1>
    <STRIKE_PRICE2>0</STRIKE_PRICE2>
    <STRIKE_PRICE3>0</STRIKE_PRICE3>
    <STRIKE_PRICE4>0</STRIKE_PRICE4>
    <STRIKE_PRICE5>0</STRIKE_PRICE5>
    <STRIKE_PRICE6>0</STRIKE_PRICE6>
    <BARRIER_PRICE1>195.5</BARRIER_PRICE1>
    <BARRIER_PRICE2>0</BARRIER_PRICE2>
    <BARRIER_PRICE3>0</BARRIER_PRICE3>
    <BARRIER_PRICE4>0</BARRIER_PRICE4>
    <BARRIER_PRICE5>0</BARRIER_PRICE5>
    <BARRIER_PRICE6>0</BARRIER_PRICE6>
    <KI_PRICE>0</KI_PRICE>
    <PROTECT_LEVELP>0.95000000000000007</PROTECT_LEVELP>
    <TTM>182</TTM>
    <TRADING_DAY>0</TRADING_DAY>
    <EXERCISE_TYPE>European</EXERCISE_TYPE>
    <PAR_VALUE>1000000</PAR_VALUE>
    <OFFER_PRICEP>1</OFFER_PRICEP>
    <OFFER_PRICE_AMT>5000000</OFFER_PRICE_AMT>
    <INITIAL_PRICEP>1</INITIAL_PRICEP>
    <INITIAL_PRICE_AMT>1</INITIAL_PRICE_AMT>
    <STRIKE_PRICE1P>1</STRIKE_PRICE1P>
    <STRIKE_PRICE2P>0</STRIKE_PRICE2P>
    <STRIKE_PRICE3P>0</STRIKE_PRICE3P>
    <STRIKE_PRICE4P>0</STRIKE_PRICE4P>
    <STRIKE_PRICE5P>0</STRIKE_PRICE5P>
    <STRIKE_PRICE6P>0</STRIKE_PRICE6P>
    <BARRIER_PRICE1P>1.1500000000000001</BARRIER_PRICE1P>
    <BARRIER_PRICE2P>0</BARRIER_PRICE2P>
    <BARRIER_PRICE3P>0</BARRIER_PRICE3P>
    <BARRIER_PRICE4P>0</BARRIER_PRICE4P>
    <BARRIER_PRICE5P>0</BARRIER_PRICE5P>
    <BARRIER_PRICE6P>0</BARRIER_PRICE6P>
    <KK_PRICEP>0</KK_PRICEP>
    <PR1>1</PR1>
    <PR2>0</PR2>
    <MIN_YIELD1P>0</MIN_YIELD1P>
    <MIN_YIELD2P>0</MIN_YIELD2P>
    <MAX_YIELD1P>0.36100000000000004</MAX_YIELD1P>
    <MAX_YIELD2P>0</MAX_YIELD2P>
    <REBATE_AMT>0</REBATE_AMT>
    <REBATEP>0.05</REBATEP>
    <NOTE_CURR>THB</NOTE_CURR>
    <UNDERLYING_CURR>USD</UNDERLYING_CURR>
    <FX_DELIVERY_AMT>0</FX_DELIVERY_AMT>
    <SURPLUS_CASH>0</SURPLUS_CASH>
    <SUB_BEGIN_DATE>01/04/2021</SUB_BEGIN_DATE>
    <SUB_END_DATE>01/04/2021</SUB_END_DATE>
    <TRADE_DATE>01/04/2021</TRADE_DATE>
    <EFFECTIVE_DATE>05/04/2021</EFFECTIVE_DATE>
    <SETTLE_DATE>05/04/2021</SETTLE_DATE>
    <ISSUE_DATE>05/04/2021</ISSUE_DATE>
    <FIXING_DATE>30/09/2021</FIXING_DATE>
    <MATURITY_DATE>04/10/2021</MATURITY_DATE>
    <SETTLE_PERIOD>3</SETTLE_PERIOD>
    <EXCRATE_TRADEDATE>31</EXCRATE_TRADEDATE>
    <EXCHANGE1>NYSE</EXCHANGE1>
    <CUST_TYPE>1</CUST_TYPE>
    <PAY_TYPE>C</PAY_TYPE>
    <UNWIND_PRICE>11</UNWIND_PRICE>
    <UNWIND_DEALDATE>04/05/2021</UNWIND_DEALDATE>
    <UNWIND_PAYDATE>04/05/2021</UNWIND_PAYDATE>
    <STN_NAME>??????????????????????? ????????????????????????????????????????????????????????</STN_NAME>
    <STN_TYPE_DESC>??????????????????????????????????????? ?????? Shark-Fin Note ??????????????????????????</STN_TYPE_DESC>
    <STN_RETURN>???????????????????????????????????? ??????????????????????? ????????????? Rebate ???????????????????????????????????</STN_RETURN>
    <STN_RULE_REDEEM>??????????????????????????????????????????? ??????????????????????????????????????????????????????????????????????????????? (?????) ?????????????????????????????????????????????? ????????????????????????????????????????????????????????????????????? 2 ???? ??????

??????? 1 ? ????????????????????????????????????????????????????????????????????????????????????????????????????? ?????????????????????????????????????????????????????????? (Barrier Price) ? ?????????????????????????? (????????????? Knock-Out) ?????????????????????????????????????? 
(?) ?????????????? ??????????????? x ??????????????????????? ??? 
(?) ??????????????? ??????????????? x Rebate x (??????????????? ? ?????????????????????????????????? / ??????????????? ? ??????????????)

??????? 2 ????????????????? Knock-Out ?????????????????????????????????????????????? ??????

(2.1) ??????????????????? ? ?????????????????????????????????? ??????? Strike Price ??????????????????????????????????????
(?) ????????????????????????????? x ??????????????????????? ???
(?) ??????????????? [??????????????? x ???????????????????????????? x ((???????????????? ? ?????????????????????????????????? - ????????????) / ????????????????? ? ????????????????) x (??????????????? ? ?????????????????????????????????? / ??????????????? ? ?????????????????????????????????????????????)] 

(2.2) ??????????????????? ? ?????????????????????????????????? ?????????????????? Strike Price ????????????????????????????????????????????????????????????????????????????????????
????????????????????????????? x ???????????????????????</STN_RULE_REDEEM>
    <SETTLE_PRICE1>187</SETTLE_PRICE1>
    <SETTLE_PRICE2>0</SETTLE_PRICE2>
    <SETTLE_PRICE3>0</SETTLE_PRICE3>
    <SETTLE_PRICE4>0</SETTLE_PRICE4>
    <SETTLE_PRICE5>0</SETTLE_PRICE5>
    <SETTLE_PRICE6>0</SETTLE_PRICE6>
    <SETTLE_DAYS>20</SETTLE_DAYS>
    <KO_PRICE1>181</KO_PRICE1>
    <KO_PRICE2>0</KO_PRICE2>
    <KO_PRICE3>0</KO_PRICE3>
    <KO_PRICE4>0</KO_PRICE4>
    <KO_PRICE5>0</KO_PRICE5>
    <KO_PRICE6>0</KO_PRICE6>
    <KO_STOCK_TYPE>1</KO_STOCK_TYPE>
    <KO_DATE>18/05/2021</KO_DATE>
    <KO_FXRATE>36</KO_FXRATE>
    <SETTLE_FXRATE>35.33</SETTLE_FXRATE>
  </TB_STNCONF>
</NewDataSet>
2021-06-03 23:24:26,187 [13] INFO  KKB.Treasury.TreasuryModel.Model.Model_RPT_KNOCKOUTREPORT [(null)] - -----Model_RPT_KNOCKOUTREPORT Finish-----
2021-06-03 23:26:27,140 [13] INFO  TreasuryModel.Data.STNMASTER [(null)] - -----KKB_TB_STN_MASTER Start Delete-----
2021-06-03 23:26:27,140 [13] INFO  TreasuryModel.Data.STNMASTER [(null)] - SQL Statement : DELETE FROM OPICINF.KKB_TB_STN_MASTER WHERE MASSTNID ='281'
2021-06-03 23:26:27,171 [13] INFO  TreasuryModel.Data.STNMASTER [(null)] - -----KKB_TB_STN_MASTER Finish-----
2021-06-03 23:26:27,187 [13] INFO  TreasuryShadowSystem.STN.MasterSTN [(null)] - BindGridReport MasterSTN
2021-06-03 23:26:27,210 [13] INFO  TreasuryShadowSystem.STN.MasterSTN [(null)] - MasterSTN ConvertDataTableToListMaster
2021-06-03 23:26:27,218 [13] INFO  TreasuryShadowSystem.STN.MasterSTN [(null)] - 1
2021-06-03 23:26:27,218 [13] INFO  TreasuryShadowSystem.STN.MasterSTN [(null)] - 2
2021-06-03 23:26:27,218 [13] INFO  TreasuryShadowSystem.STN.MasterSTN [(null)] - 3
2021-06-03 23:26:27,218 [13] INFO  TreasuryShadowSystem.STN.MasterSTN [(null)] - 4
2021-06-03 23:26:27,218 [13] INFO  TreasuryShadowSystem.STN.MasterSTN [(null)] - 5
2021-06-03 23:26:27,218 [13] INFO  TreasuryShadowSystem.STN.MasterSTN [(null)] - 6
2021-06-03 23:26:27,218 [13] INFO  TreasuryShadowSystem.STN.MasterSTN [(null)] - 7
2021-06-03 23:26:27,218 [13] INFO  TreasuryShadowSystem.STN.MasterSTN [(null)] - 8
2021-06-03 23:26:27,218 [13] INFO  TreasuryModel.Data.STNMASTER [(null)] - -----STNNAME Start getSTN-----
2021-06-03 23:26:27,273 [13] INFO  TreasuryModel.Data.STNMASTER [(null)] - -----STNNAME Start getSTN-----
2021-06-03 23:26:27,319 [13] INFO  TreasuryModel.Data.STNMASTER [(null)] - -----STNNAME Start getSTN-----
2021-06-03 23:26:27,358 [13] INFO  TreasuryModel.Data.STNMASTER [(null)] - -----STNNAME Start getSTN-----
2021-06-03 23:26:27,405 [13] INFO  TreasuryModel.Data.STNMASTER [(null)] - -----STNNAME Start getSTN-----
2021-06-03 23:26:27,452 [13] INFO  TreasuryModel.Data.STNMASTER [(null)] - -----STNNAME Start getSTN-----
2021-06-03 23:26:27,499 [13] INFO  TreasuryModel.Data.STNMASTER [(null)] - -----STNNAME Start getSTN-----
2021-06-03 23:26:27,538 [13] INFO  TreasuryModel.Data.STNMASTER [(null)] - -----STNNAME Start getSTN-----
2021-06-03 23:29:27,746 [13] INFO  TreasuryShadowSystem.STN.MasterSTN [(null)] - BindGridReport MasterSTN
2021-06-03 23:29:27,816 [13] INFO  TreasuryShadowSystem.STN.MasterSTN [(null)] - MasterSTN ConvertDataTableToListMaster
2021-06-03 23:29:27,823 [13] INFO  TreasuryShadowSystem.STN.MasterSTN [(null)] - 1
2021-06-03 23:29:27,823 [13] INFO  TreasuryShadowSystem.STN.MasterSTN [(null)] - 2
2021-06-03 23:29:27,823 [13] INFO  TreasuryShadowSystem.STN.MasterSTN [(null)] - 3
2021-06-03 23:29:27,823 [13] INFO  TreasuryShadowSystem.STN.MasterSTN [(null)] - 4
2021-06-03 23:29:27,823 [13] INFO  TreasuryShadowSystem.STN.MasterSTN [(null)] - 5
2021-06-03 23:29:27,823 [13] INFO  TreasuryShadowSystem.STN.MasterSTN [(null)] - 6
2021-06-03 23:29:27,823 [13] INFO  TreasuryShadowSystem.STN.MasterSTN [(null)] - 7
2021-06-03 23:29:27,823 [13] INFO  TreasuryShadowSystem.STN.MasterSTN [(null)] - 8
2021-06-03 23:29:27,851 [13] INFO  TreasuryModel.Data.STNMASTER [(null)] - -----STNNAME Start getSTN-----
2021-06-03 23:29:27,908 [13] INFO  TreasuryModel.Data.STNMASTER [(null)] - -----STNNAME Start getSTN-----
2021-06-03 23:29:27,950 [13] INFO  TreasuryModel.Data.STNMASTER [(null)] - -----STNNAME Start getSTN-----
2021-06-03 23:29:27,999 [13] INFO  TreasuryModel.Data.STNMASTER [(null)] - -----STNNAME Start getSTN-----
2021-06-03 23:29:28,034 [13] INFO  TreasuryModel.Data.STNMASTER [(null)] - -----STNNAME Start getSTN-----
2021-06-03 23:29:28,083 [13] INFO  TreasuryModel.Data.STNMASTER [(null)] - -----STNNAME Start getSTN-----
2021-06-03 23:29:28,161 [13] INFO  TreasuryModel.Data.STNMASTER [(null)] - -----STNNAME Start getSTN-----
2021-06-03 23:29:28,203 [13] INFO  TreasuryModel.Data.STNMASTER [(null)] - -----STNNAME Start getSTN-----
2021-06-03 23:37:03,331 [4] ERROR KKB.Treasury.TreasuryCommon.Common.Oracle [(null)] - -----Oracle Open Connection Error----
2021-06-03 23:37:03,629 [4] ERROR KKB.Treasury.TreasuryCommon.Common.Oracle [(null)] - ORA-12170: TNS:Connect timeout occurred
2021-06-03 23:37:03,791 [4] ERROR KKB.Treasury.TreasuryCommon.Common.Oracle [(null)] - -----Oracle ExecuteReader Error----
2021-06-03 23:37:03,791 [4] ERROR KKB.Treasury.TreasuryCommon.Common.Oracle [(null)] - Connection must be open for this operation
2021-06-03 23:37:26,100 [4] ERROR KKB.Treasury.TreasuryCommon.Common.Oracle [(null)] - -----Oracle Open Connection Error----
2021-06-03 23:37:26,100 [4] ERROR KKB.Treasury.TreasuryCommon.Common.Oracle [(null)] - ORA-12170: TNS:Connect timeout occurred
2021-06-03 23:37:26,100 [4] INFO  TreasuryShadowSystem.Model.Model_Tb_Menu_Auth [(null)] - Select p.* From (Select l.* From OPICINF.KKB_TB_MS_LOOKUP l, OPICINF.KKB_TB_MS_MENU_AUTH a Where l.ID=a.MENU_ID And l.ENABLED='1' And a.USERGROUP_ID=(SELECT USERGROUP_ID FROM OPICINF.KKB_TB_MS_USERGROUP WHERE USERGROUP_NAME = 'ITProject') UNION Select * From OPICINF.KKB_TB_MS_LOOKUP WHERE ENABLED='1' AND ID IN (Select DISTINCT GROUPID From OPICINF.KKB_TB_MS_LOOKUP l, OPICINF.KKB_TB_MS_MENU_AUTH a Where l.ID=a.MENU_ID And l.ENABLED='1' And a.USERGROUP_ID=(SELECT USERGROUP_ID FROM OPICINF.KKB_TB_MS_USERGROUP WHERE USERGROUP_NAME = 'ITProject')) ) p Order By p.GroupID, p.SEQ 
2021-06-03 23:37:26,225 [4] ERROR KKB.Treasury.TreasuryCommon.Common.Oracle [(null)] - -----Oracle ExecuteReader Error----
2021-06-03 23:37:26,225 [4] ERROR KKB.Treasury.TreasuryCommon.Common.Oracle [(null)] - Connection must be open for this operation
2021-06-03 23:37:26,225 [4] INFO  TreasuryShadowSystem.Login [(null)] - Login successfull on :03/06/2021 11:37:26
2021-06-03 23:37:26,342 [4] ERROR TreasuryShadowSystem.Login [(null)] - Thread was being aborted.
2021-06-03 23:37:27,014 [4] ERROR TreasuryShadowSystem.Site [(null)] - Cannot find table 0.
