2021-06-05 20:29:26,931 [6] INFO  TreasuryShadowSystem.Model.Model_Tb_Menu_Auth [(null)] - Select p.* From (Select l.* From OPICINF.KKB_TB_MS_LOOKUP l, OPICINF.KKB_TB_MS_MENU_AUTH a Where l.ID=a.MENU_ID And l.ENABLED='1' And a.USERGROUP_ID=(SELECT USERGROUP_ID FROM OPICINF.KKB_TB_MS_USERGROUP WHERE USERGROUP_NAME = 'ITProject') UNION Select * From OPICINF.KKB_TB_MS_LOOKUP WHERE ENABLED='1' AND ID IN (Select DISTINCT GROUPID From OPICINF.KKB_TB_MS_LOOKUP l, OPICINF.KKB_TB_MS_MENU_AUTH a Where l.ID=a.MENU_ID And l.ENABLED='1' And a.USERGROUP_ID=(SELECT USERGROUP_ID FROM OPICINF.KKB_TB_MS_USERGROUP WHERE USERGROUP_NAME = 'ITProject')) ) p Order By p.GroupID, p.SEQ 
2021-06-05 20:29:27,291 [6] INFO  TreasuryShadowSystem.Login [(null)] - Login successfull on :05/06/2021 08:29:27
2021-06-05 20:29:27,783 [6] ERROR TreasuryShadowSystem.Login [(null)] - Thread was being aborted.
2021-06-05 20:29:35,830 [6] INFO  TreasuryShadowSystem.STN.MasterSTN [(null)] - BindGridReport MasterSTN
2021-06-05 20:29:36,056 [6] INFO  TreasuryShadowSystem.STN.MasterSTN [(null)] - MasterSTN ConvertDataTableToListMaster
2021-06-05 20:29:36,064 [6] INFO  TreasuryShadowSystem.STN.MasterSTN [(null)] - 1
2021-06-05 20:29:36,064 [6] INFO  TreasuryShadowSystem.STN.MasterSTN [(null)] - 2
2021-06-05 20:29:36,064 [6] INFO  TreasuryShadowSystem.STN.MasterSTN [(null)] - 3
2021-06-05 20:29:36,064 [6] INFO  TreasuryShadowSystem.STN.MasterSTN [(null)] - 4
2021-06-05 20:29:36,064 [6] INFO  TreasuryShadowSystem.STN.MasterSTN [(null)] - 5
2021-06-05 20:29:36,064 [6] INFO  TreasuryShadowSystem.STN.MasterSTN [(null)] - 6
2021-06-05 20:29:36,064 [6] INFO  TreasuryShadowSystem.STN.MasterSTN [(null)] - 7
2021-06-05 20:29:36,072 [6] INFO  TreasuryShadowSystem.STN.MasterSTN [(null)] - 8
2021-06-05 20:29:36,095 [6] INFO  TreasuryModel.Data.STNMASTER [(null)] - -----STNNAME Start getSTN-----
2021-06-05 20:29:36,166 [6] INFO  TreasuryModel.Data.STNMASTER [(null)] - -----STNNAME Start getSTN-----
2021-06-05 20:29:36,205 [6] INFO  TreasuryModel.Data.STNMASTER [(null)] - -----STNNAME Start getSTN-----
2021-06-05 20:29:36,252 [6] INFO  TreasuryModel.Data.STNMASTER [(null)] - -----STNNAME Start getSTN-----
2021-06-05 20:29:36,291 [6] INFO  TreasuryModel.Data.STNMASTER [(null)] - -----STNNAME Start getSTN-----
2021-06-05 20:29:36,338 [6] INFO  TreasuryModel.Data.STNMASTER [(null)] - -----STNNAME Start getSTN-----
2021-06-05 20:29:36,377 [6] INFO  TreasuryModel.Data.STNMASTER [(null)] - -----STNNAME Start getSTN-----
2021-06-05 20:29:36,431 [6] INFO  TreasuryModel.Data.STNMASTER [(null)] - -----STNNAME Start getSTN-----
2021-06-05 20:34:31,017 [5] INFO  TreasuryShadowSystem.Model.Model_Tb_Menu_Auth [(null)] - Select p.* From (Select l.* From OPICINF.KKB_TB_MS_LOOKUP l, OPICINF.KKB_TB_MS_MENU_AUTH a Where l.ID=a.MENU_ID And l.ENABLED='1' And a.USERGROUP_ID=(SELECT USERGROUP_ID FROM OPICINF.KKB_TB_MS_USERGROUP WHERE USERGROUP_NAME = 'ITProject') UNION Select * From OPICINF.KKB_TB_MS_LOOKUP WHERE ENABLED='1' AND ID IN (Select DISTINCT GROUPID From OPICINF.KKB_TB_MS_LOOKUP l, OPICINF.KKB_TB_MS_MENU_AUTH a Where l.ID=a.MENU_ID And l.ENABLED='1' And a.USERGROUP_ID=(SELECT USERGROUP_ID FROM OPICINF.KKB_TB_MS_USERGROUP WHERE USERGROUP_NAME = 'ITProject')) ) p Order By p.GroupID, p.SEQ 
2021-06-05 20:34:31,339 [5] INFO  TreasuryShadowSystem.Login [(null)] - Login successfull on :05/06/2021 08:34:31
2021-06-05 20:34:31,444 [5] ERROR TreasuryShadowSystem.Login [(null)] - Thread was being aborted.
2021-06-05 20:34:37,020 [10] INFO  TreasuryShadowSystem.STN.MasterSTN [(null)] - BindGridReport MasterSTN
2021-06-05 20:34:37,217 [10] INFO  TreasuryShadowSystem.STN.MasterSTN [(null)] - MasterSTN ConvertDataTableToListMaster
2021-06-05 20:34:37,217 [10] INFO  TreasuryShadowSystem.STN.MasterSTN [(null)] - 1
2021-06-05 20:34:37,217 [10] INFO  TreasuryShadowSystem.STN.MasterSTN [(null)] - 2
2021-06-05 20:34:37,217 [10] INFO  TreasuryShadowSystem.STN.MasterSTN [(null)] - 3
2021-06-05 20:34:37,217 [10] INFO  TreasuryShadowSystem.STN.MasterSTN [(null)] - 4
2021-06-05 20:34:37,217 [10] INFO  TreasuryShadowSystem.STN.MasterSTN [(null)] - 5
2021-06-05 20:34:37,217 [10] INFO  TreasuryShadowSystem.STN.MasterSTN [(null)] - 6
2021-06-05 20:34:37,217 [10] INFO  TreasuryShadowSystem.STN.MasterSTN [(null)] - 7
2021-06-05 20:34:37,217 [10] INFO  TreasuryShadowSystem.STN.MasterSTN [(null)] - 8
2021-06-05 20:34:37,238 [10] INFO  TreasuryModel.Data.STNMASTER [(null)] - -----STNNAME Start getSTN-----
2021-06-05 20:34:37,308 [10] INFO  TreasuryModel.Data.STNMASTER [(null)] - -----STNNAME Start getSTN-----
2021-06-05 20:34:37,350 [10] INFO  TreasuryModel.Data.STNMASTER [(null)] - -----STNNAME Start getSTN-----
2021-06-05 20:34:37,392 [10] INFO  TreasuryModel.Data.STNMASTER [(null)] - -----STNNAME Start getSTN-----
2021-06-05 20:34:37,435 [10] INFO  TreasuryModel.Data.STNMASTER [(null)] - -----STNNAME Start getSTN-----
2021-06-05 20:34:37,477 [10] INFO  TreasuryModel.Data.STNMASTER [(null)] - -----STNNAME Start getSTN-----
2021-06-05 20:34:37,519 [10] INFO  TreasuryModel.Data.STNMASTER [(null)] - -----STNNAME Start getSTN-----
2021-06-05 20:34:37,568 [10] INFO  TreasuryModel.Data.STNMASTER [(null)] - -----STNNAME Start getSTN-----
2021-06-05 20:35:20,522 [5] INFO  TreasuryModel.Data.STNMASTER [(null)] - -----KKB_TB_STN_MASTER Start UpdateKnockout-----
2021-06-05 20:35:28,850 [5] INFO  TreasuryModel.Data.STNMASTER [(null)] - -----KKB_TB_STN_MASTER Finish UpdateKnockout-----
2021-06-05 20:35:33,170 [5] INFO  TreasuryShadowSystem.STN.MasterSTN [(null)] - BindGridReport MasterSTN
2021-06-05 20:35:33,217 [5] INFO  TreasuryShadowSystem.STN.MasterSTN [(null)] - MasterSTN ConvertDataTableToListMaster
2021-06-05 20:35:33,217 [5] INFO  TreasuryShadowSystem.STN.MasterSTN [(null)] - 1
2021-06-05 20:35:33,217 [5] INFO  TreasuryShadowSystem.STN.MasterSTN [(null)] - 2
2021-06-05 20:35:33,217 [5] INFO  TreasuryShadowSystem.STN.MasterSTN [(null)] - 3
2021-06-05 20:35:33,217 [5] INFO  TreasuryShadowSystem.STN.MasterSTN [(null)] - 4
2021-06-05 20:35:33,217 [5] INFO  TreasuryShadowSystem.STN.MasterSTN [(null)] - 5
2021-06-05 20:35:33,217 [5] INFO  TreasuryShadowSystem.STN.MasterSTN [(null)] - 6
2021-06-05 20:35:33,217 [5] INFO  TreasuryShadowSystem.STN.MasterSTN [(null)] - 7
2021-06-05 20:35:33,217 [5] INFO  TreasuryShadowSystem.STN.MasterSTN [(null)] - 8
2021-06-05 20:35:33,217 [5] INFO  TreasuryModel.Data.STNMASTER [(null)] - -----STNNAME Start getSTN-----
2021-06-05 20:35:33,264 [5] INFO  TreasuryModel.Data.STNMASTER [(null)] - -----STNNAME Start getSTN-----
2021-06-05 20:35:33,303 [5] INFO  TreasuryModel.Data.STNMASTER [(null)] - -----STNNAME Start getSTN-----
2021-06-05 20:35:33,373 [5] INFO  TreasuryModel.Data.STNMASTER [(null)] - -----STNNAME Start getSTN-----
2021-06-05 20:35:33,428 [5] INFO  TreasuryModel.Data.STNMASTER [(null)] - -----STNNAME Start getSTN-----
2021-06-05 20:35:33,506 [5] INFO  TreasuryModel.Data.STNMASTER [(null)] - -----STNNAME Start getSTN-----
2021-06-05 20:35:33,576 [5] INFO  TreasuryModel.Data.STNMASTER [(null)] - -----STNNAME Start getSTN-----
2021-06-05 20:35:33,639 [5] INFO  TreasuryModel.Data.STNMASTER [(null)] - -----STNNAME Start getSTN-----
2021-06-05 20:36:45,975 [5] INFO  TreasuryShadowSystem.STN.MasterSTN [(null)] - BindGridReport MasterSTN
2021-06-05 20:36:46,037 [5] INFO  TreasuryShadowSystem.STN.MasterSTN [(null)] - MasterSTN ConvertDataTableToListMaster
2021-06-05 20:36:46,037 [5] INFO  TreasuryShadowSystem.STN.MasterSTN [(null)] - 1
2021-06-05 20:36:46,037 [5] INFO  TreasuryShadowSystem.STN.MasterSTN [(null)] - 2
2021-06-05 20:36:46,037 [5] INFO  TreasuryShadowSystem.STN.MasterSTN [(null)] - 3
2021-06-05 20:36:46,037 [5] INFO  TreasuryShadowSystem.STN.MasterSTN [(null)] - 4
2021-06-05 20:36:46,037 [5] INFO  TreasuryShadowSystem.STN.MasterSTN [(null)] - 5
2021-06-05 20:36:46,037 [5] INFO  TreasuryShadowSystem.STN.MasterSTN [(null)] - 6
2021-06-05 20:36:46,045 [5] INFO  TreasuryShadowSystem.STN.MasterSTN [(null)] - 7
2021-06-05 20:36:46,045 [5] INFO  TreasuryShadowSystem.STN.MasterSTN [(null)] - 8
2021-06-05 20:36:46,045 [5] INFO  TreasuryModel.Data.STNMASTER [(null)] - -----STNNAME Start getSTN-----
2021-06-05 20:36:46,100 [5] INFO  TreasuryModel.Data.STNMASTER [(null)] - -----STNNAME Start getSTN-----
2021-06-05 20:36:46,154 [5] INFO  TreasuryModel.Data.STNMASTER [(null)] - -----STNNAME Start getSTN-----
2021-06-05 20:36:46,233 [5] INFO  TreasuryModel.Data.STNMASTER [(null)] - -----STNNAME Start getSTN-----
2021-06-05 20:36:46,295 [5] INFO  TreasuryModel.Data.STNMASTER [(null)] - -----STNNAME Start getSTN-----
2021-06-05 20:36:46,350 [5] INFO  TreasuryModel.Data.STNMASTER [(null)] - -----STNNAME Start getSTN-----
2021-06-05 20:36:46,397 [5] INFO  TreasuryModel.Data.STNMASTER [(null)] - -----STNNAME Start getSTN-----
2021-06-05 20:36:46,483 [5] INFO  TreasuryModel.Data.STNMASTER [(null)] - -----STNNAME Start getSTN-----
2021-06-05 20:36:51,428 [11] INFO  KKB.Treasury.TreasuryModel.Model.Model_RPT_KNOCKOUTREPORT [(null)] - -----Model_RPT_KNOCKOUTREPORT Start-----
2021-06-05 20:36:51,436 [11] INFO  KKB.Treasury.TreasuryModel.Model.Model_RPT_KNOCKOUTREPORT [(null)] - Store Procedure : OPICINF.KKB_SP_TSS_STNCONF
2021-06-05 20:36:57,975 [11] INFO  KKB.Treasury.TreasuryModel.Model.Model_RPT_KNOCKOUTREPORT [(null)] - <NewDataSet>
  <TB_STNCONF>
    <STNID>267</STNID>
    <ACTION>KO</ACTION>
    <CURR_DATE>01/04/2021</CURR_DATE>
    <ORDER_NO>2021600017</ORDER_NO>
    <ACCT_NO>56268472</ACCT_NO>
    <SYMBOL>KKSFIN21O04R</SYMBOL>
    <KKSYMBOL>KKP21O04R</KKSYMBOL>
    <UNIT>5</UNIT>
    <AMOUNT>5000000</AMOUNT>
    <FULLNAME>??? ??????? ????????????</FULLNAME>
    <TAXID>1100400589633</TAXID>
    <CUST_BANK_CODE>KKP</CUST_BANK_CODE>
    <CUST_BANK_ACCT>54012589</CUST_BANK_ACCT>
    <TEL>081-111-1112</TEL>
    <EMAIL>bb@gmail.com</EMAIL>
    <FC_NAME>Kittiporn Sinsukthavorn</FC_NAME>
    <FC_EMAIL>Kittiporn.Sins@kkpfg.com</FC_EMAIL>
    <STN_TYPE>SFIN</STN_TYPE>
    <NOTE_SERIES>7/2564</NOTE_SERIES>
    <UNDERLYING1>CPALL</UNDERLYING1>
    <STRIKE_PRICE1>65</STRIKE_PRICE1>
    <STRIKE_PRICE2>0</STRIKE_PRICE2>
    <STRIKE_PRICE3>0</STRIKE_PRICE3>
    <STRIKE_PRICE4>0</STRIKE_PRICE4>
    <STRIKE_PRICE5>0</STRIKE_PRICE5>
    <STRIKE_PRICE6>0</STRIKE_PRICE6>
    <BARRIER_PRICE1>71.5</BARRIER_PRICE1>
    <BARRIER_PRICE2>0</BARRIER_PRICE2>
    <BARRIER_PRICE3>0</BARRIER_PRICE3>
    <BARRIER_PRICE4>0</BARRIER_PRICE4>
    <BARRIER_PRICE5>0</BARRIER_PRICE5>
    <BARRIER_PRICE6>0</BARRIER_PRICE6>
    <KI_PRICE>0</KI_PRICE>
    <PROTECT_LEVELP>1</PROTECT_LEVELP>
    <TTM>182</TTM>
    <TRADING_DAY>0</TRADING_DAY>
    <EXERCISE_TYPE>European</EXERCISE_TYPE>
    <PAR_VALUE>1000000</PAR_VALUE>
    <OFFER_PRICEP>1</OFFER_PRICEP>
    <OFFER_PRICE_AMT>5000000</OFFER_PRICE_AMT>
    <INITIAL_PRICEP>1</INITIAL_PRICEP>
    <INITIAL_PRICE_AMT>0</INITIAL_PRICE_AMT>
    <STRIKE_PRICE1P>1</STRIKE_PRICE1P>
    <STRIKE_PRICE2P>0</STRIKE_PRICE2P>
    <STRIKE_PRICE3P>0</STRIKE_PRICE3P>
    <STRIKE_PRICE4P>0</STRIKE_PRICE4P>
    <STRIKE_PRICE5P>0</STRIKE_PRICE5P>
    <STRIKE_PRICE6P>0</STRIKE_PRICE6P>
    <BARRIER_PRICE1P>1.1</BARRIER_PRICE1P>
    <BARRIER_PRICE2P>0</BARRIER_PRICE2P>
    <BARRIER_PRICE3P>0</BARRIER_PRICE3P>
    <BARRIER_PRICE4P>0</BARRIER_PRICE4P>
    <BARRIER_PRICE5P>0</BARRIER_PRICE5P>
    <BARRIER_PRICE6P>0</BARRIER_PRICE6P>
    <KK_PRICEP>0</KK_PRICEP>
    <PR1>0.2</PR1>
    <PR2>0</PR2>
    <MIN_YIELD1P>0</MIN_YIELD1P>
    <MIN_YIELD2P>0</MIN_YIELD2P>
    <MAX_YIELD1P>0.040100000000000004</MAX_YIELD1P>
    <MAX_YIELD2P>0</MAX_YIELD2P>
    <REBATE_AMT>0</REBATE_AMT>
    <REBATEP>0.005</REBATEP>
    <NOTE_CURR>THB</NOTE_CURR>
    <UNDERLYING_CURR>THB</UNDERLYING_CURR>
    <FX_DELIVERY_AMT>0</FX_DELIVERY_AMT>
    <SURPLUS_CASH>0</SURPLUS_CASH>
    <SUB_BEGIN_DATE>01/04/2021</SUB_BEGIN_DATE>
    <SUB_END_DATE>01/04/2021</SUB_END_DATE>
    <TRADE_DATE>01/04/2021</TRADE_DATE>
    <EFFECTIVE_DATE>05/04/2021</EFFECTIVE_DATE>
    <SETTLE_DATE>05/04/2021</SETTLE_DATE>
    <ISSUE_DATE>05/04/2021</ISSUE_DATE>
    <FIXING_DATE>30/09/2021</FIXING_DATE>
    <MATURITY_DATE>04/10/2021</MATURITY_DATE>
    <SETTLE_PERIOD>2</SETTLE_PERIOD>
    <EXCRATE_TRADEDATE>0</EXCRATE_TRADEDATE>
    <EXCHANGE1>SET</EXCHANGE1>
    <CUST_TYPE>1</CUST_TYPE>
    <PAY_TYPE>C</PAY_TYPE>
    <STN_NAME>??????????????????????? ????????????????????????????????????????????????????????</STN_NAME>
    <STN_TYPE_DESC>??????????????????????????????????????? ?????? Shark-Fin Note ??????????????????????????</STN_TYPE_DESC>
    <STN_RETURN>???????????????????????????????????? ??????????????????????? ????????????? Rebate ???????????????????????????????????</STN_RETURN>
    <STN_RULE_REDEEM>??????????????????????????????????????????? ??????????????????????????????????????????????????????????????????????????????? (?????) ?????????????????????????????????????????????? ????????????????????????????????????????????????????????????????????? 2 ???? ??????

??????? 1 ? ????????????????????????????????????????????????????????????????????????????????????????????????????? ?????????????????????????????????????????????????????????? (Barrier Price) ? ?????????????????????????? (????????????? Knock-Out) ?????????????????????????????????????? 
(?) ?????????????? ??????????????? x ??????????????????????? ??? 
(?) ??????????????? ??????????????? x Rebate x (??????????????? ? ?????????????????????????????????? / ??????????????? ? ??????????????)

??????? 2 ????????????????? Knock-Out ?????????????????????????????????????????????? ??????

(2.1) ??????????????????? ? ?????????????????????????????????? ??????? Strike Price ??????????????????????????????????????
(?) ????????????????????????????? x ??????????????????????? ???
(?) ??????????????? [??????????????? x ???????????????????????????? x ((???????????????? ? ?????????????????????????????????? - ????????????) / ????????????????? ? ????????????????) x (??????????????? ? ?????????????????????????????????? / ??????????????? ? ?????????????????????????????????????????????)] 

(2.2) ??????????????????? ? ?????????????????????????????????? ?????????????????? Strike Price ????????????????????????????????????????????????????????????????????????????????????
????????????????????????????? x ???????????????????????</STN_RULE_REDEEM>
    <SETTLE_PRICE1>12</SETTLE_PRICE1>
    <SETTLE_PRICE2>0</SETTLE_PRICE2>
    <SETTLE_PRICE3>0</SETTLE_PRICE3>
    <SETTLE_PRICE4>0</SETTLE_PRICE4>
    <SETTLE_PRICE5>0</SETTLE_PRICE5>
    <SETTLE_PRICE6>0</SETTLE_PRICE6>
    <SETTLE_DAYS>5</SETTLE_DAYS>
    <KO_PRICE1>11.60</KO_PRICE1>
    <KO_PRICE2>0</KO_PRICE2>
    <KO_PRICE3>0</KO_PRICE3>
    <KO_PRICE4>0</KO_PRICE4>
    <KO_PRICE5>0</KO_PRICE5>
    <KO_PRICE6>0</KO_PRICE6>
    <KO_STOCK_TYPE>0</KO_STOCK_TYPE>
    <KO_DATE>07/06/2021</KO_DATE>
    <KO_FXRATE>0</KO_FXRATE>
  </TB_STNCONF>
</NewDataSet>
2021-06-05 20:36:57,975 [11] INFO  KKB.Treasury.TreasuryModel.Model.Model_RPT_KNOCKOUTREPORT [(null)] - -----Model_RPT_KNOCKOUTREPORT Finish-----
2021-06-05 20:36:59,053 [11] ERROR TreasuryShadowSystem.View.ReportViewer2 [(null)] - Division by zero.Division by zero.Failed to export the report.
Error in File C:\Users\KKBUS\AppData\Local\Temp\temp_8e4631be-04d0-46ea-9175-a9005865ed6c {011EF5B5-CB7B-4ACC-B7F0-1E6685469733}.rpt:
Error in formula  <rewardstock>. 
'IF isnull({TB_STNCONF.KO_DATE})  or  isnull({TB_STNCONF.KO_PRICE1})           '
Division by zero. : System.Collections.ListDictionaryInternal
2021-06-05 20:38:23,976 [5] INFO  TreasuryShadowSystem.STN.MasterSTN [(null)] - BindGridReport MasterSTN
2021-06-05 20:38:24,019 [5] INFO  TreasuryShadowSystem.STN.MasterSTN [(null)] - MasterSTN ConvertDataTableToListMaster
2021-06-05 20:38:24,019 [5] INFO  TreasuryShadowSystem.STN.MasterSTN [(null)] - 1
2021-06-05 20:38:24,019 [5] INFO  TreasuryShadowSystem.STN.MasterSTN [(null)] - 2
2021-06-05 20:38:24,019 [5] INFO  TreasuryShadowSystem.STN.MasterSTN [(null)] - 3
2021-06-05 20:38:24,019 [5] INFO  TreasuryShadowSystem.STN.MasterSTN [(null)] - 4
2021-06-05 20:38:24,019 [5] INFO  TreasuryShadowSystem.STN.MasterSTN [(null)] - 5
2021-06-05 20:38:24,019 [5] INFO  TreasuryShadowSystem.STN.MasterSTN [(null)] - 6
2021-06-05 20:38:24,019 [5] INFO  TreasuryShadowSystem.STN.MasterSTN [(null)] - 7
2021-06-05 20:38:24,019 [5] INFO  TreasuryShadowSystem.STN.MasterSTN [(null)] - 8
2021-06-05 20:38:24,019 [5] INFO  TreasuryModel.Data.STNMASTER [(null)] - -----STNNAME Start getSTN-----
2021-06-05 20:38:24,082 [5] INFO  TreasuryModel.Data.STNMASTER [(null)] - -----STNNAME Start getSTN-----
2021-06-05 20:38:24,138 [5] INFO  TreasuryModel.Data.STNMASTER [(null)] - -----STNNAME Start getSTN-----
2021-06-05 20:38:24,187 [5] INFO  TreasuryModel.Data.STNMASTER [(null)] - -----STNNAME Start getSTN-----
2021-06-05 20:38:24,244 [5] INFO  TreasuryModel.Data.STNMASTER [(null)] - -----STNNAME Start getSTN-----
2021-06-05 20:38:24,300 [5] INFO  TreasuryModel.Data.STNMASTER [(null)] - -----STNNAME Start getSTN-----
2021-06-05 20:38:24,342 [5] INFO  TreasuryModel.Data.STNMASTER [(null)] - -----STNNAME Start getSTN-----
2021-06-05 20:38:24,483 [5] INFO  TreasuryModel.Data.STNMASTER [(null)] - -----STNNAME Start getSTN-----
2021-06-05 20:38:26,065 [7] INFO  KKB.Treasury.TreasuryModel.Model.Model_RPT_KNOCKOUTREPORT [(null)] - -----Model_RPT_KNOCKOUTREPORT Start-----
2021-06-05 20:38:26,072 [7] INFO  KKB.Treasury.TreasuryModel.Model.Model_RPT_KNOCKOUTREPORT [(null)] - Store Procedure : OPICINF.KKB_SP_TSS_STNCONF
2021-06-05 20:38:30,684 [7] INFO  KKB.Treasury.TreasuryModel.Model.Model_RPT_KNOCKOUTREPORT [(null)] - <NewDataSet>
  <TB_STNCONF>
    <STNID>267</STNID>
    <ACTION>KO</ACTION>
    <CURR_DATE>01/04/2021</CURR_DATE>
    <ORDER_NO>2021600017</ORDER_NO>
    <ACCT_NO>56268472</ACCT_NO>
    <SYMBOL>KKSFIN21O04R</SYMBOL>
    <KKSYMBOL>KKP21O04R</KKSYMBOL>
    <UNIT>5</UNIT>
    <AMOUNT>5000000</AMOUNT>
    <FULLNAME>??? ??????? ????????????</FULLNAME>
    <TAXID>1100400589633</TAXID>
    <CUST_BANK_CODE>KKP</CUST_BANK_CODE>
    <CUST_BANK_ACCT>54012589</CUST_BANK_ACCT>
    <TEL>081-111-1112</TEL>
    <EMAIL>bb@gmail.com</EMAIL>
    <FC_NAME>Kittiporn Sinsukthavorn</FC_NAME>
    <FC_EMAIL>Kittiporn.Sins@kkpfg.com</FC_EMAIL>
    <STN_TYPE>SFIN</STN_TYPE>
    <NOTE_SERIES>7/2564</NOTE_SERIES>
    <UNDERLYING1>CPALL</UNDERLYING1>
    <STRIKE_PRICE1>65</STRIKE_PRICE1>
    <STRIKE_PRICE2>0</STRIKE_PRICE2>
    <STRIKE_PRICE3>0</STRIKE_PRICE3>
    <STRIKE_PRICE4>0</STRIKE_PRICE4>
    <STRIKE_PRICE5>0</STRIKE_PRICE5>
    <STRIKE_PRICE6>0</STRIKE_PRICE6>
    <BARRIER_PRICE1>71.5</BARRIER_PRICE1>
    <BARRIER_PRICE2>0</BARRIER_PRICE2>
    <BARRIER_PRICE3>0</BARRIER_PRICE3>
    <BARRIER_PRICE4>0</BARRIER_PRICE4>
    <BARRIER_PRICE5>0</BARRIER_PRICE5>
    <BARRIER_PRICE6>0</BARRIER_PRICE6>
    <KI_PRICE>0</KI_PRICE>
    <PROTECT_LEVELP>1</PROTECT_LEVELP>
    <TTM>182</TTM>
    <TRADING_DAY>0</TRADING_DAY>
    <EXERCISE_TYPE>European</EXERCISE_TYPE>
    <PAR_VALUE>1000000</PAR_VALUE>
    <OFFER_PRICEP>1</OFFER_PRICEP>
    <OFFER_PRICE_AMT>5000000</OFFER_PRICE_AMT>
    <INITIAL_PRICEP>1</INITIAL_PRICEP>
    <INITIAL_PRICE_AMT>0</INITIAL_PRICE_AMT>
    <STRIKE_PRICE1P>1</STRIKE_PRICE1P>
    <STRIKE_PRICE2P>0</STRIKE_PRICE2P>
    <STRIKE_PRICE3P>0</STRIKE_PRICE3P>
    <STRIKE_PRICE4P>0</STRIKE_PRICE4P>
    <STRIKE_PRICE5P>0</STRIKE_PRICE5P>
    <STRIKE_PRICE6P>0</STRIKE_PRICE6P>
    <BARRIER_PRICE1P>1.1</BARRIER_PRICE1P>
    <BARRIER_PRICE2P>0</BARRIER_PRICE2P>
    <BARRIER_PRICE3P>0</BARRIER_PRICE3P>
    <BARRIER_PRICE4P>0</BARRIER_PRICE4P>
    <BARRIER_PRICE5P>0</BARRIER_PRICE5P>
    <BARRIER_PRICE6P>0</BARRIER_PRICE6P>
    <KK_PRICEP>0</KK_PRICEP>
    <PR1>0.2</PR1>
    <PR2>0</PR2>
    <MIN_YIELD1P>0</MIN_YIELD1P>
    <MIN_YIELD2P>0</MIN_YIELD2P>
    <MAX_YIELD1P>0.040100000000000004</MAX_YIELD1P>
    <MAX_YIELD2P>0</MAX_YIELD2P>
    <REBATE_AMT>0</REBATE_AMT>
    <REBATEP>0.005</REBATEP>
    <NOTE_CURR>THB</NOTE_CURR>
    <UNDERLYING_CURR>THB</UNDERLYING_CURR>
    <FX_DELIVERY_AMT>0</FX_DELIVERY_AMT>
    <SURPLUS_CASH>0</SURPLUS_CASH>
    <SUB_BEGIN_DATE>01/04/2021</SUB_BEGIN_DATE>
    <SUB_END_DATE>01/04/2021</SUB_END_DATE>
    <TRADE_DATE>01/04/2021</TRADE_DATE>
    <EFFECTIVE_DATE>05/04/2021</EFFECTIVE_DATE>
    <SETTLE_DATE>05/04/2021</SETTLE_DATE>
    <ISSUE_DATE>05/04/2021</ISSUE_DATE>
    <FIXING_DATE>30/09/2021</FIXING_DATE>
    <MATURITY_DATE>04/10/2021</MATURITY_DATE>
    <SETTLE_PERIOD>2</SETTLE_PERIOD>
    <EXCRATE_TRADEDATE>0</EXCRATE_TRADEDATE>
    <EXCHANGE1>SET</EXCHANGE1>
    <CUST_TYPE>1</CUST_TYPE>
    <PAY_TYPE>C</PAY_TYPE>
    <STN_NAME>??????????????????????? ????????????????????????????????????????????????????????</STN_NAME>
    <STN_TYPE_DESC>??????????????????????????????????????? ?????? Shark-Fin Note ??????????????????????????</STN_TYPE_DESC>
    <STN_RETURN>???????????????????????????????????? ??????????????????????? ????????????? Rebate ???????????????????????????????????</STN_RETURN>
    <STN_RULE_REDEEM>??????????????????????????????????????????? ??????????????????????????????????????????????????????????????????????????????? (?????) ?????????????????????????????????????????????? ????????????????????????????????????????????????????????????????????? 2 ???? ??????

??????? 1 ? ????????????????????????????????????????????????????????????????????????????????????????????????????? ?????????????????????????????????????????????????????????? (Barrier Price) ? ?????????????????????????? (????????????? Knock-Out) ?????????????????????????????????????? 
(?) ?????????????? ??????????????? x ??????????????????????? ??? 
(?) ??????????????? ??????????????? x Rebate x (??????????????? ? ?????????????????????????????????? / ??????????????? ? ??????????????)

??????? 2 ????????????????? Knock-Out ?????????????????????????????????????????????? ??????

(2.1) ??????????????????? ? ?????????????????????????????????? ??????? Strike Price ??????????????????????????????????????
(?) ????????????????????????????? x ??????????????????????? ???
(?) ??????????????? [??????????????? x ???????????????????????????? x ((???????????????? ? ?????????????????????????????????? - ????????????) / ????????????????? ? ????????????????) x (??????????????? ? ?????????????????????????????????? / ??????????????? ? ?????????????????????????????????????????????)] 

(2.2) ??????????????????? ? ?????????????????????????????????? ?????????????????? Strike Price ????????????????????????????????????????????????????????????????????????????????????
????????????????????????????? x ???????????????????????</STN_RULE_REDEEM>
    <SETTLE_PRICE1>12</SETTLE_PRICE1>
    <SETTLE_PRICE2>0</SETTLE_PRICE2>
    <SETTLE_PRICE3>0</SETTLE_PRICE3>
    <SETTLE_PRICE4>0</SETTLE_PRICE4>
    <SETTLE_PRICE5>0</SETTLE_PRICE5>
    <SETTLE_PRICE6>0</SETTLE_PRICE6>
    <SETTLE_DAYS>5</SETTLE_DAYS>
    <KO_PRICE1>11.60</KO_PRICE1>
    <KO_PRICE2>0</KO_PRICE2>
    <KO_PRICE3>0</KO_PRICE3>
    <KO_PRICE4>0</KO_PRICE4>
    <KO_PRICE5>0</KO_PRICE5>
    <KO_PRICE6>0</KO_PRICE6>
    <KO_STOCK_TYPE>0</KO_STOCK_TYPE>
    <KO_DATE>07/06/2021</KO_DATE>
    <KO_FXRATE>0</KO_FXRATE>
  </TB_STNCONF>
</NewDataSet>
2021-06-05 20:38:36,732 [7] INFO  KKB.Treasury.TreasuryModel.Model.Model_RPT_KNOCKOUTREPORT [(null)] - -----Model_RPT_KNOCKOUTREPORT Finish-----
