2021-07-22 14:26:22,698 [4] INFO  TreasuryShadowSystem.Model.Model_Tb_Menu_Auth [(null)] - Select p.* From (Select l.* From OPICINF.KKB_TB_MS_LOOKUP l, OPICINF.KKB_TB_MS_MENU_AUTH a Where l.ID=a.MENU_ID And l.ENABLED='1' And a.USERGROUP_ID=(SELECT USERGROUP_ID FROM OPICINF.KKB_TB_MS_USERGROUP WHERE USERGROUP_NAME = 'ITProject') UNION Select * From OPICINF.KKB_TB_MS_LOOKUP WHERE ENABLED='1' AND ID IN (Select DISTINCT GROUPID From OPICINF.KKB_TB_MS_LOOKUP l, OPICINF.KKB_TB_MS_MENU_AUTH a Where l.ID=a.MENU_ID And l.ENABLED='1' And a.USERGROUP_ID=(SELECT USERGROUP_ID FROM OPICINF.KKB_TB_MS_USERGROUP WHERE USERGROUP_NAME = 'ITProject')) ) p Order By p.GroupID, p.SEQ 
2021-07-22 14:26:22,815 [4] INFO  TreasuryShadowSystem.Login [(null)] - Login successfull on :22/07/2021 02:26:22
2021-07-22 14:26:22,991 [4] ERROR TreasuryShadowSystem.Login [(null)] - Thread was being aborted.
2021-07-22 14:29:08,115 [4] INFO  TreasuryShadowSystem.Model.Model_Tb_Menu_Auth [(null)] - Select p.* From (Select l.* From OPICINF.KKB_TB_MS_LOOKUP l, OPICINF.KKB_TB_MS_MENU_AUTH a Where l.ID=a.MENU_ID And l.ENABLED='1' And a.USERGROUP_ID=(SELECT USERGROUP_ID FROM OPICINF.KKB_TB_MS_USERGROUP WHERE USERGROUP_NAME = 'TSS_BO_WRITE') UNION Select * From OPICINF.KKB_TB_MS_LOOKUP WHERE ENABLED='1' AND ID IN (Select DISTINCT GROUPID From OPICINF.KKB_TB_MS_LOOKUP l, OPICINF.KKB_TB_MS_MENU_AUTH a Where l.ID=a.MENU_ID And l.ENABLED='1' And a.USERGROUP_ID=(SELECT USERGROUP_ID FROM OPICINF.KKB_TB_MS_USERGROUP WHERE USERGROUP_NAME = 'TSS_BO_WRITE')) ) p Order By p.GroupID, p.SEQ 
2021-07-22 14:29:08,212 [4] INFO  TreasuryShadowSystem.Login [(null)] - Login successfull on :22/07/2021 02:29:08
2021-07-22 14:29:08,333 [4] ERROR TreasuryShadowSystem.Login [(null)] - Thread was being aborted.
2021-07-22 14:46:05,890 [15] INFO  KKB.Treasury.TreasuryModel.Model.Model_RPT_TR096CLOSEBOOK [(null)] - -----Model_RPT_TR096CLOSEBOOK Start-----
2021-07-22 14:46:05,905 [15] INFO  KKB.Treasury.TreasuryModel.Model.Model_RPT_TR096CLOSEBOOK [(null)] - Store Procedure : OPICINF.KKB_SP_TSS_TR096CLOSEBOOK
2021-07-22 14:46:05,905 [15] INFO  KKB.Treasury.TreasuryModel.Model.Model_RPT_TR096CLOSEBOOK [(null)] - Data : Branch=01, Execute Date=202111, Cost=340, Term=STDP
2021-07-22 14:53:10,975 [15] INFO  KKB.Treasury.TreasuryModel.Model.Model_RPT_TR096CLOSEBOOK [(null)] - Total Records : 3 Record(s)
2021-07-22 14:53:47,147 [15] INFO  KKB.Treasury.TreasuryModel.Model.Model_RPT_TR096CLOSEBOOK [(null)] - <NewDataSet>
  <TB_TR096CLOSEBOOK>
    <PORT>STDP</PORT>
    <INVTYPE>I</INVTYPE>
    <SECID>KKP21D02A           </SECID>
    <TYPE_1>Straight</TYPE_1>
    <TYPE_2>Fixed</TYPE_2>
    <ACCOUNT_TYPE>DBISFX-N  </ACCOUNT_TYPE>
    <TERM>Short</TERM>
    <DEAL_DATE>11/03/2021</DEAL_DATE>
    <VALUE_DATE>11/03/2021</VALUE_DATE>
    <MATURITY_DATE>02/12/2021</MATURITY_DATE>
    <COUPON>  -0.1300000</COUPON>
    <UNITS>15000</UNITS>
    <FACE_VALUE>575516940</FACE_VALUE>
    <COST_VALUE>575516940</COST_VALUE>
    <AI>160025.55459068</AI>
    <MKT_YTM>0.1313</MKT_YTM>
    <MTMVALUE>575512784.76769320</MTMVALUE>
    <UNREALIZED>-4155.23230680</UNREALIZED>
    <PCTUNREALIZEDTOCOST>-0.000722</PCTUNREALIZEDTOCOST>
    <BR>01</BR>
    <BRPROCDATE>04/03/2021</BRPROCDATE>
    <CCY>EUR</CCY>
    <EXCHANGERATE>  38.3677960</EXCHANGERATE>
    <CUSTODIAN>KK   </CUSTODIAN>
    <CUSTODIAN_NAME>ACCTTITLE129818</CUSTODIAN_NAME>
    <CURRENCY_TYPE>FOREIGN</CURRENCY_TYPE>
    <FACE_VALUE_FCY>15000000</FACE_VALUE_FCY>
    <COST_VALUE_FCY>15000000</COST_VALUE_FCY>
    <AI_FCY>4170.83</AI_FCY>
    <MTMVALUE_FCY>14999891.70</MTMVALUE_FCY>
    <EXDIVDATE>02/12/2021</EXDIVDATE>
    <CLOSEDATE>19/11/2021</CLOSEDATE>
  </TB_TR096CLOSEBOOK>
  <TB_TR096CLOSEBOOK>
    <PORT>STDP</PORT>
    <INVTYPE>I</INVTYPE>
    <SECID>KKP21D09A           </SECID>
    <TYPE_1>Straight</TYPE_1>
    <TYPE_2>Fixed</TYPE_2>
    <ACCOUNT_TYPE>DBISFX-N  </ACCOUNT_TYPE>
    <TERM>Short</TERM>
    <DEAL_DATE>17/03/2021</DEAL_DATE>
    <VALUE_DATE>17/03/2021</VALUE_DATE>
    <MATURITY_DATE>09/12/2021</MATURITY_DATE>
    <COUPON>  -0.1300000</COUPON>
    <UNITS>40000</UNITS>
    <FACE_VALUE>1534711840</FACE_VALUE>
    <COST_VALUE>1534711840</COST_VALUE>
    <AI>393483.23394576</AI>
    <MKT_YTM>0.125498</MKT_YTM>
    <MTMVALUE>1534750330.57294720</MTMVALUE>
    <UNREALIZED>38490.57294720</UNREALIZED>
    <PCTUNREALIZEDTOCOST>0.002508</PCTUNREALIZEDTOCOST>
    <BR>01</BR>
    <BRPROCDATE>04/03/2021</BRPROCDATE>
    <CCY>EUR</CCY>
    <EXCHANGERATE>  38.3677960</EXCHANGERATE>
    <CUSTODIAN>KK   </CUSTODIAN>
    <CUSTODIAN_NAME>ACCTTITLE129818</CUSTODIAN_NAME>
    <CURRENCY_TYPE>FOREIGN</CURRENCY_TYPE>
    <FACE_VALUE_FCY>40000000</FACE_VALUE_FCY>
    <COST_VALUE_FCY>40000000</COST_VALUE_FCY>
    <AI_FCY>10255.56</AI_FCY>
    <MTMVALUE_FCY>40001003.20</MTMVALUE_FCY>
    <EXDIVDATE>09/12/2021</EXDIVDATE>
    <CLOSEDATE>26/11/2021</CLOSEDATE>
  </TB_TR096CLOSEBOOK>
  <TB_TR096CLOSEBOOK>
    <PORT>STDP</PORT>
    <INVTYPE>I</INVTYPE>
    <SECID>KKP21D16A           </SECID>
    <TYPE_1>Straight</TYPE_1>
    <TYPE_2>Fixed</TYPE_2>
    <ACCOUNT_TYPE>DBISFX-N  </ACCOUNT_TYPE>
    <TERM>Short</TERM>
    <DEAL_DATE>24/03/2021</DEAL_DATE>
    <VALUE_DATE>24/03/2021</VALUE_DATE>
    <MATURITY_DATE>16/12/2021</MATURITY_DATE>
    <COUPON>  -0.1300000</COUPON>
    <UNITS>40000</UNITS>
    <FACE_VALUE>1534711840</FACE_VALUE>
    <COST_VALUE>1534711840</COST_VALUE>
    <AI>354688.78805424</AI>
    <MKT_YTM>0.140972</MKT_YTM>
    <MTMVALUE>1534613894.69037120</MTMVALUE>
    <UNREALIZED>-97945.30962880</UNREALIZED>
    <PCTUNREALIZEDTOCOST>-0.006382</PCTUNREALIZEDTOCOST>
    <BR>01</BR>
    <BRPROCDATE>04/03/2021</BRPROCDATE>
    <CCY>EUR</CCY>
    <EXCHANGERATE>  38.3677960</EXCHANGERATE>
    <CUSTODIAN>KK   </CUSTODIAN>
    <CUSTODIAN_NAME>ACCTTITLE129818</CUSTODIAN_NAME>
    <CURRENCY_TYPE>FOREIGN</CURRENCY_TYPE>
    <FACE_VALUE_FCY>40000000</FACE_VALUE_FCY>
    <COST_VALUE_FCY>40000000</COST_VALUE_FCY>
    <AI_FCY>9244.44</AI_FCY>
    <MTMVALUE_FCY>39997447.20</MTMVALUE_FCY>
    <EXDIVDATE>16/12/2021</EXDIVDATE>
    <CLOSEDATE>03/12/2021</CLOSEDATE>
  </TB_TR096CLOSEBOOK>
</NewDataSet>
2021-07-22 14:53:53,132 [15] INFO  KKB.Treasury.TreasuryModel.Model.Model_RPT_TR096CLOSEBOOK [(null)] - -----Model_RPT_TR096CLOSEBOOK Finish-----
