2021-08-26 00:05:32,863 [8] INFO  TreasuryShadowSystem.STN.MasterSTN [(null)] - BindGridReport MasterSTN
2021-08-26 00:05:32,989 [8] INFO  TreasuryShadowSystem.STN.MasterSTN [(null)] - MasterSTN ConvertDataTableToListMaster
2021-08-26 00:05:32,990 [8] INFO  TreasuryShadowSystem.STN.MasterSTN [(null)] - 1
2021-08-26 00:05:32,991 [8] INFO  TreasuryShadowSystem.STN.MasterSTN [(null)] - 2
2021-08-26 00:05:32,991 [8] INFO  TreasuryShadowSystem.STN.MasterSTN [(null)] - 3
2021-08-26 00:05:32,992 [8] INFO  TreasuryShadowSystem.STN.MasterSTN [(null)] - 4
2021-08-26 00:05:32,992 [8] INFO  TreasuryShadowSystem.STN.MasterSTN [(null)] - 5
2021-08-26 00:05:32,993 [8] INFO  TreasuryShadowSystem.STN.MasterSTN [(null)] - 6
2021-08-26 00:05:32,994 [8] INFO  TreasuryShadowSystem.STN.MasterSTN [(null)] - 7
2021-08-26 00:05:32,994 [8] INFO  TreasuryShadowSystem.STN.MasterSTN [(null)] - 8
2021-08-26 00:05:32,994 [8] INFO  TreasuryShadowSystem.STN.MasterSTN [(null)] - 9
2021-08-26 00:05:33,031 [8] INFO  TreasuryModel.Data.STNMASTER [(null)] - -----STNNAME Start getSTN-----
2021-08-26 00:05:33,062 [8] INFO  TreasuryModel.Data.STNMASTER [(null)] - -----STNNAME Start getSTN-----
2021-08-26 00:05:33,087 [8] INFO  TreasuryModel.Data.STNMASTER [(null)] - -----STNNAME Start getSTN-----
2021-08-26 00:05:33,117 [8] INFO  TreasuryModel.Data.STNMASTER [(null)] - -----STNNAME Start getSTN-----
2021-08-26 00:05:33,139 [8] INFO  TreasuryModel.Data.STNMASTER [(null)] - -----STNNAME Start getSTN-----
2021-08-26 00:05:33,161 [8] INFO  TreasuryModel.Data.STNMASTER [(null)] - -----STNNAME Start getSTN-----
2021-08-26 00:05:33,183 [8] INFO  TreasuryModel.Data.STNMASTER [(null)] - -----STNNAME Start getSTN-----
2021-08-26 00:05:33,210 [8] INFO  TreasuryModel.Data.STNMASTER [(null)] - -----STNNAME Start getSTN-----
2021-08-26 00:05:33,233 [8] INFO  TreasuryModel.Data.STNMASTER [(null)] - -----STNNAME Start getSTN-----
2021-08-26 00:10:22,036 [11] INFO  TreasuryShadowSystem.STN.MasterSTN [(null)] - BindGridReport MasterSTN
2021-08-26 00:10:22,060 [11] INFO  TreasuryShadowSystem.STN.MasterSTN [(null)] - MasterSTN ConvertDataTableToListMaster
2021-08-26 00:10:22,061 [11] INFO  TreasuryShadowSystem.STN.MasterSTN [(null)] - 1
2021-08-26 00:10:22,061 [11] INFO  TreasuryShadowSystem.STN.MasterSTN [(null)] - 2
2021-08-26 00:10:22,062 [11] INFO  TreasuryShadowSystem.STN.MasterSTN [(null)] - 3
2021-08-26 00:10:22,062 [11] INFO  TreasuryShadowSystem.STN.MasterSTN [(null)] - 4
2021-08-26 00:10:22,063 [11] INFO  TreasuryShadowSystem.STN.MasterSTN [(null)] - 5
2021-08-26 00:10:22,063 [11] INFO  TreasuryShadowSystem.STN.MasterSTN [(null)] - 6
2021-08-26 00:10:22,064 [11] INFO  TreasuryShadowSystem.STN.MasterSTN [(null)] - 7
2021-08-26 00:10:22,064 [11] INFO  TreasuryShadowSystem.STN.MasterSTN [(null)] - 8
2021-08-26 00:10:22,065 [11] INFO  TreasuryShadowSystem.STN.MasterSTN [(null)] - 9
2021-08-26 00:10:22,104 [11] INFO  TreasuryModel.Data.STNMASTER [(null)] - -----STNNAME Start getSTN-----
2021-08-26 00:10:22,140 [11] INFO  TreasuryModel.Data.STNMASTER [(null)] - -----STNNAME Start getSTN-----
2021-08-26 00:10:22,176 [11] INFO  TreasuryModel.Data.STNMASTER [(null)] - -----STNNAME Start getSTN-----
2021-08-26 00:10:22,202 [11] INFO  TreasuryModel.Data.STNMASTER [(null)] - -----STNNAME Start getSTN-----
2021-08-26 00:10:22,228 [11] INFO  TreasuryModel.Data.STNMASTER [(null)] - -----STNNAME Start getSTN-----
2021-08-26 00:10:22,255 [11] INFO  TreasuryModel.Data.STNMASTER [(null)] - -----STNNAME Start getSTN-----
2021-08-26 00:10:22,281 [11] INFO  TreasuryModel.Data.STNMASTER [(null)] - -----STNNAME Start getSTN-----
2021-08-26 00:10:22,302 [11] INFO  TreasuryModel.Data.STNMASTER [(null)] - -----STNNAME Start getSTN-----
2021-08-26 00:10:22,329 [11] INFO  TreasuryModel.Data.STNMASTER [(null)] - -----STNNAME Start getSTN-----
2021-08-26 00:11:42,218 [11] INFO  TreasuryModel.Data.BESeries [(null)] - -----BESeriesList-----
2021-08-26 00:11:42,219 [11] INFO  TreasuryModel.Data.BESeries [(null)] - SQL Statement : Select BESERIESID, BE_SERIES_CODE, BE_TOTAL_AMT, BE_SERIES_DEAL_NO, TO_CHAR(BE_ISSUE_DATE,'MM/DD/YYYY HH:MI:SS') as BE_ISSUE_DATE, BE_DIS_RATE, BE_ISSUER_ID, CUST1.NAMEEN as BE_ISSUER_NAME, TO_CHAR(BE_MAT_DATE,'MM/DD/YYYY HH:MI:SS') as BE_MAT_DATE, NVL(BE_AVAL_TYPE, '0') as BE_AVAL_TYPE, NAMEEN as BE_ISSUER_NAME, TARGETACCT as BE_ISSUER_ACCT, TARGETBANK as BE_ISSUER_BANK, BE_TOTAL_AMT - NVL((SELECT SUM(NVL(BE_ALLOT_AMT,0)) FROM OPICINF.KKB_TB_BE_ALLOTMENT WHERE BESERIESID = KKB_TB_BE_SERIES.BESERIESID AND FLAG IS NULL),0) as BE_SERIES_REMAIN, NVL(BE_SERIES_PROCEED,BE_TOTAL_AMT) as BE_SERIES_PROCEED From OPICINF.KKB_TB_BE_SERIES LEFT OUTER JOIN OPICINF.KKB_TB_CUSTOMER CUST1 ON KKB_TB_BE_SERIES.BE_ISSUER_ID = CUST1.CUSTOMERID Where 1=1 ORDER BY BESERIESID DESC
2021-08-26 00:21:51,167 [11] INFO  TreasuryShadowSystem.STN.MasterSTN [(null)] - BindGridReport MasterSTN
2021-08-26 00:21:51,192 [11] INFO  TreasuryShadowSystem.STN.MasterSTN [(null)] - MasterSTN ConvertDataTableToListMaster
2021-08-26 00:21:51,192 [11] INFO  TreasuryShadowSystem.STN.MasterSTN [(null)] - 1
2021-08-26 00:21:51,192 [11] INFO  TreasuryShadowSystem.STN.MasterSTN [(null)] - 2
2021-08-26 00:21:51,193 [11] INFO  TreasuryShadowSystem.STN.MasterSTN [(null)] - 3
2021-08-26 00:21:51,193 [11] INFO  TreasuryShadowSystem.STN.MasterSTN [(null)] - 4
2021-08-26 00:21:51,194 [11] INFO  TreasuryShadowSystem.STN.MasterSTN [(null)] - 5
2021-08-26 00:21:51,194 [11] INFO  TreasuryShadowSystem.STN.MasterSTN [(null)] - 6
2021-08-26 00:21:51,194 [11] INFO  TreasuryShadowSystem.STN.MasterSTN [(null)] - 7
2021-08-26 00:21:51,195 [11] INFO  TreasuryShadowSystem.STN.MasterSTN [(null)] - 8
2021-08-26 00:21:51,195 [11] INFO  TreasuryShadowSystem.STN.MasterSTN [(null)] - 9
2021-08-26 00:21:51,238 [11] INFO  TreasuryModel.Data.STNMASTER [(null)] - -----STNNAME Start getSTN-----
2021-08-26 00:21:51,271 [11] INFO  TreasuryModel.Data.STNMASTER [(null)] - -----STNNAME Start getSTN-----
2021-08-26 00:21:51,299 [11] INFO  TreasuryModel.Data.STNMASTER [(null)] - -----STNNAME Start getSTN-----
2021-08-26 00:21:51,322 [11] INFO  TreasuryModel.Data.STNMASTER [(null)] - -----STNNAME Start getSTN-----
2021-08-26 00:21:51,348 [11] INFO  TreasuryModel.Data.STNMASTER [(null)] - -----STNNAME Start getSTN-----
2021-08-26 00:21:51,372 [11] INFO  TreasuryModel.Data.STNMASTER [(null)] - -----STNNAME Start getSTN-----
2021-08-26 00:21:51,397 [11] INFO  TreasuryModel.Data.STNMASTER [(null)] - -----STNNAME Start getSTN-----
2021-08-26 00:21:51,422 [11] INFO  TreasuryModel.Data.STNMASTER [(null)] - -----STNNAME Start getSTN-----
2021-08-26 00:21:51,444 [11] INFO  TreasuryModel.Data.STNMASTER [(null)] - -----STNNAME Start getSTN-----
2021-08-26 00:36:08,156 [9] INFO  TreasuryShadowSystem.Model.Model_Tb_Menu_Auth [(null)] - Select p.* From (Select l.* From OPICINF.KKB_TB_MS_LOOKUP l, OPICINF.KKB_TB_MS_MENU_AUTH a Where l.ID=a.MENU_ID And l.ENABLED='1' And a.USERGROUP_ID=(SELECT USERGROUP_ID FROM OPICINF.KKB_TB_MS_USERGROUP WHERE USERGROUP_NAME = 'ITProject') UNION Select * From OPICINF.KKB_TB_MS_LOOKUP WHERE ENABLED='1' AND ID IN (Select DISTINCT GROUPID From OPICINF.KKB_TB_MS_LOOKUP l, OPICINF.KKB_TB_MS_MENU_AUTH a Where l.ID=a.MENU_ID And l.ENABLED='1' And a.USERGROUP_ID=(SELECT USERGROUP_ID FROM OPICINF.KKB_TB_MS_USERGROUP WHERE USERGROUP_NAME = 'ITProject')) ) p Order By p.GroupID, p.SEQ 
2021-08-26 00:36:08,457 [9] INFO  TreasuryShadowSystem.Login [(null)] - Login successfull on :26/08/2021 12:36:08
2021-08-26 00:36:08,562 [9] ERROR TreasuryShadowSystem.Login [(null)] - Thread was being aborted.
2021-08-26 00:49:07,680 [13] INFO  TreasuryShadowSystem.STN.MasterSTN [(null)] - BindGridReport MasterSTN
2021-08-26 00:49:07,908 [13] INFO  TreasuryShadowSystem.STN.MasterSTN [(null)] - MasterSTN ConvertDataTableToListMaster
2021-08-26 00:49:07,911 [13] INFO  TreasuryShadowSystem.STN.MasterSTN [(null)] - 1
2021-08-26 00:49:07,915 [13] INFO  TreasuryShadowSystem.STN.MasterSTN [(null)] - 2
2021-08-26 00:49:07,916 [13] INFO  TreasuryShadowSystem.STN.MasterSTN [(null)] - 3
2021-08-26 00:49:07,916 [13] INFO  TreasuryShadowSystem.STN.MasterSTN [(null)] - 4
2021-08-26 00:49:07,917 [13] INFO  TreasuryShadowSystem.STN.MasterSTN [(null)] - 5
2021-08-26 00:49:07,917 [13] INFO  TreasuryShadowSystem.STN.MasterSTN [(null)] - 6
2021-08-26 00:49:07,918 [13] INFO  TreasuryShadowSystem.STN.MasterSTN [(null)] - 7
2021-08-26 00:49:07,918 [13] INFO  TreasuryShadowSystem.STN.MasterSTN [(null)] - 8
2021-08-26 00:49:07,918 [13] INFO  TreasuryShadowSystem.STN.MasterSTN [(null)] - 9
2021-08-26 00:49:07,999 [13] INFO  TreasuryModel.Data.STNMASTER [(null)] - -----STNNAME Start getSTN-----
2021-08-26 00:49:10,004 [13] INFO  TreasuryModel.Data.STNMASTER [(null)] - -----STNNAME Start getSTN-----
2021-08-26 00:49:10,033 [13] INFO  TreasuryModel.Data.STNMASTER [(null)] - -----STNNAME Start getSTN-----
2021-08-26 00:49:10,091 [13] INFO  TreasuryModel.Data.STNMASTER [(null)] - -----STNNAME Start getSTN-----
2021-08-26 00:49:10,120 [13] INFO  TreasuryModel.Data.STNMASTER [(null)] - -----STNNAME Start getSTN-----
2021-08-26 00:49:10,153 [13] INFO  TreasuryModel.Data.STNMASTER [(null)] - -----STNNAME Start getSTN-----
2021-08-26 00:49:10,189 [13] INFO  TreasuryModel.Data.STNMASTER [(null)] - -----STNNAME Start getSTN-----
2021-08-26 00:49:10,411 [13] INFO  TreasuryModel.Data.STNMASTER [(null)] - -----STNNAME Start getSTN-----
2021-08-26 00:49:10,436 [13] INFO  TreasuryModel.Data.STNMASTER [(null)] - -----STNNAME Start getSTN-----
2021-08-26 01:57:47,378 [9] INFO  TreasuryShadowSystem.STN.MasterSTN [(null)] - Click Closed Price
2021-08-26 01:57:50,954 [9] INFO  TreasuryShadowSystem.STN.MasterSTN [(null)] - ##dialogpriceclose start
2021-08-26 01:57:52,412 [9] INFO  TreasuryShadowSystem.STN.MasterSTN [(null)] - ##dialogpriceclose end
2021-08-26 02:04:32,041 [8] ERROR TreasuryShadowSystem.Site [(null)] - Thread was being aborted.
2021-08-26 02:04:41,180 [8] INFO  TreasuryShadowSystem.Model.Model_Tb_Menu_Auth [(null)] - Select p.* From (Select l.* From OPICINF.KKB_TB_MS_LOOKUP l, OPICINF.KKB_TB_MS_MENU_AUTH a Where l.ID=a.MENU_ID And l.ENABLED='1' And a.USERGROUP_ID=(SELECT USERGROUP_ID FROM OPICINF.KKB_TB_MS_USERGROUP WHERE USERGROUP_NAME = 'ITProject') UNION Select * From OPICINF.KKB_TB_MS_LOOKUP WHERE ENABLED='1' AND ID IN (Select DISTINCT GROUPID From OPICINF.KKB_TB_MS_LOOKUP l, OPICINF.KKB_TB_MS_MENU_AUTH a Where l.ID=a.MENU_ID And l.ENABLED='1' And a.USERGROUP_ID=(SELECT USERGROUP_ID FROM OPICINF.KKB_TB_MS_USERGROUP WHERE USERGROUP_NAME = 'ITProject')) ) p Order By p.GroupID, p.SEQ 
2021-08-26 02:04:41,254 [8] INFO  TreasuryShadowSystem.Login [(null)] - Login successfull on :26/08/2021 02:04:41
2021-08-26 02:04:41,373 [8] ERROR TreasuryShadowSystem.Login [(null)] - Thread was being aborted.
2021-08-26 02:04:50,179 [8] INFO  TreasuryShadowSystem.STN.MasterSTN [(null)] - BindGridReport MasterSTN
2021-08-26 02:04:50,201 [8] INFO  TreasuryShadowSystem.STN.MasterSTN [(null)] - MasterSTN ConvertDataTableToListMaster
2021-08-26 02:04:50,202 [8] INFO  TreasuryShadowSystem.STN.MasterSTN [(null)] - 1
2021-08-26 02:04:50,203 [8] INFO  TreasuryShadowSystem.STN.MasterSTN [(null)] - 2
2021-08-26 02:04:50,204 [8] INFO  TreasuryShadowSystem.STN.MasterSTN [(null)] - 3
2021-08-26 02:04:50,204 [8] INFO  TreasuryShadowSystem.STN.MasterSTN [(null)] - 4
2021-08-26 02:04:50,205 [8] INFO  TreasuryShadowSystem.STN.MasterSTN [(null)] - 5
2021-08-26 02:04:50,206 [8] INFO  TreasuryShadowSystem.STN.MasterSTN [(null)] - 6
2021-08-26 02:04:50,207 [8] INFO  TreasuryShadowSystem.STN.MasterSTN [(null)] - 7
2021-08-26 02:04:50,208 [8] INFO  TreasuryShadowSystem.STN.MasterSTN [(null)] - 8
2021-08-26 02:04:50,222 [8] INFO  TreasuryShadowSystem.STN.MasterSTN [(null)] - 9
2021-08-26 02:04:50,260 [8] INFO  TreasuryModel.Data.STNMASTER [(null)] - -----STNNAME Start getSTN-----
2021-08-26 02:04:50,297 [8] INFO  TreasuryModel.Data.STNMASTER [(null)] - -----STNNAME Start getSTN-----
2021-08-26 02:04:50,316 [8] INFO  TreasuryModel.Data.STNMASTER [(null)] - -----STNNAME Start getSTN-----
2021-08-26 02:04:50,342 [8] INFO  TreasuryModel.Data.STNMASTER [(null)] - -----STNNAME Start getSTN-----
2021-08-26 02:04:50,367 [8] INFO  TreasuryModel.Data.STNMASTER [(null)] - -----STNNAME Start getSTN-----
2021-08-26 02:04:50,394 [8] INFO  TreasuryModel.Data.STNMASTER [(null)] - -----STNNAME Start getSTN-----
2021-08-26 02:04:50,418 [8] INFO  TreasuryModel.Data.STNMASTER [(null)] - -----STNNAME Start getSTN-----
2021-08-26 02:04:50,442 [8] INFO  TreasuryModel.Data.STNMASTER [(null)] - -----STNNAME Start getSTN-----
2021-08-26 02:04:50,465 [8] INFO  TreasuryModel.Data.STNMASTER [(null)] - -----STNNAME Start getSTN-----
2021-08-26 02:08:58,536 [9] INFO  TreasuryShadowSystem.STN.MasterSTN [(null)] - BindGridReport MasterSTN
2021-08-26 02:08:58,572 [9] INFO  TreasuryShadowSystem.STN.MasterSTN [(null)] - MasterSTN ConvertDataTableToListMaster
2021-08-26 02:08:58,575 [9] INFO  TreasuryShadowSystem.STN.MasterSTN [(null)] - 1
2021-08-26 02:08:58,576 [9] INFO  TreasuryShadowSystem.STN.MasterSTN [(null)] - 2
2021-08-26 02:08:58,576 [9] INFO  TreasuryShadowSystem.STN.MasterSTN [(null)] - 3
2021-08-26 02:08:58,577 [9] INFO  TreasuryShadowSystem.STN.MasterSTN [(null)] - 4
2021-08-26 02:08:58,577 [9] INFO  TreasuryShadowSystem.STN.MasterSTN [(null)] - 5
2021-08-26 02:08:58,583 [9] INFO  TreasuryShadowSystem.STN.MasterSTN [(null)] - 6
2021-08-26 02:08:58,584 [9] INFO  TreasuryShadowSystem.STN.MasterSTN [(null)] - 7
2021-08-26 02:08:58,584 [9] INFO  TreasuryShadowSystem.STN.MasterSTN [(null)] - 8
2021-08-26 02:08:58,585 [9] INFO  TreasuryShadowSystem.STN.MasterSTN [(null)] - 9
2021-08-26 02:08:58,586 [9] INFO  TreasuryModel.Data.STNMASTER [(null)] - -----STNNAME Start getSTN-----
2021-08-26 02:08:58,630 [9] INFO  TreasuryModel.Data.STNMASTER [(null)] - -----STNNAME Start getSTN-----
2021-08-26 02:08:58,662 [9] INFO  TreasuryModel.Data.STNMASTER [(null)] - -----STNNAME Start getSTN-----
2021-08-26 02:08:58,695 [9] INFO  TreasuryModel.Data.STNMASTER [(null)] - -----STNNAME Start getSTN-----
2021-08-26 02:08:58,729 [9] INFO  TreasuryModel.Data.STNMASTER [(null)] - -----STNNAME Start getSTN-----
2021-08-26 02:08:58,765 [9] INFO  TreasuryModel.Data.STNMASTER [(null)] - -----STNNAME Start getSTN-----
2021-08-26 02:08:58,791 [9] INFO  TreasuryModel.Data.STNMASTER [(null)] - -----STNNAME Start getSTN-----
2021-08-26 02:08:58,821 [9] INFO  TreasuryModel.Data.STNMASTER [(null)] - -----STNNAME Start getSTN-----
2021-08-26 02:08:58,854 [9] INFO  TreasuryModel.Data.STNMASTER [(null)] - -----STNNAME Start getSTN-----
2021-08-26 02:12:15,075 [4] INFO  TreasuryShadowSystem.Model.Model_Tb_Menu_Auth [(null)] - Select p.* From (Select l.* From OPICINF.KKB_TB_MS_LOOKUP l, OPICINF.KKB_TB_MS_MENU_AUTH a Where l.ID=a.MENU_ID And l.ENABLED='1' And a.USERGROUP_ID=(SELECT USERGROUP_ID FROM OPICINF.KKB_TB_MS_USERGROUP WHERE USERGROUP_NAME = 'ITProject') UNION Select * From OPICINF.KKB_TB_MS_LOOKUP WHERE ENABLED='1' AND ID IN (Select DISTINCT GROUPID From OPICINF.KKB_TB_MS_LOOKUP l, OPICINF.KKB_TB_MS_MENU_AUTH a Where l.ID=a.MENU_ID And l.ENABLED='1' And a.USERGROUP_ID=(SELECT USERGROUP_ID FROM OPICINF.KKB_TB_MS_USERGROUP WHERE USERGROUP_NAME = 'ITProject')) ) p Order By p.GroupID, p.SEQ 
2021-08-26 02:12:15,246 [4] INFO  TreasuryShadowSystem.Login [(null)] - Login successfull on :26/08/2021 02:12:15
2021-08-26 02:12:15,373 [4] ERROR TreasuryShadowSystem.Login [(null)] - Thread was being aborted.
2021-08-26 02:12:26,132 [9] INFO  TreasuryShadowSystem.STN.MasterSTN [(null)] - BindGridReport MasterSTN
2021-08-26 02:12:26,356 [9] INFO  TreasuryShadowSystem.STN.MasterSTN [(null)] - MasterSTN ConvertDataTableToListMaster
2021-08-26 02:12:26,384 [9] INFO  TreasuryShadowSystem.STN.MasterSTN [(null)] - 1
2021-08-26 02:12:26,390 [9] INFO  TreasuryShadowSystem.STN.MasterSTN [(null)] - 2
2021-08-26 02:12:26,391 [9] INFO  TreasuryShadowSystem.STN.MasterSTN [(null)] - 3
2021-08-26 02:12:26,392 [9] INFO  TreasuryShadowSystem.STN.MasterSTN [(null)] - 4
2021-08-26 02:12:26,392 [9] INFO  TreasuryShadowSystem.STN.MasterSTN [(null)] - 5
2021-08-26 02:12:26,393 [9] INFO  TreasuryShadowSystem.STN.MasterSTN [(null)] - 6
2021-08-26 02:12:26,394 [9] INFO  TreasuryShadowSystem.STN.MasterSTN [(null)] - 7
2021-08-26 02:12:26,395 [9] INFO  TreasuryShadowSystem.STN.MasterSTN [(null)] - 8
2021-08-26 02:12:26,396 [9] INFO  TreasuryShadowSystem.STN.MasterSTN [(null)] - 9
2021-08-26 02:12:26,444 [9] INFO  TreasuryModel.Data.STNMASTER [(null)] - -----STNNAME Start getSTN-----
2021-08-26 02:12:26,499 [9] INFO  TreasuryModel.Data.STNMASTER [(null)] - -----STNNAME Start getSTN-----
2021-08-26 02:12:26,523 [9] INFO  TreasuryModel.Data.STNMASTER [(null)] - -----STNNAME Start getSTN-----
2021-08-26 02:12:26,550 [9] INFO  TreasuryModel.Data.STNMASTER [(null)] - -----STNNAME Start getSTN-----
2021-08-26 02:12:26,590 [9] INFO  TreasuryModel.Data.STNMASTER [(null)] - -----STNNAME Start getSTN-----
2021-08-26 02:12:26,613 [9] INFO  TreasuryModel.Data.STNMASTER [(null)] - -----STNNAME Start getSTN-----
2021-08-26 02:12:26,638 [9] INFO  TreasuryModel.Data.STNMASTER [(null)] - -----STNNAME Start getSTN-----
2021-08-26 02:12:26,663 [9] INFO  TreasuryModel.Data.STNMASTER [(null)] - -----STNNAME Start getSTN-----
2021-08-26 02:12:26,685 [9] INFO  TreasuryModel.Data.STNMASTER [(null)] - -----STNNAME Start getSTN-----
2021-08-26 02:41:17,059 [13] INFO  TreasuryShadowSystem.STN.MasterSTN [(null)] - BindGridReport MasterSTN
2021-08-26 02:41:17,098 [13] INFO  TreasuryShadowSystem.STN.MasterSTN [(null)] - MasterSTN ConvertDataTableToListMaster
2021-08-26 02:41:17,832 [13] INFO  TreasuryShadowSystem.STN.MasterSTN [(null)] - 1
2021-08-26 02:41:17,832 [13] INFO  TreasuryShadowSystem.STN.MasterSTN [(null)] - 2
2021-08-26 02:41:17,832 [13] INFO  TreasuryShadowSystem.STN.MasterSTN [(null)] - 3
2021-08-26 02:41:17,832 [13] INFO  TreasuryShadowSystem.STN.MasterSTN [(null)] - 4
2021-08-26 02:41:17,832 [13] INFO  TreasuryShadowSystem.STN.MasterSTN [(null)] - 5
2021-08-26 02:41:17,832 [13] INFO  TreasuryShadowSystem.STN.MasterSTN [(null)] - 6
2021-08-26 02:41:17,832 [13] INFO  TreasuryShadowSystem.STN.MasterSTN [(null)] - 7
2021-08-26 02:41:17,832 [13] INFO  TreasuryShadowSystem.STN.MasterSTN [(null)] - 8
2021-08-26 02:41:17,832 [13] INFO  TreasuryShadowSystem.STN.MasterSTN [(null)] - 9
2021-08-26 02:41:17,887 [13] INFO  TreasuryModel.Data.STNMASTER [(null)] - -----STNNAME Start getSTN-----
2021-08-26 02:41:17,926 [13] INFO  TreasuryModel.Data.STNMASTER [(null)] - -----STNNAME Start getSTN-----
2021-08-26 02:41:17,973 [13] INFO  TreasuryModel.Data.STNMASTER [(null)] - -----STNNAME Start getSTN-----
2021-08-26 02:41:18,012 [13] INFO  TreasuryModel.Data.STNMASTER [(null)] - -----STNNAME Start getSTN-----
2021-08-26 02:41:18,036 [13] INFO  TreasuryModel.Data.STNMASTER [(null)] - -----STNNAME Start getSTN-----
2021-08-26 02:41:18,067 [13] INFO  TreasuryModel.Data.STNMASTER [(null)] - -----STNNAME Start getSTN-----
2021-08-26 02:41:18,106 [13] INFO  TreasuryModel.Data.STNMASTER [(null)] - -----STNNAME Start getSTN-----
2021-08-26 02:41:18,129 [13] INFO  TreasuryModel.Data.STNMASTER [(null)] - -----STNNAME Start getSTN-----
2021-08-26 02:41:18,168 [13] INFO  TreasuryModel.Data.STNMASTER [(null)] - -----STNNAME Start getSTN-----
2021-08-26 02:47:32,418 [8] INFO  TreasuryShadowSystem.STN.MasterSTN [(null)] - BindGridReport MasterSTN
2021-08-26 02:47:32,449 [8] INFO  TreasuryShadowSystem.STN.MasterSTN [(null)] - MasterSTN ConvertDataTableToListMaster
2021-08-26 02:47:32,449 [8] INFO  TreasuryShadowSystem.STN.MasterSTN [(null)] - 1
2021-08-26 02:47:32,449 [8] INFO  TreasuryShadowSystem.STN.MasterSTN [(null)] - 2
2021-08-26 02:47:32,449 [8] INFO  TreasuryShadowSystem.STN.MasterSTN [(null)] - 3
2021-08-26 02:47:32,457 [8] INFO  TreasuryShadowSystem.STN.MasterSTN [(null)] - 4
2021-08-26 02:47:32,457 [8] INFO  TreasuryShadowSystem.STN.MasterSTN [(null)] - 5
2021-08-26 02:47:32,457 [8] INFO  TreasuryShadowSystem.STN.MasterSTN [(null)] - 6
2021-08-26 02:47:32,457 [8] INFO  TreasuryShadowSystem.STN.MasterSTN [(null)] - 7
2021-08-26 02:47:32,457 [8] INFO  TreasuryShadowSystem.STN.MasterSTN [(null)] - 8
2021-08-26 02:47:32,457 [8] INFO  TreasuryShadowSystem.STN.MasterSTN [(null)] - 9
2021-08-26 02:47:32,496 [8] INFO  TreasuryModel.Data.STNMASTER [(null)] - -----STNNAME Start getSTN-----
2021-08-26 02:47:32,527 [8] INFO  TreasuryModel.Data.STNMASTER [(null)] - -----STNNAME Start getSTN-----
2021-08-26 02:47:32,558 [8] INFO  TreasuryModel.Data.STNMASTER [(null)] - -----STNNAME Start getSTN-----
2021-08-26 02:47:32,590 [8] INFO  TreasuryModel.Data.STNMASTER [(null)] - -----STNNAME Start getSTN-----
2021-08-26 02:47:32,613 [8] INFO  TreasuryModel.Data.STNMASTER [(null)] - -----STNNAME Start getSTN-----
2021-08-26 02:47:32,644 [8] INFO  TreasuryModel.Data.STNMASTER [(null)] - -----STNNAME Start getSTN-----
2021-08-26 02:47:32,676 [8] INFO  TreasuryModel.Data.STNMASTER [(null)] - -----STNNAME Start getSTN-----
2021-08-26 02:47:32,707 [8] INFO  TreasuryModel.Data.STNMASTER [(null)] - -----STNNAME Start getSTN-----
2021-08-26 02:47:32,730 [8] INFO  TreasuryModel.Data.STNMASTER [(null)] - -----STNNAME Start getSTN-----
2021-08-26 02:48:56,533 [8] INFO  TreasuryShadowSystem.STN.MasterSTN [(null)] - BindGridReport MasterSTN
2021-08-26 02:48:56,564 [8] INFO  TreasuryShadowSystem.STN.MasterSTN [(null)] - MasterSTN ConvertDataTableToListMaster
2021-08-26 02:48:56,564 [8] INFO  TreasuryShadowSystem.STN.MasterSTN [(null)] - 1
2021-08-26 02:48:56,564 [8] INFO  TreasuryShadowSystem.STN.MasterSTN [(null)] - 2
2021-08-26 02:48:56,564 [8] INFO  TreasuryShadowSystem.STN.MasterSTN [(null)] - 3
2021-08-26 02:48:56,564 [8] INFO  TreasuryShadowSystem.STN.MasterSTN [(null)] - 4
2021-08-26 02:48:56,564 [8] INFO  TreasuryShadowSystem.STN.MasterSTN [(null)] - 5
2021-08-26 02:48:56,564 [8] INFO  TreasuryShadowSystem.STN.MasterSTN [(null)] - 6
2021-08-26 02:48:56,564 [8] INFO  TreasuryShadowSystem.STN.MasterSTN [(null)] - 7
2021-08-26 02:48:56,572 [8] INFO  TreasuryShadowSystem.STN.MasterSTN [(null)] - 8
2021-08-26 02:48:56,572 [8] INFO  TreasuryShadowSystem.STN.MasterSTN [(null)] - 9
2021-08-26 02:48:56,603 [8] INFO  TreasuryModel.Data.STNMASTER [(null)] - -----STNNAME Start getSTN-----
2021-08-26 02:48:56,634 [8] INFO  TreasuryModel.Data.STNMASTER [(null)] - -----STNNAME Start getSTN-----
2021-08-26 02:48:56,666 [8] INFO  TreasuryModel.Data.STNMASTER [(null)] - -----STNNAME Start getSTN-----
2021-08-26 02:48:56,689 [8] INFO  TreasuryModel.Data.STNMASTER [(null)] - -----STNNAME Start getSTN-----
2021-08-26 02:48:56,728 [8] INFO  TreasuryModel.Data.STNMASTER [(null)] - -----STNNAME Start getSTN-----
2021-08-26 02:48:56,759 [8] INFO  TreasuryModel.Data.STNMASTER [(null)] - -----STNNAME Start getSTN-----
2021-08-26 02:48:56,791 [8] INFO  TreasuryModel.Data.STNMASTER [(null)] - -----STNNAME Start getSTN-----
2021-08-26 02:48:56,822 [8] INFO  TreasuryModel.Data.STNMASTER [(null)] - -----STNNAME Start getSTN-----
2021-08-26 02:48:56,845 [8] INFO  TreasuryModel.Data.STNMASTER [(null)] - -----STNNAME Start getSTN-----
2021-08-26 02:49:16,321 [8] INFO  TreasuryShadowSystem.STN.MasterSTN [(null)] - -----MasterSTN EditPerson-----
2021-08-26 02:49:16,352 [8] INFO  TreasuryModel.Data.KKBSTN [(null)] - -----KKBSTN Start getSTN-----
2021-08-26 02:52:03,916 [8] INFO  TreasuryShadowSystem.STN.MasterSTN [(null)] - BindGridReport MasterSTN
2021-08-26 02:52:03,951 [8] INFO  TreasuryShadowSystem.STN.MasterSTN [(null)] - MasterSTN ConvertDataTableToListMaster
2021-08-26 02:52:03,951 [8] INFO  TreasuryShadowSystem.STN.MasterSTN [(null)] - 1
2021-08-26 02:52:03,951 [8] INFO  TreasuryShadowSystem.STN.MasterSTN [(null)] - 2
2021-08-26 02:52:03,951 [8] INFO  TreasuryShadowSystem.STN.MasterSTN [(null)] - 3
2021-08-26 02:52:03,951 [8] INFO  TreasuryShadowSystem.STN.MasterSTN [(null)] - 4
2021-08-26 02:52:03,951 [8] INFO  TreasuryShadowSystem.STN.MasterSTN [(null)] - 5
2021-08-26 02:52:03,951 [8] INFO  TreasuryShadowSystem.STN.MasterSTN [(null)] - 6
2021-08-26 02:52:03,951 [8] INFO  TreasuryShadowSystem.STN.MasterSTN [(null)] - 7
2021-08-26 02:52:03,951 [8] INFO  TreasuryShadowSystem.STN.MasterSTN [(null)] - 8
2021-08-26 02:52:03,951 [8] INFO  TreasuryShadowSystem.STN.MasterSTN [(null)] - 9
2021-08-26 02:52:03,986 [8] INFO  TreasuryModel.Data.STNMASTER [(null)] - -----STNNAME Start getSTN-----
2021-08-26 02:52:04,028 [8] INFO  TreasuryModel.Data.STNMASTER [(null)] - -----STNNAME Start getSTN-----
2021-08-26 02:52:04,056 [8] INFO  TreasuryModel.Data.STNMASTER [(null)] - -----STNNAME Start getSTN-----
2021-08-26 02:52:04,077 [8] INFO  TreasuryModel.Data.STNMASTER [(null)] - -----STNNAME Start getSTN-----
2021-08-26 02:52:04,119 [8] INFO  TreasuryModel.Data.STNMASTER [(null)] - -----STNNAME Start getSTN-----
2021-08-26 02:52:04,155 [8] INFO  TreasuryModel.Data.STNMASTER [(null)] - -----STNNAME Start getSTN-----
2021-08-26 02:52:04,176 [8] INFO  TreasuryModel.Data.STNMASTER [(null)] - -----STNNAME Start getSTN-----
2021-08-26 02:52:04,204 [8] INFO  TreasuryModel.Data.STNMASTER [(null)] - -----STNNAME Start getSTN-----
2021-08-26 02:52:04,239 [8] INFO  TreasuryModel.Data.STNMASTER [(null)] - -----STNNAME Start getSTN-----
2021-08-26 02:53:12,954 [4] INFO  TreasuryShadowSystem.STN.MasterSTN [(null)] - Click Closed Price
2021-08-26 02:53:15,329 [4] INFO  TreasuryShadowSystem.STN.MasterSTN [(null)] - ##dialogpriceclose start
2021-08-26 02:53:16,623 [4] INFO  TreasuryShadowSystem.STN.MasterSTN [(null)] - ##dialogpriceclose end
